2023-11-23 13:23:52,498 [INFO] Activator:176 - 


2023-11-23 13:23:52,498 [INFO] Activator:177 - !SESSION log4j initialized
2023-11-23 13:23:55,925 [INFO] LogOutputStream:77 - [STDOUT_REDIRECT] 
2023-11-23 13:23:57,940 [INFO] ApplicationProperties:184 - Using Application install path: C:\ST\STM32CubeIDE_1.11.2\STM32CubeIDE\plugins\com.st.stm32cube.common.mx_6.9.2.202309101412
2023-11-23 13:23:57,959 [INFO] DbMcusXml:78 - Set database path to: C:\ST\STM32CubeIDE_1.11.2\STM32CubeIDE\plugins\com.st.stm32cube.common.mx_6.9.2.202309101412\\db\/mcu/
2023-11-23 13:23:57,959 [INFO] ApiDb:274 - Set plugin database path to: C:\ST\STM32CubeIDE_1.11.2\STM32CubeIDE\plugins\com.st.stm32cube.common.mx_6.9.2.202309101412\\db\/plugins/boardmanager/
2023-11-23 13:23:57,960 [WARN] ApiDb:259 - Overriding images path with different value:  => C:\ST\STM32CubeIDE_1.11.2\STM32CubeIDE\plugins\com.st.stm32cube.common.mx_6.9.2.202309101412\\db\/plugins/mcufinder/images/
2023-11-23 13:23:57,968 [INFO] ApiDb:250 - Set database path to: C:\Users\andep\.stmcufinder\plugins\mcufinder//mcu/
2023-11-23 13:23:57,970 [INFO] DbMcusAds:125 - Set database path to: C:\Users\andep\.stmcufinder\plugins\mcufinder//mcu/
2023-11-23 13:23:57,972 [INFO] CrossReferenceDbSqlite:203 - Set database path to: C:\Users\andep\.stmcufinder\plugins\mcufinder//mcu/cs/
2023-11-23 13:23:58,087 [INFO] RulesReader:64 - Compatibility file has been processed (293 Rules)
2023-11-23 13:23:58,189 [INFO] DbMcusXml:78 - Set database path to: C:\ST\STM32CubeIDE_1.11.2\STM32CubeIDE\plugins\com.st.stm32cube.common.mx_6.9.2.202309101412\\db\/mcu/
2023-11-23 13:23:58,189 [INFO] ApiDb:274 - Set plugin database path to: C:\ST\STM32CubeIDE_1.11.2\STM32CubeIDE\plugins\com.st.stm32cube.common.mx_6.9.2.202309101412\\db\/plugins/boardmanager/
2023-11-23 13:23:58,189 [INFO] ApiDb:261 - Set plugin images path to: C:\ST\STM32CubeIDE_1.11.2\STM32CubeIDE\plugins\com.st.stm32cube.common.mx_6.9.2.202309101412\\db\/plugins/mcufinder/images/
2023-11-23 13:23:58,189 [WARN] DbFile:41 - Overriding database path with different value: C:\Users\andep\.stmcufinder\plugins\mcufinder/ => C:\Users\andep\.stmcufinder\plugins\mcufinder
2023-11-23 13:23:58,189 [INFO] ApiDb:250 - Set database path to: C:\Users\andep\.stmcufinder\plugins\mcufinder//mcu/
2023-11-23 13:23:58,189 [WARN] DbFile:41 - Overriding database path with different value: C:\Users\andep\.stmcufinder\plugins\mcufinder/ => C:\Users\andep\.stmcufinder\plugins\mcufinder
2023-11-23 13:23:58,189 [INFO] DbMcusAds:125 - Set database path to: C:\Users\andep\.stmcufinder\plugins\mcufinder//mcu/
2023-11-23 13:23:58,190 [WARN] DbFile:41 - Overriding database path with different value: C:\Users\andep\.stmcufinder\plugins\mcufinder/ => C:\Users\andep\.stmcufinder\plugins\mcufinder
2023-11-23 13:23:58,190 [WARN] DbFile:41 - Overriding database path with different value: C:\Users\andep\.stmcufinder\plugins\mcufinder/ => C:\Users\andep\.stmcufinder\plugins\mcufinder
2023-11-23 13:23:58,190 [INFO] CrossReferenceDbSqlite:203 - Set database path to: C:\Users\andep\.stmcufinder\plugins\mcufinder//mcu/cs/
2023-11-23 13:23:58,271 [INFO] MainPanel:262 - HeapMemory: 268435456
2023-11-23 13:23:58,380 [INFO] DbMcusXml:78 - Set database path to: C:\ST\STM32CubeIDE_1.11.2\STM32CubeIDE\plugins\com.st.stm32cube.common.mx_6.9.2.202309101412\\db\/mcu/
2023-11-23 13:23:58,381 [INFO] ApiDb:274 - Set plugin database path to: C:\ST\STM32CubeIDE_1.11.2\STM32CubeIDE\plugins\com.st.stm32cube.common.mx_6.9.2.202309101412\\db\/plugins/boardmanager/
2023-11-23 13:23:58,381 [INFO] ApiDb:261 - Set plugin images path to: C:\ST\STM32CubeIDE_1.11.2\STM32CubeIDE\plugins\com.st.stm32cube.common.mx_6.9.2.202309101412\\db\/plugins/mcufinder/images/
2023-11-23 13:23:58,381 [WARN] DbFile:41 - Overriding database path with different value: C:\Users\andep\.stmcufinder\plugins\mcufinder/ => C:\Users\andep\.stmcufinder\plugins\mcufinder
2023-11-23 13:23:58,381 [INFO] ApiDb:250 - Set database path to: C:\Users\andep\.stmcufinder\plugins\mcufinder//mcu/
2023-11-23 13:23:58,382 [WARN] DbFile:41 - Overriding database path with different value: C:\Users\andep\.stmcufinder\plugins\mcufinder/ => C:\Users\andep\.stmcufinder\plugins\mcufinder
2023-11-23 13:23:58,382 [INFO] DbMcusAds:125 - Set database path to: C:\Users\andep\.stmcufinder\plugins\mcufinder//mcu/
2023-11-23 13:23:58,382 [WARN] DbFile:41 - Overriding database path with different value: C:\Users\andep\.stmcufinder\plugins\mcufinder/ => C:\Users\andep\.stmcufinder\plugins\mcufinder
2023-11-23 13:23:58,382 [WARN] DbFile:41 - Overriding database path with different value: C:\Users\andep\.stmcufinder\plugins\mcufinder/ => C:\Users\andep\.stmcufinder\plugins\mcufinder
2023-11-23 13:23:58,382 [INFO] CrossReferenceDbSqlite:203 - Set database path to: C:\Users\andep\.stmcufinder\plugins\mcufinder//mcu/cs/
2023-11-23 13:23:58,419 [INFO] ApplicationProperties:184 - Using Application install path: C:\ST\STM32CubeIDE_1.11.2\STM32CubeIDE\plugins\com.st.stm32cube.common.mx_6.9.2.202309101412
2023-11-23 13:23:58,421 [INFO] PluginManage:196 - Search for loadable plugins [exclusion list=, ]
2023-11-23 13:23:58,423 [INFO] PluginManage:310 - Check plugin analytics
2023-11-23 13:23:58,624 [INFO] AnalyticsPlugin:253 - Accepted Software Licenses: 
2023-11-23 13:23:58,624 [INFO] AnalyticsPlugin:255 - Accepted CMSIS Pack Licenses: 
2023-11-23 13:23:58,625 [INFO] AnalyticsPlugin:257 - Accepted Firmware Licenses: 
2023-11-23 13:23:58,628 [INFO] PluginManage:359 - Loaded plugin analytics (category:tool,tabindex:-1)
2023-11-23 13:23:58,628 [INFO] PluginManage:310 - Check plugin cadmodel
2023-11-23 13:23:58,644 [INFO] CADModel:105 - Init CAD model plugin
2023-11-23 13:23:58,644 [INFO] PluginManage:359 - Loaded plugin cadmodel (category:power,tabindex:5)
2023-11-23 13:23:58,644 [INFO] PluginManage:310 - Check plugin clock
2023-11-23 13:23:58,667 [INFO] PluginManage:359 - Loaded plugin clock (category:base,tabindex:2)
2023-11-23 13:23:58,668 [INFO] PluginManage:310 - Check plugin ddr
2023-11-23 13:23:58,671 [INFO] PluginManage:359 - Loaded plugin ddr (category:tool,tabindex:6)
2023-11-23 13:23:58,672 [INFO] PluginManage:310 - Check plugin filemanager
2023-11-23 13:23:58,816 [INFO] PluginManage:359 - Loaded plugin filemanager (category:base,tabindex:10)
2023-11-23 13:23:58,816 [INFO] PluginManage:310 - Check plugin ipmanager
2023-11-23 13:23:58,823 [INFO] PluginManage:359 - Loaded plugin ipmanager (category:base,tabindex:5)
2023-11-23 13:23:58,823 [INFO] PluginManage:310 - Check plugin lpbam
2023-11-23 13:23:58,841 [INFO] PluginManage:359 - Loaded plugin lpbam (category:base,tabindex:0)
2023-11-23 13:23:58,841 [INFO] PluginManage:310 - Check plugin memorymap
2023-11-23 13:23:58,863 [INFO] PluginManage:359 - Loaded plugin memorymap (category:base,tabindex:4)
2023-11-23 13:23:58,864 [INFO] PluginManage:310 - Check plugin pinoutandconfiguration
2023-11-23 13:23:58,880 [INFO] PluginManage:359 - Loaded plugin pinoutandconfiguration (category:base,tabindex:1)
2023-11-23 13:23:58,881 [INFO] PluginManage:310 - Check plugin pinoutconfig
2023-11-23 13:23:58,970 [WARN] SupportedApi:132 - Cannot load RTOS API schema: s4s-elt-must-match.1: The content of 'definitions' must match (annotation?, (simpleType | complexType)?, (unique | key | keyref)*)). A problem was found starting at: attribute.
2023-11-23 13:23:59,091 [INFO] PluginManage:359 - Loaded plugin pinoutconfig (category:base,tabindex:0)
2023-11-23 13:23:59,091 [INFO] PluginManage:310 - Check plugin power
2023-11-23 13:23:59,114 [INFO] PluginManage:359 - Loaded plugin power (category:power,tabindex:4)
2023-11-23 13:23:59,114 [INFO] PluginManage:310 - Check plugin projectmanager
2023-11-23 13:23:59,126 [INFO] PluginManage:359 - Loaded plugin projectmanager (category:projectmanager,tabindex:3)
2023-11-23 13:23:59,126 [INFO] PluginManage:310 - Check plugin thirdparty
2023-11-23 13:23:59,365 [INFO] PluginManage:359 - Loaded plugin thirdparty (category:base,tabindex:-1)
2023-11-23 13:23:59,365 [INFO] PluginManage:310 - Check plugin tools
2023-11-23 13:23:59,365 [WARN] IntegrityCheckThread:84 - waiting for thirdparty lock release [integrity check]
2023-11-23 13:23:59,366 [INFO] IntegrityCheckThread:86 - entering critical section [integrity check]
2023-11-23 13:23:59,366 [INFO] ThirdPartyUpdaterWithRetryManager:70 - Updater plugin not ready yet. [1/15]
2023-11-23 13:23:59,394 [INFO] PluginManage:359 - Loaded plugin tools (category:base,tabindex:7)
2023-11-23 13:23:59,394 [INFO] PluginManage:310 - Check plugin tutovideos
2023-11-23 13:23:59,591 [INFO] PluginManage:359 - Loaded plugin tutovideos (category:base,tabindex:-1)
2023-11-23 13:23:59,591 [INFO] PluginManage:310 - Check plugin updater
2023-11-23 13:23:59,603 [INFO] PluginManage:359 - Loaded plugin updater (category:base,tabindex:12)
2023-11-23 13:23:59,604 [INFO] PluginManage:310 - Check plugin userauth
2023-11-23 13:23:59,609 [INFO] UserAuth:113 - Init User Auth plugin
2023-11-23 13:23:59,609 [INFO] PluginManage:359 - Loaded plugin userauth (category:base,tabindex:14)
2023-11-23 13:23:59,610 [INFO] PluginManage:283 - PluginManage : Loaded plugins [17]
2023-11-23 13:23:59,837 [INFO] PinOutPanel:1499 - setPackage(No Configuration,No Configuration)
2023-11-23 13:23:59,972 [INFO] CADModel:165 - CPN selected for project level
2023-11-23 13:23:59,972 [INFO] CADModel:114 - Register for checkConnection events
2023-11-23 13:23:59,997 [INFO] IPUIPlugin:80 - create IPUIPlugin
2023-11-23 13:23:59,998 [INFO] PluginManager:220 - loadIPPluginJar : add adc
2023-11-23 13:24:00,028 [INFO] IPUIPlugin:80 - create IPUIPlugin
2023-11-23 13:24:00,029 [INFO] PluginManager:220 - loadIPPluginJar : add aes
2023-11-23 13:24:00,068 [INFO] IPUIPlugin:80 - create IPUIPlugin
2023-11-23 13:24:00,068 [INFO] PluginManager:220 - loadIPPluginJar : add can
2023-11-23 13:24:00,103 [INFO] IPUIPlugin:80 - create IPUIPlugin
2023-11-23 13:24:00,103 [INFO] PluginManager:220 - loadIPPluginJar : add comp
2023-11-23 13:24:00,138 [INFO] IPUIPlugin:80 - create IPUIPlugin
2023-11-23 13:24:00,138 [INFO] PluginManager:220 - loadIPPluginJar : add cryp
2023-11-23 13:24:00,171 [INFO] IPUIPlugin:80 - create IPUIPlugin
2023-11-23 13:24:00,172 [INFO] PluginManager:220 - loadIPPluginJar : add dfsdm
2023-11-23 13:24:00,187 [INFO] IPUIPlugin:80 - create IPUIPlugin
2023-11-23 13:24:00,187 [INFO] PluginManager:220 - loadIPPluginJar : add dma
2023-11-23 13:24:00,231 [INFO] IPUIPlugin:80 - create IPUIPlugin
2023-11-23 13:24:00,231 [INFO] PluginManager:220 - loadIPPluginJar : add dma3
2023-11-23 13:24:00,254 [INFO] IPUIPlugin:80 - create IPUIPlugin
2023-11-23 13:24:00,256 [INFO] PluginManager:220 - loadIPPluginJar : add fatfs
2023-11-23 13:24:00,310 [INFO] IPUIPlugin:80 - create IPUIPlugin
2023-11-23 13:24:00,310 [INFO] PluginManager:220 - loadIPPluginJar : add fmc
2023-11-23 13:24:00,327 [INFO] IPUIPlugin:80 - create IPUIPlugin
2023-11-23 13:24:00,327 [INFO] PluginManager:220 - loadIPPluginJar : add freertos
2023-11-23 13:24:00,346 [INFO] IPUIPlugin:80 - create IPUIPlugin
2023-11-23 13:24:00,346 [INFO] PluginManager:220 - loadIPPluginJar : add genericplugin
2023-11-23 13:24:00,421 [INFO] IPUIPlugin:80 - create IPUIPlugin
2023-11-23 13:24:00,421 [INFO] PluginManager:220 - loadIPPluginJar : add gfxmmu
2023-11-23 13:24:00,527 [INFO] IPUIPlugin:80 - create IPUIPlugin
2023-11-23 13:24:00,527 [INFO] PluginManager:220 - loadIPPluginJar : add gic
2023-11-23 13:24:00,539 [INFO] IPUIPlugin:80 - create IPUIPlugin
2023-11-23 13:24:00,539 [INFO] PluginManager:220 - loadIPPluginJar : add gpio
2023-11-23 13:24:00,610 [INFO] IPUIPlugin:80 - create IPUIPlugin
2023-11-23 13:24:00,610 [INFO] PluginManager:220 - loadIPPluginJar : add gtzc
2023-11-23 13:24:00,635 [INFO] IPUIPlugin:80 - create IPUIPlugin
2023-11-23 13:24:00,635 [INFO] PluginManager:220 - loadIPPluginJar : add hash
2023-11-23 13:24:00,682 [INFO] IPUIPlugin:80 - create IPUIPlugin
2023-11-23 13:24:00,682 [INFO] PluginManager:220 - loadIPPluginJar : add i2c
2023-11-23 13:24:00,719 [INFO] IPUIPlugin:80 - create IPUIPlugin
2023-11-23 13:24:00,719 [INFO] PluginManager:220 - loadIPPluginJar : add i2s
2023-11-23 13:24:00,754 [INFO] IPUIPlugin:80 - create IPUIPlugin
2023-11-23 13:24:00,754 [INFO] PluginManager:220 - loadIPPluginJar : add i3c
2023-11-23 13:24:00,832 [INFO] IPUIPlugin:80 - create IPUIPlugin
2023-11-23 13:24:00,832 [INFO] PluginManager:220 - loadIPPluginJar : add ipddr
2023-11-23 13:24:00,906 [INFO] IPUIPlugin:80 - create IPUIPlugin
2023-11-23 13:24:00,906 [INFO] PluginManager:220 - loadIPPluginJar : add linkedlist
2023-11-23 13:24:00,933 [INFO] IPUIPlugin:80 - create IPUIPlugin
2023-11-23 13:24:00,933 [INFO] PluginManager:220 - loadIPPluginJar : add lorawan
2023-11-23 13:24:00,958 [INFO] IPUIPlugin:80 - create IPUIPlugin
2023-11-23 13:24:00,958 [INFO] PluginManager:220 - loadIPPluginJar : add ltdc
2023-11-23 13:24:00,970 [INFO] IPUIPlugin:80 - create IPUIPlugin
2023-11-23 13:24:00,970 [INFO] PluginManager:220 - loadIPPluginJar : add mdma
2023-11-23 13:24:00,981 [INFO] IPUIPlugin:80 - create IPUIPlugin
2023-11-23 13:24:00,981 [INFO] PluginManager:220 - loadIPPluginJar : add nvic
2023-11-23 13:24:01,006 [INFO] IPUIPlugin:80 - create IPUIPlugin
2023-11-23 13:24:01,006 [INFO] PluginManager:220 - loadIPPluginJar : add opamp
2023-11-23 13:24:01,048 [INFO] IPUIPlugin:80 - create IPUIPlugin
2023-11-23 13:24:01,048 [INFO] PluginManager:220 - loadIPPluginJar : add openamp
2023-11-23 13:24:01,081 [INFO] IPUIPlugin:80 - create IPUIPlugin
2023-11-23 13:24:01,081 [INFO] PluginManager:220 - loadIPPluginJar : add pdm2pcm
2023-11-23 13:24:01,093 [INFO] IPUIPlugin:80 - create IPUIPlugin
2023-11-23 13:24:01,095 [INFO] PluginManager:220 - loadIPPluginJar : add plateformsettings
2023-11-23 13:24:01,128 [INFO] IPUIPlugin:80 - create IPUIPlugin
2023-11-23 13:24:01,128 [INFO] PluginManager:220 - loadIPPluginJar : add quadspi
2023-11-23 13:24:01,143 [INFO] IPUIPlugin:80 - create IPUIPlugin
2023-11-23 13:24:01,143 [INFO] PluginManager:220 - loadIPPluginJar : add resmgrutility
2023-11-23 13:24:01,201 [INFO] IPUIPlugin:80 - create IPUIPlugin
2023-11-23 13:24:01,201 [INFO] PluginManager:220 - loadIPPluginJar : add sai
2023-11-23 13:24:01,248 [INFO] IPUIPlugin:80 - create IPUIPlugin
2023-11-23 13:24:01,249 [INFO] PluginManager:220 - loadIPPluginJar : add spi
2023-11-23 13:24:01,319 [INFO] IPUIPlugin:80 - create IPUIPlugin
2023-11-23 13:24:01,319 [INFO] PluginManager:220 - loadIPPluginJar : add stm32_wpan
2023-11-23 13:24:01,340 [INFO] IPUIPlugin:80 - create IPUIPlugin
2023-11-23 13:24:01,340 [INFO] PluginManager:220 - loadIPPluginJar : add tim
2023-11-23 13:24:01,385 [INFO] IPUIPlugin:80 - create IPUIPlugin
2023-11-23 13:24:01,385 [INFO] PluginManager:220 - loadIPPluginJar : add touchsensing
2023-11-23 13:24:01,420 [INFO] IPUIPlugin:80 - create IPUIPlugin
2023-11-23 13:24:01,420 [INFO] PluginManager:220 - loadIPPluginJar : add tracer_emb
2023-11-23 13:24:01,437 [INFO] IPUIPlugin:80 - create IPUIPlugin
2023-11-23 13:24:01,437 [INFO] PluginManager:220 - loadIPPluginJar : add ts
2023-11-23 13:24:01,454 [INFO] IPUIPlugin:80 - create IPUIPlugin
2023-11-23 13:24:01,454 [INFO] PluginManager:220 - loadIPPluginJar : add tsc
2023-11-23 13:24:01,470 [INFO] IPUIPlugin:80 - create IPUIPlugin
2023-11-23 13:24:01,470 [INFO] PluginManager:220 - loadIPPluginJar : add ucpd
2023-11-23 13:24:01,502 [INFO] IPUIPlugin:80 - create IPUIPlugin
2023-11-23 13:24:01,502 [INFO] PluginManager:220 - loadIPPluginJar : add usart
2023-11-23 13:24:01,532 [INFO] IPUIPlugin:80 - create IPUIPlugin
2023-11-23 13:24:01,532 [INFO] PluginManager:220 - loadIPPluginJar : add usbx
2023-11-23 13:24:01,639 [INFO] CADModel:165 - CPN selected for project level
2023-11-23 13:24:01,639 [INFO] CADModel:114 - Register for checkConnection events
2023-11-23 13:24:01,639 [FATAL] Updater:308 - Updater called before beeing initialized
2023-11-23 13:24:01,639 [ERROR] CADModel:125 - Updater not yet initialized, retry later 
2023-11-23 13:24:01,780 [INFO] CADModel:165 - CPN selected for project level
2023-11-23 13:24:01,780 [INFO] CADModel:114 - Register for checkConnection events
2023-11-23 13:24:01,780 [FATAL] Updater:308 - Updater called before beeing initialized
2023-11-23 13:24:01,780 [ERROR] CADModel:125 - Updater not yet initialized, retry later 
2023-11-23 13:24:01,784 [FATAL] Updater:308 - Updater called before beeing initialized
2023-11-23 13:24:01,871 [FATAL] Updater:308 - Updater called before beeing initialized
2023-11-23 13:24:01,879 [INFO] DbMcusAds:53 - JSON generation date=Tue Mar 07 09:50:55 CET 2023 (1678179055335)
2023-11-23 13:24:01,880 [FATAL] Updater:308 - Updater called before beeing initialized
2023-11-23 13:24:01,946 [WARN] DetailPanel:346 - Failed to get advertising image, set to default
2023-11-23 13:24:02,024 [FATAL] Updater:308 - Updater called before beeing initialized
2023-11-23 13:24:02,025 [FATAL] Updater:308 - Updater called before beeing initialized
2023-11-23 13:24:02,025 [FATAL] Updater:308 - Updater called before beeing initialized
2023-11-23 13:24:02,026 [WARN] DetailPanel:346 - Failed to get advertising image, set to default
2023-11-23 13:24:02,026 [FATAL] Updater:308 - Updater called before beeing initialized
2023-11-23 13:24:02,073 [ERROR] Updater:1120 - MainUpdater not yet initialized. External WinMGr cannot be set.
2023-11-23 13:24:02,080 [INFO] Updater:1056 - Updater Version found : 6.9.2
2023-11-23 13:24:02,096 [INFO] ApplicationProperties:184 - Using Application install path: C:\ST\STM32CubeIDE_1.11.2\STM32CubeIDE\plugins\com.st.stm32cube.common.mx_6.9.2.202309101412
2023-11-23 13:24:02,210 [INFO] MainUpdater:2868 - connection check result : 10
2023-11-23 13:24:02,210 [INFO] MainUpdater:285 - Updater Check For Update Now.
2023-11-23 13:24:02,210 [INFO] MicroXplorer:498 - Change Database Version : DB.6.0.92
2023-11-23 13:24:02,225 [INFO] McuFinderGlobals:63 - Set McuFinder mode to 2 (CubeIDE integrated)
2023-11-23 13:24:02,226 [INFO] UserAuth:179 - activating auth plugin
2023-11-23 13:24:02,228 [INFO] UserAuth:393 - Internet connection configuration mode: 1
2023-11-23 13:24:02,253 [INFO] JxBrowserEngine:151 - Initiate JxBrowser Engine with user profile folder
2023-11-23 13:24:02,367 [WARN] MainUpdater:1189 - Updater busy. Cannot search thirdparties
2023-11-23 13:24:02,367 [INFO] ThirdPartyUpdaterWithRetryManager:96 - Updater plugin is busy. [1/15]
2023-11-23 13:24:02,403 [INFO] CheckServerUpdateThread:120 - End of CheckServer Thread
2023-11-23 13:24:04,386 [INFO] WebApp:157 - Instantiating new browser for Auth
2023-11-23 13:24:04,890 [INFO] WebApp:753 - Register for checkConnection events
2023-11-23 13:24:04,890 [INFO] WebApp:390 - Apply proxy settings
2023-11-23 13:24:04,890 [INFO] WebApp:475 - Chromium requires no authentication
2023-11-23 13:24:04,899 [INFO] WebApp:418 - Direct internet connection detected
2023-11-23 13:24:05,068 [INFO] WebApp:188 - Starting web application
2023-11-23 13:24:05,068 [INFO] WebApp:520 - Web application path used C:\ST\STM32CubeIDE_1.11.2\STM32CubeIDE\plugins\com.st.stm32cube.common.mx_6.9.2.202309101412\db\plugins\mcufinder\reactClient1\index.html
2023-11-23 13:24:05,530 [WARN] PackLoader:240 - Cannot read IP mode file for STMicroelectronics.X-CUBE-SMBUS.2.1.0
2023-11-23 13:24:05,567 [WARN] PackLoader:240 - Cannot read IP mode file for STMicroelectronics.X-CUBE-AZRTOS-F7.1.1.0
2023-11-23 13:24:05,588 [WARN] PackLoader:240 - Cannot read IP mode file for STMicroelectronics.FP-SNS-MOTENV1.4.3.2
2023-11-23 13:24:05,603 [WARN] PackLoader:240 - Cannot read IP mode file for STMicroelectronics.X-CUBE-BLE1.6.2.4
2023-11-23 13:24:05,614 [WARN] PackLoader:240 - Cannot read IP mode file for STMicroelectronics.FP-SNS-FLIGHT1.5.0.2
2023-11-23 13:24:05,629 [WARN] PackLoader:240 - Cannot read IP mode file for STMicroelectronics.X-CUBE-DISPLAY.3.0.0
2023-11-23 13:24:05,646 [WARN] PackLoader:240 - Cannot read IP mode file for STMicroelectronics.X-CUBE-BLE1.7.0.0
2023-11-23 13:24:05,660 [WARN] PackLoader:240 - Cannot read IP mode file for STMicroelectronics.X-CUBE-TOUCHGFX.4.22.1
2023-11-23 13:24:05,671 [WARN] PackLoader:240 - Cannot read IP mode file for STMicroelectronics.FP-SNS-SMARTAG2.1.2.0
2023-11-23 13:24:05,687 [INFO] LogOutputStream:77 - [STDOUT_REDIRECT] 1 : Invalid condition id : UX_CORESTACK_Condition cause : null
2023-11-23 13:24:05,687 [INFO] LogOutputStream:77 - [STDOUT_REDIRECT] 1 : Invalid condition id : UX_CORESTACK_Condition cause : null
2023-11-23 13:24:05,688 [INFO] LogOutputStream:77 - [STDOUT_REDIRECT] 1 : Invalid condition id : UX_CORESTACK_Condition cause : null
2023-11-23 13:24:05,688 [INFO] LogOutputStream:77 - [STDOUT_REDIRECT] 1 : Invalid condition id : UX_CORESTACK_Condition cause : null
2023-11-23 13:24:05,689 [INFO] LogOutputStream:77 - [STDOUT_REDIRECT] 1 : Invalid condition id : UX_CORESTACK_Condition cause : null
2023-11-23 13:24:05,691 [WARN] PackLoader:240 - Cannot read IP mode file for STMicroelectronics.X-CUBE-AZRTOS-WL.2.0.0
2023-11-23 13:24:05,704 [WARN] PackLoader:240 - Cannot read IP mode file for WES.I-CUBE-Cesium.1.3.0
2023-11-23 13:24:05,714 [WARN] PackLoader:240 - Cannot read IP mode file for STMicroelectronics.X-CUBE-BLE2.3.3.0
2023-11-23 13:24:05,732 [WARN] PackLoader:240 - Cannot read IP mode file for STMicroelectronics.X-CUBE-TOF1.3.2.0
2023-11-23 13:24:05,751 [WARN] PackLoader:240 - Cannot read IP mode file for STMicroelectronics.X-CUBE-TOUCHGFX.4.21.1
2023-11-23 13:24:05,759 [WARN] PackLoader:240 - Cannot read IP mode file for STMicroelectronics.X-CUBE-AI.7.3.0
2023-11-23 13:24:05,770 [WARN] PackLoader:240 - Cannot read IP mode file for STMicroelectronics.X-CUBE-ALGOBUILD.1.3.0
2023-11-23 13:24:05,795 [WARN] PackLoader:240 - Cannot read IP mode file for STMicroelectronics.X-CUBE-AZRTOS-G0.1.1.0
2023-11-23 13:24:05,807 [WARN] PackLoader:240 - Cannot read IP mode file for STMicroelectronics.X-CUBE-NFC4.3.0.0
2023-11-23 13:24:05,823 [WARN] PackLoader:240 - Cannot read IP mode file for STMicroelectronics.X-CUBE-BLEMGR.3.0.0
2023-11-23 13:24:05,839 [WARN] PackLoader:240 - Cannot read IP mode file for STMicroelectronics.X-CUBE-BLEMGR.1.3.0
2023-11-23 13:24:05,853 [WARN] PackLoader:240 - Cannot read IP mode file for STMicroelectronics.FP-ATR-SIGFOX1.3.2.0
2023-11-23 13:24:05,903 [WARN] PackLoader:240 - Cannot read IP mode file for STMicroelectronics.X-CUBE-MEMS1.9.5.0
2023-11-23 13:24:06,066 [WARN] PackLoader:240 - Cannot read IP mode file for SEGGER.I-CUBE-embOS.1.3.1
2023-11-23 13:24:06,107 [WARN] PackLoader:240 - Cannot read IP mode file for STMicroelectronics.X-CUBE-GNSS1.6.0.0
2023-11-23 13:24:06,129 [WARN] PackLoader:240 - Cannot read IP mode file for STMicroelectronics.X-CUBE-AZRTOS-F4.1.1.0
2023-11-23 13:24:06,156 [WARN] PackLoader:240 - Cannot read IP mode file for STMicroelectronics.X-CUBE-AZRTOS-L5.2.0.0
2023-11-23 13:24:06,192 [WARN] PackLoader:240 - Cannot read IP mode file for STMicroelectronics.X-CUBE-MEMS1.9.6.0
2023-11-23 13:24:06,286 [WARN] PackLoader:240 - Cannot read IP mode file for STMicroelectronics.X-CUBE-EEPRMA1.4.2.0
2023-11-23 13:24:06,297 [WARN] PackLoader:240 - Cannot read IP mode file for ITTIA_DB.I-CUBE-ITTIADB.8.8.0
2023-11-23 13:24:06,312 [WARN] PackLoader:240 - Cannot read IP mode file for emotas.I-CUBE-CANOPEN.1.1.3
2023-11-23 13:24:06,327 [WARN] PackLoader:240 - Cannot read IP mode file for STMicroelectronics.X-CUBE-BLEMGR.2.0.0
2023-11-23 13:24:06,353 [WARN] ConditionMgr:438 - getConditionDescription Invalid condition id : UX DEVICE CLASS RTOS Condition cause : null
2023-11-23 13:24:06,353 [WARN] ConditionMgr:438 - getConditionDescription Invalid condition id : UX DEVICE CLASS RTOS Condition cause : null
2023-11-23 13:24:06,355 [WARN] PackLoader:240 - Cannot read IP mode file for STMicroelectronics.X-CUBE-AZRTOS-H7.3.1.0
2023-11-23 13:24:06,356 [WARN] ConditionMgr:1039 - genDependencies : Invalid condition id : UX DEVICE CLASS RTOS Condition cause : null
2023-11-23 13:24:06,356 [WARN] ConditionMgr:1039 - genDependencies : Invalid condition id : UX DEVICE CLASS RTOS Condition cause : null
2023-11-23 13:24:06,356 [WARN] ConditionMgr:1039 - genDependencies : Invalid condition id : UX DEVICE CLASS RTOS Condition cause : null
2023-11-23 13:24:06,356 [WARN] ConditionMgr:1039 - genDependencies : Invalid condition id : UX DEVICE CLASS RTOS Condition cause : null
2023-11-23 13:24:06,356 [WARN] ConditionMgr:1039 - genDependencies : Invalid condition id : UX DEVICE CLASS RTOS Condition cause : null
2023-11-23 13:24:06,367 [WARN] PackLoader:240 - Cannot read IP mode file for wolfSSL.I-CUBE-wolfSSL.5.5.4
2023-11-23 13:24:06,376 [WARN] PackLoader:240 - Cannot read IP mode file for STMicroelectronics.X-CUBE-NFC7.1.0.1
2023-11-23 13:24:06,389 [WARN] PackLoader:240 - Cannot read IP mode file for STMicroelectronics.X-CUBE-NFC7.1.0.0
2023-11-23 13:24:06,402 [WARN] PackLoader:240 - Cannot read IP mode file for STMicroelectronics.X-CUBE-NFC6.3.0.0
2023-11-23 13:24:06,415 [WARN] PackLoader:240 - Cannot read IP mode file for STMicroelectronics.X-CUBE-EEPRMA1.4.1.0
2023-11-23 13:24:06,428 [WARN] PackLoader:240 - Cannot read IP mode file for STMicroelectronics.X-CUBE-AI.8.1.0
2023-11-23 13:24:06,454 [WARN] ConditionMgr:438 - getConditionDescription Invalid condition id : LAN8742 Phy interface Condition cause : null
2023-11-23 13:24:06,455 [WARN] PackLoader:240 - Cannot read IP mode file for STMicroelectronics.X-CUBE-AZRTOS-L4.2.0.0
2023-11-23 13:24:06,455 [WARN] ConditionMgr:1039 - genDependencies : Invalid condition id : LAN8742 Phy interface Condition cause : null
2023-11-23 13:24:06,456 [WARN] ConditionMgr:1039 - genDependencies : Invalid condition id : LAN8742 Phy interface Condition cause : null
2023-11-23 13:24:06,456 [WARN] ConditionMgr:1039 - genDependencies : Invalid condition id : LAN8742 Phy interface Condition cause : null
2023-11-23 13:24:06,468 [WARN] PackLoader:240 - Cannot read IP mode file for STMicroelectronics.X-CUBE-SFXS2LP1.4.0.0
2023-11-23 13:24:06,491 [WARN] PackLoader:240 - Cannot read IP mode file for STMicroelectronics.X-CUBE-AZRTOS-H7.3.0.0
2023-11-23 13:24:06,502 [WARN] PackLoader:240 - Cannot read IP mode file for STMicroelectronics.X-CUBE-ISPU.1.1.0
2023-11-23 13:24:06,519 [WARN] PackLoader:240 - Cannot read IP mode file for RoweBots.I-CUBE-UNISONRTOS.5.5.0-4
2023-11-23 13:24:06,529 [WARN] PackLoader:240 - Cannot read IP mode file for STMicroelectronics.X-CUBE-AI.8.0.0
2023-11-23 13:24:06,547 [WARN] ConditionMgr:438 - getConditionDescription Invalid condition id : UX DEVICE CLASS RTOS Condition cause : null
2023-11-23 13:24:06,547 [WARN] ConditionMgr:438 - getConditionDescription Invalid condition id : UX DEVICE CLASS RTOS Condition cause : null
2023-11-23 13:24:06,548 [WARN] PackLoader:240 - Cannot read IP mode file for STMicroelectronics.X-CUBE-AZRTOS-WB.2.0.0
2023-11-23 13:24:06,548 [WARN] ConditionMgr:1039 - genDependencies : Invalid condition id : UX DEVICE CLASS RTOS Condition cause : null
2023-11-23 13:24:06,549 [WARN] ConditionMgr:1039 - genDependencies : Invalid condition id : UX DEVICE CLASS RTOS Condition cause : null
2023-11-23 13:24:06,549 [WARN] ConditionMgr:1039 - genDependencies : Invalid condition id : UX DEVICE CLASS RTOS Condition cause : null
2023-11-23 13:24:06,549 [WARN] ConditionMgr:1039 - genDependencies : Invalid condition id : UX DEVICE CLASS RTOS Condition cause : null
2023-11-23 13:24:06,549 [WARN] ConditionMgr:1039 - genDependencies : Invalid condition id : UX DEVICE CLASS RTOS Condition cause : null
2023-11-23 13:24:06,560 [WARN] PackLoader:240 - Cannot read IP mode file for STMicroelectronics.X-CUBE-FREERTOS.1.0.0
2023-11-23 13:24:06,579 [WARN] PackLoader:240 - Cannot read IP mode file for STMicroelectronics.X-CUBE-AZRTOS-L5.1.1.0
2023-11-23 13:24:06,597 [WARN] PackLoader:240 - Cannot read IP mode file for STMicroelectronics.X-CUBE-SUBG2.5.0.0
2023-11-23 13:24:06,614 [WARN] PackLoader:240 - Cannot read IP mode file for STMicroelectronics.X-CUBE-TOF1.3.3.1
2023-11-23 13:24:06,635 [WARN] PackLoader:240 - Cannot read IP mode file for STMicroelectronics.X-CUBE-AZRTOS-G4.2.0.0
2023-11-23 13:24:06,647 [WARN] PackLoader:240 - Cannot read IP mode file for STMicroelectronics.FP-ATR-ASTRA1.1.1.1
2023-11-23 13:24:06,665 [WARN] PackLoader:240 - Cannot read IP mode file for Infineon.AIROC-Wi-Fi-Bluetooth-STM32.1.5.1
2023-11-23 13:24:06,677 [WARN] PackLoader:240 - Cannot read IP mode file for STMicroelectronics.FP-SNS-MOTENVWB1.1.3.0
2023-11-23 13:24:06,696 [WARN] PackLoader:240 - Cannot read IP mode file for STMicroelectronics.X-CUBE-AZRTOS-G4.1.0.0
2023-11-23 13:24:06,717 [WARN] PackLoader:240 - Cannot read IP mode file for STMicroelectronics.X-CUBE-AZRTOS-L4.1.0.0
2023-11-23 13:24:06,748 [WARN] PackLoader:240 - Cannot read IP mode file for STMicroelectronics.X-CUBE-MEMS1.10.0.0
2023-11-23 13:24:06,819 [WARN] PackLoader:240 - Cannot read IP mode file for STMicroelectronics.X-CUBE-FREERTOS.1.1.0
2023-11-23 13:24:06,836 [WARN] PackLoader:240 - Cannot read IP mode file for STMicroelectronics.X-CUBE-AZRTOS-WL.1.0.0
2023-11-23 13:24:06,848 [WARN] PackLoader:240 - Cannot read IP mode file for portGmbH.I-Cube-SoM-uGOAL.1.1.0
2023-11-23 13:24:06,857 [WARN] PackLoader:240 - Cannot read IP mode file for STMicroelectronics.X-CUBE-ALS.1.0.1
2023-11-23 13:24:06,876 [WARN] PackLoader:240 - Cannot read IP mode file for STMicroelectronics.X-CUBE-AZRTOS-WB.1.1.0
2023-11-23 13:24:06,886 [WARN] PackLoader:240 - Cannot read IP mode file for STMicroelectronics.FP-ATR-ASTRA1.2.0.0
2023-11-23 13:24:06,887 [INFO] ThirdParty:978 - Integrity check success = true
2023-11-23 13:24:06,887 [INFO] IntegrityCheckThread:100 - exiting critical section [integrity check]
2023-11-23 13:24:06,887 [INFO] IntegrityCheckThread:103 - End integrity checks thread
2023-11-23 13:24:25,784 [ERROR] LogOutputStream:75 - [STDERR_REDIRECT] SLF4J: Failed to load class "org.slf4j.impl.StaticLoggerBinder".
2023-11-23 13:24:25,785 [ERROR] LogOutputStream:75 - [STDERR_REDIRECT] SLF4J: Defaulting to no-operation (NOP) logger implementation
2023-11-23 13:24:25,786 [ERROR] LogOutputStream:75 - [STDERR_REDIRECT] SLF4J: See http://www.slf4j.org/codes.html#StaticLoggerBinder for further details.
2023-11-23 13:25:17,477 [ERROR] LogOutputStream:75 - [STDERR_REDIRECT] 
2023-11-23 16:05:55,800 [INFO] Activator:176 - 


2023-11-23 16:05:55,800 [INFO] Activator:177 - !SESSION log4j initialized
2023-11-23 16:05:58,386 [INFO] LogOutputStream:77 - [STDOUT_REDIRECT] 
2023-11-23 16:06:00,341 [INFO] ApplicationProperties:184 - Using Application install path: C:\ST\STM32CubeIDE_1.11.2\STM32CubeIDE\plugins\com.st.stm32cube.common.mx_6.9.2.202309101412
2023-11-23 16:06:00,354 [INFO] DbMcusXml:78 - Set database path to: C:\ST\STM32CubeIDE_1.11.2\STM32CubeIDE\plugins\com.st.stm32cube.common.mx_6.9.2.202309101412\\db\/mcu/
2023-11-23 16:06:00,354 [INFO] ApiDb:274 - Set plugin database path to: C:\ST\STM32CubeIDE_1.11.2\STM32CubeIDE\plugins\com.st.stm32cube.common.mx_6.9.2.202309101412\\db\/plugins/boardmanager/
2023-11-23 16:06:00,354 [WARN] ApiDb:259 - Overriding images path with different value:  => C:\ST\STM32CubeIDE_1.11.2\STM32CubeIDE\plugins\com.st.stm32cube.common.mx_6.9.2.202309101412\\db\/plugins/mcufinder/images/
2023-11-23 16:06:00,360 [INFO] ApiDb:250 - Set database path to: C:\Users\andep\.stmcufinder\plugins\mcufinder//mcu/
2023-11-23 16:06:00,361 [INFO] DbMcusAds:125 - Set database path to: C:\Users\andep\.stmcufinder\plugins\mcufinder//mcu/
2023-11-23 16:06:00,363 [INFO] CrossReferenceDbSqlite:203 - Set database path to: C:\Users\andep\.stmcufinder\plugins\mcufinder//mcu/cs/
2023-11-23 16:06:00,461 [INFO] RulesReader:64 - Compatibility file has been processed (293 Rules)
2023-11-23 16:06:00,575 [INFO] DbMcusXml:78 - Set database path to: C:\ST\STM32CubeIDE_1.11.2\STM32CubeIDE\plugins\com.st.stm32cube.common.mx_6.9.2.202309101412\\db\/mcu/
2023-11-23 16:06:00,575 [INFO] ApiDb:274 - Set plugin database path to: C:\ST\STM32CubeIDE_1.11.2\STM32CubeIDE\plugins\com.st.stm32cube.common.mx_6.9.2.202309101412\\db\/plugins/boardmanager/
2023-11-23 16:06:00,575 [INFO] ApiDb:261 - Set plugin images path to: C:\ST\STM32CubeIDE_1.11.2\STM32CubeIDE\plugins\com.st.stm32cube.common.mx_6.9.2.202309101412\\db\/plugins/mcufinder/images/
2023-11-23 16:06:00,575 [WARN] DbFile:41 - Overriding database path with different value: C:\Users\andep\.stmcufinder\plugins\mcufinder/ => C:\Users\andep\.stmcufinder\plugins\mcufinder
2023-11-23 16:06:00,576 [INFO] ApiDb:250 - Set database path to: C:\Users\andep\.stmcufinder\plugins\mcufinder//mcu/
2023-11-23 16:06:00,576 [WARN] DbFile:41 - Overriding database path with different value: C:\Users\andep\.stmcufinder\plugins\mcufinder/ => C:\Users\andep\.stmcufinder\plugins\mcufinder
2023-11-23 16:06:00,576 [INFO] DbMcusAds:125 - Set database path to: C:\Users\andep\.stmcufinder\plugins\mcufinder//mcu/
2023-11-23 16:06:00,576 [WARN] DbFile:41 - Overriding database path with different value: C:\Users\andep\.stmcufinder\plugins\mcufinder/ => C:\Users\andep\.stmcufinder\plugins\mcufinder
2023-11-23 16:06:00,576 [WARN] DbFile:41 - Overriding database path with different value: C:\Users\andep\.stmcufinder\plugins\mcufinder/ => C:\Users\andep\.stmcufinder\plugins\mcufinder
2023-11-23 16:06:00,576 [INFO] CrossReferenceDbSqlite:203 - Set database path to: C:\Users\andep\.stmcufinder\plugins\mcufinder//mcu/cs/
2023-11-23 16:06:00,630 [INFO] MainPanel:262 - HeapMemory: 268435456
2023-11-23 16:06:00,685 [INFO] DbMcusXml:78 - Set database path to: C:\ST\STM32CubeIDE_1.11.2\STM32CubeIDE\plugins\com.st.stm32cube.common.mx_6.9.2.202309101412\\db\/mcu/
2023-11-23 16:06:00,685 [INFO] ApiDb:274 - Set plugin database path to: C:\ST\STM32CubeIDE_1.11.2\STM32CubeIDE\plugins\com.st.stm32cube.common.mx_6.9.2.202309101412\\db\/plugins/boardmanager/
2023-11-23 16:06:00,685 [INFO] ApiDb:261 - Set plugin images path to: C:\ST\STM32CubeIDE_1.11.2\STM32CubeIDE\plugins\com.st.stm32cube.common.mx_6.9.2.202309101412\\db\/plugins/mcufinder/images/
2023-11-23 16:06:00,685 [WARN] DbFile:41 - Overriding database path with different value: C:\Users\andep\.stmcufinder\plugins\mcufinder/ => C:\Users\andep\.stmcufinder\plugins\mcufinder
2023-11-23 16:06:00,685 [INFO] ApiDb:250 - Set database path to: C:\Users\andep\.stmcufinder\plugins\mcufinder//mcu/
2023-11-23 16:06:00,686 [WARN] DbFile:41 - Overriding database path with different value: C:\Users\andep\.stmcufinder\plugins\mcufinder/ => C:\Users\andep\.stmcufinder\plugins\mcufinder
2023-11-23 16:06:00,686 [INFO] DbMcusAds:125 - Set database path to: C:\Users\andep\.stmcufinder\plugins\mcufinder//mcu/
2023-11-23 16:06:00,686 [WARN] DbFile:41 - Overriding database path with different value: C:\Users\andep\.stmcufinder\plugins\mcufinder/ => C:\Users\andep\.stmcufinder\plugins\mcufinder
2023-11-23 16:06:00,686 [WARN] DbFile:41 - Overriding database path with different value: C:\Users\andep\.stmcufinder\plugins\mcufinder/ => C:\Users\andep\.stmcufinder\plugins\mcufinder
2023-11-23 16:06:00,686 [INFO] CrossReferenceDbSqlite:203 - Set database path to: C:\Users\andep\.stmcufinder\plugins\mcufinder//mcu/cs/
2023-11-23 16:06:00,698 [INFO] ApplicationProperties:184 - Using Application install path: C:\ST\STM32CubeIDE_1.11.2\STM32CubeIDE\plugins\com.st.stm32cube.common.mx_6.9.2.202309101412
2023-11-23 16:06:00,699 [INFO] PluginManage:196 - Search for loadable plugins [exclusion list=, ]
2023-11-23 16:06:00,700 [INFO] PluginManage:310 - Check plugin analytics
2023-11-23 16:06:00,825 [INFO] AnalyticsPlugin:253 - Accepted Software Licenses: 
2023-11-23 16:06:00,825 [INFO] AnalyticsPlugin:255 - Accepted CMSIS Pack Licenses: 
2023-11-23 16:06:00,826 [INFO] AnalyticsPlugin:257 - Accepted Firmware Licenses: 
2023-11-23 16:06:00,827 [INFO] PluginManage:359 - Loaded plugin analytics (category:tool,tabindex:-1)
2023-11-23 16:06:00,828 [INFO] PluginManage:310 - Check plugin cadmodel
2023-11-23 16:06:00,839 [INFO] CADModel:105 - Init CAD model plugin
2023-11-23 16:06:00,839 [INFO] PluginManage:359 - Loaded plugin cadmodel (category:power,tabindex:5)
2023-11-23 16:06:00,839 [INFO] PluginManage:310 - Check plugin clock
2023-11-23 16:06:00,857 [INFO] PluginManage:359 - Loaded plugin clock (category:base,tabindex:2)
2023-11-23 16:06:00,857 [INFO] PluginManage:310 - Check plugin ddr
2023-11-23 16:06:00,858 [INFO] PluginManage:359 - Loaded plugin ddr (category:tool,tabindex:6)
2023-11-23 16:06:00,858 [INFO] PluginManage:310 - Check plugin filemanager
2023-11-23 16:06:00,994 [INFO] PluginManage:359 - Loaded plugin filemanager (category:base,tabindex:10)
2023-11-23 16:06:00,994 [INFO] PluginManage:310 - Check plugin ipmanager
2023-11-23 16:06:01,000 [INFO] PluginManage:359 - Loaded plugin ipmanager (category:base,tabindex:5)
2023-11-23 16:06:01,000 [INFO] PluginManage:310 - Check plugin lpbam
2023-11-23 16:06:01,014 [INFO] PluginManage:359 - Loaded plugin lpbam (category:base,tabindex:0)
2023-11-23 16:06:01,014 [INFO] PluginManage:310 - Check plugin memorymap
2023-11-23 16:06:01,031 [INFO] PluginManage:359 - Loaded plugin memorymap (category:base,tabindex:4)
2023-11-23 16:06:01,031 [INFO] PluginManage:310 - Check plugin pinoutandconfiguration
2023-11-23 16:06:01,044 [INFO] PluginManage:359 - Loaded plugin pinoutandconfiguration (category:base,tabindex:1)
2023-11-23 16:06:01,044 [INFO] PluginManage:310 - Check plugin pinoutconfig
2023-11-23 16:06:01,107 [WARN] SupportedApi:132 - Cannot load RTOS API schema: s4s-elt-must-match.1: The content of 'definitions' must match (annotation?, (simpleType | complexType)?, (unique | key | keyref)*)). A problem was found starting at: attribute.
2023-11-23 16:06:01,190 [INFO] PluginManage:359 - Loaded plugin pinoutconfig (category:base,tabindex:0)
2023-11-23 16:06:01,190 [INFO] PluginManage:310 - Check plugin power
2023-11-23 16:06:01,206 [INFO] PluginManage:359 - Loaded plugin power (category:power,tabindex:4)
2023-11-23 16:06:01,206 [INFO] PluginManage:310 - Check plugin projectmanager
2023-11-23 16:06:01,218 [INFO] PluginManage:359 - Loaded plugin projectmanager (category:projectmanager,tabindex:3)
2023-11-23 16:06:01,218 [INFO] PluginManage:310 - Check plugin thirdparty
2023-11-23 16:06:01,474 [INFO] PluginManage:359 - Loaded plugin thirdparty (category:base,tabindex:-1)
2023-11-23 16:06:01,474 [WARN] IntegrityCheckThread:84 - waiting for thirdparty lock release [integrity check]
2023-11-23 16:06:01,474 [INFO] PluginManage:310 - Check plugin tools
2023-11-23 16:06:01,474 [INFO] IntegrityCheckThread:86 - entering critical section [integrity check]
2023-11-23 16:06:01,474 [INFO] ThirdPartyUpdaterWithRetryManager:70 - Updater plugin not ready yet. [1/15]
2023-11-23 16:06:01,500 [INFO] PluginManage:359 - Loaded plugin tools (category:base,tabindex:7)
2023-11-23 16:06:01,501 [INFO] PluginManage:310 - Check plugin tutovideos
2023-11-23 16:06:01,621 [INFO] PluginManage:359 - Loaded plugin tutovideos (category:base,tabindex:-1)
2023-11-23 16:06:01,621 [INFO] PluginManage:310 - Check plugin updater
2023-11-23 16:06:01,628 [INFO] PluginManage:359 - Loaded plugin updater (category:base,tabindex:12)
2023-11-23 16:06:01,628 [INFO] PluginManage:310 - Check plugin userauth
2023-11-23 16:06:01,631 [INFO] UserAuth:113 - Init User Auth plugin
2023-11-23 16:06:01,632 [INFO] PluginManage:359 - Loaded plugin userauth (category:base,tabindex:14)
2023-11-23 16:06:01,633 [INFO] PluginManage:283 - PluginManage : Loaded plugins [17]
2023-11-23 16:06:01,829 [INFO] PinOutPanel:1499 - setPackage(No Configuration,No Configuration)
2023-11-23 16:06:01,927 [INFO] CADModel:165 - CPN selected for project level
2023-11-23 16:06:01,927 [INFO] CADModel:114 - Register for checkConnection events
2023-11-23 16:06:01,946 [INFO] IPUIPlugin:80 - create IPUIPlugin
2023-11-23 16:06:01,946 [INFO] PluginManager:220 - loadIPPluginJar : add adc
2023-11-23 16:06:02,008 [INFO] IPUIPlugin:80 - create IPUIPlugin
2023-11-23 16:06:02,008 [INFO] PluginManager:220 - loadIPPluginJar : add aes
2023-11-23 16:06:02,040 [INFO] IPUIPlugin:80 - create IPUIPlugin
2023-11-23 16:06:02,040 [INFO] PluginManager:220 - loadIPPluginJar : add can
2023-11-23 16:06:02,055 [INFO] IPUIPlugin:80 - create IPUIPlugin
2023-11-23 16:06:02,056 [INFO] PluginManager:220 - loadIPPluginJar : add comp
2023-11-23 16:06:02,077 [INFO] IPUIPlugin:80 - create IPUIPlugin
2023-11-23 16:06:02,077 [INFO] PluginManager:220 - loadIPPluginJar : add cryp
2023-11-23 16:06:02,098 [INFO] IPUIPlugin:80 - create IPUIPlugin
2023-11-23 16:06:02,098 [INFO] PluginManager:220 - loadIPPluginJar : add dfsdm
2023-11-23 16:06:02,123 [INFO] IPUIPlugin:80 - create IPUIPlugin
2023-11-23 16:06:02,124 [INFO] PluginManager:220 - loadIPPluginJar : add dma
2023-11-23 16:06:02,153 [INFO] IPUIPlugin:80 - create IPUIPlugin
2023-11-23 16:06:02,153 [INFO] PluginManager:220 - loadIPPluginJar : add dma3
2023-11-23 16:06:02,167 [INFO] IPUIPlugin:80 - create IPUIPlugin
2023-11-23 16:06:02,167 [INFO] PluginManager:220 - loadIPPluginJar : add fatfs
2023-11-23 16:06:02,202 [INFO] IPUIPlugin:80 - create IPUIPlugin
2023-11-23 16:06:02,202 [INFO] PluginManager:220 - loadIPPluginJar : add fmc
2023-11-23 16:06:02,215 [INFO] IPUIPlugin:80 - create IPUIPlugin
2023-11-23 16:06:02,216 [INFO] PluginManager:220 - loadIPPluginJar : add freertos
2023-11-23 16:06:02,230 [INFO] IPUIPlugin:80 - create IPUIPlugin
2023-11-23 16:06:02,230 [INFO] PluginManager:220 - loadIPPluginJar : add genericplugin
2023-11-23 16:06:02,302 [INFO] IPUIPlugin:80 - create IPUIPlugin
2023-11-23 16:06:02,302 [INFO] PluginManager:220 - loadIPPluginJar : add gfxmmu
2023-11-23 16:06:02,392 [INFO] IPUIPlugin:80 - create IPUIPlugin
2023-11-23 16:06:02,392 [INFO] PluginManager:220 - loadIPPluginJar : add gic
2023-11-23 16:06:02,449 [INFO] IPUIPlugin:80 - create IPUIPlugin
2023-11-23 16:06:02,449 [INFO] PluginManager:220 - loadIPPluginJar : add gpio
2023-11-23 16:06:02,532 [INFO] IPUIPlugin:80 - create IPUIPlugin
2023-11-23 16:06:02,532 [INFO] PluginManager:220 - loadIPPluginJar : add gtzc
2023-11-23 16:06:02,557 [INFO] IPUIPlugin:80 - create IPUIPlugin
2023-11-23 16:06:02,557 [INFO] PluginManager:220 - loadIPPluginJar : add hash
2023-11-23 16:06:02,592 [INFO] IPUIPlugin:80 - create IPUIPlugin
2023-11-23 16:06:02,592 [INFO] PluginManager:220 - loadIPPluginJar : add i2c
2023-11-23 16:06:02,622 [INFO] IPUIPlugin:80 - create IPUIPlugin
2023-11-23 16:06:02,623 [INFO] PluginManager:220 - loadIPPluginJar : add i2s
2023-11-23 16:06:02,650 [INFO] IPUIPlugin:80 - create IPUIPlugin
2023-11-23 16:06:02,650 [INFO] PluginManager:220 - loadIPPluginJar : add i3c
2023-11-23 16:06:02,723 [INFO] IPUIPlugin:80 - create IPUIPlugin
2023-11-23 16:06:02,724 [INFO] PluginManager:220 - loadIPPluginJar : add ipddr
2023-11-23 16:06:02,788 [INFO] IPUIPlugin:80 - create IPUIPlugin
2023-11-23 16:06:02,788 [INFO] PluginManager:220 - loadIPPluginJar : add linkedlist
2023-11-23 16:06:02,818 [INFO] IPUIPlugin:80 - create IPUIPlugin
2023-11-23 16:06:02,818 [INFO] PluginManager:220 - loadIPPluginJar : add lorawan
2023-11-23 16:06:02,843 [INFO] IPUIPlugin:80 - create IPUIPlugin
2023-11-23 16:06:02,843 [INFO] PluginManager:220 - loadIPPluginJar : add ltdc
2023-11-23 16:06:02,854 [INFO] IPUIPlugin:80 - create IPUIPlugin
2023-11-23 16:06:02,854 [INFO] PluginManager:220 - loadIPPluginJar : add mdma
2023-11-23 16:06:02,865 [INFO] IPUIPlugin:80 - create IPUIPlugin
2023-11-23 16:06:02,865 [INFO] PluginManager:220 - loadIPPluginJar : add nvic
2023-11-23 16:06:02,889 [INFO] IPUIPlugin:80 - create IPUIPlugin
2023-11-23 16:06:02,889 [INFO] PluginManager:220 - loadIPPluginJar : add opamp
2023-11-23 16:06:02,933 [INFO] IPUIPlugin:80 - create IPUIPlugin
2023-11-23 16:06:02,933 [INFO] PluginManager:220 - loadIPPluginJar : add openamp
2023-11-23 16:06:02,962 [INFO] IPUIPlugin:80 - create IPUIPlugin
2023-11-23 16:06:02,962 [INFO] PluginManager:220 - loadIPPluginJar : add pdm2pcm
2023-11-23 16:06:02,974 [INFO] IPUIPlugin:80 - create IPUIPlugin
2023-11-23 16:06:02,976 [INFO] PluginManager:220 - loadIPPluginJar : add plateformsettings
2023-11-23 16:06:03,012 [INFO] IPUIPlugin:80 - create IPUIPlugin
2023-11-23 16:06:03,013 [INFO] PluginManager:220 - loadIPPluginJar : add quadspi
2023-11-23 16:06:03,021 [INFO] IPUIPlugin:80 - create IPUIPlugin
2023-11-23 16:06:03,022 [INFO] PluginManager:220 - loadIPPluginJar : add resmgrutility
2023-11-23 16:06:03,055 [INFO] IPUIPlugin:80 - create IPUIPlugin
2023-11-23 16:06:03,055 [INFO] PluginManager:220 - loadIPPluginJar : add sai
2023-11-23 16:06:03,079 [INFO] IPUIPlugin:80 - create IPUIPlugin
2023-11-23 16:06:03,080 [INFO] PluginManager:220 - loadIPPluginJar : add spi
2023-11-23 16:06:03,119 [INFO] IPUIPlugin:80 - create IPUIPlugin
2023-11-23 16:06:03,119 [INFO] PluginManager:220 - loadIPPluginJar : add stm32_wpan
2023-11-23 16:06:03,136 [INFO] IPUIPlugin:80 - create IPUIPlugin
2023-11-23 16:06:03,136 [INFO] PluginManager:220 - loadIPPluginJar : add tim
2023-11-23 16:06:03,223 [INFO] IPUIPlugin:80 - create IPUIPlugin
2023-11-23 16:06:03,223 [INFO] PluginManager:220 - loadIPPluginJar : add touchsensing
2023-11-23 16:06:03,244 [INFO] IPUIPlugin:80 - create IPUIPlugin
2023-11-23 16:06:03,244 [INFO] PluginManager:220 - loadIPPluginJar : add tracer_emb
2023-11-23 16:06:03,260 [INFO] IPUIPlugin:80 - create IPUIPlugin
2023-11-23 16:06:03,260 [INFO] PluginManager:220 - loadIPPluginJar : add ts
2023-11-23 16:06:03,276 [INFO] IPUIPlugin:80 - create IPUIPlugin
2023-11-23 16:06:03,276 [INFO] PluginManager:220 - loadIPPluginJar : add tsc
2023-11-23 16:06:03,297 [INFO] IPUIPlugin:80 - create IPUIPlugin
2023-11-23 16:06:03,297 [INFO] PluginManager:220 - loadIPPluginJar : add ucpd
2023-11-23 16:06:03,328 [INFO] IPUIPlugin:80 - create IPUIPlugin
2023-11-23 16:06:03,328 [INFO] PluginManager:220 - loadIPPluginJar : add usart
2023-11-23 16:06:03,357 [INFO] IPUIPlugin:80 - create IPUIPlugin
2023-11-23 16:06:03,357 [INFO] PluginManager:220 - loadIPPluginJar : add usbx
2023-11-23 16:06:03,468 [INFO] CADModel:165 - CPN selected for project level
2023-11-23 16:06:03,469 [INFO] CADModel:114 - Register for checkConnection events
2023-11-23 16:06:03,469 [FATAL] Updater:308 - Updater called before beeing initialized
2023-11-23 16:06:03,470 [ERROR] CADModel:125 - Updater not yet initialized, retry later 
2023-11-23 16:06:03,581 [INFO] CADModel:165 - CPN selected for project level
2023-11-23 16:06:03,581 [INFO] CADModel:114 - Register for checkConnection events
2023-11-23 16:06:03,581 [FATAL] Updater:308 - Updater called before beeing initialized
2023-11-23 16:06:03,582 [ERROR] CADModel:125 - Updater not yet initialized, retry later 
2023-11-23 16:06:03,584 [FATAL] Updater:308 - Updater called before beeing initialized
2023-11-23 16:06:03,676 [FATAL] Updater:308 - Updater called before beeing initialized
2023-11-23 16:06:03,687 [INFO] DbMcusAds:53 - JSON generation date=Tue Mar 07 09:50:55 CET 2023 (1678179055335)
2023-11-23 16:06:03,688 [FATAL] Updater:308 - Updater called before beeing initialized
2023-11-23 16:06:03,755 [WARN] DetailPanel:346 - Failed to get advertising image, set to default
2023-11-23 16:06:03,830 [FATAL] Updater:308 - Updater called before beeing initialized
2023-11-23 16:06:03,832 [FATAL] Updater:308 - Updater called before beeing initialized
2023-11-23 16:06:03,832 [FATAL] Updater:308 - Updater called before beeing initialized
2023-11-23 16:06:03,832 [WARN] DetailPanel:346 - Failed to get advertising image, set to default
2023-11-23 16:06:03,833 [FATAL] Updater:308 - Updater called before beeing initialized
2023-11-23 16:06:03,887 [ERROR] Updater:1120 - MainUpdater not yet initialized. External WinMGr cannot be set.
2023-11-23 16:06:03,894 [INFO] Updater:1056 - Updater Version found : 6.9.2
2023-11-23 16:06:03,908 [INFO] ApplicationProperties:184 - Using Application install path: C:\ST\STM32CubeIDE_1.11.2\STM32CubeIDE\plugins\com.st.stm32cube.common.mx_6.9.2.202309101412
2023-11-23 16:06:04,020 [INFO] MainUpdater:2868 - connection check result : 10
2023-11-23 16:06:04,020 [INFO] MainUpdater:285 - Updater Check For Update Now.
2023-11-23 16:06:04,021 [INFO] MicroXplorer:498 - Change Database Version : DB.6.0.92
2023-11-23 16:06:04,033 [INFO] McuFinderGlobals:63 - Set McuFinder mode to 2 (CubeIDE integrated)
2023-11-23 16:06:04,033 [INFO] UserAuth:179 - activating auth plugin
2023-11-23 16:06:04,035 [INFO] UserAuth:393 - Internet connection configuration mode: 1
2023-11-23 16:06:04,053 [INFO] JxBrowserEngine:151 - Initiate JxBrowser Engine with user profile folder
2023-11-23 16:06:04,203 [INFO] CheckServerUpdateThread:120 - End of CheckServer Thread
2023-11-23 16:06:04,628 [WARN] PackLoader:240 - Cannot read IP mode file for STMicroelectronics.X-CUBE-SMBUS.2.1.0
2023-11-23 16:06:04,667 [WARN] PackLoader:240 - Cannot read IP mode file for STMicroelectronics.X-CUBE-AZRTOS-F7.1.1.0
2023-11-23 16:06:04,686 [WARN] PackLoader:240 - Cannot read IP mode file for STMicroelectronics.FP-SNS-MOTENV1.4.3.2
2023-11-23 16:06:04,704 [WARN] PackLoader:240 - Cannot read IP mode file for STMicroelectronics.X-CUBE-BLE1.6.2.4
2023-11-23 16:06:04,714 [WARN] PackLoader:240 - Cannot read IP mode file for STMicroelectronics.FP-SNS-FLIGHT1.5.0.2
2023-11-23 16:06:04,729 [WARN] PackLoader:240 - Cannot read IP mode file for STMicroelectronics.X-CUBE-DISPLAY.3.0.0
2023-11-23 16:06:04,743 [WARN] PackLoader:240 - Cannot read IP mode file for STMicroelectronics.X-CUBE-BLE1.7.0.0
2023-11-23 16:06:04,756 [WARN] PackLoader:240 - Cannot read IP mode file for STMicroelectronics.X-CUBE-TOUCHGFX.4.22.1
2023-11-23 16:06:04,767 [WARN] PackLoader:240 - Cannot read IP mode file for STMicroelectronics.FP-SNS-SMARTAG2.1.2.0
2023-11-23 16:06:04,782 [INFO] LogOutputStream:77 - [STDOUT_REDIRECT] 1 : Invalid condition id : UX_CORESTACK_Condition cause : null
2023-11-23 16:06:04,783 [INFO] LogOutputStream:77 - [STDOUT_REDIRECT] 1 : Invalid condition id : UX_CORESTACK_Condition cause : null
2023-11-23 16:06:04,783 [INFO] LogOutputStream:77 - [STDOUT_REDIRECT] 1 : Invalid condition id : UX_CORESTACK_Condition cause : null
2023-11-23 16:06:04,784 [INFO] LogOutputStream:77 - [STDOUT_REDIRECT] 1 : Invalid condition id : UX_CORESTACK_Condition cause : null
2023-11-23 16:06:04,784 [INFO] LogOutputStream:77 - [STDOUT_REDIRECT] 1 : Invalid condition id : UX_CORESTACK_Condition cause : null
2023-11-23 16:06:04,787 [WARN] PackLoader:240 - Cannot read IP mode file for STMicroelectronics.X-CUBE-AZRTOS-WL.2.0.0
2023-11-23 16:06:04,803 [WARN] PackLoader:240 - Cannot read IP mode file for WES.I-CUBE-Cesium.1.3.0
2023-11-23 16:06:04,813 [WARN] PackLoader:240 - Cannot read IP mode file for STMicroelectronics.X-CUBE-BLE2.3.3.0
2023-11-23 16:06:04,832 [WARN] PackLoader:240 - Cannot read IP mode file for STMicroelectronics.X-CUBE-TOF1.3.2.0
2023-11-23 16:06:04,848 [WARN] PackLoader:240 - Cannot read IP mode file for STMicroelectronics.X-CUBE-TOUCHGFX.4.21.1
2023-11-23 16:06:04,858 [WARN] PackLoader:240 - Cannot read IP mode file for STMicroelectronics.X-CUBE-AI.7.3.0
2023-11-23 16:06:04,871 [WARN] PackLoader:240 - Cannot read IP mode file for STMicroelectronics.X-CUBE-ALGOBUILD.1.3.0
2023-11-23 16:06:04,899 [WARN] PackLoader:240 - Cannot read IP mode file for STMicroelectronics.X-CUBE-AZRTOS-G0.1.1.0
2023-11-23 16:06:04,913 [WARN] PackLoader:240 - Cannot read IP mode file for STMicroelectronics.X-CUBE-NFC4.3.0.0
2023-11-23 16:06:04,926 [WARN] PackLoader:240 - Cannot read IP mode file for STMicroelectronics.X-CUBE-BLEMGR.3.0.0
2023-11-23 16:06:04,939 [WARN] PackLoader:240 - Cannot read IP mode file for STMicroelectronics.X-CUBE-BLEMGR.1.3.0
2023-11-23 16:06:04,950 [WARN] PackLoader:240 - Cannot read IP mode file for STMicroelectronics.FP-ATR-SIGFOX1.3.2.0
2023-11-23 16:06:04,997 [WARN] PackLoader:240 - Cannot read IP mode file for STMicroelectronics.X-CUBE-MEMS1.9.5.0
2023-11-23 16:06:05,155 [WARN] PackLoader:240 - Cannot read IP mode file for SEGGER.I-CUBE-embOS.1.3.1
2023-11-23 16:06:05,187 [WARN] PackLoader:240 - Cannot read IP mode file for STMicroelectronics.X-CUBE-GNSS1.6.0.0
2023-11-23 16:06:05,212 [WARN] PackLoader:240 - Cannot read IP mode file for STMicroelectronics.X-CUBE-AZRTOS-F4.1.1.0
2023-11-23 16:06:05,242 [WARN] PackLoader:240 - Cannot read IP mode file for STMicroelectronics.X-CUBE-AZRTOS-L5.2.0.0
2023-11-23 16:06:05,303 [WARN] PackLoader:240 - Cannot read IP mode file for STMicroelectronics.X-CUBE-MEMS1.9.6.0
2023-11-23 16:06:05,409 [WARN] PackLoader:240 - Cannot read IP mode file for STMicroelectronics.X-CUBE-EEPRMA1.4.2.0
2023-11-23 16:06:05,426 [WARN] PackLoader:240 - Cannot read IP mode file for ITTIA_DB.I-CUBE-ITTIADB.8.8.0
2023-11-23 16:06:05,435 [WARN] PackLoader:240 - Cannot read IP mode file for emotas.I-CUBE-CANOPEN.1.1.3
2023-11-23 16:06:05,448 [WARN] PackLoader:240 - Cannot read IP mode file for STMicroelectronics.X-CUBE-BLEMGR.2.0.0
2023-11-23 16:06:05,474 [WARN] ConditionMgr:438 - getConditionDescription Invalid condition id : UX DEVICE CLASS RTOS Condition cause : null
2023-11-23 16:06:05,474 [WARN] ConditionMgr:438 - getConditionDescription Invalid condition id : UX DEVICE CLASS RTOS Condition cause : null
2023-11-23 16:06:05,477 [WARN] PackLoader:240 - Cannot read IP mode file for STMicroelectronics.X-CUBE-AZRTOS-H7.3.1.0
2023-11-23 16:06:05,478 [WARN] ConditionMgr:1039 - genDependencies : Invalid condition id : UX DEVICE CLASS RTOS Condition cause : null
2023-11-23 16:06:05,478 [WARN] ConditionMgr:1039 - genDependencies : Invalid condition id : UX DEVICE CLASS RTOS Condition cause : null
2023-11-23 16:06:05,478 [WARN] ConditionMgr:1039 - genDependencies : Invalid condition id : UX DEVICE CLASS RTOS Condition cause : null
2023-11-23 16:06:05,479 [WARN] ConditionMgr:1039 - genDependencies : Invalid condition id : UX DEVICE CLASS RTOS Condition cause : null
2023-11-23 16:06:05,479 [WARN] ConditionMgr:1039 - genDependencies : Invalid condition id : UX DEVICE CLASS RTOS Condition cause : null
2023-11-23 16:06:05,491 [WARN] PackLoader:240 - Cannot read IP mode file for wolfSSL.I-CUBE-wolfSSL.5.5.4
2023-11-23 16:06:05,502 [WARN] PackLoader:240 - Cannot read IP mode file for STMicroelectronics.X-CUBE-NFC7.1.0.1
2023-11-23 16:06:05,512 [WARN] PackLoader:240 - Cannot read IP mode file for STMicroelectronics.X-CUBE-NFC7.1.0.0
2023-11-23 16:06:05,526 [WARN] PackLoader:240 - Cannot read IP mode file for STMicroelectronics.X-CUBE-NFC6.3.0.0
2023-11-23 16:06:05,536 [WARN] PackLoader:240 - Cannot read IP mode file for STMicroelectronics.X-CUBE-EEPRMA1.4.1.0
2023-11-23 16:06:05,546 [WARN] PackLoader:240 - Cannot read IP mode file for STMicroelectronics.X-CUBE-AI.8.1.0
2023-11-23 16:06:05,570 [WARN] ConditionMgr:438 - getConditionDescription Invalid condition id : LAN8742 Phy interface Condition cause : null
2023-11-23 16:06:05,571 [WARN] PackLoader:240 - Cannot read IP mode file for STMicroelectronics.X-CUBE-AZRTOS-L4.2.0.0
2023-11-23 16:06:05,571 [WARN] ConditionMgr:1039 - genDependencies : Invalid condition id : LAN8742 Phy interface Condition cause : null
2023-11-23 16:06:05,571 [WARN] ConditionMgr:1039 - genDependencies : Invalid condition id : LAN8742 Phy interface Condition cause : null
2023-11-23 16:06:05,572 [WARN] ConditionMgr:1039 - genDependencies : Invalid condition id : LAN8742 Phy interface Condition cause : null
2023-11-23 16:06:05,587 [WARN] PackLoader:240 - Cannot read IP mode file for STMicroelectronics.X-CUBE-SFXS2LP1.4.0.0
2023-11-23 16:06:05,608 [WARN] PackLoader:240 - Cannot read IP mode file for STMicroelectronics.X-CUBE-AZRTOS-H7.3.0.0
2023-11-23 16:06:05,620 [WARN] PackLoader:240 - Cannot read IP mode file for STMicroelectronics.X-CUBE-ISPU.1.1.0
2023-11-23 16:06:05,633 [WARN] PackLoader:240 - Cannot read IP mode file for RoweBots.I-CUBE-UNISONRTOS.5.5.0-4
2023-11-23 16:06:05,645 [WARN] PackLoader:240 - Cannot read IP mode file for STMicroelectronics.X-CUBE-AI.8.0.0
2023-11-23 16:06:05,662 [WARN] ConditionMgr:438 - getConditionDescription Invalid condition id : UX DEVICE CLASS RTOS Condition cause : null
2023-11-23 16:06:05,662 [WARN] ConditionMgr:438 - getConditionDescription Invalid condition id : UX DEVICE CLASS RTOS Condition cause : null
2023-11-23 16:06:05,663 [WARN] PackLoader:240 - Cannot read IP mode file for STMicroelectronics.X-CUBE-AZRTOS-WB.2.0.0
2023-11-23 16:06:05,663 [WARN] ConditionMgr:1039 - genDependencies : Invalid condition id : UX DEVICE CLASS RTOS Condition cause : null
2023-11-23 16:06:05,663 [WARN] ConditionMgr:1039 - genDependencies : Invalid condition id : UX DEVICE CLASS RTOS Condition cause : null
2023-11-23 16:06:05,664 [WARN] ConditionMgr:1039 - genDependencies : Invalid condition id : UX DEVICE CLASS RTOS Condition cause : null
2023-11-23 16:06:05,664 [WARN] ConditionMgr:1039 - genDependencies : Invalid condition id : UX DEVICE CLASS RTOS Condition cause : null
2023-11-23 16:06:05,664 [WARN] ConditionMgr:1039 - genDependencies : Invalid condition id : UX DEVICE CLASS RTOS Condition cause : null
2023-11-23 16:06:05,676 [WARN] PackLoader:240 - Cannot read IP mode file for STMicroelectronics.X-CUBE-FREERTOS.1.0.0
2023-11-23 16:06:05,696 [WARN] PackLoader:240 - Cannot read IP mode file for STMicroelectronics.X-CUBE-AZRTOS-L5.1.1.0
2023-11-23 16:06:05,713 [WARN] PackLoader:240 - Cannot read IP mode file for STMicroelectronics.X-CUBE-SUBG2.5.0.0
2023-11-23 16:06:05,733 [WARN] PackLoader:240 - Cannot read IP mode file for STMicroelectronics.X-CUBE-TOF1.3.3.1
2023-11-23 16:06:05,764 [WARN] PackLoader:240 - Cannot read IP mode file for STMicroelectronics.X-CUBE-AZRTOS-G4.2.0.0
2023-11-23 16:06:05,774 [WARN] PackLoader:240 - Cannot read IP mode file for STMicroelectronics.FP-ATR-ASTRA1.1.1.1
2023-11-23 16:06:05,794 [WARN] PackLoader:240 - Cannot read IP mode file for Infineon.AIROC-Wi-Fi-Bluetooth-STM32.1.5.1
2023-11-23 16:06:05,809 [WARN] PackLoader:240 - Cannot read IP mode file for STMicroelectronics.FP-SNS-MOTENVWB1.1.3.0
2023-11-23 16:06:05,827 [WARN] PackLoader:240 - Cannot read IP mode file for STMicroelectronics.X-CUBE-AZRTOS-G4.1.0.0
2023-11-23 16:06:05,853 [WARN] PackLoader:240 - Cannot read IP mode file for STMicroelectronics.X-CUBE-AZRTOS-L4.1.0.0
2023-11-23 16:06:05,885 [WARN] PackLoader:240 - Cannot read IP mode file for STMicroelectronics.X-CUBE-MEMS1.10.0.0
2023-11-23 16:06:06,029 [WARN] PackLoader:240 - Cannot read IP mode file for STMicroelectronics.X-CUBE-FREERTOS.1.1.0
2023-11-23 16:06:06,084 [WARN] PackLoader:240 - Cannot read IP mode file for STMicroelectronics.X-CUBE-AZRTOS-WL.1.0.0
2023-11-23 16:06:06,102 [WARN] PackLoader:240 - Cannot read IP mode file for portGmbH.I-Cube-SoM-uGOAL.1.1.0
2023-11-23 16:06:06,109 [INFO] WebApp:157 - Instantiating new browser for Auth
2023-11-23 16:06:06,114 [WARN] PackLoader:240 - Cannot read IP mode file for STMicroelectronics.X-CUBE-ALS.1.0.1
2023-11-23 16:06:06,140 [WARN] PackLoader:240 - Cannot read IP mode file for STMicroelectronics.X-CUBE-AZRTOS-WB.1.1.0
2023-11-23 16:06:06,170 [WARN] PackLoader:240 - Cannot read IP mode file for STMicroelectronics.FP-ATR-ASTRA1.2.0.0
2023-11-23 16:06:06,170 [INFO] ThirdParty:978 - Integrity check success = true
2023-11-23 16:06:06,170 [INFO] IntegrityCheckThread:100 - exiting critical section [integrity check]
2023-11-23 16:06:06,171 [INFO] IntegrityCheckThread:103 - End integrity checks thread
2023-11-23 16:06:06,552 [INFO] WebApp:753 - Register for checkConnection events
2023-11-23 16:06:06,552 [INFO] WebApp:390 - Apply proxy settings
2023-11-23 16:06:06,552 [INFO] WebApp:475 - Chromium requires no authentication
2023-11-23 16:06:06,558 [INFO] WebApp:418 - Direct internet connection detected
2023-11-23 16:06:06,656 [INFO] WebApp:188 - Starting web application
2023-11-23 16:06:06,656 [INFO] WebApp:520 - Web application path used C:\ST\STM32CubeIDE_1.11.2\STM32CubeIDE\plugins\com.st.stm32cube.common.mx_6.9.2.202309101412\db\plugins\mcufinder\reactClient1\index.html
2023-11-23 16:06:27,527 [ERROR] LogOutputStream:75 - [STDERR_REDIRECT] SLF4J: Failed to load class "org.slf4j.impl.StaticLoggerBinder".
2023-11-23 16:06:27,528 [ERROR] LogOutputStream:75 - [STDERR_REDIRECT] SLF4J: Defaulting to no-operation (NOP) logger implementation
2023-11-23 16:06:27,528 [ERROR] LogOutputStream:75 - [STDERR_REDIRECT] SLF4J: See http://www.slf4j.org/codes.html#StaticLoggerBinder for further details.
2023-11-23 17:20:01,950 [ERROR] LogOutputStream:75 - [STDERR_REDIRECT] 
