2023-11-07 16:48:54,910 [INFO] Activator:176 - 


2023-11-07 16:48:54,910 [INFO] Activator:177 - !SESSION log4j initialized
2023-11-07 16:48:57,684 [INFO] LogOutputStream:77 - [STDOUT_REDIRECT] 
2023-11-07 16:48:59,936 [INFO] ApplicationProperties:184 - Using Application install path: C:\ST\STM32CubeIDE_1.11.2\STM32CubeIDE\plugins\com.st.stm32cube.common.mx_6.9.2.202309101412
2023-11-07 16:48:59,953 [INFO] DbMcusXml:78 - Set database path to: C:\ST\STM32CubeIDE_1.11.2\STM32CubeIDE\plugins\com.st.stm32cube.common.mx_6.9.2.202309101412\\db\/mcu/
2023-11-07 16:48:59,953 [INFO] ApiDb:274 - Set plugin database path to: C:\ST\STM32CubeIDE_1.11.2\STM32CubeIDE\plugins\com.st.stm32cube.common.mx_6.9.2.202309101412\\db\/plugins/boardmanager/
2023-11-07 16:48:59,954 [WARN] ApiDb:259 - Overriding images path with different value:  => C:\ST\STM32CubeIDE_1.11.2\STM32CubeIDE\plugins\com.st.stm32cube.common.mx_6.9.2.202309101412\\db\/plugins/mcufinder/images/
2023-11-07 16:48:59,963 [INFO] ApiDb:250 - Set database path to: C:\Users\andep\.stmcufinder\plugins\mcufinder//mcu/
2023-11-07 16:48:59,964 [INFO] DbMcusAds:125 - Set database path to: C:\Users\andep\.stmcufinder\plugins\mcufinder//mcu/
2023-11-07 16:48:59,965 [INFO] CrossReferenceDbSqlite:203 - Set database path to: C:\Users\andep\.stmcufinder\plugins\mcufinder//mcu/cs/
2023-11-07 16:49:00,070 [INFO] RulesReader:64 - Compatibility file has been processed (293 Rules)
2023-11-07 16:49:00,146 [INFO] DbMcusXml:78 - Set database path to: C:\ST\STM32CubeIDE_1.11.2\STM32CubeIDE\plugins\com.st.stm32cube.common.mx_6.9.2.202309101412\\db\/mcu/
2023-11-07 16:49:00,146 [INFO] ApiDb:274 - Set plugin database path to: C:\ST\STM32CubeIDE_1.11.2\STM32CubeIDE\plugins\com.st.stm32cube.common.mx_6.9.2.202309101412\\db\/plugins/boardmanager/
2023-11-07 16:49:00,146 [INFO] ApiDb:261 - Set plugin images path to: C:\ST\STM32CubeIDE_1.11.2\STM32CubeIDE\plugins\com.st.stm32cube.common.mx_6.9.2.202309101412\\db\/plugins/mcufinder/images/
2023-11-07 16:49:00,146 [WARN] DbFile:41 - Overriding database path with different value: C:\Users\andep\.stmcufinder\plugins\mcufinder/ => C:\Users\andep\.stmcufinder\plugins\mcufinder
2023-11-07 16:49:00,146 [INFO] ApiDb:250 - Set database path to: C:\Users\andep\.stmcufinder\plugins\mcufinder//mcu/
2023-11-07 16:49:00,146 [WARN] DbFile:41 - Overriding database path with different value: C:\Users\andep\.stmcufinder\plugins\mcufinder/ => C:\Users\andep\.stmcufinder\plugins\mcufinder
2023-11-07 16:49:00,147 [INFO] DbMcusAds:125 - Set database path to: C:\Users\andep\.stmcufinder\plugins\mcufinder//mcu/
2023-11-07 16:49:00,147 [WARN] DbFile:41 - Overriding database path with different value: C:\Users\andep\.stmcufinder\plugins\mcufinder/ => C:\Users\andep\.stmcufinder\plugins\mcufinder
2023-11-07 16:49:00,147 [WARN] DbFile:41 - Overriding database path with different value: C:\Users\andep\.stmcufinder\plugins\mcufinder/ => C:\Users\andep\.stmcufinder\plugins\mcufinder
2023-11-07 16:49:00,147 [INFO] CrossReferenceDbSqlite:203 - Set database path to: C:\Users\andep\.stmcufinder\plugins\mcufinder//mcu/cs/
2023-11-07 16:49:00,221 [INFO] MainPanel:262 - HeapMemory: 268435456
2023-11-07 16:49:00,305 [INFO] DbMcusXml:78 - Set database path to: C:\ST\STM32CubeIDE_1.11.2\STM32CubeIDE\plugins\com.st.stm32cube.common.mx_6.9.2.202309101412\\db\/mcu/
2023-11-07 16:49:00,306 [INFO] ApiDb:274 - Set plugin database path to: C:\ST\STM32CubeIDE_1.11.2\STM32CubeIDE\plugins\com.st.stm32cube.common.mx_6.9.2.202309101412\\db\/plugins/boardmanager/
2023-11-07 16:49:00,306 [INFO] ApiDb:261 - Set plugin images path to: C:\ST\STM32CubeIDE_1.11.2\STM32CubeIDE\plugins\com.st.stm32cube.common.mx_6.9.2.202309101412\\db\/plugins/mcufinder/images/
2023-11-07 16:49:00,306 [WARN] DbFile:41 - Overriding database path with different value: C:\Users\andep\.stmcufinder\plugins\mcufinder/ => C:\Users\andep\.stmcufinder\plugins\mcufinder
2023-11-07 16:49:00,306 [INFO] ApiDb:250 - Set database path to: C:\Users\andep\.stmcufinder\plugins\mcufinder//mcu/
2023-11-07 16:49:00,306 [WARN] DbFile:41 - Overriding database path with different value: C:\Users\andep\.stmcufinder\plugins\mcufinder/ => C:\Users\andep\.stmcufinder\plugins\mcufinder
2023-11-07 16:49:00,306 [INFO] DbMcusAds:125 - Set database path to: C:\Users\andep\.stmcufinder\plugins\mcufinder//mcu/
2023-11-07 16:49:00,308 [WARN] DbFile:41 - Overriding database path with different value: C:\Users\andep\.stmcufinder\plugins\mcufinder/ => C:\Users\andep\.stmcufinder\plugins\mcufinder
2023-11-07 16:49:00,308 [WARN] DbFile:41 - Overriding database path with different value: C:\Users\andep\.stmcufinder\plugins\mcufinder/ => C:\Users\andep\.stmcufinder\plugins\mcufinder
2023-11-07 16:49:00,308 [INFO] CrossReferenceDbSqlite:203 - Set database path to: C:\Users\andep\.stmcufinder\plugins\mcufinder//mcu/cs/
2023-11-07 16:49:00,324 [INFO] ApplicationProperties:184 - Using Application install path: C:\ST\STM32CubeIDE_1.11.2\STM32CubeIDE\plugins\com.st.stm32cube.common.mx_6.9.2.202309101412
2023-11-07 16:49:00,325 [INFO] PluginManage:196 - Search for loadable plugins [exclusion list=, ]
2023-11-07 16:49:00,326 [INFO] PluginManage:310 - Check plugin analytics
2023-11-07 16:49:00,480 [INFO] AnalyticsPlugin:253 - Accepted Software Licenses: 
2023-11-07 16:49:00,480 [INFO] AnalyticsPlugin:255 - Accepted CMSIS Pack Licenses: 
2023-11-07 16:49:00,481 [INFO] AnalyticsPlugin:257 - Accepted Firmware Licenses: 
2023-11-07 16:49:00,483 [INFO] PluginManage:359 - Loaded plugin analytics (category:tool,tabindex:-1)
2023-11-07 16:49:00,484 [INFO] PluginManage:310 - Check plugin cadmodel
2023-11-07 16:49:00,501 [INFO] CADModel:105 - Init CAD model plugin
2023-11-07 16:49:00,501 [INFO] PluginManage:359 - Loaded plugin cadmodel (category:power,tabindex:5)
2023-11-07 16:49:00,501 [INFO] PluginManage:310 - Check plugin clock
2023-11-07 16:49:00,523 [INFO] PluginManage:359 - Loaded plugin clock (category:base,tabindex:2)
2023-11-07 16:49:00,523 [INFO] PluginManage:310 - Check plugin ddr
2023-11-07 16:49:00,526 [INFO] PluginManage:359 - Loaded plugin ddr (category:tool,tabindex:6)
2023-11-07 16:49:00,527 [INFO] PluginManage:310 - Check plugin filemanager
2023-11-07 16:49:00,672 [INFO] PluginManage:359 - Loaded plugin filemanager (category:base,tabindex:10)
2023-11-07 16:49:00,672 [INFO] PluginManage:310 - Check plugin ipmanager
2023-11-07 16:49:00,691 [INFO] PluginManage:359 - Loaded plugin ipmanager (category:base,tabindex:5)
2023-11-07 16:49:00,691 [INFO] PluginManage:310 - Check plugin lpbam
2023-11-07 16:49:00,720 [INFO] PluginManage:359 - Loaded plugin lpbam (category:base,tabindex:0)
2023-11-07 16:49:00,720 [INFO] PluginManage:310 - Check plugin memorymap
2023-11-07 16:49:00,752 [INFO] PluginManage:359 - Loaded plugin memorymap (category:base,tabindex:4)
2023-11-07 16:49:00,752 [INFO] PluginManage:310 - Check plugin pinoutandconfiguration
2023-11-07 16:49:00,776 [INFO] PluginManage:359 - Loaded plugin pinoutandconfiguration (category:base,tabindex:1)
2023-11-07 16:49:00,776 [INFO] PluginManage:310 - Check plugin pinoutconfig
2023-11-07 16:49:00,907 [WARN] SupportedApi:132 - Cannot load RTOS API schema: s4s-elt-must-match.1: The content of 'definitions' must match (annotation?, (simpleType | complexType)?, (unique | key | keyref)*)). A problem was found starting at: attribute.
2023-11-07 16:49:01,069 [INFO] PluginManage:359 - Loaded plugin pinoutconfig (category:base,tabindex:0)
2023-11-07 16:49:01,069 [INFO] PluginManage:310 - Check plugin power
2023-11-07 16:49:01,092 [INFO] PluginManage:359 - Loaded plugin power (category:power,tabindex:4)
2023-11-07 16:49:01,092 [INFO] PluginManage:310 - Check plugin projectmanager
2023-11-07 16:49:01,107 [INFO] PluginManage:359 - Loaded plugin projectmanager (category:projectmanager,tabindex:3)
2023-11-07 16:49:01,107 [INFO] PluginManage:310 - Check plugin thirdparty
2023-11-07 16:49:01,404 [INFO] PluginManage:359 - Loaded plugin thirdparty (category:base,tabindex:-1)
2023-11-07 16:49:01,404 [INFO] PluginManage:310 - Check plugin tools
2023-11-07 16:49:01,404 [WARN] IntegrityCheckThread:84 - waiting for thirdparty lock release [integrity check]
2023-11-07 16:49:01,404 [INFO] IntegrityCheckThread:86 - entering critical section [integrity check]
2023-11-07 16:49:01,404 [INFO] ThirdPartyUpdaterWithRetryManager:70 - Updater plugin not ready yet. [1/15]
2023-11-07 16:49:01,440 [INFO] PluginManage:359 - Loaded plugin tools (category:base,tabindex:7)
2023-11-07 16:49:01,440 [INFO] PluginManage:310 - Check plugin tutovideos
2023-11-07 16:49:01,657 [INFO] PluginManage:359 - Loaded plugin tutovideos (category:base,tabindex:-1)
2023-11-07 16:49:01,657 [INFO] PluginManage:310 - Check plugin updater
2023-11-07 16:49:01,670 [INFO] PluginManage:359 - Loaded plugin updater (category:base,tabindex:12)
2023-11-07 16:49:01,670 [INFO] PluginManage:310 - Check plugin userauth
2023-11-07 16:49:01,675 [INFO] UserAuth:113 - Init User Auth plugin
2023-11-07 16:49:01,675 [INFO] PluginManage:359 - Loaded plugin userauth (category:base,tabindex:14)
2023-11-07 16:49:01,676 [INFO] PluginManage:283 - PluginManage : Loaded plugins [17]
2023-11-07 16:49:01,901 [INFO] PinOutPanel:1499 - setPackage(No Configuration,No Configuration)
2023-11-07 16:49:02,000 [INFO] CADModel:165 - CPN selected for project level
2023-11-07 16:49:02,000 [INFO] CADModel:114 - Register for checkConnection events
2023-11-07 16:49:02,027 [INFO] IPUIPlugin:80 - create IPUIPlugin
2023-11-07 16:49:02,027 [INFO] PluginManager:220 - loadIPPluginJar : add adc
2023-11-07 16:49:02,100 [INFO] IPUIPlugin:80 - create IPUIPlugin
2023-11-07 16:49:02,101 [INFO] PluginManager:220 - loadIPPluginJar : add aes
2023-11-07 16:49:02,191 [INFO] IPUIPlugin:80 - create IPUIPlugin
2023-11-07 16:49:02,191 [INFO] PluginManager:220 - loadIPPluginJar : add can
2023-11-07 16:49:02,234 [INFO] IPUIPlugin:80 - create IPUIPlugin
2023-11-07 16:49:02,234 [INFO] PluginManager:220 - loadIPPluginJar : add comp
2023-11-07 16:49:02,299 [INFO] IPUIPlugin:80 - create IPUIPlugin
2023-11-07 16:49:02,299 [INFO] PluginManager:220 - loadIPPluginJar : add cryp
2023-11-07 16:49:02,359 [INFO] IPUIPlugin:80 - create IPUIPlugin
2023-11-07 16:49:02,359 [INFO] PluginManager:220 - loadIPPluginJar : add dfsdm
2023-11-07 16:49:02,384 [INFO] IPUIPlugin:80 - create IPUIPlugin
2023-11-07 16:49:02,384 [INFO] PluginManager:220 - loadIPPluginJar : add dma
2023-11-07 16:49:02,464 [INFO] IPUIPlugin:80 - create IPUIPlugin
2023-11-07 16:49:02,464 [INFO] PluginManager:220 - loadIPPluginJar : add dma3
2023-11-07 16:49:02,497 [INFO] IPUIPlugin:80 - create IPUIPlugin
2023-11-07 16:49:02,497 [INFO] PluginManager:220 - loadIPPluginJar : add fatfs
2023-11-07 16:49:02,552 [INFO] IPUIPlugin:80 - create IPUIPlugin
2023-11-07 16:49:02,552 [INFO] PluginManager:220 - loadIPPluginJar : add fmc
2023-11-07 16:49:02,573 [INFO] IPUIPlugin:80 - create IPUIPlugin
2023-11-07 16:49:02,573 [INFO] PluginManager:220 - loadIPPluginJar : add freertos
2023-11-07 16:49:02,602 [INFO] IPUIPlugin:80 - create IPUIPlugin
2023-11-07 16:49:02,603 [INFO] PluginManager:220 - loadIPPluginJar : add genericplugin
2023-11-07 16:49:02,764 [INFO] IPUIPlugin:80 - create IPUIPlugin
2023-11-07 16:49:02,764 [INFO] PluginManager:220 - loadIPPluginJar : add gfxmmu
2023-11-07 16:49:02,961 [INFO] IPUIPlugin:80 - create IPUIPlugin
2023-11-07 16:49:02,961 [INFO] PluginManager:220 - loadIPPluginJar : add gic
2023-11-07 16:49:02,976 [INFO] IPUIPlugin:80 - create IPUIPlugin
2023-11-07 16:49:02,976 [INFO] PluginManager:220 - loadIPPluginJar : add gpio
2023-11-07 16:49:03,103 [INFO] IPUIPlugin:80 - create IPUIPlugin
2023-11-07 16:49:03,103 [INFO] PluginManager:220 - loadIPPluginJar : add gtzc
2023-11-07 16:49:03,148 [INFO] IPUIPlugin:80 - create IPUIPlugin
2023-11-07 16:49:03,148 [INFO] PluginManager:220 - loadIPPluginJar : add hash
2023-11-07 16:49:03,205 [INFO] IPUIPlugin:80 - create IPUIPlugin
2023-11-07 16:49:03,205 [INFO] PluginManager:220 - loadIPPluginJar : add i2c
2023-11-07 16:49:03,270 [INFO] IPUIPlugin:80 - create IPUIPlugin
2023-11-07 16:49:03,270 [INFO] PluginManager:220 - loadIPPluginJar : add i2s
2023-11-07 16:49:03,328 [INFO] IPUIPlugin:80 - create IPUIPlugin
2023-11-07 16:49:03,328 [INFO] PluginManager:220 - loadIPPluginJar : add i3c
2023-11-07 16:49:03,432 [INFO] IPUIPlugin:80 - create IPUIPlugin
2023-11-07 16:49:03,432 [INFO] PluginManager:220 - loadIPPluginJar : add ipddr
2023-11-07 16:49:03,559 [INFO] IPUIPlugin:80 - create IPUIPlugin
2023-11-07 16:49:03,559 [INFO] PluginManager:220 - loadIPPluginJar : add linkedlist
2023-11-07 16:49:03,608 [INFO] IPUIPlugin:80 - create IPUIPlugin
2023-11-07 16:49:03,608 [INFO] PluginManager:220 - loadIPPluginJar : add lorawan
2023-11-07 16:49:03,658 [INFO] IPUIPlugin:80 - create IPUIPlugin
2023-11-07 16:49:03,658 [INFO] PluginManager:220 - loadIPPluginJar : add ltdc
2023-11-07 16:49:03,673 [INFO] IPUIPlugin:80 - create IPUIPlugin
2023-11-07 16:49:03,673 [INFO] PluginManager:220 - loadIPPluginJar : add mdma
2023-11-07 16:49:03,686 [INFO] IPUIPlugin:80 - create IPUIPlugin
2023-11-07 16:49:03,686 [INFO] PluginManager:220 - loadIPPluginJar : add nvic
2023-11-07 16:49:03,726 [INFO] IPUIPlugin:80 - create IPUIPlugin
2023-11-07 16:49:03,726 [INFO] PluginManager:220 - loadIPPluginJar : add opamp
2023-11-07 16:49:03,794 [INFO] IPUIPlugin:80 - create IPUIPlugin
2023-11-07 16:49:03,794 [INFO] PluginManager:220 - loadIPPluginJar : add openamp
2023-11-07 16:49:03,859 [INFO] IPUIPlugin:80 - create IPUIPlugin
2023-11-07 16:49:03,859 [INFO] PluginManager:220 - loadIPPluginJar : add pdm2pcm
2023-11-07 16:49:03,873 [INFO] IPUIPlugin:80 - create IPUIPlugin
2023-11-07 16:49:03,875 [INFO] PluginManager:220 - loadIPPluginJar : add plateformsettings
2023-11-07 16:49:03,901 [INFO] IPUIPlugin:80 - create IPUIPlugin
2023-11-07 16:49:03,901 [INFO] PluginManager:220 - loadIPPluginJar : add quadspi
2023-11-07 16:49:03,911 [INFO] IPUIPlugin:80 - create IPUIPlugin
2023-11-07 16:49:03,911 [INFO] PluginManager:220 - loadIPPluginJar : add resmgrutility
2023-11-07 16:49:03,966 [INFO] IPUIPlugin:80 - create IPUIPlugin
2023-11-07 16:49:03,966 [INFO] PluginManager:220 - loadIPPluginJar : add sai
2023-11-07 16:49:04,027 [INFO] IPUIPlugin:80 - create IPUIPlugin
2023-11-07 16:49:04,027 [INFO] PluginManager:220 - loadIPPluginJar : add spi
2023-11-07 16:49:04,106 [INFO] IPUIPlugin:80 - create IPUIPlugin
2023-11-07 16:49:04,106 [INFO] PluginManager:220 - loadIPPluginJar : add stm32_wpan
2023-11-07 16:49:04,131 [INFO] IPUIPlugin:80 - create IPUIPlugin
2023-11-07 16:49:04,131 [INFO] PluginManager:220 - loadIPPluginJar : add tim
2023-11-07 16:49:04,205 [INFO] IPUIPlugin:80 - create IPUIPlugin
2023-11-07 16:49:04,205 [INFO] PluginManager:220 - loadIPPluginJar : add touchsensing
2023-11-07 16:49:04,244 [INFO] IPUIPlugin:80 - create IPUIPlugin
2023-11-07 16:49:04,245 [INFO] PluginManager:220 - loadIPPluginJar : add tracer_emb
2023-11-07 16:49:04,278 [INFO] IPUIPlugin:80 - create IPUIPlugin
2023-11-07 16:49:04,278 [INFO] PluginManager:220 - loadIPPluginJar : add ts
2023-11-07 16:49:04,301 [INFO] IPUIPlugin:80 - create IPUIPlugin
2023-11-07 16:49:04,301 [INFO] PluginManager:220 - loadIPPluginJar : add tsc
2023-11-07 16:49:04,322 [INFO] IPUIPlugin:80 - create IPUIPlugin
2023-11-07 16:49:04,322 [INFO] PluginManager:220 - loadIPPluginJar : add ucpd
2023-11-07 16:49:04,392 [INFO] IPUIPlugin:80 - create IPUIPlugin
2023-11-07 16:49:04,392 [INFO] PluginManager:220 - loadIPPluginJar : add usart
2023-11-07 16:49:04,407 [INFO] ThirdPartyUpdaterWithRetryManager:70 - Updater plugin not ready yet. [2/15]
2023-11-07 16:49:04,434 [INFO] IPUIPlugin:80 - create IPUIPlugin
2023-11-07 16:49:04,434 [INFO] PluginManager:220 - loadIPPluginJar : add usbx
2023-11-07 16:49:04,551 [INFO] CADModel:165 - CPN selected for project level
2023-11-07 16:49:04,551 [INFO] CADModel:114 - Register for checkConnection events
2023-11-07 16:49:04,551 [FATAL] Updater:308 - Updater called before beeing initialized
2023-11-07 16:49:04,551 [ERROR] CADModel:125 - Updater not yet initialized, retry later 
2023-11-07 16:49:04,678 [INFO] CADModel:165 - CPN selected for project level
2023-11-07 16:49:04,679 [INFO] CADModel:114 - Register for checkConnection events
2023-11-07 16:49:04,679 [FATAL] Updater:308 - Updater called before beeing initialized
2023-11-07 16:49:04,679 [ERROR] CADModel:125 - Updater not yet initialized, retry later 
2023-11-07 16:49:04,683 [FATAL] Updater:308 - Updater called before beeing initialized
2023-11-07 16:49:04,770 [FATAL] Updater:308 - Updater called before beeing initialized
2023-11-07 16:49:04,779 [INFO] DbMcusAds:53 - JSON generation date=Tue Mar 07 09:50:55 CET 2023 (1678179055335)
2023-11-07 16:49:04,779 [FATAL] Updater:308 - Updater called before beeing initialized
2023-11-07 16:49:04,852 [WARN] DetailPanel:346 - Failed to get advertising image, set to default
2023-11-07 16:49:04,926 [FATAL] Updater:308 - Updater called before beeing initialized
2023-11-07 16:49:04,928 [FATAL] Updater:308 - Updater called before beeing initialized
2023-11-07 16:49:04,928 [FATAL] Updater:308 - Updater called before beeing initialized
2023-11-07 16:49:04,928 [WARN] DetailPanel:346 - Failed to get advertising image, set to default
2023-11-07 16:49:04,929 [FATAL] Updater:308 - Updater called before beeing initialized
2023-11-07 16:49:04,977 [ERROR] Updater:1120 - MainUpdater not yet initialized. External WinMGr cannot be set.
2023-11-07 16:49:04,985 [INFO] Updater:1056 - Updater Version found : 6.9.2
2023-11-07 16:49:05,002 [INFO] ApplicationProperties:184 - Using Application install path: C:\ST\STM32CubeIDE_1.11.2\STM32CubeIDE\plugins\com.st.stm32cube.common.mx_6.9.2.202309101412
2023-11-07 16:49:05,175 [INFO] MainUpdater:2868 - connection check result : 10
2023-11-07 16:49:05,176 [INFO] MainUpdater:3562 - Updater definition file requires update
2023-11-07 16:49:05,178 [INFO] MainUpdater:285 - Updater Check For Update Now.
2023-11-07 16:49:05,178 [INFO] MicroXplorer:498 - Change Database Version : DB.6.0.92
2023-11-07 16:49:05,194 [INFO] McuFinderGlobals:63 - Set McuFinder mode to 2 (CubeIDE integrated)
2023-11-07 16:49:05,195 [INFO] UserAuth:179 - activating auth plugin
2023-11-07 16:49:05,198 [INFO] UserAuth:393 - Internet connection configuration mode: 1
2023-11-07 16:49:05,217 [INFO] ServerAccessManage:473 - Download File updaters.zip
2023-11-07 16:49:05,227 [INFO] JxBrowserEngine:151 - Initiate JxBrowser Engine with user profile folder
2023-11-07 16:49:05,310 [INFO] FileExtend:240 - Unzip File : updaters.zip
2023-11-07 16:49:05,310 [INFO] FileExtend:255 - Standard Zip Deflate
2023-11-07 16:49:05,727 [INFO] ServerAccessManage:473 - Download File PacksControlFlags.xml
2023-11-07 16:49:05,846 [INFO] ServerAccessManage:473 - Download File cubemx.pidx
2023-11-07 16:49:06,037 [INFO] LoadServerUpdatesThread:373 - End of LoadServerUpdate Thread
2023-11-07 16:49:06,284 [INFO] CheckServerUpdateThread:120 - End of CheckServer Thread
2023-11-07 16:49:07,826 [WARN] PackLoader:240 - Cannot read IP mode file for STMicroelectronics.X-CUBE-SMBUS.2.1.0
2023-11-07 16:49:07,911 [WARN] PackLoader:240 - Cannot read IP mode file for STMicroelectronics.X-CUBE-AZRTOS-F7.1.1.0
2023-11-07 16:49:07,945 [WARN] PackLoader:240 - Cannot read IP mode file for STMicroelectronics.FP-SNS-MOTENV1.4.3.2
2023-11-07 16:49:07,974 [WARN] PackLoader:240 - Cannot read IP mode file for STMicroelectronics.X-CUBE-BLE1.6.2.4
2023-11-07 16:49:07,995 [WARN] PackLoader:240 - Cannot read IP mode file for STMicroelectronics.FP-SNS-FLIGHT1.5.0.2
2023-11-07 16:49:08,016 [WARN] PackLoader:240 - Cannot read IP mode file for STMicroelectronics.X-CUBE-DISPLAY.3.0.0
2023-11-07 16:49:08,041 [WARN] PackLoader:240 - Cannot read IP mode file for STMicroelectronics.X-CUBE-BLE1.7.0.0
2023-11-07 16:49:08,060 [WARN] PackLoader:240 - Cannot read IP mode file for STMicroelectronics.X-CUBE-TOUCHGFX.4.22.1
2023-11-07 16:49:08,082 [WARN] PackLoader:240 - Cannot read IP mode file for STMicroelectronics.FP-SNS-SMARTAG2.1.2.0
2023-11-07 16:49:08,114 [INFO] LogOutputStream:77 - [STDOUT_REDIRECT] 1 : Invalid condition id : UX_CORESTACK_Condition cause : null
2023-11-07 16:49:08,115 [INFO] LogOutputStream:77 - [STDOUT_REDIRECT] 1 : Invalid condition id : UX_CORESTACK_Condition cause : null
2023-11-07 16:49:08,116 [INFO] LogOutputStream:77 - [STDOUT_REDIRECT] 1 : Invalid condition id : UX_CORESTACK_Condition cause : null
2023-11-07 16:49:08,119 [INFO] LogOutputStream:77 - [STDOUT_REDIRECT] 1 : Invalid condition id : UX_CORESTACK_Condition cause : null
2023-11-07 16:49:08,121 [INFO] LogOutputStream:77 - [STDOUT_REDIRECT] 1 : Invalid condition id : UX_CORESTACK_Condition cause : null
2023-11-07 16:49:08,131 [WARN] PackLoader:240 - Cannot read IP mode file for STMicroelectronics.X-CUBE-AZRTOS-WL.2.0.0
2023-11-07 16:49:08,161 [WARN] PackLoader:240 - Cannot read IP mode file for WES.I-CUBE-Cesium.1.3.0
2023-11-07 16:49:08,179 [WARN] PackLoader:240 - Cannot read IP mode file for STMicroelectronics.X-CUBE-BLE2.3.3.0
2023-11-07 16:49:08,209 [WARN] PackLoader:240 - Cannot read IP mode file for STMicroelectronics.X-CUBE-TOF1.3.2.0
2023-11-07 16:49:08,231 [WARN] PackLoader:240 - Cannot read IP mode file for STMicroelectronics.X-CUBE-TOUCHGFX.4.21.1
2023-11-07 16:49:08,251 [WARN] PackLoader:240 - Cannot read IP mode file for STMicroelectronics.X-CUBE-AI.7.3.0
2023-11-07 16:49:08,276 [WARN] PackLoader:240 - Cannot read IP mode file for STMicroelectronics.X-CUBE-ALGOBUILD.1.3.0
2023-11-07 16:49:08,314 [WARN] PackLoader:240 - Cannot read IP mode file for STMicroelectronics.X-CUBE-AZRTOS-G0.1.1.0
2023-11-07 16:49:08,345 [WARN] PackLoader:240 - Cannot read IP mode file for STMicroelectronics.X-CUBE-NFC4.3.0.0
2023-11-07 16:49:08,385 [WARN] PackLoader:240 - Cannot read IP mode file for STMicroelectronics.X-CUBE-BLEMGR.3.0.0
2023-11-07 16:49:08,411 [WARN] PackLoader:240 - Cannot read IP mode file for STMicroelectronics.X-CUBE-BLEMGR.1.3.0
2023-11-07 16:49:08,433 [WARN] PackLoader:240 - Cannot read IP mode file for STMicroelectronics.FP-ATR-SIGFOX1.3.2.0
2023-11-07 16:49:08,529 [WARN] PackLoader:240 - Cannot read IP mode file for STMicroelectronics.X-CUBE-MEMS1.9.5.0
2023-11-07 16:49:09,053 [WARN] PackLoader:240 - Cannot read IP mode file for SEGGER.I-CUBE-embOS.1.3.1
2023-11-07 16:49:09,174 [INFO] WebApp:157 - Instantiating new browser for Auth
2023-11-07 16:49:09,189 [WARN] PackLoader:240 - Cannot read IP mode file for STMicroelectronics.X-CUBE-GNSS1.6.0.0
2023-11-07 16:49:09,268 [WARN] PackLoader:240 - Cannot read IP mode file for STMicroelectronics.X-CUBE-AZRTOS-F4.1.1.0
2023-11-07 16:49:09,344 [WARN] PackLoader:240 - Cannot read IP mode file for STMicroelectronics.X-CUBE-AZRTOS-L5.2.0.0
2023-11-07 16:49:09,463 [WARN] PackLoader:240 - Cannot read IP mode file for STMicroelectronics.X-CUBE-MEMS1.9.6.0
2023-11-07 16:49:09,823 [WARN] PackLoader:240 - Cannot read IP mode file for STMicroelectronics.X-CUBE-EEPRMA1.4.2.0
2023-11-07 16:49:09,847 [WARN] PackLoader:240 - Cannot read IP mode file for ITTIA_DB.I-CUBE-ITTIADB.8.8.0
2023-11-07 16:49:09,874 [WARN] PackLoader:240 - Cannot read IP mode file for emotas.I-CUBE-CANOPEN.1.1.3
2023-11-07 16:49:09,899 [WARN] PackLoader:240 - Cannot read IP mode file for STMicroelectronics.X-CUBE-BLEMGR.2.0.0
2023-11-07 16:49:09,970 [WARN] ConditionMgr:438 - getConditionDescription Invalid condition id : UX DEVICE CLASS RTOS Condition cause : null
2023-11-07 16:49:09,970 [WARN] ConditionMgr:438 - getConditionDescription Invalid condition id : UX DEVICE CLASS RTOS Condition cause : null
2023-11-07 16:49:09,977 [WARN] PackLoader:240 - Cannot read IP mode file for STMicroelectronics.X-CUBE-AZRTOS-H7.3.1.0
2023-11-07 16:49:09,979 [WARN] ConditionMgr:1039 - genDependencies : Invalid condition id : UX DEVICE CLASS RTOS Condition cause : null
2023-11-07 16:49:09,979 [WARN] ConditionMgr:1039 - genDependencies : Invalid condition id : UX DEVICE CLASS RTOS Condition cause : null
2023-11-07 16:49:09,980 [WARN] ConditionMgr:1039 - genDependencies : Invalid condition id : UX DEVICE CLASS RTOS Condition cause : null
2023-11-07 16:49:09,981 [WARN] ConditionMgr:1039 - genDependencies : Invalid condition id : UX DEVICE CLASS RTOS Condition cause : null
2023-11-07 16:49:09,981 [WARN] ConditionMgr:1039 - genDependencies : Invalid condition id : UX DEVICE CLASS RTOS Condition cause : null
2023-11-07 16:49:10,002 [WARN] PackLoader:240 - Cannot read IP mode file for wolfSSL.I-CUBE-wolfSSL.5.5.4
2023-11-07 16:49:10,032 [WARN] PackLoader:240 - Cannot read IP mode file for STMicroelectronics.X-CUBE-NFC7.1.0.1
2023-11-07 16:49:10,049 [WARN] PackLoader:240 - Cannot read IP mode file for STMicroelectronics.X-CUBE-NFC7.1.0.0
2023-11-07 16:49:10,070 [WARN] PackLoader:240 - Cannot read IP mode file for STMicroelectronics.X-CUBE-NFC6.3.0.0
2023-11-07 16:49:10,101 [WARN] PackLoader:240 - Cannot read IP mode file for STMicroelectronics.X-CUBE-EEPRMA1.4.1.0
2023-11-07 16:49:10,129 [WARN] PackLoader:240 - Cannot read IP mode file for STMicroelectronics.X-CUBE-AI.8.1.0
2023-11-07 16:49:10,196 [WARN] ConditionMgr:438 - getConditionDescription Invalid condition id : LAN8742 Phy interface Condition cause : null
2023-11-07 16:49:10,198 [WARN] PackLoader:240 - Cannot read IP mode file for STMicroelectronics.X-CUBE-AZRTOS-L4.2.0.0
2023-11-07 16:49:10,201 [WARN] ConditionMgr:1039 - genDependencies : Invalid condition id : LAN8742 Phy interface Condition cause : null
2023-11-07 16:49:10,201 [WARN] ConditionMgr:1039 - genDependencies : Invalid condition id : LAN8742 Phy interface Condition cause : null
2023-11-07 16:49:10,203 [WARN] ConditionMgr:1039 - genDependencies : Invalid condition id : LAN8742 Phy interface Condition cause : null
2023-11-07 16:49:10,235 [WARN] PackLoader:240 - Cannot read IP mode file for STMicroelectronics.X-CUBE-SFXS2LP1.4.0.0
2023-11-07 16:49:10,320 [WARN] PackLoader:240 - Cannot read IP mode file for STMicroelectronics.X-CUBE-AZRTOS-H7.3.0.0
2023-11-07 16:49:10,358 [WARN] PackLoader:240 - Cannot read IP mode file for STMicroelectronics.X-CUBE-ISPU.1.1.0
2023-11-07 16:49:10,370 [INFO] WebApp:753 - Register for checkConnection events
2023-11-07 16:49:10,371 [INFO] WebApp:390 - Apply proxy settings
2023-11-07 16:49:10,371 [INFO] WebApp:475 - Chromium requires no authentication
2023-11-07 16:49:10,380 [WARN] PackLoader:240 - Cannot read IP mode file for RoweBots.I-CUBE-UNISONRTOS.5.5.0-4
2023-11-07 16:49:10,395 [WARN] PackLoader:240 - Cannot read IP mode file for STMicroelectronics.X-CUBE-AI.8.0.0
2023-11-07 16:49:10,396 [INFO] WebApp:418 - Direct internet connection detected
2023-11-07 16:49:10,442 [WARN] ConditionMgr:438 - getConditionDescription Invalid condition id : UX DEVICE CLASS RTOS Condition cause : null
2023-11-07 16:49:10,442 [WARN] ConditionMgr:438 - getConditionDescription Invalid condition id : UX DEVICE CLASS RTOS Condition cause : null
2023-11-07 16:49:10,445 [WARN] PackLoader:240 - Cannot read IP mode file for STMicroelectronics.X-CUBE-AZRTOS-WB.2.0.0
2023-11-07 16:49:10,446 [WARN] ConditionMgr:1039 - genDependencies : Invalid condition id : UX DEVICE CLASS RTOS Condition cause : null
2023-11-07 16:49:10,446 [WARN] ConditionMgr:1039 - genDependencies : Invalid condition id : UX DEVICE CLASS RTOS Condition cause : null
2023-11-07 16:49:10,447 [WARN] ConditionMgr:1039 - genDependencies : Invalid condition id : UX DEVICE CLASS RTOS Condition cause : null
2023-11-07 16:49:10,447 [WARN] ConditionMgr:1039 - genDependencies : Invalid condition id : UX DEVICE CLASS RTOS Condition cause : null
2023-11-07 16:49:10,447 [WARN] ConditionMgr:1039 - genDependencies : Invalid condition id : UX DEVICE CLASS RTOS Condition cause : null
2023-11-07 16:49:10,462 [WARN] PackLoader:240 - Cannot read IP mode file for STMicroelectronics.X-CUBE-FREERTOS.1.0.0
2023-11-07 16:49:10,521 [WARN] PackLoader:240 - Cannot read IP mode file for STMicroelectronics.X-CUBE-AZRTOS-L5.1.1.0
2023-11-07 16:49:10,563 [WARN] PackLoader:240 - Cannot read IP mode file for STMicroelectronics.X-CUBE-SUBG2.5.0.0
2023-11-07 16:49:10,612 [WARN] PackLoader:240 - Cannot read IP mode file for STMicroelectronics.X-CUBE-TOF1.3.3.1
2023-11-07 16:49:10,696 [WARN] PackLoader:240 - Cannot read IP mode file for STMicroelectronics.X-CUBE-AZRTOS-G4.2.0.0
2023-11-07 16:49:10,719 [WARN] PackLoader:240 - Cannot read IP mode file for STMicroelectronics.FP-ATR-ASTRA1.1.1.1
2023-11-07 16:49:10,764 [WARN] PackLoader:240 - Cannot read IP mode file for Infineon.AIROC-Wi-Fi-Bluetooth-STM32.1.5.1
2023-11-07 16:49:10,820 [WARN] PackLoader:240 - Cannot read IP mode file for STMicroelectronics.X-CUBE-AZRTOS-G4.1.0.0
2023-11-07 16:49:10,863 [INFO] WebApp:188 - Starting web application
2023-11-07 16:49:10,863 [INFO] WebApp:520 - Web application path used C:\ST\STM32CubeIDE_1.11.2\STM32CubeIDE\plugins\com.st.stm32cube.common.mx_6.9.2.202309101412\db\plugins\mcufinder\reactClient1\index.html
2023-11-07 16:49:10,888 [WARN] PackLoader:240 - Cannot read IP mode file for STMicroelectronics.X-CUBE-AZRTOS-L4.1.0.0
2023-11-07 16:49:10,981 [WARN] PackLoader:240 - Cannot read IP mode file for STMicroelectronics.X-CUBE-MEMS1.10.0.0
2023-11-07 16:49:11,220 [WARN] PackLoader:240 - Cannot read IP mode file for STMicroelectronics.X-CUBE-FREERTOS.1.1.0
2023-11-07 16:49:11,257 [WARN] PackLoader:240 - Cannot read IP mode file for STMicroelectronics.X-CUBE-AZRTOS-WL.1.0.0
2023-11-07 16:49:11,282 [WARN] PackLoader:240 - Cannot read IP mode file for portGmbH.I-Cube-SoM-uGOAL.1.1.0
2023-11-07 16:49:11,301 [WARN] PackLoader:240 - Cannot read IP mode file for STMicroelectronics.X-CUBE-ALS.1.0.1
2023-11-07 16:49:11,347 [WARN] PackLoader:240 - Cannot read IP mode file for STMicroelectronics.X-CUBE-AZRTOS-WB.1.1.0
2023-11-07 16:49:11,371 [WARN] PackLoader:240 - Cannot read IP mode file for STMicroelectronics.FP-ATR-ASTRA1.2.0.0
2023-11-07 16:49:11,373 [INFO] ThirdParty:978 - Integrity check success = true
2023-11-07 16:49:11,373 [INFO] IntegrityCheckThread:100 - exiting critical section [integrity check]
2023-11-07 16:49:11,373 [INFO] IntegrityCheckThread:103 - End integrity checks thread
2023-11-07 16:49:32,114 [ERROR] LogOutputStream:75 - [STDERR_REDIRECT] SLF4J: Failed to load class "org.slf4j.impl.StaticLoggerBinder".
2023-11-07 16:49:32,115 [ERROR] LogOutputStream:75 - [STDERR_REDIRECT] SLF4J: Defaulting to no-operation (NOP) logger implementation
2023-11-07 16:49:32,117 [ERROR] LogOutputStream:75 - [STDERR_REDIRECT] SLF4J: See http://www.slf4j.org/codes.html#StaticLoggerBinder for further details.
2023-11-07 17:00:07,477 [ERROR] LogOutputStream:75 - [STDERR_REDIRECT] 
2023-11-07 18:08:37,496 [INFO] Activator:176 - 


2023-11-07 18:08:37,496 [INFO] Activator:177 - !SESSION log4j initialized
2023-11-07 18:08:40,299 [INFO] LogOutputStream:77 - [STDOUT_REDIRECT] 
2023-11-07 18:08:42,236 [INFO] ApplicationProperties:184 - Using Application install path: C:\ST\STM32CubeIDE_1.11.2\STM32CubeIDE\plugins\com.st.stm32cube.common.mx_6.9.2.202309101412
2023-11-07 18:08:42,250 [INFO] DbMcusXml:78 - Set database path to: C:\ST\STM32CubeIDE_1.11.2\STM32CubeIDE\plugins\com.st.stm32cube.common.mx_6.9.2.202309101412\\db\/mcu/
2023-11-07 18:08:42,251 [INFO] ApiDb:274 - Set plugin database path to: C:\ST\STM32CubeIDE_1.11.2\STM32CubeIDE\plugins\com.st.stm32cube.common.mx_6.9.2.202309101412\\db\/plugins/boardmanager/
2023-11-07 18:08:42,251 [WARN] ApiDb:259 - Overriding images path with different value:  => C:\ST\STM32CubeIDE_1.11.2\STM32CubeIDE\plugins\com.st.stm32cube.common.mx_6.9.2.202309101412\\db\/plugins/mcufinder/images/
2023-11-07 18:08:42,257 [INFO] ApiDb:250 - Set database path to: C:\Users\andep\.stmcufinder\plugins\mcufinder//mcu/
2023-11-07 18:08:42,258 [INFO] DbMcusAds:125 - Set database path to: C:\Users\andep\.stmcufinder\plugins\mcufinder//mcu/
2023-11-07 18:08:42,260 [INFO] CrossReferenceDbSqlite:203 - Set database path to: C:\Users\andep\.stmcufinder\plugins\mcufinder//mcu/cs/
2023-11-07 18:08:42,355 [INFO] RulesReader:64 - Compatibility file has been processed (293 Rules)
2023-11-07 18:08:42,451 [INFO] DbMcusXml:78 - Set database path to: C:\ST\STM32CubeIDE_1.11.2\STM32CubeIDE\plugins\com.st.stm32cube.common.mx_6.9.2.202309101412\\db\/mcu/
2023-11-07 18:08:42,451 [INFO] ApiDb:274 - Set plugin database path to: C:\ST\STM32CubeIDE_1.11.2\STM32CubeIDE\plugins\com.st.stm32cube.common.mx_6.9.2.202309101412\\db\/plugins/boardmanager/
2023-11-07 18:08:42,452 [INFO] ApiDb:261 - Set plugin images path to: C:\ST\STM32CubeIDE_1.11.2\STM32CubeIDE\plugins\com.st.stm32cube.common.mx_6.9.2.202309101412\\db\/plugins/mcufinder/images/
2023-11-07 18:08:42,452 [WARN] DbFile:41 - Overriding database path with different value: C:\Users\andep\.stmcufinder\plugins\mcufinder/ => C:\Users\andep\.stmcufinder\plugins\mcufinder
2023-11-07 18:08:42,452 [INFO] ApiDb:250 - Set database path to: C:\Users\andep\.stmcufinder\plugins\mcufinder//mcu/
2023-11-07 18:08:42,452 [WARN] DbFile:41 - Overriding database path with different value: C:\Users\andep\.stmcufinder\plugins\mcufinder/ => C:\Users\andep\.stmcufinder\plugins\mcufinder
2023-11-07 18:08:42,452 [INFO] DbMcusAds:125 - Set database path to: C:\Users\andep\.stmcufinder\plugins\mcufinder//mcu/
2023-11-07 18:08:42,453 [WARN] DbFile:41 - Overriding database path with different value: C:\Users\andep\.stmcufinder\plugins\mcufinder/ => C:\Users\andep\.stmcufinder\plugins\mcufinder
2023-11-07 18:08:42,453 [WARN] DbFile:41 - Overriding database path with different value: C:\Users\andep\.stmcufinder\plugins\mcufinder/ => C:\Users\andep\.stmcufinder\plugins\mcufinder
2023-11-07 18:08:42,453 [INFO] CrossReferenceDbSqlite:203 - Set database path to: C:\Users\andep\.stmcufinder\plugins\mcufinder//mcu/cs/
2023-11-07 18:08:42,507 [INFO] MainPanel:262 - HeapMemory: 268435456
2023-11-07 18:08:42,550 [INFO] DbMcusXml:78 - Set database path to: C:\ST\STM32CubeIDE_1.11.2\STM32CubeIDE\plugins\com.st.stm32cube.common.mx_6.9.2.202309101412\\db\/mcu/
2023-11-07 18:08:42,550 [INFO] ApiDb:274 - Set plugin database path to: C:\ST\STM32CubeIDE_1.11.2\STM32CubeIDE\plugins\com.st.stm32cube.common.mx_6.9.2.202309101412\\db\/plugins/boardmanager/
2023-11-07 18:08:42,550 [INFO] ApiDb:261 - Set plugin images path to: C:\ST\STM32CubeIDE_1.11.2\STM32CubeIDE\plugins\com.st.stm32cube.common.mx_6.9.2.202309101412\\db\/plugins/mcufinder/images/
2023-11-07 18:08:42,551 [WARN] DbFile:41 - Overriding database path with different value: C:\Users\andep\.stmcufinder\plugins\mcufinder/ => C:\Users\andep\.stmcufinder\plugins\mcufinder
2023-11-07 18:08:42,551 [INFO] ApiDb:250 - Set database path to: C:\Users\andep\.stmcufinder\plugins\mcufinder//mcu/
2023-11-07 18:08:42,551 [WARN] DbFile:41 - Overriding database path with different value: C:\Users\andep\.stmcufinder\plugins\mcufinder/ => C:\Users\andep\.stmcufinder\plugins\mcufinder
2023-11-07 18:08:42,551 [INFO] DbMcusAds:125 - Set database path to: C:\Users\andep\.stmcufinder\plugins\mcufinder//mcu/
2023-11-07 18:08:42,551 [WARN] DbFile:41 - Overriding database path with different value: C:\Users\andep\.stmcufinder\plugins\mcufinder/ => C:\Users\andep\.stmcufinder\plugins\mcufinder
2023-11-07 18:08:42,551 [WARN] DbFile:41 - Overriding database path with different value: C:\Users\andep\.stmcufinder\plugins\mcufinder/ => C:\Users\andep\.stmcufinder\plugins\mcufinder
2023-11-07 18:08:42,551 [INFO] CrossReferenceDbSqlite:203 - Set database path to: C:\Users\andep\.stmcufinder\plugins\mcufinder//mcu/cs/
2023-11-07 18:08:42,564 [INFO] ApplicationProperties:184 - Using Application install path: C:\ST\STM32CubeIDE_1.11.2\STM32CubeIDE\plugins\com.st.stm32cube.common.mx_6.9.2.202309101412
2023-11-07 18:08:42,565 [INFO] PluginManage:196 - Search for loadable plugins [exclusion list=, ]
2023-11-07 18:08:42,565 [INFO] PluginManage:310 - Check plugin analytics
2023-11-07 18:08:42,691 [INFO] AnalyticsPlugin:253 - Accepted Software Licenses: 
2023-11-07 18:08:42,691 [INFO] AnalyticsPlugin:255 - Accepted CMSIS Pack Licenses: 
2023-11-07 18:08:42,691 [INFO] AnalyticsPlugin:257 - Accepted Firmware Licenses: 
2023-11-07 18:08:42,693 [INFO] PluginManage:359 - Loaded plugin analytics (category:tool,tabindex:-1)
2023-11-07 18:08:42,694 [INFO] PluginManage:310 - Check plugin cadmodel
2023-11-07 18:08:42,712 [INFO] CADModel:105 - Init CAD model plugin
2023-11-07 18:08:42,712 [INFO] PluginManage:359 - Loaded plugin cadmodel (category:power,tabindex:5)
2023-11-07 18:08:42,712 [INFO] PluginManage:310 - Check plugin clock
2023-11-07 18:08:42,737 [INFO] PluginManage:359 - Loaded plugin clock (category:base,tabindex:2)
2023-11-07 18:08:42,737 [INFO] PluginManage:310 - Check plugin ddr
2023-11-07 18:08:42,739 [INFO] PluginManage:359 - Loaded plugin ddr (category:tool,tabindex:6)
2023-11-07 18:08:42,739 [INFO] PluginManage:310 - Check plugin filemanager
2023-11-07 18:08:42,877 [INFO] PluginManage:359 - Loaded plugin filemanager (category:base,tabindex:10)
2023-11-07 18:08:42,877 [INFO] PluginManage:310 - Check plugin ipmanager
2023-11-07 18:08:42,882 [INFO] PluginManage:359 - Loaded plugin ipmanager (category:base,tabindex:5)
2023-11-07 18:08:42,882 [INFO] PluginManage:310 - Check plugin lpbam
2023-11-07 18:08:42,905 [INFO] PluginManage:359 - Loaded plugin lpbam (category:base,tabindex:0)
2023-11-07 18:08:42,905 [INFO] PluginManage:310 - Check plugin memorymap
2023-11-07 18:08:42,930 [INFO] PluginManage:359 - Loaded plugin memorymap (category:base,tabindex:4)
2023-11-07 18:08:42,930 [INFO] PluginManage:310 - Check plugin pinoutandconfiguration
2023-11-07 18:08:42,953 [INFO] PluginManage:359 - Loaded plugin pinoutandconfiguration (category:base,tabindex:1)
2023-11-07 18:08:42,953 [INFO] PluginManage:310 - Check plugin pinoutconfig
2023-11-07 18:08:43,040 [WARN] SupportedApi:132 - Cannot load RTOS API schema: s4s-elt-must-match.1: The content of 'definitions' must match (annotation?, (simpleType | complexType)?, (unique | key | keyref)*)). A problem was found starting at: attribute.
2023-11-07 18:08:43,145 [INFO] PluginManage:359 - Loaded plugin pinoutconfig (category:base,tabindex:0)
2023-11-07 18:08:43,146 [INFO] PluginManage:310 - Check plugin power
2023-11-07 18:08:43,213 [INFO] PluginManage:359 - Loaded plugin power (category:power,tabindex:4)
2023-11-07 18:08:43,213 [INFO] PluginManage:310 - Check plugin projectmanager
2023-11-07 18:08:43,240 [INFO] PluginManage:359 - Loaded plugin projectmanager (category:projectmanager,tabindex:3)
2023-11-07 18:08:43,240 [INFO] PluginManage:310 - Check plugin thirdparty
2023-11-07 18:08:43,716 [INFO] PluginManage:359 - Loaded plugin thirdparty (category:base,tabindex:-1)
2023-11-07 18:08:43,716 [INFO] PluginManage:310 - Check plugin tools
2023-11-07 18:08:43,716 [WARN] IntegrityCheckThread:84 - waiting for thirdparty lock release [integrity check]
2023-11-07 18:08:43,717 [INFO] IntegrityCheckThread:86 - entering critical section [integrity check]
2023-11-07 18:08:43,717 [INFO] ThirdPartyUpdaterWithRetryManager:70 - Updater plugin not ready yet. [1/15]
2023-11-07 18:08:43,776 [INFO] PluginManage:359 - Loaded plugin tools (category:base,tabindex:7)
2023-11-07 18:08:43,777 [INFO] PluginManage:310 - Check plugin tutovideos
2023-11-07 18:08:44,125 [INFO] PluginManage:359 - Loaded plugin tutovideos (category:base,tabindex:-1)
2023-11-07 18:08:44,126 [INFO] PluginManage:310 - Check plugin updater
2023-11-07 18:08:44,145 [INFO] PluginManage:359 - Loaded plugin updater (category:base,tabindex:12)
2023-11-07 18:08:44,145 [INFO] PluginManage:310 - Check plugin userauth
2023-11-07 18:08:44,155 [INFO] UserAuth:113 - Init User Auth plugin
2023-11-07 18:08:44,155 [INFO] PluginManage:359 - Loaded plugin userauth (category:base,tabindex:14)
2023-11-07 18:08:44,156 [INFO] PluginManage:283 - PluginManage : Loaded plugins [17]
2023-11-07 18:08:44,668 [INFO] PinOutPanel:1499 - setPackage(No Configuration,No Configuration)
2023-11-07 18:08:45,023 [INFO] CADModel:165 - CPN selected for project level
2023-11-07 18:08:45,023 [INFO] CADModel:114 - Register for checkConnection events
2023-11-07 18:08:45,080 [INFO] IPUIPlugin:80 - create IPUIPlugin
2023-11-07 18:08:45,081 [INFO] PluginManager:220 - loadIPPluginJar : add adc
2023-11-07 18:08:45,171 [INFO] IPUIPlugin:80 - create IPUIPlugin
2023-11-07 18:08:45,171 [INFO] PluginManager:220 - loadIPPluginJar : add aes
2023-11-07 18:08:45,246 [INFO] IPUIPlugin:80 - create IPUIPlugin
2023-11-07 18:08:45,247 [INFO] PluginManager:220 - loadIPPluginJar : add can
2023-11-07 18:08:45,285 [INFO] IPUIPlugin:80 - create IPUIPlugin
2023-11-07 18:08:45,285 [INFO] PluginManager:220 - loadIPPluginJar : add comp
2023-11-07 18:08:45,346 [INFO] IPUIPlugin:80 - create IPUIPlugin
2023-11-07 18:08:45,346 [INFO] PluginManager:220 - loadIPPluginJar : add cryp
2023-11-07 18:08:45,397 [INFO] IPUIPlugin:80 - create IPUIPlugin
2023-11-07 18:08:45,397 [INFO] PluginManager:220 - loadIPPluginJar : add dfsdm
2023-11-07 18:08:45,423 [INFO] IPUIPlugin:80 - create IPUIPlugin
2023-11-07 18:08:45,424 [INFO] PluginManager:220 - loadIPPluginJar : add dma
2023-11-07 18:08:45,502 [INFO] IPUIPlugin:80 - create IPUIPlugin
2023-11-07 18:08:45,503 [INFO] PluginManager:220 - loadIPPluginJar : add dma3
2023-11-07 18:08:45,539 [INFO] IPUIPlugin:80 - create IPUIPlugin
2023-11-07 18:08:45,539 [INFO] PluginManager:220 - loadIPPluginJar : add fatfs
2023-11-07 18:08:45,623 [INFO] IPUIPlugin:80 - create IPUIPlugin
2023-11-07 18:08:45,623 [INFO] PluginManager:220 - loadIPPluginJar : add fmc
2023-11-07 18:08:45,649 [INFO] IPUIPlugin:80 - create IPUIPlugin
2023-11-07 18:08:45,650 [INFO] PluginManager:220 - loadIPPluginJar : add freertos
2023-11-07 18:08:45,686 [INFO] IPUIPlugin:80 - create IPUIPlugin
2023-11-07 18:08:45,687 [INFO] PluginManager:220 - loadIPPluginJar : add genericplugin
2023-11-07 18:08:45,885 [INFO] IPUIPlugin:80 - create IPUIPlugin
2023-11-07 18:08:45,886 [INFO] PluginManager:220 - loadIPPluginJar : add gfxmmu
2023-11-07 18:08:46,154 [INFO] IPUIPlugin:80 - create IPUIPlugin
2023-11-07 18:08:46,154 [INFO] PluginManager:220 - loadIPPluginJar : add gic
2023-11-07 18:08:46,179 [INFO] IPUIPlugin:80 - create IPUIPlugin
2023-11-07 18:08:46,180 [INFO] PluginManager:220 - loadIPPluginJar : add gpio
2023-11-07 18:08:46,358 [INFO] IPUIPlugin:80 - create IPUIPlugin
2023-11-07 18:08:46,359 [INFO] PluginManager:220 - loadIPPluginJar : add gtzc
2023-11-07 18:08:46,364 [INFO] IPUIPlugin:80 - create IPUIPlugin
2023-11-07 18:08:46,364 [INFO] PluginManager:220 - loadIPPluginJar : add hash
2023-11-07 18:08:46,461 [INFO] IPUIPlugin:80 - create IPUIPlugin
2023-11-07 18:08:46,461 [INFO] PluginManager:220 - loadIPPluginJar : add i2c
2023-11-07 18:08:46,529 [INFO] IPUIPlugin:80 - create IPUIPlugin
2023-11-07 18:08:46,529 [INFO] PluginManager:220 - loadIPPluginJar : add i2s
2023-11-07 18:08:46,604 [INFO] IPUIPlugin:80 - create IPUIPlugin
2023-11-07 18:08:46,604 [INFO] PluginManager:220 - loadIPPluginJar : add i3c
2023-11-07 18:08:46,719 [INFO] ThirdPartyUpdaterWithRetryManager:70 - Updater plugin not ready yet. [2/15]
2023-11-07 18:08:46,810 [INFO] IPUIPlugin:80 - create IPUIPlugin
2023-11-07 18:08:46,811 [INFO] PluginManager:220 - loadIPPluginJar : add ipddr
2023-11-07 18:08:46,979 [INFO] IPUIPlugin:80 - create IPUIPlugin
2023-11-07 18:08:46,980 [INFO] PluginManager:220 - loadIPPluginJar : add linkedlist
2023-11-07 18:08:47,045 [INFO] IPUIPlugin:80 - create IPUIPlugin
2023-11-07 18:08:47,045 [INFO] PluginManager:220 - loadIPPluginJar : add lorawan
2023-11-07 18:08:47,118 [INFO] IPUIPlugin:80 - create IPUIPlugin
2023-11-07 18:08:47,119 [INFO] PluginManager:220 - loadIPPluginJar : add ltdc
2023-11-07 18:08:47,145 [INFO] IPUIPlugin:80 - create IPUIPlugin
2023-11-07 18:08:47,145 [INFO] PluginManager:220 - loadIPPluginJar : add mdma
2023-11-07 18:08:47,166 [INFO] IPUIPlugin:80 - create IPUIPlugin
2023-11-07 18:08:47,166 [INFO] PluginManager:220 - loadIPPluginJar : add nvic
2023-11-07 18:08:47,229 [INFO] IPUIPlugin:80 - create IPUIPlugin
2023-11-07 18:08:47,230 [INFO] PluginManager:220 - loadIPPluginJar : add opamp
2023-11-07 18:08:47,337 [INFO] IPUIPlugin:80 - create IPUIPlugin
2023-11-07 18:08:47,337 [INFO] PluginManager:220 - loadIPPluginJar : add openamp
2023-11-07 18:08:47,422 [INFO] IPUIPlugin:80 - create IPUIPlugin
2023-11-07 18:08:47,422 [INFO] PluginManager:220 - loadIPPluginJar : add pdm2pcm
2023-11-07 18:08:47,446 [INFO] IPUIPlugin:80 - create IPUIPlugin
2023-11-07 18:08:47,449 [INFO] PluginManager:220 - loadIPPluginJar : add plateformsettings
2023-11-07 18:08:47,452 [INFO] IPUIPlugin:80 - create IPUIPlugin
2023-11-07 18:08:47,452 [INFO] PluginManager:220 - loadIPPluginJar : add quadspi
2023-11-07 18:08:47,475 [INFO] IPUIPlugin:80 - create IPUIPlugin
2023-11-07 18:08:47,475 [INFO] PluginManager:220 - loadIPPluginJar : add resmgrutility
2023-11-07 18:08:47,561 [INFO] IPUIPlugin:80 - create IPUIPlugin
2023-11-07 18:08:47,562 [INFO] PluginManager:220 - loadIPPluginJar : add sai
2023-11-07 18:08:47,626 [INFO] IPUIPlugin:80 - create IPUIPlugin
2023-11-07 18:08:47,627 [INFO] PluginManager:220 - loadIPPluginJar : add spi
2023-11-07 18:08:47,729 [INFO] IPUIPlugin:80 - create IPUIPlugin
2023-11-07 18:08:47,729 [INFO] PluginManager:220 - loadIPPluginJar : add stm32_wpan
2023-11-07 18:08:47,771 [INFO] IPUIPlugin:80 - create IPUIPlugin
2023-11-07 18:08:47,771 [INFO] PluginManager:220 - loadIPPluginJar : add tim
2023-11-07 18:08:47,879 [INFO] IPUIPlugin:80 - create IPUIPlugin
2023-11-07 18:08:47,879 [INFO] PluginManager:220 - loadIPPluginJar : add touchsensing
2023-11-07 18:08:47,916 [INFO] IPUIPlugin:80 - create IPUIPlugin
2023-11-07 18:08:47,917 [INFO] PluginManager:220 - loadIPPluginJar : add tracer_emb
2023-11-07 18:08:47,966 [INFO] IPUIPlugin:80 - create IPUIPlugin
2023-11-07 18:08:47,967 [INFO] PluginManager:220 - loadIPPluginJar : add ts
2023-11-07 18:08:48,001 [INFO] IPUIPlugin:80 - create IPUIPlugin
2023-11-07 18:08:48,001 [INFO] PluginManager:220 - loadIPPluginJar : add tsc
2023-11-07 18:08:48,040 [INFO] IPUIPlugin:80 - create IPUIPlugin
2023-11-07 18:08:48,041 [INFO] PluginManager:220 - loadIPPluginJar : add ucpd
2023-11-07 18:08:48,123 [INFO] IPUIPlugin:80 - create IPUIPlugin
2023-11-07 18:08:48,123 [INFO] PluginManager:220 - loadIPPluginJar : add usart
2023-11-07 18:08:48,209 [INFO] IPUIPlugin:80 - create IPUIPlugin
2023-11-07 18:08:48,209 [INFO] PluginManager:220 - loadIPPluginJar : add usbx
2023-11-07 18:08:48,453 [INFO] CADModel:165 - CPN selected for project level
2023-11-07 18:08:48,454 [INFO] CADModel:114 - Register for checkConnection events
2023-11-07 18:08:48,454 [FATAL] Updater:308 - Updater called before beeing initialized
2023-11-07 18:08:48,454 [ERROR] CADModel:125 - Updater not yet initialized, retry later 
2023-11-07 18:08:48,689 [INFO] CADModel:165 - CPN selected for project level
2023-11-07 18:08:48,689 [INFO] CADModel:114 - Register for checkConnection events
2023-11-07 18:08:48,689 [FATAL] Updater:308 - Updater called before beeing initialized
2023-11-07 18:08:48,689 [ERROR] CADModel:125 - Updater not yet initialized, retry later 
2023-11-07 18:08:48,694 [FATAL] Updater:308 - Updater called before beeing initialized
2023-11-07 18:08:48,935 [FATAL] Updater:308 - Updater called before beeing initialized
2023-11-07 18:08:48,948 [INFO] DbMcusAds:53 - JSON generation date=Tue Mar 07 09:50:55 CET 2023 (1678179055335)
2023-11-07 18:08:48,948 [FATAL] Updater:308 - Updater called before beeing initialized
2023-11-07 18:08:49,098 [WARN] DetailPanel:346 - Failed to get advertising image, set to default
2023-11-07 18:08:49,348 [FATAL] Updater:308 - Updater called before beeing initialized
2023-11-07 18:08:49,351 [FATAL] Updater:308 - Updater called before beeing initialized
2023-11-07 18:08:49,352 [FATAL] Updater:308 - Updater called before beeing initialized
2023-11-07 18:08:49,352 [WARN] DetailPanel:346 - Failed to get advertising image, set to default
2023-11-07 18:08:49,354 [FATAL] Updater:308 - Updater called before beeing initialized
2023-11-07 18:08:49,495 [ERROR] Updater:1120 - MainUpdater not yet initialized. External WinMGr cannot be set.
2023-11-07 18:08:49,514 [INFO] Updater:1056 - Updater Version found : 6.9.2
2023-11-07 18:08:49,550 [INFO] ApplicationProperties:184 - Using Application install path: C:\ST\STM32CubeIDE_1.11.2\STM32CubeIDE\plugins\com.st.stm32cube.common.mx_6.9.2.202309101412
2023-11-07 18:08:49,722 [INFO] ThirdPartyUpdaterWithRetryManager:70 - Updater plugin not ready yet. [3/15]
2023-11-07 18:08:49,793 [INFO] MainUpdater:2868 - connection check result : 10
2023-11-07 18:08:49,794 [INFO] MainUpdater:285 - Updater Check For Update Now.
2023-11-07 18:08:49,795 [INFO] MicroXplorer:498 - Change Database Version : DB.6.0.92
2023-11-07 18:08:49,823 [INFO] McuFinderGlobals:63 - Set McuFinder mode to 2 (CubeIDE integrated)
2023-11-07 18:08:49,823 [INFO] UserAuth:179 - activating auth plugin
2023-11-07 18:08:49,829 [INFO] UserAuth:393 - Internet connection configuration mode: 1
2023-11-07 18:08:49,868 [INFO] JxBrowserEngine:151 - Initiate JxBrowser Engine with user profile folder
2023-11-07 18:08:50,113 [INFO] CheckServerUpdateThread:120 - End of CheckServer Thread
2023-11-07 18:08:52,974 [INFO] WebApp:157 - Instantiating new browser for Auth
2023-11-07 18:08:53,062 [WARN] PackLoader:240 - Cannot read IP mode file for STMicroelectronics.X-CUBE-SMBUS.2.1.0
2023-11-07 18:08:53,142 [WARN] PackLoader:240 - Cannot read IP mode file for STMicroelectronics.X-CUBE-AZRTOS-F7.1.1.0
2023-11-07 18:08:53,185 [WARN] PackLoader:240 - Cannot read IP mode file for STMicroelectronics.FP-SNS-MOTENV1.4.3.2
2023-11-07 18:08:53,237 [WARN] PackLoader:240 - Cannot read IP mode file for STMicroelectronics.X-CUBE-BLE1.6.2.4
2023-11-07 18:08:53,252 [WARN] PackLoader:240 - Cannot read IP mode file for STMicroelectronics.FP-SNS-FLIGHT1.5.0.2
2023-11-07 18:08:53,295 [WARN] PackLoader:240 - Cannot read IP mode file for STMicroelectronics.X-CUBE-DISPLAY.3.0.0
2023-11-07 18:08:53,330 [WARN] PackLoader:240 - Cannot read IP mode file for STMicroelectronics.X-CUBE-BLE1.7.0.0
2023-11-07 18:08:53,352 [WARN] PackLoader:240 - Cannot read IP mode file for STMicroelectronics.X-CUBE-TOUCHGFX.4.22.1
2023-11-07 18:08:53,378 [WARN] PackLoader:240 - Cannot read IP mode file for STMicroelectronics.FP-SNS-SMARTAG2.1.2.0
2023-11-07 18:08:53,425 [INFO] LogOutputStream:77 - [STDOUT_REDIRECT] 1 : Invalid condition id : UX_CORESTACK_Condition cause : null
2023-11-07 18:08:53,426 [INFO] LogOutputStream:77 - [STDOUT_REDIRECT] 1 : Invalid condition id : UX_CORESTACK_Condition cause : null
2023-11-07 18:08:53,428 [INFO] LogOutputStream:77 - [STDOUT_REDIRECT] 1 : Invalid condition id : UX_CORESTACK_Condition cause : null
2023-11-07 18:08:53,431 [INFO] LogOutputStream:77 - [STDOUT_REDIRECT] 1 : Invalid condition id : UX_CORESTACK_Condition cause : null
2023-11-07 18:08:53,433 [INFO] LogOutputStream:77 - [STDOUT_REDIRECT] 1 : Invalid condition id : UX_CORESTACK_Condition cause : null
2023-11-07 18:08:53,450 [WARN] PackLoader:240 - Cannot read IP mode file for STMicroelectronics.X-CUBE-AZRTOS-WL.2.0.0
2023-11-07 18:08:53,491 [WARN] PackLoader:240 - Cannot read IP mode file for WES.I-CUBE-Cesium.1.3.0
2023-11-07 18:08:53,514 [WARN] PackLoader:240 - Cannot read IP mode file for STMicroelectronics.X-CUBE-BLE2.3.3.0
2023-11-07 18:08:53,556 [WARN] PackLoader:240 - Cannot read IP mode file for STMicroelectronics.X-CUBE-TOF1.3.2.0
2023-11-07 18:08:53,584 [WARN] PackLoader:240 - Cannot read IP mode file for STMicroelectronics.X-CUBE-TOUCHGFX.4.21.1
2023-11-07 18:08:53,604 [WARN] PackLoader:240 - Cannot read IP mode file for STMicroelectronics.X-CUBE-AI.7.3.0
2023-11-07 18:08:53,627 [WARN] PackLoader:240 - Cannot read IP mode file for STMicroelectronics.X-CUBE-ALGOBUILD.1.3.0
2023-11-07 18:08:53,678 [WARN] PackLoader:240 - Cannot read IP mode file for STMicroelectronics.X-CUBE-AZRTOS-G0.1.1.0
2023-11-07 18:08:53,706 [WARN] PackLoader:240 - Cannot read IP mode file for STMicroelectronics.X-CUBE-NFC4.3.0.0
2023-11-07 18:08:53,754 [WARN] PackLoader:240 - Cannot read IP mode file for STMicroelectronics.X-CUBE-BLEMGR.3.0.0
2023-11-07 18:08:53,789 [WARN] PackLoader:240 - Cannot read IP mode file for STMicroelectronics.X-CUBE-BLEMGR.1.3.0
2023-11-07 18:08:53,817 [WARN] PackLoader:240 - Cannot read IP mode file for STMicroelectronics.FP-ATR-SIGFOX1.3.2.0
2023-11-07 18:08:53,940 [WARN] PackLoader:240 - Cannot read IP mode file for STMicroelectronics.X-CUBE-MEMS1.9.5.0
2023-11-07 18:08:53,978 [INFO] WebApp:753 - Register for checkConnection events
2023-11-07 18:08:53,979 [INFO] WebApp:390 - Apply proxy settings
2023-11-07 18:08:53,979 [INFO] WebApp:475 - Chromium requires no authentication
2023-11-07 18:08:53,996 [INFO] WebApp:418 - Direct internet connection detected
2023-11-07 18:08:54,346 [WARN] PackLoader:240 - Cannot read IP mode file for SEGGER.I-CUBE-embOS.1.3.1
2023-11-07 18:08:54,351 [INFO] WebApp:188 - Starting web application
2023-11-07 18:08:54,352 [INFO] WebApp:520 - Web application path used C:\ST\STM32CubeIDE_1.11.2\STM32CubeIDE\plugins\com.st.stm32cube.common.mx_6.9.2.202309101412\db\plugins\mcufinder\reactClient1\index.html
2023-11-07 18:08:54,426 [WARN] PackLoader:240 - Cannot read IP mode file for STMicroelectronics.X-CUBE-GNSS1.6.0.0
2023-11-07 18:08:54,479 [WARN] PackLoader:240 - Cannot read IP mode file for STMicroelectronics.X-CUBE-AZRTOS-F4.1.1.0
2023-11-07 18:08:54,529 [WARN] PackLoader:240 - Cannot read IP mode file for STMicroelectronics.X-CUBE-AZRTOS-L5.2.0.0
2023-11-07 18:08:54,618 [WARN] PackLoader:240 - Cannot read IP mode file for STMicroelectronics.X-CUBE-MEMS1.9.6.0
2023-11-07 18:08:54,854 [WARN] PackLoader:240 - Cannot read IP mode file for STMicroelectronics.X-CUBE-EEPRMA1.4.2.0
2023-11-07 18:08:54,915 [WARN] PackLoader:240 - Cannot read IP mode file for ITTIA_DB.I-CUBE-ITTIADB.8.8.0
2023-11-07 18:08:54,939 [WARN] PackLoader:240 - Cannot read IP mode file for emotas.I-CUBE-CANOPEN.1.1.3
2023-11-07 18:08:54,963 [WARN] PackLoader:240 - Cannot read IP mode file for STMicroelectronics.X-CUBE-BLEMGR.2.0.0
2023-11-07 18:08:55,026 [WARN] ConditionMgr:438 - getConditionDescription Invalid condition id : UX DEVICE CLASS RTOS Condition cause : null
2023-11-07 18:08:55,028 [WARN] ConditionMgr:438 - getConditionDescription Invalid condition id : UX DEVICE CLASS RTOS Condition cause : null
2023-11-07 18:08:55,034 [WARN] PackLoader:240 - Cannot read IP mode file for STMicroelectronics.X-CUBE-AZRTOS-H7.3.1.0
2023-11-07 18:08:55,036 [WARN] ConditionMgr:1039 - genDependencies : Invalid condition id : UX DEVICE CLASS RTOS Condition cause : null
2023-11-07 18:08:55,037 [WARN] ConditionMgr:1039 - genDependencies : Invalid condition id : UX DEVICE CLASS RTOS Condition cause : null
2023-11-07 18:08:55,038 [WARN] ConditionMgr:1039 - genDependencies : Invalid condition id : UX DEVICE CLASS RTOS Condition cause : null
2023-11-07 18:08:55,039 [WARN] ConditionMgr:1039 - genDependencies : Invalid condition id : UX DEVICE CLASS RTOS Condition cause : null
2023-11-07 18:08:55,039 [WARN] ConditionMgr:1039 - genDependencies : Invalid condition id : UX DEVICE CLASS RTOS Condition cause : null
2023-11-07 18:08:55,065 [WARN] PackLoader:240 - Cannot read IP mode file for wolfSSL.I-CUBE-wolfSSL.5.5.4
2023-11-07 18:08:55,095 [WARN] PackLoader:240 - Cannot read IP mode file for STMicroelectronics.X-CUBE-NFC7.1.0.1
2023-11-07 18:08:55,115 [WARN] PackLoader:240 - Cannot read IP mode file for STMicroelectronics.X-CUBE-NFC7.1.0.0
2023-11-07 18:08:55,137 [WARN] PackLoader:240 - Cannot read IP mode file for STMicroelectronics.X-CUBE-NFC6.3.0.0
2023-11-07 18:08:55,161 [WARN] PackLoader:240 - Cannot read IP mode file for STMicroelectronics.X-CUBE-EEPRMA1.4.1.0
2023-11-07 18:08:55,179 [WARN] PackLoader:240 - Cannot read IP mode file for STMicroelectronics.X-CUBE-AI.8.1.0
2023-11-07 18:08:55,231 [WARN] ConditionMgr:438 - getConditionDescription Invalid condition id : LAN8742 Phy interface Condition cause : null
2023-11-07 18:08:55,232 [WARN] PackLoader:240 - Cannot read IP mode file for STMicroelectronics.X-CUBE-AZRTOS-L4.2.0.0
2023-11-07 18:08:55,234 [WARN] ConditionMgr:1039 - genDependencies : Invalid condition id : LAN8742 Phy interface Condition cause : null
2023-11-07 18:08:55,235 [WARN] ConditionMgr:1039 - genDependencies : Invalid condition id : LAN8742 Phy interface Condition cause : null
2023-11-07 18:08:55,236 [WARN] ConditionMgr:1039 - genDependencies : Invalid condition id : LAN8742 Phy interface Condition cause : null
2023-11-07 18:08:55,259 [WARN] PackLoader:240 - Cannot read IP mode file for STMicroelectronics.X-CUBE-SFXS2LP1.4.0.0
2023-11-07 18:08:55,327 [WARN] PackLoader:240 - Cannot read IP mode file for STMicroelectronics.X-CUBE-AZRTOS-H7.3.0.0
2023-11-07 18:08:55,357 [WARN] PackLoader:240 - Cannot read IP mode file for STMicroelectronics.X-CUBE-ISPU.1.1.0
2023-11-07 18:08:55,425 [WARN] PackLoader:240 - Cannot read IP mode file for RoweBots.I-CUBE-UNISONRTOS.5.5.0-4
2023-11-07 18:08:55,449 [WARN] PackLoader:240 - Cannot read IP mode file for STMicroelectronics.X-CUBE-AI.8.0.0
2023-11-07 18:08:55,490 [WARN] ConditionMgr:438 - getConditionDescription Invalid condition id : UX DEVICE CLASS RTOS Condition cause : null
2023-11-07 18:08:55,491 [WARN] ConditionMgr:438 - getConditionDescription Invalid condition id : UX DEVICE CLASS RTOS Condition cause : null
2023-11-07 18:08:55,494 [WARN] PackLoader:240 - Cannot read IP mode file for STMicroelectronics.X-CUBE-AZRTOS-WB.2.0.0
2023-11-07 18:08:55,495 [WARN] ConditionMgr:1039 - genDependencies : Invalid condition id : UX DEVICE CLASS RTOS Condition cause : null
2023-11-07 18:08:55,495 [WARN] ConditionMgr:1039 - genDependencies : Invalid condition id : UX DEVICE CLASS RTOS Condition cause : null
2023-11-07 18:08:55,496 [WARN] ConditionMgr:1039 - genDependencies : Invalid condition id : UX DEVICE CLASS RTOS Condition cause : null
2023-11-07 18:08:55,496 [WARN] ConditionMgr:1039 - genDependencies : Invalid condition id : UX DEVICE CLASS RTOS Condition cause : null
2023-11-07 18:08:55,496 [WARN] ConditionMgr:1039 - genDependencies : Invalid condition id : UX DEVICE CLASS RTOS Condition cause : null
2023-11-07 18:08:55,521 [WARN] PackLoader:240 - Cannot read IP mode file for STMicroelectronics.X-CUBE-FREERTOS.1.0.0
2023-11-07 18:08:55,573 [WARN] PackLoader:240 - Cannot read IP mode file for STMicroelectronics.X-CUBE-AZRTOS-L5.1.1.0
2023-11-07 18:08:55,610 [WARN] PackLoader:240 - Cannot read IP mode file for STMicroelectronics.X-CUBE-SUBG2.5.0.0
2023-11-07 18:08:55,653 [WARN] PackLoader:240 - Cannot read IP mode file for STMicroelectronics.X-CUBE-TOF1.3.3.1
2023-11-07 18:08:55,721 [WARN] PackLoader:240 - Cannot read IP mode file for STMicroelectronics.X-CUBE-AZRTOS-G4.2.0.0
2023-11-07 18:08:55,746 [WARN] PackLoader:240 - Cannot read IP mode file for STMicroelectronics.FP-ATR-ASTRA1.1.1.1
2023-11-07 18:08:55,785 [WARN] PackLoader:240 - Cannot read IP mode file for Infineon.AIROC-Wi-Fi-Bluetooth-STM32.1.5.1
2023-11-07 18:08:55,834 [WARN] PackLoader:240 - Cannot read IP mode file for STMicroelectronics.X-CUBE-AZRTOS-G4.1.0.0
2023-11-07 18:08:55,882 [WARN] PackLoader:240 - Cannot read IP mode file for STMicroelectronics.X-CUBE-AZRTOS-L4.1.0.0
2023-11-07 18:08:55,981 [WARN] PackLoader:240 - Cannot read IP mode file for STMicroelectronics.X-CUBE-MEMS1.10.0.0
2023-11-07 18:08:56,221 [WARN] PackLoader:240 - Cannot read IP mode file for STMicroelectronics.X-CUBE-FREERTOS.1.1.0
2023-11-07 18:08:56,307 [WARN] PackLoader:240 - Cannot read IP mode file for STMicroelectronics.X-CUBE-AZRTOS-WL.1.0.0
2023-11-07 18:08:56,333 [WARN] PackLoader:240 - Cannot read IP mode file for portGmbH.I-Cube-SoM-uGOAL.1.1.0
2023-11-07 18:08:56,359 [WARN] PackLoader:240 - Cannot read IP mode file for STMicroelectronics.X-CUBE-ALS.1.0.1
2023-11-07 18:08:56,407 [WARN] PackLoader:240 - Cannot read IP mode file for STMicroelectronics.X-CUBE-AZRTOS-WB.1.1.0
2023-11-07 18:08:56,426 [WARN] PackLoader:240 - Cannot read IP mode file for STMicroelectronics.FP-ATR-ASTRA1.2.0.0
2023-11-07 18:08:56,427 [INFO] ThirdParty:978 - Integrity check success = true
2023-11-07 18:08:56,428 [INFO] IntegrityCheckThread:100 - exiting critical section [integrity check]
2023-11-07 18:08:56,428 [INFO] IntegrityCheckThread:103 - End integrity checks thread
2023-11-07 18:09:16,012 [ERROR] LogOutputStream:75 - [STDERR_REDIRECT] SLF4J: Failed to load class "org.slf4j.impl.StaticLoggerBinder".
2023-11-07 18:09:16,013 [ERROR] LogOutputStream:75 - [STDERR_REDIRECT] SLF4J: Defaulting to no-operation (NOP) logger implementation
2023-11-07 18:09:16,015 [ERROR] LogOutputStream:75 - [STDERR_REDIRECT] SLF4J: See http://www.slf4j.org/codes.html#StaticLoggerBinder for further details.
2023-11-07 19:00:15,053 [ERROR] LogOutputStream:75 - [STDERR_REDIRECT] 
