2023-11-28 18:15:50,232 [INFO] Activator:176 - 


2023-11-28 18:15:50,240 [INFO] Activator:177 - !SESSION log4j initialized
2023-11-28 18:15:52,860 [INFO] LogOutputStream:77 - [STDOUT_REDIRECT] 
2023-11-28 18:15:54,533 [INFO] ApplicationProperties:184 - Using Application install path: C:\ST\STM32CubeIDE_1.11.2\STM32CubeIDE\plugins\com.st.stm32cube.common.mx_6.9.2.202309101412
2023-11-28 18:15:54,554 [INFO] DbMcusXml:78 - Set database path to: C:\ST\STM32CubeIDE_1.11.2\STM32CubeIDE\plugins\com.st.stm32cube.common.mx_6.9.2.202309101412\\db\/mcu/
2023-11-28 18:15:54,554 [INFO] ApiDb:274 - Set plugin database path to: C:\ST\STM32CubeIDE_1.11.2\STM32CubeIDE\plugins\com.st.stm32cube.common.mx_6.9.2.202309101412\\db\/plugins/boardmanager/
2023-11-28 18:15:54,555 [WARN] ApiDb:259 - Overriding images path with different value:  => C:\ST\STM32CubeIDE_1.11.2\STM32CubeIDE\plugins\com.st.stm32cube.common.mx_6.9.2.202309101412\\db\/plugins/mcufinder/images/
2023-11-28 18:15:54,565 [INFO] ApiDb:250 - Set database path to: C:\Users\andep\.stmcufinder\plugins\mcufinder//mcu/
2023-11-28 18:15:54,565 [INFO] DbMcusAds:125 - Set database path to: C:\Users\andep\.stmcufinder\plugins\mcufinder//mcu/
2023-11-28 18:15:54,567 [INFO] CrossReferenceDbSqlite:203 - Set database path to: C:\Users\andep\.stmcufinder\plugins\mcufinder//mcu/cs/
2023-11-28 18:15:54,671 [INFO] RulesReader:64 - Compatibility file has been processed (293 Rules)
2023-11-28 18:15:54,744 [INFO] DbMcusXml:78 - Set database path to: C:\ST\STM32CubeIDE_1.11.2\STM32CubeIDE\plugins\com.st.stm32cube.common.mx_6.9.2.202309101412\\db\/mcu/
2023-11-28 18:15:54,745 [INFO] ApiDb:274 - Set plugin database path to: C:\ST\STM32CubeIDE_1.11.2\STM32CubeIDE\plugins\com.st.stm32cube.common.mx_6.9.2.202309101412\\db\/plugins/boardmanager/
2023-11-28 18:15:54,745 [INFO] ApiDb:261 - Set plugin images path to: C:\ST\STM32CubeIDE_1.11.2\STM32CubeIDE\plugins\com.st.stm32cube.common.mx_6.9.2.202309101412\\db\/plugins/mcufinder/images/
2023-11-28 18:15:54,745 [WARN] DbFile:41 - Overriding database path with different value: C:\Users\andep\.stmcufinder\plugins\mcufinder/ => C:\Users\andep\.stmcufinder\plugins\mcufinder
2023-11-28 18:15:54,745 [INFO] ApiDb:250 - Set database path to: C:\Users\andep\.stmcufinder\plugins\mcufinder//mcu/
2023-11-28 18:15:54,745 [WARN] DbFile:41 - Overriding database path with different value: C:\Users\andep\.stmcufinder\plugins\mcufinder/ => C:\Users\andep\.stmcufinder\plugins\mcufinder
2023-11-28 18:15:54,745 [INFO] DbMcusAds:125 - Set database path to: C:\Users\andep\.stmcufinder\plugins\mcufinder//mcu/
2023-11-28 18:15:54,745 [WARN] DbFile:41 - Overriding database path with different value: C:\Users\andep\.stmcufinder\plugins\mcufinder/ => C:\Users\andep\.stmcufinder\plugins\mcufinder
2023-11-28 18:15:54,745 [WARN] DbFile:41 - Overriding database path with different value: C:\Users\andep\.stmcufinder\plugins\mcufinder/ => C:\Users\andep\.stmcufinder\plugins\mcufinder
2023-11-28 18:15:54,745 [INFO] CrossReferenceDbSqlite:203 - Set database path to: C:\Users\andep\.stmcufinder\plugins\mcufinder//mcu/cs/
2023-11-28 18:15:54,818 [INFO] MainPanel:262 - HeapMemory: 268435456
2023-11-28 18:15:54,922 [INFO] DbMcusXml:78 - Set database path to: C:\ST\STM32CubeIDE_1.11.2\STM32CubeIDE\plugins\com.st.stm32cube.common.mx_6.9.2.202309101412\\db\/mcu/
2023-11-28 18:15:54,923 [INFO] ApiDb:274 - Set plugin database path to: C:\ST\STM32CubeIDE_1.11.2\STM32CubeIDE\plugins\com.st.stm32cube.common.mx_6.9.2.202309101412\\db\/plugins/boardmanager/
2023-11-28 18:15:54,923 [INFO] ApiDb:261 - Set plugin images path to: C:\ST\STM32CubeIDE_1.11.2\STM32CubeIDE\plugins\com.st.stm32cube.common.mx_6.9.2.202309101412\\db\/plugins/mcufinder/images/
2023-11-28 18:15:54,923 [WARN] DbFile:41 - Overriding database path with different value: C:\Users\andep\.stmcufinder\plugins\mcufinder/ => C:\Users\andep\.stmcufinder\plugins\mcufinder
2023-11-28 18:15:54,923 [INFO] ApiDb:250 - Set database path to: C:\Users\andep\.stmcufinder\plugins\mcufinder//mcu/
2023-11-28 18:15:54,923 [WARN] DbFile:41 - Overriding database path with different value: C:\Users\andep\.stmcufinder\plugins\mcufinder/ => C:\Users\andep\.stmcufinder\plugins\mcufinder
2023-11-28 18:15:54,923 [INFO] DbMcusAds:125 - Set database path to: C:\Users\andep\.stmcufinder\plugins\mcufinder//mcu/
2023-11-28 18:15:54,924 [WARN] DbFile:41 - Overriding database path with different value: C:\Users\andep\.stmcufinder\plugins\mcufinder/ => C:\Users\andep\.stmcufinder\plugins\mcufinder
2023-11-28 18:15:54,924 [WARN] DbFile:41 - Overriding database path with different value: C:\Users\andep\.stmcufinder\plugins\mcufinder/ => C:\Users\andep\.stmcufinder\plugins\mcufinder
2023-11-28 18:15:54,924 [INFO] CrossReferenceDbSqlite:203 - Set database path to: C:\Users\andep\.stmcufinder\plugins\mcufinder//mcu/cs/
2023-11-28 18:15:54,943 [INFO] ApplicationProperties:184 - Using Application install path: C:\ST\STM32CubeIDE_1.11.2\STM32CubeIDE\plugins\com.st.stm32cube.common.mx_6.9.2.202309101412
2023-11-28 18:15:54,944 [INFO] PluginManage:196 - Search for loadable plugins [exclusion list=, ]
2023-11-28 18:15:54,945 [INFO] PluginManage:310 - Check plugin analytics
2023-11-28 18:15:55,084 [INFO] AnalyticsPlugin:253 - Accepted Software Licenses: 
2023-11-28 18:15:55,085 [INFO] AnalyticsPlugin:255 - Accepted CMSIS Pack Licenses: 
2023-11-28 18:15:55,085 [INFO] AnalyticsPlugin:257 - Accepted Firmware Licenses: 
2023-11-28 18:15:55,087 [INFO] PluginManage:359 - Loaded plugin analytics (category:tool,tabindex:-1)
2023-11-28 18:15:55,087 [INFO] PluginManage:310 - Check plugin cadmodel
2023-11-28 18:15:55,093 [INFO] CADModel:105 - Init CAD model plugin
2023-11-28 18:15:55,093 [INFO] PluginManage:359 - Loaded plugin cadmodel (category:power,tabindex:5)
2023-11-28 18:15:55,093 [INFO] PluginManage:310 - Check plugin clock
2023-11-28 18:15:55,102 [INFO] PluginManage:359 - Loaded plugin clock (category:base,tabindex:2)
2023-11-28 18:15:55,103 [INFO] PluginManage:310 - Check plugin ddr
2023-11-28 18:15:55,106 [INFO] PluginManage:359 - Loaded plugin ddr (category:tool,tabindex:6)
2023-11-28 18:15:55,106 [INFO] PluginManage:310 - Check plugin filemanager
2023-11-28 18:15:55,224 [INFO] PluginManage:359 - Loaded plugin filemanager (category:base,tabindex:10)
2023-11-28 18:15:55,225 [INFO] PluginManage:310 - Check plugin ipmanager
2023-11-28 18:15:55,233 [INFO] PluginManage:359 - Loaded plugin ipmanager (category:base,tabindex:5)
2023-11-28 18:15:55,234 [INFO] PluginManage:310 - Check plugin lpbam
2023-11-28 18:15:55,243 [INFO] PluginManage:359 - Loaded plugin lpbam (category:base,tabindex:0)
2023-11-28 18:15:55,243 [INFO] PluginManage:310 - Check plugin memorymap
2023-11-28 18:15:55,257 [INFO] PluginManage:359 - Loaded plugin memorymap (category:base,tabindex:4)
2023-11-28 18:15:55,257 [INFO] PluginManage:310 - Check plugin pinoutandconfiguration
2023-11-28 18:15:55,265 [INFO] PluginManage:359 - Loaded plugin pinoutandconfiguration (category:base,tabindex:1)
2023-11-28 18:15:55,265 [INFO] PluginManage:310 - Check plugin pinoutconfig
2023-11-28 18:15:55,361 [WARN] SupportedApi:132 - Cannot load RTOS API schema: s4s-elt-must-match.1: The content of 'definitions' must match (annotation?, (simpleType | complexType)?, (unique | key | keyref)*)). A problem was found starting at: attribute.
2023-11-28 18:15:55,480 [INFO] PluginManage:359 - Loaded plugin pinoutconfig (category:base,tabindex:0)
2023-11-28 18:15:55,481 [INFO] PluginManage:310 - Check plugin power
2023-11-28 18:15:55,492 [INFO] PluginManage:359 - Loaded plugin power (category:power,tabindex:4)
2023-11-28 18:15:55,492 [INFO] PluginManage:310 - Check plugin projectmanager
2023-11-28 18:15:55,505 [INFO] PluginManage:359 - Loaded plugin projectmanager (category:projectmanager,tabindex:3)
2023-11-28 18:15:55,505 [INFO] PluginManage:310 - Check plugin thirdparty
2023-11-28 18:15:55,624 [INFO] PluginManage:359 - Loaded plugin thirdparty (category:base,tabindex:-1)
2023-11-28 18:15:55,625 [INFO] PluginManage:310 - Check plugin tools
2023-11-28 18:15:55,624 [WARN] IntegrityCheckThread:84 - waiting for thirdparty lock release [integrity check]
2023-11-28 18:15:55,625 [INFO] IntegrityCheckThread:86 - entering critical section [integrity check]
2023-11-28 18:15:55,625 [INFO] ThirdPartyUpdaterWithRetryManager:70 - Updater plugin not ready yet. [1/15]
2023-11-28 18:15:55,627 [INFO] PluginManage:359 - Loaded plugin tools (category:base,tabindex:7)
2023-11-28 18:15:55,627 [INFO] PluginManage:310 - Check plugin tutovideos
2023-11-28 18:15:55,774 [INFO] PluginManage:359 - Loaded plugin tutovideos (category:base,tabindex:-1)
2023-11-28 18:15:55,774 [INFO] PluginManage:310 - Check plugin updater
2023-11-28 18:15:55,785 [INFO] PluginManage:359 - Loaded plugin updater (category:base,tabindex:12)
2023-11-28 18:15:55,785 [INFO] PluginManage:310 - Check plugin userauth
2023-11-28 18:15:55,789 [INFO] UserAuth:113 - Init User Auth plugin
2023-11-28 18:15:55,790 [INFO] PluginManage:359 - Loaded plugin userauth (category:base,tabindex:14)
2023-11-28 18:15:55,790 [INFO] PluginManage:283 - PluginManage : Loaded plugins [17]
2023-11-28 18:15:56,002 [INFO] PinOutPanel:1499 - setPackage(No Configuration,No Configuration)
2023-11-28 18:15:56,094 [INFO] CADModel:165 - CPN selected for project level
2023-11-28 18:15:56,095 [INFO] CADModel:114 - Register for checkConnection events
2023-11-28 18:15:56,110 [INFO] IPUIPlugin:80 - create IPUIPlugin
2023-11-28 18:15:56,110 [INFO] PluginManager:220 - loadIPPluginJar : add adc
2023-11-28 18:15:56,113 [INFO] IPUIPlugin:80 - create IPUIPlugin
2023-11-28 18:15:56,113 [INFO] PluginManager:220 - loadIPPluginJar : add aes
2023-11-28 18:15:56,115 [INFO] IPUIPlugin:80 - create IPUIPlugin
2023-11-28 18:15:56,116 [INFO] PluginManager:220 - loadIPPluginJar : add can
2023-11-28 18:15:56,116 [INFO] IPUIPlugin:80 - create IPUIPlugin
2023-11-28 18:15:56,116 [INFO] PluginManager:220 - loadIPPluginJar : add comp
2023-11-28 18:15:56,118 [INFO] IPUIPlugin:80 - create IPUIPlugin
2023-11-28 18:15:56,119 [INFO] PluginManager:220 - loadIPPluginJar : add cryp
2023-11-28 18:15:56,121 [INFO] IPUIPlugin:80 - create IPUIPlugin
2023-11-28 18:15:56,121 [INFO] PluginManager:220 - loadIPPluginJar : add dfsdm
2023-11-28 18:15:56,125 [INFO] IPUIPlugin:80 - create IPUIPlugin
2023-11-28 18:15:56,125 [INFO] PluginManager:220 - loadIPPluginJar : add dma
2023-11-28 18:15:56,128 [INFO] IPUIPlugin:80 - create IPUIPlugin
2023-11-28 18:15:56,128 [INFO] PluginManager:220 - loadIPPluginJar : add dma3
2023-11-28 18:15:56,129 [INFO] IPUIPlugin:80 - create IPUIPlugin
2023-11-28 18:15:56,129 [INFO] PluginManager:220 - loadIPPluginJar : add fatfs
2023-11-28 18:15:56,134 [INFO] IPUIPlugin:80 - create IPUIPlugin
2023-11-28 18:15:56,134 [INFO] PluginManager:220 - loadIPPluginJar : add fmc
2023-11-28 18:15:56,140 [INFO] IPUIPlugin:80 - create IPUIPlugin
2023-11-28 18:15:56,140 [INFO] PluginManager:220 - loadIPPluginJar : add freertos
2023-11-28 18:15:56,142 [INFO] IPUIPlugin:80 - create IPUIPlugin
2023-11-28 18:15:56,142 [INFO] PluginManager:220 - loadIPPluginJar : add genericplugin
2023-11-28 18:15:56,144 [INFO] IPUIPlugin:80 - create IPUIPlugin
2023-11-28 18:15:56,145 [INFO] PluginManager:220 - loadIPPluginJar : add gfxmmu
2023-11-28 18:15:56,149 [INFO] IPUIPlugin:80 - create IPUIPlugin
2023-11-28 18:15:56,149 [INFO] PluginManager:220 - loadIPPluginJar : add gic
2023-11-28 18:15:56,153 [INFO] IPUIPlugin:80 - create IPUIPlugin
2023-11-28 18:15:56,153 [INFO] PluginManager:220 - loadIPPluginJar : add gpio
2023-11-28 18:15:56,156 [INFO] IPUIPlugin:80 - create IPUIPlugin
2023-11-28 18:15:56,156 [INFO] PluginManager:220 - loadIPPluginJar : add gtzc
2023-11-28 18:15:56,158 [INFO] IPUIPlugin:80 - create IPUIPlugin
2023-11-28 18:15:56,158 [INFO] PluginManager:220 - loadIPPluginJar : add hash
2023-11-28 18:15:56,161 [INFO] IPUIPlugin:80 - create IPUIPlugin
2023-11-28 18:15:56,161 [INFO] PluginManager:220 - loadIPPluginJar : add i2c
2023-11-28 18:15:56,163 [INFO] IPUIPlugin:80 - create IPUIPlugin
2023-11-28 18:15:56,163 [INFO] PluginManager:220 - loadIPPluginJar : add i2s
2023-11-28 18:15:56,166 [INFO] IPUIPlugin:80 - create IPUIPlugin
2023-11-28 18:15:56,166 [INFO] PluginManager:220 - loadIPPluginJar : add i3c
2023-11-28 18:15:56,170 [INFO] IPUIPlugin:80 - create IPUIPlugin
2023-11-28 18:15:56,170 [INFO] PluginManager:220 - loadIPPluginJar : add ipddr
2023-11-28 18:15:56,177 [INFO] IPUIPlugin:80 - create IPUIPlugin
2023-11-28 18:15:56,177 [INFO] PluginManager:220 - loadIPPluginJar : add linkedlist
2023-11-28 18:15:56,180 [INFO] IPUIPlugin:80 - create IPUIPlugin
2023-11-28 18:15:56,180 [INFO] PluginManager:220 - loadIPPluginJar : add lorawan
2023-11-28 18:15:56,182 [INFO] IPUIPlugin:80 - create IPUIPlugin
2023-11-28 18:15:56,182 [INFO] PluginManager:220 - loadIPPluginJar : add ltdc
2023-11-28 18:15:56,188 [INFO] IPUIPlugin:80 - create IPUIPlugin
2023-11-28 18:15:56,188 [INFO] PluginManager:220 - loadIPPluginJar : add mdma
2023-11-28 18:15:56,193 [INFO] IPUIPlugin:80 - create IPUIPlugin
2023-11-28 18:15:56,193 [INFO] PluginManager:220 - loadIPPluginJar : add nvic
2023-11-28 18:15:56,195 [INFO] IPUIPlugin:80 - create IPUIPlugin
2023-11-28 18:15:56,195 [INFO] PluginManager:220 - loadIPPluginJar : add opamp
2023-11-28 18:15:56,198 [INFO] IPUIPlugin:80 - create IPUIPlugin
2023-11-28 18:15:56,198 [INFO] PluginManager:220 - loadIPPluginJar : add openamp
2023-11-28 18:15:56,201 [INFO] IPUIPlugin:80 - create IPUIPlugin
2023-11-28 18:15:56,201 [INFO] PluginManager:220 - loadIPPluginJar : add pdm2pcm
2023-11-28 18:15:56,207 [INFO] IPUIPlugin:80 - create IPUIPlugin
2023-11-28 18:15:56,208 [INFO] PluginManager:220 - loadIPPluginJar : add plateformsettings
2023-11-28 18:15:56,210 [INFO] IPUIPlugin:80 - create IPUIPlugin
2023-11-28 18:15:56,210 [INFO] PluginManager:220 - loadIPPluginJar : add quadspi
2023-11-28 18:15:56,215 [INFO] IPUIPlugin:80 - create IPUIPlugin
2023-11-28 18:15:56,216 [INFO] PluginManager:220 - loadIPPluginJar : add resmgrutility
2023-11-28 18:15:56,219 [INFO] IPUIPlugin:80 - create IPUIPlugin
2023-11-28 18:15:56,220 [INFO] PluginManager:220 - loadIPPluginJar : add sai
2023-11-28 18:15:56,222 [INFO] IPUIPlugin:80 - create IPUIPlugin
2023-11-28 18:15:56,223 [INFO] PluginManager:220 - loadIPPluginJar : add spi
2023-11-28 18:15:56,227 [INFO] IPUIPlugin:80 - create IPUIPlugin
2023-11-28 18:15:56,227 [INFO] PluginManager:220 - loadIPPluginJar : add stm32_wpan
2023-11-28 18:15:56,229 [INFO] IPUIPlugin:80 - create IPUIPlugin
2023-11-28 18:15:56,229 [INFO] PluginManager:220 - loadIPPluginJar : add tim
2023-11-28 18:15:56,234 [INFO] IPUIPlugin:80 - create IPUIPlugin
2023-11-28 18:15:56,234 [INFO] PluginManager:220 - loadIPPluginJar : add touchsensing
2023-11-28 18:15:56,236 [INFO] IPUIPlugin:80 - create IPUIPlugin
2023-11-28 18:15:56,236 [INFO] PluginManager:220 - loadIPPluginJar : add tracer_emb
2023-11-28 18:15:56,238 [INFO] IPUIPlugin:80 - create IPUIPlugin
2023-11-28 18:15:56,238 [INFO] PluginManager:220 - loadIPPluginJar : add ts
2023-11-28 18:15:56,240 [INFO] IPUIPlugin:80 - create IPUIPlugin
2023-11-28 18:15:56,240 [INFO] PluginManager:220 - loadIPPluginJar : add tsc
2023-11-28 18:15:56,243 [INFO] IPUIPlugin:80 - create IPUIPlugin
2023-11-28 18:15:56,243 [INFO] PluginManager:220 - loadIPPluginJar : add ucpd
2023-11-28 18:15:56,245 [INFO] IPUIPlugin:80 - create IPUIPlugin
2023-11-28 18:15:56,245 [INFO] PluginManager:220 - loadIPPluginJar : add usart
2023-11-28 18:15:56,248 [INFO] IPUIPlugin:80 - create IPUIPlugin
2023-11-28 18:15:56,248 [INFO] PluginManager:220 - loadIPPluginJar : add usbx
2023-11-28 18:15:56,375 [INFO] CADModel:165 - CPN selected for project level
2023-11-28 18:15:56,375 [INFO] CADModel:114 - Register for checkConnection events
2023-11-28 18:15:56,375 [FATAL] Updater:308 - Updater called before beeing initialized
2023-11-28 18:15:56,376 [ERROR] CADModel:125 - Updater not yet initialized, retry later 
2023-11-28 18:15:56,507 [INFO] CADModel:165 - CPN selected for project level
2023-11-28 18:15:56,507 [INFO] CADModel:114 - Register for checkConnection events
2023-11-28 18:15:56,507 [FATAL] Updater:308 - Updater called before beeing initialized
2023-11-28 18:15:56,507 [ERROR] CADModel:125 - Updater not yet initialized, retry later 
2023-11-28 18:15:56,511 [FATAL] Updater:308 - Updater called before beeing initialized
2023-11-28 18:15:56,595 [FATAL] Updater:308 - Updater called before beeing initialized
2023-11-28 18:15:56,600 [INFO] DbMcusAds:53 - JSON generation date=Tue Mar 07 09:50:55 CET 2023 (1678179055335)
2023-11-28 18:15:56,600 [FATAL] Updater:308 - Updater called before beeing initialized
2023-11-28 18:15:56,637 [WARN] DetailPanel:346 - Failed to get advertising image, set to default
2023-11-28 18:15:56,718 [FATAL] Updater:308 - Updater called before beeing initialized
2023-11-28 18:15:56,720 [FATAL] Updater:308 - Updater called before beeing initialized
2023-11-28 18:15:56,720 [FATAL] Updater:308 - Updater called before beeing initialized
2023-11-28 18:15:56,720 [WARN] DetailPanel:346 - Failed to get advertising image, set to default
2023-11-28 18:15:56,720 [FATAL] Updater:308 - Updater called before beeing initialized
2023-11-28 18:15:56,758 [ERROR] Updater:1120 - MainUpdater not yet initialized. External WinMGr cannot be set.
2023-11-28 18:15:56,760 [INFO] Updater:1056 - Updater Version found : 6.9.2
2023-11-28 18:15:56,775 [INFO] ApplicationProperties:184 - Using Application install path: C:\ST\STM32CubeIDE_1.11.2\STM32CubeIDE\plugins\com.st.stm32cube.common.mx_6.9.2.202309101412
2023-11-28 18:15:56,868 [INFO] MainUpdater:2868 - connection check result : 10
2023-11-28 18:15:56,868 [INFO] MainUpdater:285 - Updater Check For Update Now.
2023-11-28 18:15:56,869 [INFO] MicroXplorer:498 - Change Database Version : DB.6.0.92
2023-11-28 18:15:56,874 [INFO] McuFinderGlobals:63 - Set McuFinder mode to 2 (CubeIDE integrated)
2023-11-28 18:15:56,875 [INFO] UserAuth:179 - activating auth plugin
2023-11-28 18:15:56,877 [INFO] UserAuth:393 - Internet connection configuration mode: 1
2023-11-28 18:15:56,895 [INFO] JxBrowserEngine:151 - Initiate JxBrowser Engine with user profile folder
2023-11-28 18:15:57,033 [INFO] CheckServerUpdateThread:120 - End of CheckServer Thread
2023-11-28 18:15:57,583 [INFO] WebApp:157 - Instantiating new browser for Auth
2023-11-28 18:15:58,116 [INFO] WebApp:753 - Register for checkConnection events
2023-11-28 18:15:58,116 [INFO] WebApp:390 - Apply proxy settings
2023-11-28 18:15:58,116 [INFO] WebApp:475 - Chromium requires no authentication
2023-11-28 18:15:58,124 [INFO] WebApp:418 - Direct internet connection detected
2023-11-28 18:15:58,275 [INFO] WebApp:188 - Starting web application
2023-11-28 18:15:58,275 [INFO] WebApp:520 - Web application path used C:\ST\STM32CubeIDE_1.11.2\STM32CubeIDE\plugins\com.st.stm32cube.common.mx_6.9.2.202309101412\db\plugins\mcufinder\reactClient1\index.html
2023-11-28 18:15:58,798 [WARN] PackLoader:240 - Cannot read IP mode file for STMicroelectronics.X-CUBE-SMBUS.2.1.0
2023-11-28 18:15:58,834 [WARN] PackLoader:240 - Cannot read IP mode file for STMicroelectronics.X-CUBE-AZRTOS-F7.1.1.0
2023-11-28 18:15:58,846 [WARN] PackLoader:240 - Cannot read IP mode file for STMicroelectronics.FP-SNS-MOTENV1.4.3.2
2023-11-28 18:15:58,856 [WARN] PackLoader:240 - Cannot read IP mode file for STMicroelectronics.X-CUBE-BLE1.6.2.4
2023-11-28 18:15:58,861 [WARN] PackLoader:240 - Cannot read IP mode file for STMicroelectronics.FP-SNS-FLIGHT1.5.0.2
2023-11-28 18:15:58,869 [WARN] PackLoader:240 - Cannot read IP mode file for STMicroelectronics.X-CUBE-DISPLAY.3.0.0
2023-11-28 18:15:58,876 [WARN] PackLoader:240 - Cannot read IP mode file for STMicroelectronics.X-CUBE-BLE1.7.0.0
2023-11-28 18:15:58,880 [WARN] PackLoader:240 - Cannot read IP mode file for STMicroelectronics.X-CUBE-TOUCHGFX.4.22.1
2023-11-28 18:15:58,885 [WARN] PackLoader:240 - Cannot read IP mode file for STMicroelectronics.FP-SNS-SMARTAG2.1.2.0
2023-11-28 18:15:58,895 [INFO] LogOutputStream:77 - [STDOUT_REDIRECT] 1 : Invalid condition id : UX_CORESTACK_Condition cause : null
2023-11-28 18:15:58,895 [INFO] LogOutputStream:77 - [STDOUT_REDIRECT] 1 : Invalid condition id : UX_CORESTACK_Condition cause : null
2023-11-28 18:15:58,896 [INFO] LogOutputStream:77 - [STDOUT_REDIRECT] 1 : Invalid condition id : UX_CORESTACK_Condition cause : null
2023-11-28 18:15:58,896 [INFO] LogOutputStream:77 - [STDOUT_REDIRECT] 1 : Invalid condition id : UX_CORESTACK_Condition cause : null
2023-11-28 18:15:58,897 [INFO] LogOutputStream:77 - [STDOUT_REDIRECT] 1 : Invalid condition id : UX_CORESTACK_Condition cause : null
2023-11-28 18:15:58,900 [WARN] PackLoader:240 - Cannot read IP mode file for STMicroelectronics.X-CUBE-AZRTOS-WL.2.0.0
2023-11-28 18:15:58,915 [WARN] PackLoader:240 - Cannot read IP mode file for WES.I-CUBE-Cesium.1.3.0
2023-11-28 18:15:58,920 [WARN] PackLoader:240 - Cannot read IP mode file for STMicroelectronics.X-CUBE-BLE2.3.3.0
2023-11-28 18:15:58,933 [WARN] PackLoader:240 - Cannot read IP mode file for STMicroelectronics.X-CUBE-TOF1.3.2.0
2023-11-28 18:15:58,942 [WARN] PackLoader:240 - Cannot read IP mode file for STMicroelectronics.X-CUBE-TOUCHGFX.4.21.1
2023-11-28 18:15:58,945 [WARN] PackLoader:240 - Cannot read IP mode file for STMicroelectronics.X-CUBE-AI.7.3.0
2023-11-28 18:15:58,950 [WARN] PackLoader:240 - Cannot read IP mode file for STMicroelectronics.X-CUBE-ALGOBUILD.1.3.0
2023-11-28 18:15:58,991 [WARN] PackLoader:240 - Cannot read IP mode file for STMicroelectronics.X-CUBE-AZRTOS-G0.1.1.0
2023-11-28 18:15:58,999 [WARN] PackLoader:240 - Cannot read IP mode file for STMicroelectronics.X-CUBE-NFC4.3.0.0
2023-11-28 18:15:59,021 [WARN] PackLoader:240 - Cannot read IP mode file for STMicroelectronics.X-CUBE-BLEMGR.3.0.0
2023-11-28 18:15:59,030 [WARN] PackLoader:240 - Cannot read IP mode file for STMicroelectronics.X-CUBE-BLEMGR.1.3.0
2023-11-28 18:15:59,036 [WARN] PackLoader:240 - Cannot read IP mode file for STMicroelectronics.FP-ATR-SIGFOX1.3.2.0
2023-11-28 18:15:59,067 [WARN] PackLoader:240 - Cannot read IP mode file for STMicroelectronics.X-CUBE-MEMS1.9.5.0
2023-11-28 18:15:59,201 [WARN] PackLoader:240 - Cannot read IP mode file for SEGGER.I-CUBE-embOS.1.3.1
2023-11-28 18:15:59,234 [WARN] PackLoader:240 - Cannot read IP mode file for STMicroelectronics.X-CUBE-GNSS1.6.0.0
2023-11-28 18:15:59,248 [WARN] PackLoader:240 - Cannot read IP mode file for STMicroelectronics.X-CUBE-AZRTOS-F4.1.1.0
2023-11-28 18:15:59,261 [WARN] PackLoader:240 - Cannot read IP mode file for STMicroelectronics.X-CUBE-AZRTOS-L5.2.0.0
2023-11-28 18:15:59,288 [WARN] PackLoader:240 - Cannot read IP mode file for STMicroelectronics.X-CUBE-MEMS1.9.6.0
2023-11-28 18:15:59,419 [WARN] PackLoader:240 - Cannot read IP mode file for STMicroelectronics.X-CUBE-EEPRMA1.4.2.0
2023-11-28 18:15:59,424 [WARN] PackLoader:240 - Cannot read IP mode file for ITTIA_DB.I-CUBE-ITTIADB.8.8.0
2023-11-28 18:15:59,429 [WARN] PackLoader:240 - Cannot read IP mode file for emotas.I-CUBE-CANOPEN.1.1.3
2023-11-28 18:15:59,435 [WARN] PackLoader:240 - Cannot read IP mode file for STMicroelectronics.X-CUBE-BLEMGR.2.0.0
2023-11-28 18:15:59,450 [WARN] ConditionMgr:438 - getConditionDescription Invalid condition id : UX DEVICE CLASS RTOS Condition cause : null
2023-11-28 18:15:59,450 [WARN] ConditionMgr:438 - getConditionDescription Invalid condition id : UX DEVICE CLASS RTOS Condition cause : null
2023-11-28 18:15:59,452 [WARN] PackLoader:240 - Cannot read IP mode file for STMicroelectronics.X-CUBE-AZRTOS-H7.3.1.0
2023-11-28 18:15:59,452 [WARN] ConditionMgr:1039 - genDependencies : Invalid condition id : UX DEVICE CLASS RTOS Condition cause : null
2023-11-28 18:15:59,452 [WARN] ConditionMgr:1039 - genDependencies : Invalid condition id : UX DEVICE CLASS RTOS Condition cause : null
2023-11-28 18:15:59,453 [WARN] ConditionMgr:1039 - genDependencies : Invalid condition id : UX DEVICE CLASS RTOS Condition cause : null
2023-11-28 18:15:59,453 [WARN] ConditionMgr:1039 - genDependencies : Invalid condition id : UX DEVICE CLASS RTOS Condition cause : null
2023-11-28 18:15:59,453 [WARN] ConditionMgr:1039 - genDependencies : Invalid condition id : UX DEVICE CLASS RTOS Condition cause : null
2023-11-28 18:15:59,478 [WARN] PackLoader:240 - Cannot read IP mode file for wolfSSL.I-CUBE-wolfSSL.5.5.4
2023-11-28 18:15:59,483 [WARN] PackLoader:240 - Cannot read IP mode file for STMicroelectronics.X-CUBE-NFC7.1.0.1
2023-11-28 18:15:59,488 [WARN] PackLoader:240 - Cannot read IP mode file for STMicroelectronics.X-CUBE-NFC7.1.0.0
2023-11-28 18:15:59,494 [WARN] PackLoader:240 - Cannot read IP mode file for STMicroelectronics.X-CUBE-NFC6.3.0.0
2023-11-28 18:15:59,499 [WARN] PackLoader:240 - Cannot read IP mode file for STMicroelectronics.X-CUBE-EEPRMA1.4.1.0
2023-11-28 18:15:59,503 [WARN] PackLoader:240 - Cannot read IP mode file for STMicroelectronics.X-CUBE-AI.8.1.0
2023-11-28 18:15:59,519 [WARN] ConditionMgr:438 - getConditionDescription Invalid condition id : LAN8742 Phy interface Condition cause : null
2023-11-28 18:15:59,519 [WARN] PackLoader:240 - Cannot read IP mode file for STMicroelectronics.X-CUBE-AZRTOS-L4.2.0.0
2023-11-28 18:15:59,520 [WARN] ConditionMgr:1039 - genDependencies : Invalid condition id : LAN8742 Phy interface Condition cause : null
2023-11-28 18:15:59,521 [WARN] ConditionMgr:1039 - genDependencies : Invalid condition id : LAN8742 Phy interface Condition cause : null
2023-11-28 18:15:59,521 [WARN] ConditionMgr:1039 - genDependencies : Invalid condition id : LAN8742 Phy interface Condition cause : null
2023-11-28 18:15:59,528 [WARN] PackLoader:240 - Cannot read IP mode file for STMicroelectronics.X-CUBE-SFXS2LP1.4.0.0
2023-11-28 18:15:59,542 [WARN] PackLoader:240 - Cannot read IP mode file for STMicroelectronics.X-CUBE-AZRTOS-H7.3.0.0
2023-11-28 18:15:59,547 [WARN] PackLoader:240 - Cannot read IP mode file for STMicroelectronics.X-CUBE-ISPU.1.1.0
2023-11-28 18:15:59,553 [WARN] PackLoader:240 - Cannot read IP mode file for RoweBots.I-CUBE-UNISONRTOS.5.5.0-4
2023-11-28 18:15:59,557 [WARN] PackLoader:240 - Cannot read IP mode file for STMicroelectronics.X-CUBE-AI.8.0.0
2023-11-28 18:15:59,568 [WARN] ConditionMgr:438 - getConditionDescription Invalid condition id : UX DEVICE CLASS RTOS Condition cause : null
2023-11-28 18:15:59,568 [WARN] ConditionMgr:438 - getConditionDescription Invalid condition id : UX DEVICE CLASS RTOS Condition cause : null
2023-11-28 18:15:59,570 [WARN] PackLoader:240 - Cannot read IP mode file for STMicroelectronics.X-CUBE-AZRTOS-WB.2.0.0
2023-11-28 18:15:59,570 [WARN] ConditionMgr:1039 - genDependencies : Invalid condition id : UX DEVICE CLASS RTOS Condition cause : null
2023-11-28 18:15:59,570 [WARN] ConditionMgr:1039 - genDependencies : Invalid condition id : UX DEVICE CLASS RTOS Condition cause : null
2023-11-28 18:15:59,570 [WARN] ConditionMgr:1039 - genDependencies : Invalid condition id : UX DEVICE CLASS RTOS Condition cause : null
2023-11-28 18:15:59,571 [WARN] ConditionMgr:1039 - genDependencies : Invalid condition id : UX DEVICE CLASS RTOS Condition cause : null
2023-11-28 18:15:59,571 [WARN] ConditionMgr:1039 - genDependencies : Invalid condition id : UX DEVICE CLASS RTOS Condition cause : null
2023-11-28 18:15:59,575 [WARN] PackLoader:240 - Cannot read IP mode file for STMicroelectronics.X-CUBE-FREERTOS.1.0.0
2023-11-28 18:15:59,587 [WARN] PackLoader:240 - Cannot read IP mode file for STMicroelectronics.X-CUBE-AZRTOS-L5.1.1.0
2023-11-28 18:15:59,595 [WARN] PackLoader:240 - Cannot read IP mode file for STMicroelectronics.X-CUBE-SUBG2.5.0.0
2023-11-28 18:15:59,603 [WARN] PackLoader:240 - Cannot read IP mode file for STMicroelectronics.X-CUBE-TOF1.3.3.1
2023-11-28 18:15:59,618 [WARN] PackLoader:240 - Cannot read IP mode file for STMicroelectronics.X-CUBE-AZRTOS-G4.2.0.0
2023-11-28 18:15:59,622 [WARN] PackLoader:240 - Cannot read IP mode file for STMicroelectronics.FP-ATR-ASTRA1.1.1.1
2023-11-28 18:15:59,631 [WARN] PackLoader:240 - Cannot read IP mode file for Infineon.AIROC-Wi-Fi-Bluetooth-STM32.1.5.1
2023-11-28 18:15:59,637 [WARN] PackLoader:240 - Cannot read IP mode file for STMicroelectronics.FP-SNS-MOTENVWB1.1.3.0
2023-11-28 18:15:59,649 [WARN] PackLoader:240 - Cannot read IP mode file for STMicroelectronics.X-CUBE-AZRTOS-G4.1.0.0
2023-11-28 18:15:59,659 [WARN] PackLoader:240 - Cannot read IP mode file for STMicroelectronics.X-CUBE-AZRTOS-L4.1.0.0
2023-11-28 18:15:59,696 [WARN] PackLoader:240 - Cannot read IP mode file for STMicroelectronics.X-CUBE-MEMS1.10.0.0
2023-11-28 18:15:59,785 [WARN] PackLoader:240 - Cannot read IP mode file for STMicroelectronics.X-CUBE-FREERTOS.1.1.0
2023-11-28 18:15:59,793 [WARN] PackLoader:240 - Cannot read IP mode file for STMicroelectronics.X-CUBE-AZRTOS-WL.1.0.0
2023-11-28 18:15:59,798 [WARN] PackLoader:240 - Cannot read IP mode file for portGmbH.I-Cube-SoM-uGOAL.1.1.0
2023-11-28 18:15:59,832 [WARN] PackLoader:240 - Cannot read IP mode file for STMicroelectronics.X-CUBE-ALS.1.0.1
2023-11-28 18:15:59,846 [WARN] PackLoader:240 - Cannot read IP mode file for STMicroelectronics.X-CUBE-AZRTOS-WB.1.1.0
2023-11-28 18:15:59,851 [WARN] PackLoader:240 - Cannot read IP mode file for STMicroelectronics.FP-ATR-ASTRA1.2.0.0
2023-11-28 18:15:59,858 [WARN] PackLoader:240 - Cannot read IP mode file for STMicroelectronics.X-CUBE-TOF1.3.4.0
2023-11-28 18:15:59,869 [INFO] ThirdParty:978 - Integrity check success = true
2023-11-28 18:15:59,869 [INFO] IntegrityCheckThread:100 - exiting critical section [integrity check]
2023-11-28 18:15:59,869 [INFO] IntegrityCheckThread:103 - End integrity checks thread
2023-11-28 18:16:18,814 [ERROR] LogOutputStream:75 - [STDERR_REDIRECT] SLF4J: Failed to load class "org.slf4j.impl.StaticLoggerBinder".
2023-11-28 18:16:18,814 [ERROR] LogOutputStream:75 - [STDERR_REDIRECT] SLF4J: Defaulting to no-operation (NOP) logger implementation
2023-11-28 18:16:18,815 [ERROR] LogOutputStream:75 - [STDERR_REDIRECT] SLF4J: See http://www.slf4j.org/codes.html#StaticLoggerBinder for further details.
2023-11-28 18:36:55,113 [ERROR] LogOutputStream:75 - [STDERR_REDIRECT] 
2023-11-28 19:00:57,623 [INFO] Activator:176 - 


2023-11-28 19:00:57,631 [INFO] Activator:177 - !SESSION log4j initialized
2023-11-28 19:00:59,910 [INFO] LogOutputStream:77 - [STDOUT_REDIRECT] 
2023-11-28 19:01:02,028 [INFO] ApplicationProperties:184 - Using Application install path: C:\ST\STM32CubeIDE_1.11.2\STM32CubeIDE\plugins\com.st.stm32cube.common.mx_6.9.2.202309101412
2023-11-28 19:01:02,046 [INFO] DbMcusXml:78 - Set database path to: C:\ST\STM32CubeIDE_1.11.2\STM32CubeIDE\plugins\com.st.stm32cube.common.mx_6.9.2.202309101412\\db\/mcu/
2023-11-28 19:01:02,046 [INFO] ApiDb:274 - Set plugin database path to: C:\ST\STM32CubeIDE_1.11.2\STM32CubeIDE\plugins\com.st.stm32cube.common.mx_6.9.2.202309101412\\db\/plugins/boardmanager/
2023-11-28 19:01:02,046 [WARN] ApiDb:259 - Overriding images path with different value:  => C:\ST\STM32CubeIDE_1.11.2\STM32CubeIDE\plugins\com.st.stm32cube.common.mx_6.9.2.202309101412\\db\/plugins/mcufinder/images/
2023-11-28 19:01:02,053 [INFO] ApiDb:250 - Set database path to: C:\Users\andep\.stmcufinder\plugins\mcufinder//mcu/
2023-11-28 19:01:02,054 [INFO] DbMcusAds:125 - Set database path to: C:\Users\andep\.stmcufinder\plugins\mcufinder//mcu/
2023-11-28 19:01:02,058 [INFO] CrossReferenceDbSqlite:203 - Set database path to: C:\Users\andep\.stmcufinder\plugins\mcufinder//mcu/cs/
2023-11-28 19:01:02,157 [INFO] RulesReader:64 - Compatibility file has been processed (293 Rules)
2023-11-28 19:01:02,260 [INFO] DbMcusXml:78 - Set database path to: C:\ST\STM32CubeIDE_1.11.2\STM32CubeIDE\plugins\com.st.stm32cube.common.mx_6.9.2.202309101412\\db\/mcu/
2023-11-28 19:01:02,260 [INFO] ApiDb:274 - Set plugin database path to: C:\ST\STM32CubeIDE_1.11.2\STM32CubeIDE\plugins\com.st.stm32cube.common.mx_6.9.2.202309101412\\db\/plugins/boardmanager/
2023-11-28 19:01:02,261 [INFO] ApiDb:261 - Set plugin images path to: C:\ST\STM32CubeIDE_1.11.2\STM32CubeIDE\plugins\com.st.stm32cube.common.mx_6.9.2.202309101412\\db\/plugins/mcufinder/images/
2023-11-28 19:01:02,261 [WARN] DbFile:41 - Overriding database path with different value: C:\Users\andep\.stmcufinder\plugins\mcufinder/ => C:\Users\andep\.stmcufinder\plugins\mcufinder
2023-11-28 19:01:02,261 [INFO] ApiDb:250 - Set database path to: C:\Users\andep\.stmcufinder\plugins\mcufinder//mcu/
2023-11-28 19:01:02,261 [WARN] DbFile:41 - Overriding database path with different value: C:\Users\andep\.stmcufinder\plugins\mcufinder/ => C:\Users\andep\.stmcufinder\plugins\mcufinder
2023-11-28 19:01:02,261 [INFO] DbMcusAds:125 - Set database path to: C:\Users\andep\.stmcufinder\plugins\mcufinder//mcu/
2023-11-28 19:01:02,261 [WARN] DbFile:41 - Overriding database path with different value: C:\Users\andep\.stmcufinder\plugins\mcufinder/ => C:\Users\andep\.stmcufinder\plugins\mcufinder
2023-11-28 19:01:02,261 [WARN] DbFile:41 - Overriding database path with different value: C:\Users\andep\.stmcufinder\plugins\mcufinder/ => C:\Users\andep\.stmcufinder\plugins\mcufinder
2023-11-28 19:01:02,261 [INFO] CrossReferenceDbSqlite:203 - Set database path to: C:\Users\andep\.stmcufinder\plugins\mcufinder//mcu/cs/
2023-11-28 19:01:02,326 [INFO] MainPanel:262 - HeapMemory: 268435456
2023-11-28 19:01:02,380 [INFO] DbMcusXml:78 - Set database path to: C:\ST\STM32CubeIDE_1.11.2\STM32CubeIDE\plugins\com.st.stm32cube.common.mx_6.9.2.202309101412\\db\/mcu/
2023-11-28 19:01:02,380 [INFO] ApiDb:274 - Set plugin database path to: C:\ST\STM32CubeIDE_1.11.2\STM32CubeIDE\plugins\com.st.stm32cube.common.mx_6.9.2.202309101412\\db\/plugins/boardmanager/
2023-11-28 19:01:02,380 [INFO] ApiDb:261 - Set plugin images path to: C:\ST\STM32CubeIDE_1.11.2\STM32CubeIDE\plugins\com.st.stm32cube.common.mx_6.9.2.202309101412\\db\/plugins/mcufinder/images/
2023-11-28 19:01:02,381 [WARN] DbFile:41 - Overriding database path with different value: C:\Users\andep\.stmcufinder\plugins\mcufinder/ => C:\Users\andep\.stmcufinder\plugins\mcufinder
2023-11-28 19:01:02,381 [INFO] ApiDb:250 - Set database path to: C:\Users\andep\.stmcufinder\plugins\mcufinder//mcu/
2023-11-28 19:01:02,381 [WARN] DbFile:41 - Overriding database path with different value: C:\Users\andep\.stmcufinder\plugins\mcufinder/ => C:\Users\andep\.stmcufinder\plugins\mcufinder
2023-11-28 19:01:02,381 [INFO] DbMcusAds:125 - Set database path to: C:\Users\andep\.stmcufinder\plugins\mcufinder//mcu/
2023-11-28 19:01:02,381 [WARN] DbFile:41 - Overriding database path with different value: C:\Users\andep\.stmcufinder\plugins\mcufinder/ => C:\Users\andep\.stmcufinder\plugins\mcufinder
2023-11-28 19:01:02,381 [WARN] DbFile:41 - Overriding database path with different value: C:\Users\andep\.stmcufinder\plugins\mcufinder/ => C:\Users\andep\.stmcufinder\plugins\mcufinder
2023-11-28 19:01:02,381 [INFO] CrossReferenceDbSqlite:203 - Set database path to: C:\Users\andep\.stmcufinder\plugins\mcufinder//mcu/cs/
2023-11-28 19:01:02,394 [INFO] ApplicationProperties:184 - Using Application install path: C:\ST\STM32CubeIDE_1.11.2\STM32CubeIDE\plugins\com.st.stm32cube.common.mx_6.9.2.202309101412
2023-11-28 19:01:02,395 [INFO] PluginManage:196 - Search for loadable plugins [exclusion list=, ]
2023-11-28 19:01:02,396 [INFO] PluginManage:310 - Check plugin analytics
2023-11-28 19:01:02,538 [INFO] AnalyticsPlugin:253 - Accepted Software Licenses: 
2023-11-28 19:01:02,538 [INFO] AnalyticsPlugin:255 - Accepted CMSIS Pack Licenses: 
2023-11-28 19:01:02,538 [INFO] AnalyticsPlugin:257 - Accepted Firmware Licenses: 
2023-11-28 19:01:02,540 [INFO] PluginManage:359 - Loaded plugin analytics (category:tool,tabindex:-1)
2023-11-28 19:01:02,541 [INFO] PluginManage:310 - Check plugin cadmodel
2023-11-28 19:01:02,544 [INFO] CADModel:105 - Init CAD model plugin
2023-11-28 19:01:02,544 [INFO] PluginManage:359 - Loaded plugin cadmodel (category:power,tabindex:5)
2023-11-28 19:01:02,544 [INFO] PluginManage:310 - Check plugin clock
2023-11-28 19:01:02,554 [INFO] PluginManage:359 - Loaded plugin clock (category:base,tabindex:2)
2023-11-28 19:01:02,554 [INFO] PluginManage:310 - Check plugin ddr
2023-11-28 19:01:02,556 [INFO] PluginManage:359 - Loaded plugin ddr (category:tool,tabindex:6)
2023-11-28 19:01:02,556 [INFO] PluginManage:310 - Check plugin filemanager
2023-11-28 19:01:02,701 [INFO] PluginManage:359 - Loaded plugin filemanager (category:base,tabindex:10)
2023-11-28 19:01:02,701 [INFO] PluginManage:310 - Check plugin ipmanager
2023-11-28 19:01:02,708 [INFO] PluginManage:359 - Loaded plugin ipmanager (category:base,tabindex:5)
2023-11-28 19:01:02,708 [INFO] PluginManage:310 - Check plugin lpbam
2023-11-28 19:01:02,714 [INFO] PluginManage:359 - Loaded plugin lpbam (category:base,tabindex:0)
2023-11-28 19:01:02,714 [INFO] PluginManage:310 - Check plugin memorymap
2023-11-28 19:01:02,722 [INFO] PluginManage:359 - Loaded plugin memorymap (category:base,tabindex:4)
2023-11-28 19:01:02,722 [INFO] PluginManage:310 - Check plugin pinoutandconfiguration
2023-11-28 19:01:02,728 [INFO] PluginManage:359 - Loaded plugin pinoutandconfiguration (category:base,tabindex:1)
2023-11-28 19:01:02,728 [INFO] PluginManage:310 - Check plugin pinoutconfig
2023-11-28 19:01:02,800 [WARN] SupportedApi:132 - Cannot load RTOS API schema: s4s-elt-must-match.1: The content of 'definitions' must match (annotation?, (simpleType | complexType)?, (unique | key | keyref)*)). A problem was found starting at: attribute.
2023-11-28 19:01:02,905 [INFO] PluginManage:359 - Loaded plugin pinoutconfig (category:base,tabindex:0)
2023-11-28 19:01:02,905 [INFO] PluginManage:310 - Check plugin power
2023-11-28 19:01:02,913 [INFO] PluginManage:359 - Loaded plugin power (category:power,tabindex:4)
2023-11-28 19:01:02,913 [INFO] PluginManage:310 - Check plugin projectmanager
2023-11-28 19:01:02,925 [INFO] PluginManage:359 - Loaded plugin projectmanager (category:projectmanager,tabindex:3)
2023-11-28 19:01:02,925 [INFO] PluginManage:310 - Check plugin thirdparty
2023-11-28 19:01:03,052 [INFO] PluginManage:359 - Loaded plugin thirdparty (category:base,tabindex:-1)
2023-11-28 19:01:03,053 [INFO] PluginManage:310 - Check plugin tools
2023-11-28 19:01:03,052 [WARN] IntegrityCheckThread:84 - waiting for thirdparty lock release [integrity check]
2023-11-28 19:01:03,054 [INFO] IntegrityCheckThread:86 - entering critical section [integrity check]
2023-11-28 19:01:03,063 [INFO] ThirdPartyUpdaterWithRetryManager:70 - Updater plugin not ready yet. [1/15]
2023-11-28 19:01:03,072 [INFO] PluginManage:359 - Loaded plugin tools (category:base,tabindex:7)
2023-11-28 19:01:03,073 [INFO] PluginManage:310 - Check plugin tutovideos
2023-11-28 19:01:03,214 [INFO] PluginManage:359 - Loaded plugin tutovideos (category:base,tabindex:-1)
2023-11-28 19:01:03,214 [INFO] PluginManage:310 - Check plugin updater
2023-11-28 19:01:03,223 [INFO] PluginManage:359 - Loaded plugin updater (category:base,tabindex:12)
2023-11-28 19:01:03,223 [INFO] PluginManage:310 - Check plugin userauth
2023-11-28 19:01:03,227 [INFO] UserAuth:113 - Init User Auth plugin
2023-11-28 19:01:03,227 [INFO] PluginManage:359 - Loaded plugin userauth (category:base,tabindex:14)
2023-11-28 19:01:03,227 [INFO] PluginManage:283 - PluginManage : Loaded plugins [17]
2023-11-28 19:01:03,432 [INFO] PinOutPanel:1499 - setPackage(No Configuration,No Configuration)
2023-11-28 19:01:03,530 [INFO] CADModel:165 - CPN selected for project level
2023-11-28 19:01:03,530 [INFO] CADModel:114 - Register for checkConnection events
2023-11-28 19:01:03,542 [INFO] IPUIPlugin:80 - create IPUIPlugin
2023-11-28 19:01:03,543 [INFO] PluginManager:220 - loadIPPluginJar : add adc
2023-11-28 19:01:03,545 [INFO] IPUIPlugin:80 - create IPUIPlugin
2023-11-28 19:01:03,545 [INFO] PluginManager:220 - loadIPPluginJar : add aes
2023-11-28 19:01:03,547 [INFO] IPUIPlugin:80 - create IPUIPlugin
2023-11-28 19:01:03,547 [INFO] PluginManager:220 - loadIPPluginJar : add can
2023-11-28 19:01:03,548 [INFO] IPUIPlugin:80 - create IPUIPlugin
2023-11-28 19:01:03,548 [INFO] PluginManager:220 - loadIPPluginJar : add comp
2023-11-28 19:01:03,549 [INFO] IPUIPlugin:80 - create IPUIPlugin
2023-11-28 19:01:03,550 [INFO] PluginManager:220 - loadIPPluginJar : add cryp
2023-11-28 19:01:03,551 [INFO] IPUIPlugin:80 - create IPUIPlugin
2023-11-28 19:01:03,551 [INFO] PluginManager:220 - loadIPPluginJar : add dfsdm
2023-11-28 19:01:03,556 [INFO] IPUIPlugin:80 - create IPUIPlugin
2023-11-28 19:01:03,557 [INFO] PluginManager:220 - loadIPPluginJar : add dma
2023-11-28 19:01:03,559 [INFO] IPUIPlugin:80 - create IPUIPlugin
2023-11-28 19:01:03,559 [INFO] PluginManager:220 - loadIPPluginJar : add dma3
2023-11-28 19:01:03,560 [INFO] IPUIPlugin:80 - create IPUIPlugin
2023-11-28 19:01:03,560 [INFO] PluginManager:220 - loadIPPluginJar : add fatfs
2023-11-28 19:01:03,563 [INFO] IPUIPlugin:80 - create IPUIPlugin
2023-11-28 19:01:03,563 [INFO] PluginManager:220 - loadIPPluginJar : add fmc
2023-11-28 19:01:03,567 [INFO] IPUIPlugin:80 - create IPUIPlugin
2023-11-28 19:01:03,568 [INFO] PluginManager:220 - loadIPPluginJar : add freertos
2023-11-28 19:01:03,569 [INFO] IPUIPlugin:80 - create IPUIPlugin
2023-11-28 19:01:03,569 [INFO] PluginManager:220 - loadIPPluginJar : add genericplugin
2023-11-28 19:01:03,571 [INFO] IPUIPlugin:80 - create IPUIPlugin
2023-11-28 19:01:03,571 [INFO] PluginManager:220 - loadIPPluginJar : add gfxmmu
2023-11-28 19:01:03,606 [INFO] IPUIPlugin:80 - create IPUIPlugin
2023-11-28 19:01:03,606 [INFO] PluginManager:220 - loadIPPluginJar : add gic
2023-11-28 19:01:03,610 [INFO] IPUIPlugin:80 - create IPUIPlugin
2023-11-28 19:01:03,610 [INFO] PluginManager:220 - loadIPPluginJar : add gpio
2023-11-28 19:01:03,613 [INFO] IPUIPlugin:80 - create IPUIPlugin
2023-11-28 19:01:03,613 [INFO] PluginManager:220 - loadIPPluginJar : add gtzc
2023-11-28 19:01:03,616 [INFO] IPUIPlugin:80 - create IPUIPlugin
2023-11-28 19:01:03,616 [INFO] PluginManager:220 - loadIPPluginJar : add hash
2023-11-28 19:01:03,619 [INFO] IPUIPlugin:80 - create IPUIPlugin
2023-11-28 19:01:03,619 [INFO] PluginManager:220 - loadIPPluginJar : add i2c
2023-11-28 19:01:03,622 [INFO] IPUIPlugin:80 - create IPUIPlugin
2023-11-28 19:01:03,622 [INFO] PluginManager:220 - loadIPPluginJar : add i2s
2023-11-28 19:01:03,631 [INFO] IPUIPlugin:80 - create IPUIPlugin
2023-11-28 19:01:03,631 [INFO] PluginManager:220 - loadIPPluginJar : add i3c
2023-11-28 19:01:03,634 [INFO] IPUIPlugin:80 - create IPUIPlugin
2023-11-28 19:01:03,634 [INFO] PluginManager:220 - loadIPPluginJar : add ipddr
2023-11-28 19:01:03,642 [INFO] IPUIPlugin:80 - create IPUIPlugin
2023-11-28 19:01:03,642 [INFO] PluginManager:220 - loadIPPluginJar : add linkedlist
2023-11-28 19:01:03,644 [INFO] IPUIPlugin:80 - create IPUIPlugin
2023-11-28 19:01:03,644 [INFO] PluginManager:220 - loadIPPluginJar : add lorawan
2023-11-28 19:01:03,645 [INFO] IPUIPlugin:80 - create IPUIPlugin
2023-11-28 19:01:03,645 [INFO] PluginManager:220 - loadIPPluginJar : add ltdc
2023-11-28 19:01:03,650 [INFO] IPUIPlugin:80 - create IPUIPlugin
2023-11-28 19:01:03,650 [INFO] PluginManager:220 - loadIPPluginJar : add mdma
2023-11-28 19:01:03,653 [INFO] IPUIPlugin:80 - create IPUIPlugin
2023-11-28 19:01:03,653 [INFO] PluginManager:220 - loadIPPluginJar : add nvic
2023-11-28 19:01:03,656 [INFO] IPUIPlugin:80 - create IPUIPlugin
2023-11-28 19:01:03,656 [INFO] PluginManager:220 - loadIPPluginJar : add opamp
2023-11-28 19:01:03,660 [INFO] IPUIPlugin:80 - create IPUIPlugin
2023-11-28 19:01:03,660 [INFO] PluginManager:220 - loadIPPluginJar : add openamp
2023-11-28 19:01:03,662 [INFO] IPUIPlugin:80 - create IPUIPlugin
2023-11-28 19:01:03,662 [INFO] PluginManager:220 - loadIPPluginJar : add pdm2pcm
2023-11-28 19:01:03,667 [INFO] IPUIPlugin:80 - create IPUIPlugin
2023-11-28 19:01:03,669 [INFO] PluginManager:220 - loadIPPluginJar : add plateformsettings
2023-11-28 19:01:03,671 [INFO] IPUIPlugin:80 - create IPUIPlugin
2023-11-28 19:01:03,671 [INFO] PluginManager:220 - loadIPPluginJar : add quadspi
2023-11-28 19:01:03,673 [INFO] IPUIPlugin:80 - create IPUIPlugin
2023-11-28 19:01:03,673 [INFO] PluginManager:220 - loadIPPluginJar : add resmgrutility
2023-11-28 19:01:03,675 [INFO] IPUIPlugin:80 - create IPUIPlugin
2023-11-28 19:01:03,675 [INFO] PluginManager:220 - loadIPPluginJar : add sai
2023-11-28 19:01:03,677 [INFO] IPUIPlugin:80 - create IPUIPlugin
2023-11-28 19:01:03,677 [INFO] PluginManager:220 - loadIPPluginJar : add spi
2023-11-28 19:01:03,681 [INFO] IPUIPlugin:80 - create IPUIPlugin
2023-11-28 19:01:03,681 [INFO] PluginManager:220 - loadIPPluginJar : add stm32_wpan
2023-11-28 19:01:03,682 [INFO] IPUIPlugin:80 - create IPUIPlugin
2023-11-28 19:01:03,682 [INFO] PluginManager:220 - loadIPPluginJar : add tim
2023-11-28 19:01:03,684 [INFO] IPUIPlugin:80 - create IPUIPlugin
2023-11-28 19:01:03,684 [INFO] PluginManager:220 - loadIPPluginJar : add touchsensing
2023-11-28 19:01:03,686 [INFO] IPUIPlugin:80 - create IPUIPlugin
2023-11-28 19:01:03,686 [INFO] PluginManager:220 - loadIPPluginJar : add tracer_emb
2023-11-28 19:01:03,688 [INFO] IPUIPlugin:80 - create IPUIPlugin
2023-11-28 19:01:03,689 [INFO] PluginManager:220 - loadIPPluginJar : add ts
2023-11-28 19:01:03,690 [INFO] IPUIPlugin:80 - create IPUIPlugin
2023-11-28 19:01:03,690 [INFO] PluginManager:220 - loadIPPluginJar : add tsc
2023-11-28 19:01:03,692 [INFO] IPUIPlugin:80 - create IPUIPlugin
2023-11-28 19:01:03,692 [INFO] PluginManager:220 - loadIPPluginJar : add ucpd
2023-11-28 19:01:03,695 [INFO] IPUIPlugin:80 - create IPUIPlugin
2023-11-28 19:01:03,695 [INFO] PluginManager:220 - loadIPPluginJar : add usart
2023-11-28 19:01:03,697 [INFO] IPUIPlugin:80 - create IPUIPlugin
2023-11-28 19:01:03,697 [INFO] PluginManager:220 - loadIPPluginJar : add usbx
2023-11-28 19:01:03,882 [INFO] CADModel:165 - CPN selected for project level
2023-11-28 19:01:03,882 [INFO] CADModel:114 - Register for checkConnection events
2023-11-28 19:01:03,882 [FATAL] Updater:308 - Updater called before beeing initialized
2023-11-28 19:01:03,882 [ERROR] CADModel:125 - Updater not yet initialized, retry later 
2023-11-28 19:01:04,025 [INFO] CADModel:165 - CPN selected for project level
2023-11-28 19:01:04,025 [INFO] CADModel:114 - Register for checkConnection events
2023-11-28 19:01:04,025 [FATAL] Updater:308 - Updater called before beeing initialized
2023-11-28 19:01:04,025 [ERROR] CADModel:125 - Updater not yet initialized, retry later 
2023-11-28 19:01:04,028 [FATAL] Updater:308 - Updater called before beeing initialized
2023-11-28 19:01:04,140 [FATAL] Updater:308 - Updater called before beeing initialized
2023-11-28 19:01:04,144 [INFO] DbMcusAds:53 - JSON generation date=Tue Mar 07 09:50:55 CET 2023 (1678179055335)
2023-11-28 19:01:04,144 [FATAL] Updater:308 - Updater called before beeing initialized
2023-11-28 19:01:04,171 [WARN] DetailPanel:346 - Failed to get advertising image, set to default
2023-11-28 19:01:04,257 [FATAL] Updater:308 - Updater called before beeing initialized
2023-11-28 19:01:04,258 [FATAL] Updater:308 - Updater called before beeing initialized
2023-11-28 19:01:04,258 [FATAL] Updater:308 - Updater called before beeing initialized
2023-11-28 19:01:04,258 [WARN] DetailPanel:346 - Failed to get advertising image, set to default
2023-11-28 19:01:04,259 [FATAL] Updater:308 - Updater called before beeing initialized
2023-11-28 19:01:04,295 [ERROR] Updater:1120 - MainUpdater not yet initialized. External WinMGr cannot be set.
2023-11-28 19:01:04,296 [INFO] Updater:1056 - Updater Version found : 6.9.2
2023-11-28 19:01:04,311 [INFO] ApplicationProperties:184 - Using Application install path: C:\ST\STM32CubeIDE_1.11.2\STM32CubeIDE\plugins\com.st.stm32cube.common.mx_6.9.2.202309101412
2023-11-28 19:01:04,422 [INFO] MainUpdater:2868 - connection check result : 10
2023-11-28 19:01:04,423 [INFO] MainUpdater:285 - Updater Check For Update Now.
2023-11-28 19:01:04,423 [INFO] MicroXplorer:498 - Change Database Version : DB.6.0.92
2023-11-28 19:01:04,428 [INFO] McuFinderGlobals:63 - Set McuFinder mode to 2 (CubeIDE integrated)
2023-11-28 19:01:04,428 [INFO] UserAuth:179 - activating auth plugin
2023-11-28 19:01:04,430 [INFO] UserAuth:393 - Internet connection configuration mode: 1
2023-11-28 19:01:04,441 [INFO] JxBrowserEngine:151 - Initiate JxBrowser Engine with user profile folder
2023-11-28 19:01:04,651 [INFO] CheckServerUpdateThread:120 - End of CheckServer Thread
2023-11-28 19:01:05,230 [INFO] WebApp:157 - Instantiating new browser for Auth
2023-11-28 19:01:05,942 [INFO] WebApp:753 - Register for checkConnection events
2023-11-28 19:01:05,943 [INFO] WebApp:390 - Apply proxy settings
2023-11-28 19:01:05,943 [INFO] WebApp:475 - Chromium requires no authentication
2023-11-28 19:01:05,955 [INFO] WebApp:418 - Direct internet connection detected
2023-11-28 19:01:06,262 [INFO] WebApp:188 - Starting web application
2023-11-28 19:01:06,263 [INFO] WebApp:520 - Web application path used C:\ST\STM32CubeIDE_1.11.2\STM32CubeIDE\plugins\com.st.stm32cube.common.mx_6.9.2.202309101412\db\plugins\mcufinder\reactClient1\index.html
2023-11-28 19:01:06,455 [WARN] PackLoader:240 - Cannot read IP mode file for STMicroelectronics.X-CUBE-SMBUS.2.1.0
2023-11-28 19:01:06,506 [WARN] PackLoader:240 - Cannot read IP mode file for STMicroelectronics.X-CUBE-AZRTOS-F7.1.1.0
2023-11-28 19:01:06,523 [WARN] PackLoader:240 - Cannot read IP mode file for STMicroelectronics.FP-SNS-MOTENV1.4.3.2
2023-11-28 19:01:06,539 [WARN] PackLoader:240 - Cannot read IP mode file for STMicroelectronics.X-CUBE-BLE1.6.2.4
2023-11-28 19:01:06,545 [WARN] PackLoader:240 - Cannot read IP mode file for STMicroelectronics.FP-SNS-FLIGHT1.5.0.2
2023-11-28 19:01:06,558 [WARN] PackLoader:240 - Cannot read IP mode file for STMicroelectronics.X-CUBE-DISPLAY.3.0.0
2023-11-28 19:01:06,574 [WARN] PackLoader:240 - Cannot read IP mode file for STMicroelectronics.X-CUBE-BLE1.7.0.0
2023-11-28 19:01:06,581 [WARN] PackLoader:240 - Cannot read IP mode file for STMicroelectronics.X-CUBE-TOUCHGFX.4.22.1
2023-11-28 19:01:06,592 [WARN] PackLoader:240 - Cannot read IP mode file for STMicroelectronics.FP-SNS-SMARTAG2.1.2.0
2023-11-28 19:01:06,615 [INFO] LogOutputStream:77 - [STDOUT_REDIRECT] 1 : Invalid condition id : UX_CORESTACK_Condition cause : null
2023-11-28 19:01:06,616 [INFO] LogOutputStream:77 - [STDOUT_REDIRECT] 1 : Invalid condition id : UX_CORESTACK_Condition cause : null
2023-11-28 19:01:06,619 [INFO] LogOutputStream:77 - [STDOUT_REDIRECT] 1 : Invalid condition id : UX_CORESTACK_Condition cause : null
2023-11-28 19:01:06,621 [INFO] LogOutputStream:77 - [STDOUT_REDIRECT] 1 : Invalid condition id : UX_CORESTACK_Condition cause : null
2023-11-28 19:01:06,624 [INFO] LogOutputStream:77 - [STDOUT_REDIRECT] 1 : Invalid condition id : UX_CORESTACK_Condition cause : null
2023-11-28 19:01:06,636 [WARN] PackLoader:240 - Cannot read IP mode file for STMicroelectronics.X-CUBE-AZRTOS-WL.2.0.0
2023-11-28 19:01:06,660 [WARN] PackLoader:240 - Cannot read IP mode file for WES.I-CUBE-Cesium.1.3.0
2023-11-28 19:01:06,674 [WARN] PackLoader:240 - Cannot read IP mode file for STMicroelectronics.X-CUBE-BLE2.3.3.0
2023-11-28 19:01:06,701 [WARN] PackLoader:240 - Cannot read IP mode file for STMicroelectronics.X-CUBE-TOF1.3.2.0
2023-11-28 19:01:06,728 [WARN] PackLoader:240 - Cannot read IP mode file for STMicroelectronics.X-CUBE-TOUCHGFX.4.21.1
2023-11-28 19:01:06,737 [WARN] PackLoader:240 - Cannot read IP mode file for STMicroelectronics.X-CUBE-AI.7.3.0
2023-11-28 19:01:06,752 [WARN] PackLoader:240 - Cannot read IP mode file for STMicroelectronics.X-CUBE-ALGOBUILD.1.3.0
2023-11-28 19:01:06,796 [WARN] PackLoader:240 - Cannot read IP mode file for STMicroelectronics.X-CUBE-AZRTOS-G0.1.1.0
2023-11-28 19:01:06,815 [WARN] PackLoader:240 - Cannot read IP mode file for STMicroelectronics.X-CUBE-NFC4.3.0.0
2023-11-28 19:01:06,841 [WARN] PackLoader:240 - Cannot read IP mode file for STMicroelectronics.X-CUBE-BLEMGR.3.0.0
2023-11-28 19:01:06,864 [WARN] PackLoader:240 - Cannot read IP mode file for STMicroelectronics.X-CUBE-BLEMGR.1.3.0
2023-11-28 19:01:06,877 [WARN] PackLoader:240 - Cannot read IP mode file for STMicroelectronics.FP-ATR-SIGFOX1.3.2.0
2023-11-28 19:01:07,011 [WARN] PackLoader:240 - Cannot read IP mode file for STMicroelectronics.X-CUBE-MEMS1.9.5.0
2023-11-28 19:01:07,390 [WARN] PackLoader:240 - Cannot read IP mode file for SEGGER.I-CUBE-embOS.1.3.1
2023-11-28 19:01:07,526 [WARN] PackLoader:240 - Cannot read IP mode file for STMicroelectronics.X-CUBE-GNSS1.6.0.0
2023-11-28 19:01:07,560 [WARN] PackLoader:240 - Cannot read IP mode file for STMicroelectronics.X-CUBE-AZRTOS-F4.1.1.0
2023-11-28 19:01:07,621 [WARN] PackLoader:240 - Cannot read IP mode file for STMicroelectronics.X-CUBE-AZRTOS-L5.2.0.0
2023-11-28 19:01:07,694 [WARN] PackLoader:240 - Cannot read IP mode file for STMicroelectronics.X-CUBE-MEMS1.9.6.0
2023-11-28 19:01:08,040 [WARN] PackLoader:240 - Cannot read IP mode file for STMicroelectronics.X-CUBE-EEPRMA1.4.2.0
2023-11-28 19:01:08,052 [WARN] PackLoader:240 - Cannot read IP mode file for ITTIA_DB.I-CUBE-ITTIADB.8.8.0
2023-11-28 19:01:08,065 [WARN] PackLoader:240 - Cannot read IP mode file for emotas.I-CUBE-CANOPEN.1.1.3
2023-11-28 19:01:08,117 [WARN] PackLoader:240 - Cannot read IP mode file for STMicroelectronics.X-CUBE-BLEMGR.2.0.0
2023-11-28 19:01:08,151 [WARN] ConditionMgr:438 - getConditionDescription Invalid condition id : UX DEVICE CLASS RTOS Condition cause : null
2023-11-28 19:01:08,152 [WARN] ConditionMgr:438 - getConditionDescription Invalid condition id : UX DEVICE CLASS RTOS Condition cause : null
2023-11-28 19:01:08,159 [WARN] PackLoader:240 - Cannot read IP mode file for STMicroelectronics.X-CUBE-AZRTOS-H7.3.1.0
2023-11-28 19:01:08,161 [WARN] ConditionMgr:1039 - genDependencies : Invalid condition id : UX DEVICE CLASS RTOS Condition cause : null
2023-11-28 19:01:08,161 [WARN] ConditionMgr:1039 - genDependencies : Invalid condition id : UX DEVICE CLASS RTOS Condition cause : null
2023-11-28 19:01:08,162 [WARN] ConditionMgr:1039 - genDependencies : Invalid condition id : UX DEVICE CLASS RTOS Condition cause : null
2023-11-28 19:01:08,163 [WARN] ConditionMgr:1039 - genDependencies : Invalid condition id : UX DEVICE CLASS RTOS Condition cause : null
2023-11-28 19:01:08,163 [WARN] ConditionMgr:1039 - genDependencies : Invalid condition id : UX DEVICE CLASS RTOS Condition cause : null
2023-11-28 19:01:08,174 [WARN] PackLoader:240 - Cannot read IP mode file for wolfSSL.I-CUBE-wolfSSL.5.5.4
2023-11-28 19:01:08,185 [WARN] PackLoader:240 - Cannot read IP mode file for STMicroelectronics.X-CUBE-NFC7.1.0.1
2023-11-28 19:01:08,194 [WARN] PackLoader:240 - Cannot read IP mode file for STMicroelectronics.X-CUBE-NFC7.1.0.0
2023-11-28 19:01:08,210 [WARN] PackLoader:240 - Cannot read IP mode file for STMicroelectronics.X-CUBE-NFC6.3.0.0
2023-11-28 19:01:08,220 [WARN] PackLoader:240 - Cannot read IP mode file for STMicroelectronics.X-CUBE-EEPRMA1.4.1.0
2023-11-28 19:01:08,225 [WARN] PackLoader:240 - Cannot read IP mode file for STMicroelectronics.X-CUBE-AI.8.1.0
2023-11-28 19:01:08,265 [WARN] ConditionMgr:438 - getConditionDescription Invalid condition id : LAN8742 Phy interface Condition cause : null
2023-11-28 19:01:08,266 [WARN] PackLoader:240 - Cannot read IP mode file for STMicroelectronics.X-CUBE-AZRTOS-L4.2.0.0
2023-11-28 19:01:08,269 [WARN] ConditionMgr:1039 - genDependencies : Invalid condition id : LAN8742 Phy interface Condition cause : null
2023-11-28 19:01:08,269 [WARN] ConditionMgr:1039 - genDependencies : Invalid condition id : LAN8742 Phy interface Condition cause : null
2023-11-28 19:01:08,270 [WARN] ConditionMgr:1039 - genDependencies : Invalid condition id : LAN8742 Phy interface Condition cause : null
2023-11-28 19:01:08,280 [WARN] PackLoader:240 - Cannot read IP mode file for STMicroelectronics.X-CUBE-SFXS2LP1.4.0.0
2023-11-28 19:01:08,308 [WARN] PackLoader:240 - Cannot read IP mode file for STMicroelectronics.X-CUBE-AZRTOS-H7.3.0.0
2023-11-28 19:01:08,321 [WARN] PackLoader:240 - Cannot read IP mode file for STMicroelectronics.X-CUBE-ISPU.1.1.0
2023-11-28 19:01:08,331 [WARN] PackLoader:240 - Cannot read IP mode file for RoweBots.I-CUBE-UNISONRTOS.5.5.0-4
2023-11-28 19:01:08,380 [WARN] PackLoader:240 - Cannot read IP mode file for STMicroelectronics.X-CUBE-AI.8.0.0
2023-11-28 19:01:08,403 [WARN] ConditionMgr:438 - getConditionDescription Invalid condition id : UX DEVICE CLASS RTOS Condition cause : null
2023-11-28 19:01:08,403 [WARN] ConditionMgr:438 - getConditionDescription Invalid condition id : UX DEVICE CLASS RTOS Condition cause : null
2023-11-28 19:01:08,408 [WARN] PackLoader:240 - Cannot read IP mode file for STMicroelectronics.X-CUBE-AZRTOS-WB.2.0.0
2023-11-28 19:01:08,410 [WARN] ConditionMgr:1039 - genDependencies : Invalid condition id : UX DEVICE CLASS RTOS Condition cause : null
2023-11-28 19:01:08,411 [WARN] ConditionMgr:1039 - genDependencies : Invalid condition id : UX DEVICE CLASS RTOS Condition cause : null
2023-11-28 19:01:08,412 [WARN] ConditionMgr:1039 - genDependencies : Invalid condition id : UX DEVICE CLASS RTOS Condition cause : null
2023-11-28 19:01:08,412 [WARN] ConditionMgr:1039 - genDependencies : Invalid condition id : UX DEVICE CLASS RTOS Condition cause : null
2023-11-28 19:01:08,412 [WARN] ConditionMgr:1039 - genDependencies : Invalid condition id : UX DEVICE CLASS RTOS Condition cause : null
2023-11-28 19:01:08,422 [WARN] PackLoader:240 - Cannot read IP mode file for STMicroelectronics.X-CUBE-FREERTOS.1.0.0
2023-11-28 19:01:08,453 [WARN] PackLoader:240 - Cannot read IP mode file for STMicroelectronics.X-CUBE-AZRTOS-L5.1.1.0
2023-11-28 19:01:08,479 [WARN] PackLoader:240 - Cannot read IP mode file for STMicroelectronics.X-CUBE-SUBG2.5.0.0
2023-11-28 19:01:08,507 [WARN] PackLoader:240 - Cannot read IP mode file for STMicroelectronics.X-CUBE-TOF1.3.3.1
2023-11-28 19:01:08,551 [WARN] PackLoader:240 - Cannot read IP mode file for STMicroelectronics.X-CUBE-AZRTOS-G4.2.0.0
2023-11-28 19:01:08,559 [WARN] PackLoader:240 - Cannot read IP mode file for STMicroelectronics.FP-ATR-ASTRA1.1.1.1
2023-11-28 19:01:08,584 [WARN] PackLoader:240 - Cannot read IP mode file for Infineon.AIROC-Wi-Fi-Bluetooth-STM32.1.5.1
2023-11-28 19:01:08,596 [WARN] PackLoader:240 - Cannot read IP mode file for STMicroelectronics.FP-SNS-MOTENVWB1.1.3.0
2023-11-28 19:01:08,621 [WARN] PackLoader:240 - Cannot read IP mode file for STMicroelectronics.X-CUBE-AZRTOS-G4.1.0.0
2023-11-28 19:01:08,654 [WARN] PackLoader:240 - Cannot read IP mode file for STMicroelectronics.X-CUBE-AZRTOS-L4.1.0.0
2023-11-28 19:01:08,769 [WARN] PackLoader:240 - Cannot read IP mode file for STMicroelectronics.X-CUBE-MEMS1.10.0.0
2023-11-28 19:01:09,032 [WARN] PackLoader:240 - Cannot read IP mode file for STMicroelectronics.X-CUBE-FREERTOS.1.1.0
2023-11-28 19:01:09,053 [WARN] PackLoader:240 - Cannot read IP mode file for STMicroelectronics.X-CUBE-AZRTOS-WL.1.0.0
2023-11-28 19:01:09,071 [WARN] PackLoader:240 - Cannot read IP mode file for portGmbH.I-Cube-SoM-uGOAL.1.1.0
2023-11-28 19:01:09,082 [WARN] PackLoader:240 - Cannot read IP mode file for STMicroelectronics.X-CUBE-ALS.1.0.1
2023-11-28 19:01:09,106 [WARN] PackLoader:240 - Cannot read IP mode file for STMicroelectronics.X-CUBE-AZRTOS-WB.1.1.0
2023-11-28 19:01:09,113 [WARN] PackLoader:240 - Cannot read IP mode file for STMicroelectronics.FP-ATR-ASTRA1.2.0.0
2023-11-28 19:01:09,163 [WARN] PackLoader:240 - Cannot read IP mode file for STMicroelectronics.X-CUBE-TOF1.3.4.0
2023-11-28 19:01:09,185 [INFO] ThirdParty:978 - Integrity check success = true
2023-11-28 19:01:09,186 [INFO] IntegrityCheckThread:100 - exiting critical section [integrity check]
2023-11-28 19:01:09,186 [INFO] IntegrityCheckThread:103 - End integrity checks thread
2023-11-28 19:01:26,868 [ERROR] LogOutputStream:75 - [STDERR_REDIRECT] SLF4J: Failed to load class "org.slf4j.impl.StaticLoggerBinder".
2023-11-28 19:01:26,868 [ERROR] LogOutputStream:75 - [STDERR_REDIRECT] SLF4J: Defaulting to no-operation (NOP) logger implementation
2023-11-28 19:01:26,869 [ERROR] LogOutputStream:75 - [STDERR_REDIRECT] SLF4J: See http://www.slf4j.org/codes.html#StaticLoggerBinder for further details.
2023-11-28 19:38:48,761 [ERROR] LogOutputStream:75 - [STDERR_REDIRECT] 
2023-11-28 21:05:24,789 [INFO] Activator:176 - 


2023-11-28 21:05:24,793 [INFO] Activator:177 - !SESSION log4j initialized
2023-11-28 21:05:28,729 [INFO] LogOutputStream:77 - [STDOUT_REDIRECT] 
2023-11-28 21:05:32,409 [INFO] ApplicationProperties:184 - Using Application install path: C:\ST\STM32CubeIDE_1.11.2\STM32CubeIDE\plugins\com.st.stm32cube.common.mx_6.9.2.202309101412
2023-11-28 21:05:32,429 [INFO] DbMcusXml:78 - Set database path to: C:\ST\STM32CubeIDE_1.11.2\STM32CubeIDE\plugins\com.st.stm32cube.common.mx_6.9.2.202309101412\\db\/mcu/
2023-11-28 21:05:32,429 [INFO] ApiDb:274 - Set plugin database path to: C:\ST\STM32CubeIDE_1.11.2\STM32CubeIDE\plugins\com.st.stm32cube.common.mx_6.9.2.202309101412\\db\/plugins/boardmanager/
2023-11-28 21:05:32,430 [WARN] ApiDb:259 - Overriding images path with different value:  => C:\ST\STM32CubeIDE_1.11.2\STM32CubeIDE\plugins\com.st.stm32cube.common.mx_6.9.2.202309101412\\db\/plugins/mcufinder/images/
2023-11-28 21:05:32,444 [INFO] ApiDb:250 - Set database path to: C:\Users\andep\.stmcufinder\plugins\mcufinder//mcu/
2023-11-28 21:05:32,446 [INFO] DbMcusAds:125 - Set database path to: C:\Users\andep\.stmcufinder\plugins\mcufinder//mcu/
2023-11-28 21:05:32,450 [INFO] CrossReferenceDbSqlite:203 - Set database path to: C:\Users\andep\.stmcufinder\plugins\mcufinder//mcu/cs/
2023-11-28 21:05:32,619 [INFO] RulesReader:64 - Compatibility file has been processed (293 Rules)
2023-11-28 21:05:32,779 [INFO] DbMcusXml:78 - Set database path to: C:\ST\STM32CubeIDE_1.11.2\STM32CubeIDE\plugins\com.st.stm32cube.common.mx_6.9.2.202309101412\\db\/mcu/
2023-11-28 21:05:32,779 [INFO] ApiDb:274 - Set plugin database path to: C:\ST\STM32CubeIDE_1.11.2\STM32CubeIDE\plugins\com.st.stm32cube.common.mx_6.9.2.202309101412\\db\/plugins/boardmanager/
2023-11-28 21:05:32,779 [INFO] ApiDb:261 - Set plugin images path to: C:\ST\STM32CubeIDE_1.11.2\STM32CubeIDE\plugins\com.st.stm32cube.common.mx_6.9.2.202309101412\\db\/plugins/mcufinder/images/
2023-11-28 21:05:32,779 [WARN] DbFile:41 - Overriding database path with different value: C:\Users\andep\.stmcufinder\plugins\mcufinder/ => C:\Users\andep\.stmcufinder\plugins\mcufinder
2023-11-28 21:05:32,780 [INFO] ApiDb:250 - Set database path to: C:\Users\andep\.stmcufinder\plugins\mcufinder//mcu/
2023-11-28 21:05:32,780 [WARN] DbFile:41 - Overriding database path with different value: C:\Users\andep\.stmcufinder\plugins\mcufinder/ => C:\Users\andep\.stmcufinder\plugins\mcufinder
2023-11-28 21:05:32,780 [INFO] DbMcusAds:125 - Set database path to: C:\Users\andep\.stmcufinder\plugins\mcufinder//mcu/
2023-11-28 21:05:32,780 [WARN] DbFile:41 - Overriding database path with different value: C:\Users\andep\.stmcufinder\plugins\mcufinder/ => C:\Users\andep\.stmcufinder\plugins\mcufinder
2023-11-28 21:05:32,780 [WARN] DbFile:41 - Overriding database path with different value: C:\Users\andep\.stmcufinder\plugins\mcufinder/ => C:\Users\andep\.stmcufinder\plugins\mcufinder
2023-11-28 21:05:32,780 [INFO] CrossReferenceDbSqlite:203 - Set database path to: C:\Users\andep\.stmcufinder\plugins\mcufinder//mcu/cs/
2023-11-28 21:05:32,895 [INFO] MainPanel:262 - HeapMemory: 268435456
2023-11-28 21:05:32,977 [INFO] DbMcusXml:78 - Set database path to: C:\ST\STM32CubeIDE_1.11.2\STM32CubeIDE\plugins\com.st.stm32cube.common.mx_6.9.2.202309101412\\db\/mcu/
2023-11-28 21:05:32,977 [INFO] ApiDb:274 - Set plugin database path to: C:\ST\STM32CubeIDE_1.11.2\STM32CubeIDE\plugins\com.st.stm32cube.common.mx_6.9.2.202309101412\\db\/plugins/boardmanager/
2023-11-28 21:05:32,977 [INFO] ApiDb:261 - Set plugin images path to: C:\ST\STM32CubeIDE_1.11.2\STM32CubeIDE\plugins\com.st.stm32cube.common.mx_6.9.2.202309101412\\db\/plugins/mcufinder/images/
2023-11-28 21:05:32,978 [WARN] DbFile:41 - Overriding database path with different value: C:\Users\andep\.stmcufinder\plugins\mcufinder/ => C:\Users\andep\.stmcufinder\plugins\mcufinder
2023-11-28 21:05:32,978 [INFO] ApiDb:250 - Set database path to: C:\Users\andep\.stmcufinder\plugins\mcufinder//mcu/
2023-11-28 21:05:32,978 [WARN] DbFile:41 - Overriding database path with different value: C:\Users\andep\.stmcufinder\plugins\mcufinder/ => C:\Users\andep\.stmcufinder\plugins\mcufinder
2023-11-28 21:05:32,978 [INFO] DbMcusAds:125 - Set database path to: C:\Users\andep\.stmcufinder\plugins\mcufinder//mcu/
2023-11-28 21:05:32,978 [WARN] DbFile:41 - Overriding database path with different value: C:\Users\andep\.stmcufinder\plugins\mcufinder/ => C:\Users\andep\.stmcufinder\plugins\mcufinder
2023-11-28 21:05:32,978 [WARN] DbFile:41 - Overriding database path with different value: C:\Users\andep\.stmcufinder\plugins\mcufinder/ => C:\Users\andep\.stmcufinder\plugins\mcufinder
2023-11-28 21:05:32,979 [INFO] CrossReferenceDbSqlite:203 - Set database path to: C:\Users\andep\.stmcufinder\plugins\mcufinder//mcu/cs/
2023-11-28 21:05:33,003 [INFO] ApplicationProperties:184 - Using Application install path: C:\ST\STM32CubeIDE_1.11.2\STM32CubeIDE\plugins\com.st.stm32cube.common.mx_6.9.2.202309101412
2023-11-28 21:05:33,004 [INFO] PluginManage:196 - Search for loadable plugins [exclusion list=, ]
2023-11-28 21:05:33,006 [INFO] PluginManage:310 - Check plugin analytics
2023-11-28 21:05:33,244 [INFO] AnalyticsPlugin:253 - Accepted Software Licenses: 
2023-11-28 21:05:33,245 [INFO] AnalyticsPlugin:255 - Accepted CMSIS Pack Licenses: 
2023-11-28 21:05:33,246 [INFO] AnalyticsPlugin:257 - Accepted Firmware Licenses: 
2023-11-28 21:05:33,251 [INFO] PluginManage:359 - Loaded plugin analytics (category:tool,tabindex:-1)
2023-11-28 21:05:33,251 [INFO] PluginManage:310 - Check plugin cadmodel
2023-11-28 21:05:33,257 [INFO] CADModel:105 - Init CAD model plugin
2023-11-28 21:05:33,257 [INFO] PluginManage:359 - Loaded plugin cadmodel (category:power,tabindex:5)
2023-11-28 21:05:33,257 [INFO] PluginManage:310 - Check plugin clock
2023-11-28 21:05:33,269 [INFO] PluginManage:359 - Loaded plugin clock (category:base,tabindex:2)
2023-11-28 21:05:33,269 [INFO] PluginManage:310 - Check plugin ddr
2023-11-28 21:05:33,272 [INFO] PluginManage:359 - Loaded plugin ddr (category:tool,tabindex:6)
2023-11-28 21:05:33,272 [INFO] PluginManage:310 - Check plugin filemanager
2023-11-28 21:05:33,470 [INFO] PluginManage:359 - Loaded plugin filemanager (category:base,tabindex:10)
2023-11-28 21:05:33,470 [INFO] PluginManage:310 - Check plugin ipmanager
2023-11-28 21:05:33,482 [INFO] PluginManage:359 - Loaded plugin ipmanager (category:base,tabindex:5)
2023-11-28 21:05:33,482 [INFO] PluginManage:310 - Check plugin lpbam
2023-11-28 21:05:33,496 [INFO] PluginManage:359 - Loaded plugin lpbam (category:base,tabindex:0)
2023-11-28 21:05:33,497 [INFO] PluginManage:310 - Check plugin memorymap
2023-11-28 21:05:33,514 [INFO] PluginManage:359 - Loaded plugin memorymap (category:base,tabindex:4)
2023-11-28 21:05:33,515 [INFO] PluginManage:310 - Check plugin pinoutandconfiguration
2023-11-28 21:05:33,526 [INFO] PluginManage:359 - Loaded plugin pinoutandconfiguration (category:base,tabindex:1)
2023-11-28 21:05:33,526 [INFO] PluginManage:310 - Check plugin pinoutconfig
2023-11-28 21:05:33,733 [WARN] SupportedApi:132 - Cannot load RTOS API schema: s4s-elt-must-match.1: The content of 'definitions' must match (annotation?, (simpleType | complexType)?, (unique | key | keyref)*)). A problem was found starting at: attribute.
2023-11-28 21:05:33,936 [INFO] PluginManage:359 - Loaded plugin pinoutconfig (category:base,tabindex:0)
2023-11-28 21:05:33,937 [INFO] PluginManage:310 - Check plugin power
2023-11-28 21:05:33,953 [INFO] PluginManage:359 - Loaded plugin power (category:power,tabindex:4)
2023-11-28 21:05:33,954 [INFO] PluginManage:310 - Check plugin projectmanager
2023-11-28 21:05:33,977 [INFO] PluginManage:359 - Loaded plugin projectmanager (category:projectmanager,tabindex:3)
2023-11-28 21:05:33,977 [INFO] PluginManage:310 - Check plugin thirdparty
2023-11-28 21:05:34,412 [INFO] PluginManage:359 - Loaded plugin thirdparty (category:base,tabindex:-1)
2023-11-28 21:05:34,412 [INFO] PluginManage:310 - Check plugin tools
2023-11-28 21:05:34,412 [WARN] IntegrityCheckThread:84 - waiting for thirdparty lock release [integrity check]
2023-11-28 21:05:34,412 [INFO] IntegrityCheckThread:86 - entering critical section [integrity check]
2023-11-28 21:05:34,416 [INFO] ThirdPartyUpdaterWithRetryManager:70 - Updater plugin not ready yet. [1/15]
2023-11-28 21:05:34,420 [INFO] PluginManage:359 - Loaded plugin tools (category:base,tabindex:7)
2023-11-28 21:05:34,420 [INFO] PluginManage:310 - Check plugin tutovideos
2023-11-28 21:05:34,837 [INFO] PluginManage:359 - Loaded plugin tutovideos (category:base,tabindex:-1)
2023-11-28 21:05:34,837 [INFO] PluginManage:310 - Check plugin updater
2023-11-28 21:05:34,857 [INFO] PluginManage:359 - Loaded plugin updater (category:base,tabindex:12)
2023-11-28 21:05:34,857 [INFO] PluginManage:310 - Check plugin userauth
2023-11-28 21:05:34,867 [INFO] UserAuth:113 - Init User Auth plugin
2023-11-28 21:05:34,867 [INFO] PluginManage:359 - Loaded plugin userauth (category:base,tabindex:14)
2023-11-28 21:05:34,868 [INFO] PluginManage:283 - PluginManage : Loaded plugins [17]
2023-11-28 21:05:35,363 [INFO] PinOutPanel:1499 - setPackage(No Configuration,No Configuration)
2023-11-28 21:05:35,649 [INFO] CADModel:165 - CPN selected for project level
2023-11-28 21:05:35,650 [INFO] CADModel:114 - Register for checkConnection events
2023-11-28 21:05:35,685 [INFO] IPUIPlugin:80 - create IPUIPlugin
2023-11-28 21:05:35,685 [INFO] PluginManager:220 - loadIPPluginJar : add adc
2023-11-28 21:05:35,691 [INFO] IPUIPlugin:80 - create IPUIPlugin
2023-11-28 21:05:35,692 [INFO] PluginManager:220 - loadIPPluginJar : add aes
2023-11-28 21:05:35,696 [INFO] IPUIPlugin:80 - create IPUIPlugin
2023-11-28 21:05:35,696 [INFO] PluginManager:220 - loadIPPluginJar : add can
2023-11-28 21:05:35,700 [INFO] IPUIPlugin:80 - create IPUIPlugin
2023-11-28 21:05:35,700 [INFO] PluginManager:220 - loadIPPluginJar : add comp
2023-11-28 21:05:35,706 [INFO] IPUIPlugin:80 - create IPUIPlugin
2023-11-28 21:05:35,706 [INFO] PluginManager:220 - loadIPPluginJar : add cryp
2023-11-28 21:05:35,711 [INFO] IPUIPlugin:80 - create IPUIPlugin
2023-11-28 21:05:35,711 [INFO] PluginManager:220 - loadIPPluginJar : add dfsdm
2023-11-28 21:05:35,724 [INFO] IPUIPlugin:80 - create IPUIPlugin
2023-11-28 21:05:35,725 [INFO] PluginManager:220 - loadIPPluginJar : add dma
2023-11-28 21:05:35,732 [INFO] IPUIPlugin:80 - create IPUIPlugin
2023-11-28 21:05:35,732 [INFO] PluginManager:220 - loadIPPluginJar : add dma3
2023-11-28 21:05:35,736 [INFO] IPUIPlugin:80 - create IPUIPlugin
2023-11-28 21:05:35,736 [INFO] PluginManager:220 - loadIPPluginJar : add fatfs
2023-11-28 21:05:35,750 [INFO] IPUIPlugin:80 - create IPUIPlugin
2023-11-28 21:05:35,750 [INFO] PluginManager:220 - loadIPPluginJar : add fmc
2023-11-28 21:05:35,760 [INFO] IPUIPlugin:80 - create IPUIPlugin
2023-11-28 21:05:35,760 [INFO] PluginManager:220 - loadIPPluginJar : add freertos
2023-11-28 21:05:35,763 [INFO] IPUIPlugin:80 - create IPUIPlugin
2023-11-28 21:05:35,763 [INFO] PluginManager:220 - loadIPPluginJar : add genericplugin
2023-11-28 21:05:35,768 [INFO] IPUIPlugin:80 - create IPUIPlugin
2023-11-28 21:05:35,768 [INFO] PluginManager:220 - loadIPPluginJar : add gfxmmu
2023-11-28 21:05:35,779 [INFO] IPUIPlugin:80 - create IPUIPlugin
2023-11-28 21:05:35,780 [INFO] PluginManager:220 - loadIPPluginJar : add gic
2023-11-28 21:05:35,788 [INFO] IPUIPlugin:80 - create IPUIPlugin
2023-11-28 21:05:35,788 [INFO] PluginManager:220 - loadIPPluginJar : add gpio
2023-11-28 21:05:35,795 [INFO] IPUIPlugin:80 - create IPUIPlugin
2023-11-28 21:05:35,796 [INFO] PluginManager:220 - loadIPPluginJar : add gtzc
2023-11-28 21:05:35,800 [INFO] IPUIPlugin:80 - create IPUIPlugin
2023-11-28 21:05:35,800 [INFO] PluginManager:220 - loadIPPluginJar : add hash
2023-11-28 21:05:35,806 [INFO] IPUIPlugin:80 - create IPUIPlugin
2023-11-28 21:05:35,807 [INFO] PluginManager:220 - loadIPPluginJar : add i2c
2023-11-28 21:05:35,813 [INFO] IPUIPlugin:80 - create IPUIPlugin
2023-11-28 21:05:35,813 [INFO] PluginManager:220 - loadIPPluginJar : add i2s
2023-11-28 21:05:35,820 [INFO] IPUIPlugin:80 - create IPUIPlugin
2023-11-28 21:05:35,820 [INFO] PluginManager:220 - loadIPPluginJar : add i3c
2023-11-28 21:05:35,825 [INFO] IPUIPlugin:80 - create IPUIPlugin
2023-11-28 21:05:35,825 [INFO] PluginManager:220 - loadIPPluginJar : add ipddr
2023-11-28 21:05:35,839 [INFO] IPUIPlugin:80 - create IPUIPlugin
2023-11-28 21:05:35,840 [INFO] PluginManager:220 - loadIPPluginJar : add linkedlist
2023-11-28 21:05:35,845 [INFO] IPUIPlugin:80 - create IPUIPlugin
2023-11-28 21:05:35,845 [INFO] PluginManager:220 - loadIPPluginJar : add lorawan
2023-11-28 21:05:35,848 [INFO] IPUIPlugin:80 - create IPUIPlugin
2023-11-28 21:05:35,848 [INFO] PluginManager:220 - loadIPPluginJar : add ltdc
2023-11-28 21:05:35,857 [INFO] IPUIPlugin:80 - create IPUIPlugin
2023-11-28 21:05:35,858 [INFO] PluginManager:220 - loadIPPluginJar : add mdma
2023-11-28 21:05:35,866 [INFO] IPUIPlugin:80 - create IPUIPlugin
2023-11-28 21:05:35,867 [INFO] PluginManager:220 - loadIPPluginJar : add nvic
2023-11-28 21:05:35,872 [INFO] IPUIPlugin:80 - create IPUIPlugin
2023-11-28 21:05:35,872 [INFO] PluginManager:220 - loadIPPluginJar : add opamp
2023-11-28 21:05:35,879 [INFO] IPUIPlugin:80 - create IPUIPlugin
2023-11-28 21:05:35,880 [INFO] PluginManager:220 - loadIPPluginJar : add openamp
2023-11-28 21:05:35,886 [INFO] IPUIPlugin:80 - create IPUIPlugin
2023-11-28 21:05:35,887 [INFO] PluginManager:220 - loadIPPluginJar : add pdm2pcm
2023-11-28 21:05:35,901 [INFO] IPUIPlugin:80 - create IPUIPlugin
2023-11-28 21:05:35,907 [INFO] PluginManager:220 - loadIPPluginJar : add plateformsettings
2023-11-28 21:05:35,912 [INFO] IPUIPlugin:80 - create IPUIPlugin
2023-11-28 21:05:35,912 [INFO] PluginManager:220 - loadIPPluginJar : add quadspi
2023-11-28 21:05:35,924 [INFO] IPUIPlugin:80 - create IPUIPlugin
2023-11-28 21:05:35,924 [INFO] PluginManager:220 - loadIPPluginJar : add resmgrutility
2023-11-28 21:05:35,931 [INFO] IPUIPlugin:80 - create IPUIPlugin
2023-11-28 21:05:35,932 [INFO] PluginManager:220 - loadIPPluginJar : add sai
2023-11-28 21:05:35,936 [INFO] IPUIPlugin:80 - create IPUIPlugin
2023-11-28 21:05:35,936 [INFO] PluginManager:220 - loadIPPluginJar : add spi
2023-11-28 21:05:35,945 [INFO] IPUIPlugin:80 - create IPUIPlugin
2023-11-28 21:05:35,945 [INFO] PluginManager:220 - loadIPPluginJar : add stm32_wpan
2023-11-28 21:05:35,948 [INFO] IPUIPlugin:80 - create IPUIPlugin
2023-11-28 21:05:35,948 [INFO] PluginManager:220 - loadIPPluginJar : add tim
2023-11-28 21:05:35,954 [INFO] IPUIPlugin:80 - create IPUIPlugin
2023-11-28 21:05:35,954 [INFO] PluginManager:220 - loadIPPluginJar : add touchsensing
2023-11-28 21:05:35,957 [INFO] IPUIPlugin:80 - create IPUIPlugin
2023-11-28 21:05:35,957 [INFO] PluginManager:220 - loadIPPluginJar : add tracer_emb
2023-11-28 21:05:35,960 [INFO] IPUIPlugin:80 - create IPUIPlugin
2023-11-28 21:05:35,960 [INFO] PluginManager:220 - loadIPPluginJar : add ts
2023-11-28 21:05:35,964 [INFO] IPUIPlugin:80 - create IPUIPlugin
2023-11-28 21:05:35,965 [INFO] PluginManager:220 - loadIPPluginJar : add tsc
2023-11-28 21:05:35,969 [INFO] IPUIPlugin:80 - create IPUIPlugin
2023-11-28 21:05:35,969 [INFO] PluginManager:220 - loadIPPluginJar : add ucpd
2023-11-28 21:05:35,976 [INFO] IPUIPlugin:80 - create IPUIPlugin
2023-11-28 21:05:35,976 [INFO] PluginManager:220 - loadIPPluginJar : add usart
2023-11-28 21:05:35,982 [INFO] IPUIPlugin:80 - create IPUIPlugin
2023-11-28 21:05:35,983 [INFO] PluginManager:220 - loadIPPluginJar : add usbx
2023-11-28 21:05:36,195 [INFO] CADModel:165 - CPN selected for project level
2023-11-28 21:05:36,196 [INFO] CADModel:114 - Register for checkConnection events
2023-11-28 21:05:36,196 [FATAL] Updater:308 - Updater called before beeing initialized
2023-11-28 21:05:36,196 [ERROR] CADModel:125 - Updater not yet initialized, retry later 
2023-11-28 21:05:36,464 [INFO] CADModel:165 - CPN selected for project level
2023-11-28 21:05:36,465 [INFO] CADModel:114 - Register for checkConnection events
2023-11-28 21:05:36,465 [FATAL] Updater:308 - Updater called before beeing initialized
2023-11-28 21:05:36,466 [ERROR] CADModel:125 - Updater not yet initialized, retry later 
2023-11-28 21:05:36,473 [FATAL] Updater:308 - Updater called before beeing initialized
2023-11-28 21:05:36,776 [FATAL] Updater:308 - Updater called before beeing initialized
2023-11-28 21:05:36,793 [INFO] DbMcusAds:53 - JSON generation date=Tue Mar 07 09:50:55 CET 2023 (1678179055335)
2023-11-28 21:05:36,793 [FATAL] Updater:308 - Updater called before beeing initialized
2023-11-28 21:05:36,955 [WARN] DetailPanel:346 - Failed to get advertising image, set to default
2023-11-28 21:05:37,321 [FATAL] Updater:308 - Updater called before beeing initialized
2023-11-28 21:05:37,324 [FATAL] Updater:308 - Updater called before beeing initialized
2023-11-28 21:05:37,324 [FATAL] Updater:308 - Updater called before beeing initialized
2023-11-28 21:05:37,325 [WARN] DetailPanel:346 - Failed to get advertising image, set to default
2023-11-28 21:05:37,327 [FATAL] Updater:308 - Updater called before beeing initialized
2023-11-28 21:05:37,410 [ERROR] Updater:1120 - MainUpdater not yet initialized. External WinMGr cannot be set.
2023-11-28 21:05:37,414 [INFO] Updater:1056 - Updater Version found : 6.9.2
2023-11-28 21:05:37,428 [INFO] ThirdPartyUpdaterWithRetryManager:70 - Updater plugin not ready yet. [2/15]
2023-11-28 21:05:37,450 [INFO] ApplicationProperties:184 - Using Application install path: C:\ST\STM32CubeIDE_1.11.2\STM32CubeIDE\plugins\com.st.stm32cube.common.mx_6.9.2.202309101412
2023-11-28 21:05:37,750 [INFO] MainUpdater:2868 - connection check result : 10
2023-11-28 21:05:37,753 [INFO] MainUpdater:285 - Updater Check For Update Now.
2023-11-28 21:05:37,753 [INFO] MicroXplorer:498 - Change Database Version : DB.6.0.92
2023-11-28 21:05:37,763 [INFO] McuFinderGlobals:63 - Set McuFinder mode to 2 (CubeIDE integrated)
2023-11-28 21:05:37,764 [INFO] UserAuth:179 - activating auth plugin
2023-11-28 21:05:37,774 [INFO] UserAuth:393 - Internet connection configuration mode: 1
2023-11-28 21:05:37,820 [INFO] JxBrowserEngine:151 - Initiate JxBrowser Engine with user profile folder
2023-11-28 21:05:38,078 [INFO] CheckServerUpdateThread:120 - End of CheckServer Thread
2023-11-28 21:05:39,250 [INFO] WebApp:157 - Instantiating new browser for Auth
2023-11-28 21:05:40,427 [INFO] WebApp:753 - Register for checkConnection events
2023-11-28 21:05:40,427 [INFO] WebApp:390 - Apply proxy settings
2023-11-28 21:05:40,428 [INFO] WebApp:475 - Chromium requires no authentication
2023-11-28 21:05:40,442 [INFO] WebApp:418 - Direct internet connection detected
2023-11-28 21:05:40,884 [INFO] WebApp:188 - Starting web application
2023-11-28 21:05:40,885 [INFO] WebApp:520 - Web application path used C:\ST\STM32CubeIDE_1.11.2\STM32CubeIDE\plugins\com.st.stm32cube.common.mx_6.9.2.202309101412\db\plugins\mcufinder\reactClient1\index.html
2023-11-28 21:05:41,014 [WARN] PackLoader:240 - Cannot read IP mode file for STMicroelectronics.X-CUBE-SMBUS.2.1.0
2023-11-28 21:05:41,143 [WARN] PackLoader:240 - Cannot read IP mode file for STMicroelectronics.X-CUBE-AZRTOS-F7.1.1.0
2023-11-28 21:05:41,186 [WARN] PackLoader:240 - Cannot read IP mode file for STMicroelectronics.FP-SNS-MOTENV1.4.3.2
2023-11-28 21:05:41,241 [WARN] PackLoader:240 - Cannot read IP mode file for STMicroelectronics.X-CUBE-BLE1.6.2.4
2023-11-28 21:05:41,260 [WARN] PackLoader:240 - Cannot read IP mode file for STMicroelectronics.FP-SNS-FLIGHT1.5.0.2
2023-11-28 21:05:41,290 [WARN] PackLoader:240 - Cannot read IP mode file for STMicroelectronics.X-CUBE-DISPLAY.3.0.0
2023-11-28 21:05:41,324 [WARN] PackLoader:240 - Cannot read IP mode file for STMicroelectronics.X-CUBE-BLE1.7.0.0
2023-11-28 21:05:41,402 [WARN] PackLoader:240 - Cannot read IP mode file for STMicroelectronics.X-CUBE-TOUCHGFX.4.22.1
2023-11-28 21:05:41,470 [WARN] PackLoader:240 - Cannot read IP mode file for STMicroelectronics.FP-SNS-SMARTAG2.1.2.0
2023-11-28 21:05:41,583 [INFO] LogOutputStream:77 - [STDOUT_REDIRECT] 1 : Invalid condition id : UX_CORESTACK_Condition cause : null
2023-11-28 21:05:41,584 [INFO] LogOutputStream:77 - [STDOUT_REDIRECT] 1 : Invalid condition id : UX_CORESTACK_Condition cause : null
2023-11-28 21:05:41,586 [INFO] LogOutputStream:77 - [STDOUT_REDIRECT] 1 : Invalid condition id : UX_CORESTACK_Condition cause : null
2023-11-28 21:05:41,590 [INFO] LogOutputStream:77 - [STDOUT_REDIRECT] 1 : Invalid condition id : UX_CORESTACK_Condition cause : null
2023-11-28 21:05:41,593 [INFO] LogOutputStream:77 - [STDOUT_REDIRECT] 1 : Invalid condition id : UX_CORESTACK_Condition cause : null
2023-11-28 21:05:41,673 [WARN] PackLoader:240 - Cannot read IP mode file for STMicroelectronics.X-CUBE-AZRTOS-WL.2.0.0
2023-11-28 21:05:41,712 [WARN] PackLoader:240 - Cannot read IP mode file for WES.I-CUBE-Cesium.1.3.0
2023-11-28 21:05:41,753 [WARN] PackLoader:240 - Cannot read IP mode file for STMicroelectronics.X-CUBE-BLE2.3.3.0
2023-11-28 21:05:41,799 [WARN] PackLoader:240 - Cannot read IP mode file for STMicroelectronics.X-CUBE-TOF1.3.2.0
2023-11-28 21:05:41,833 [WARN] PackLoader:240 - Cannot read IP mode file for STMicroelectronics.X-CUBE-TOUCHGFX.4.21.1
2023-11-28 21:05:41,847 [WARN] PackLoader:240 - Cannot read IP mode file for STMicroelectronics.X-CUBE-AI.7.3.0
2023-11-28 21:05:41,868 [WARN] PackLoader:240 - Cannot read IP mode file for STMicroelectronics.X-CUBE-ALGOBUILD.1.3.0
2023-11-28 21:05:41,917 [WARN] PackLoader:240 - Cannot read IP mode file for STMicroelectronics.X-CUBE-AZRTOS-G0.1.1.0
2023-11-28 21:05:41,943 [WARN] PackLoader:240 - Cannot read IP mode file for STMicroelectronics.X-CUBE-NFC4.3.0.0
2023-11-28 21:05:41,977 [WARN] PackLoader:240 - Cannot read IP mode file for STMicroelectronics.X-CUBE-BLEMGR.3.0.0
2023-11-28 21:05:42,011 [WARN] PackLoader:240 - Cannot read IP mode file for STMicroelectronics.X-CUBE-BLEMGR.1.3.0
2023-11-28 21:05:42,046 [WARN] PackLoader:240 - Cannot read IP mode file for STMicroelectronics.FP-ATR-SIGFOX1.3.2.0
2023-11-28 21:05:42,190 [WARN] PackLoader:240 - Cannot read IP mode file for STMicroelectronics.X-CUBE-MEMS1.9.5.0
2023-11-28 21:05:42,853 [WARN] PackLoader:240 - Cannot read IP mode file for SEGGER.I-CUBE-embOS.1.3.1
2023-11-28 21:05:42,990 [WARN] PackLoader:240 - Cannot read IP mode file for STMicroelectronics.X-CUBE-GNSS1.6.0.0
2023-11-28 21:05:43,041 [WARN] PackLoader:240 - Cannot read IP mode file for STMicroelectronics.X-CUBE-AZRTOS-F4.1.1.0
2023-11-28 21:05:43,127 [WARN] PackLoader:240 - Cannot read IP mode file for STMicroelectronics.X-CUBE-AZRTOS-L5.2.0.0
2023-11-28 21:05:43,305 [WARN] PackLoader:240 - Cannot read IP mode file for STMicroelectronics.X-CUBE-MEMS1.9.6.0
2023-11-28 21:05:43,876 [WARN] PackLoader:240 - Cannot read IP mode file for STMicroelectronics.X-CUBE-EEPRMA1.4.2.0
2023-11-28 21:05:43,894 [WARN] PackLoader:240 - Cannot read IP mode file for ITTIA_DB.I-CUBE-ITTIADB.8.8.0
2023-11-28 21:05:43,913 [WARN] PackLoader:240 - Cannot read IP mode file for emotas.I-CUBE-CANOPEN.1.1.3
2023-11-28 21:05:43,940 [WARN] PackLoader:240 - Cannot read IP mode file for STMicroelectronics.X-CUBE-BLEMGR.2.0.0
2023-11-28 21:05:44,005 [WARN] ConditionMgr:438 - getConditionDescription Invalid condition id : UX DEVICE CLASS RTOS Condition cause : null
2023-11-28 21:05:44,005 [WARN] ConditionMgr:438 - getConditionDescription Invalid condition id : UX DEVICE CLASS RTOS Condition cause : null
2023-11-28 21:05:44,022 [WARN] PackLoader:240 - Cannot read IP mode file for STMicroelectronics.X-CUBE-AZRTOS-H7.3.1.0
2023-11-28 21:05:44,024 [WARN] ConditionMgr:1039 - genDependencies : Invalid condition id : UX DEVICE CLASS RTOS Condition cause : null
2023-11-28 21:05:44,024 [WARN] ConditionMgr:1039 - genDependencies : Invalid condition id : UX DEVICE CLASS RTOS Condition cause : null
2023-11-28 21:05:44,027 [WARN] ConditionMgr:1039 - genDependencies : Invalid condition id : UX DEVICE CLASS RTOS Condition cause : null
2023-11-28 21:05:44,029 [WARN] ConditionMgr:1039 - genDependencies : Invalid condition id : UX DEVICE CLASS RTOS Condition cause : null
2023-11-28 21:05:44,030 [WARN] ConditionMgr:1039 - genDependencies : Invalid condition id : UX DEVICE CLASS RTOS Condition cause : null
2023-11-28 21:05:44,054 [WARN] PackLoader:240 - Cannot read IP mode file for wolfSSL.I-CUBE-wolfSSL.5.5.4
2023-11-28 21:05:44,070 [WARN] PackLoader:240 - Cannot read IP mode file for STMicroelectronics.X-CUBE-NFC7.1.0.1
2023-11-28 21:05:44,082 [WARN] PackLoader:240 - Cannot read IP mode file for STMicroelectronics.X-CUBE-NFC7.1.0.0
2023-11-28 21:05:44,106 [WARN] PackLoader:240 - Cannot read IP mode file for STMicroelectronics.X-CUBE-NFC6.3.0.0
2023-11-28 21:05:44,129 [WARN] PackLoader:240 - Cannot read IP mode file for STMicroelectronics.X-CUBE-EEPRMA1.4.1.0
2023-11-28 21:05:44,140 [WARN] PackLoader:240 - Cannot read IP mode file for STMicroelectronics.X-CUBE-AI.8.1.0
2023-11-28 21:05:44,193 [WARN] ConditionMgr:438 - getConditionDescription Invalid condition id : LAN8742 Phy interface Condition cause : null
2023-11-28 21:05:44,196 [WARN] PackLoader:240 - Cannot read IP mode file for STMicroelectronics.X-CUBE-AZRTOS-L4.2.0.0
2023-11-28 21:05:44,202 [WARN] ConditionMgr:1039 - genDependencies : Invalid condition id : LAN8742 Phy interface Condition cause : null
2023-11-28 21:05:44,203 [WARN] ConditionMgr:1039 - genDependencies : Invalid condition id : LAN8742 Phy interface Condition cause : null
2023-11-28 21:05:44,203 [WARN] ConditionMgr:1039 - genDependencies : Invalid condition id : LAN8742 Phy interface Condition cause : null
2023-11-28 21:05:44,225 [WARN] PackLoader:240 - Cannot read IP mode file for STMicroelectronics.X-CUBE-SFXS2LP1.4.0.0
2023-11-28 21:05:44,287 [WARN] PackLoader:240 - Cannot read IP mode file for STMicroelectronics.X-CUBE-AZRTOS-H7.3.0.0
2023-11-28 21:05:44,303 [WARN] PackLoader:240 - Cannot read IP mode file for STMicroelectronics.X-CUBE-ISPU.1.1.0
2023-11-28 21:05:44,325 [WARN] PackLoader:240 - Cannot read IP mode file for RoweBots.I-CUBE-UNISONRTOS.5.5.0-4
2023-11-28 21:05:44,338 [WARN] PackLoader:240 - Cannot read IP mode file for STMicroelectronics.X-CUBE-AI.8.0.0
2023-11-28 21:05:44,366 [WARN] ConditionMgr:438 - getConditionDescription Invalid condition id : UX DEVICE CLASS RTOS Condition cause : null
2023-11-28 21:05:44,368 [WARN] ConditionMgr:438 - getConditionDescription Invalid condition id : UX DEVICE CLASS RTOS Condition cause : null
2023-11-28 21:05:44,373 [WARN] PackLoader:240 - Cannot read IP mode file for STMicroelectronics.X-CUBE-AZRTOS-WB.2.0.0
2023-11-28 21:05:44,374 [WARN] ConditionMgr:1039 - genDependencies : Invalid condition id : UX DEVICE CLASS RTOS Condition cause : null
2023-11-28 21:05:44,374 [WARN] ConditionMgr:1039 - genDependencies : Invalid condition id : UX DEVICE CLASS RTOS Condition cause : null
2023-11-28 21:05:44,375 [WARN] ConditionMgr:1039 - genDependencies : Invalid condition id : UX DEVICE CLASS RTOS Condition cause : null
2023-11-28 21:05:44,376 [WARN] ConditionMgr:1039 - genDependencies : Invalid condition id : UX DEVICE CLASS RTOS Condition cause : null
2023-11-28 21:05:44,378 [WARN] ConditionMgr:1039 - genDependencies : Invalid condition id : UX DEVICE CLASS RTOS Condition cause : null
2023-11-28 21:05:44,388 [WARN] PackLoader:240 - Cannot read IP mode file for STMicroelectronics.X-CUBE-FREERTOS.1.0.0
2023-11-28 21:05:44,439 [WARN] PackLoader:240 - Cannot read IP mode file for STMicroelectronics.X-CUBE-AZRTOS-L5.1.1.0
2023-11-28 21:05:44,475 [WARN] PackLoader:240 - Cannot read IP mode file for STMicroelectronics.X-CUBE-SUBG2.5.0.0
2023-11-28 21:05:44,623 [WARN] PackLoader:240 - Cannot read IP mode file for STMicroelectronics.X-CUBE-TOF1.3.3.1
2023-11-28 21:05:44,730 [WARN] PackLoader:240 - Cannot read IP mode file for STMicroelectronics.X-CUBE-AZRTOS-G4.2.0.0
2023-11-28 21:05:44,743 [WARN] PackLoader:240 - Cannot read IP mode file for STMicroelectronics.FP-ATR-ASTRA1.1.1.1
2023-11-28 21:05:44,787 [WARN] PackLoader:240 - Cannot read IP mode file for Infineon.AIROC-Wi-Fi-Bluetooth-STM32.1.5.1
2023-11-28 21:05:44,818 [WARN] PackLoader:240 - Cannot read IP mode file for STMicroelectronics.FP-SNS-MOTENVWB1.1.3.0
2023-11-28 21:05:44,868 [WARN] PackLoader:240 - Cannot read IP mode file for STMicroelectronics.X-CUBE-AZRTOS-G4.1.0.0
2023-11-28 21:05:44,912 [WARN] PackLoader:240 - Cannot read IP mode file for STMicroelectronics.X-CUBE-AZRTOS-L4.1.0.0
2023-11-28 21:05:45,078 [WARN] PackLoader:240 - Cannot read IP mode file for STMicroelectronics.X-CUBE-MEMS1.10.0.0
2023-11-28 21:05:45,590 [WARN] PackLoader:240 - Cannot read IP mode file for STMicroelectronics.X-CUBE-FREERTOS.1.1.0
2023-11-28 21:05:45,629 [WARN] PackLoader:240 - Cannot read IP mode file for STMicroelectronics.X-CUBE-AZRTOS-WL.1.0.0
2023-11-28 21:05:45,648 [WARN] PackLoader:240 - Cannot read IP mode file for portGmbH.I-Cube-SoM-uGOAL.1.1.0
2023-11-28 21:05:45,661 [WARN] PackLoader:240 - Cannot read IP mode file for STMicroelectronics.X-CUBE-ALS.1.0.1
2023-11-28 21:05:45,699 [WARN] PackLoader:240 - Cannot read IP mode file for STMicroelectronics.X-CUBE-AZRTOS-WB.1.1.0
2023-11-28 21:05:45,710 [WARN] PackLoader:240 - Cannot read IP mode file for STMicroelectronics.FP-ATR-ASTRA1.2.0.0
2023-11-28 21:05:45,771 [WARN] PackLoader:240 - Cannot read IP mode file for STMicroelectronics.X-CUBE-TOF1.3.4.0
2023-11-28 21:05:45,797 [INFO] ThirdParty:978 - Integrity check success = true
2023-11-28 21:05:45,797 [INFO] IntegrityCheckThread:100 - exiting critical section [integrity check]
2023-11-28 21:05:45,797 [INFO] IntegrityCheckThread:103 - End integrity checks thread
2023-11-28 21:06:02,453 [ERROR] LogOutputStream:75 - [STDERR_REDIRECT] SLF4J: Failed to load class "org.slf4j.impl.StaticLoggerBinder".
2023-11-28 21:06:02,454 [ERROR] LogOutputStream:75 - [STDERR_REDIRECT] SLF4J: Defaulting to no-operation (NOP) logger implementation
2023-11-28 21:06:02,459 [ERROR] LogOutputStream:75 - [STDERR_REDIRECT] SLF4J: See http://www.slf4j.org/codes.html#StaticLoggerBinder for further details.
2023-11-28 22:13:34,677 [ERROR] LogOutputStream:75 - [STDERR_REDIRECT] 
