2023-11-22 16:57:23,676 [INFO] Activator:176 - 


2023-11-22 16:57:23,683 [INFO] Activator:177 - !SESSION log4j initialized
2023-11-22 16:57:26,487 [INFO] LogOutputStream:77 - [STDOUT_REDIRECT] 
2023-11-22 16:57:28,503 [INFO] ApplicationProperties:184 - Using Application install path: C:\ST\STM32CubeIDE_1.11.2\STM32CubeIDE\plugins\com.st.stm32cube.common.mx_6.9.2.202309101412
2023-11-22 16:57:28,518 [INFO] DbMcusXml:78 - Set database path to: C:\ST\STM32CubeIDE_1.11.2\STM32CubeIDE\plugins\com.st.stm32cube.common.mx_6.9.2.202309101412\\db\/mcu/
2023-11-22 16:57:28,518 [INFO] ApiDb:274 - Set plugin database path to: C:\ST\STM32CubeIDE_1.11.2\STM32CubeIDE\plugins\com.st.stm32cube.common.mx_6.9.2.202309101412\\db\/plugins/boardmanager/
2023-11-22 16:57:28,519 [WARN] ApiDb:259 - Overriding images path with different value:  => C:\ST\STM32CubeIDE_1.11.2\STM32CubeIDE\plugins\com.st.stm32cube.common.mx_6.9.2.202309101412\\db\/plugins/mcufinder/images/
2023-11-22 16:57:28,531 [INFO] ApiDb:250 - Set database path to: C:\Users\andep\.stmcufinder\plugins\mcufinder//mcu/
2023-11-22 16:57:28,531 [INFO] DbMcusAds:125 - Set database path to: C:\Users\andep\.stmcufinder\plugins\mcufinder//mcu/
2023-11-22 16:57:28,533 [INFO] CrossReferenceDbSqlite:203 - Set database path to: C:\Users\andep\.stmcufinder\plugins\mcufinder//mcu/cs/
2023-11-22 16:57:28,629 [INFO] RulesReader:64 - Compatibility file has been processed (293 Rules)
2023-11-22 16:57:28,699 [INFO] DbMcusXml:78 - Set database path to: C:\ST\STM32CubeIDE_1.11.2\STM32CubeIDE\plugins\com.st.stm32cube.common.mx_6.9.2.202309101412\\db\/mcu/
2023-11-22 16:57:28,699 [INFO] ApiDb:274 - Set plugin database path to: C:\ST\STM32CubeIDE_1.11.2\STM32CubeIDE\plugins\com.st.stm32cube.common.mx_6.9.2.202309101412\\db\/plugins/boardmanager/
2023-11-22 16:57:28,699 [INFO] ApiDb:261 - Set plugin images path to: C:\ST\STM32CubeIDE_1.11.2\STM32CubeIDE\plugins\com.st.stm32cube.common.mx_6.9.2.202309101412\\db\/plugins/mcufinder/images/
2023-11-22 16:57:28,699 [WARN] DbFile:41 - Overriding database path with different value: C:\Users\andep\.stmcufinder\plugins\mcufinder/ => C:\Users\andep\.stmcufinder\plugins\mcufinder
2023-11-22 16:57:28,699 [INFO] ApiDb:250 - Set database path to: C:\Users\andep\.stmcufinder\plugins\mcufinder//mcu/
2023-11-22 16:57:28,699 [WARN] DbFile:41 - Overriding database path with different value: C:\Users\andep\.stmcufinder\plugins\mcufinder/ => C:\Users\andep\.stmcufinder\plugins\mcufinder
2023-11-22 16:57:28,699 [INFO] DbMcusAds:125 - Set database path to: C:\Users\andep\.stmcufinder\plugins\mcufinder//mcu/
2023-11-22 16:57:28,700 [WARN] DbFile:41 - Overriding database path with different value: C:\Users\andep\.stmcufinder\plugins\mcufinder/ => C:\Users\andep\.stmcufinder\plugins\mcufinder
2023-11-22 16:57:28,700 [WARN] DbFile:41 - Overriding database path with different value: C:\Users\andep\.stmcufinder\plugins\mcufinder/ => C:\Users\andep\.stmcufinder\plugins\mcufinder
2023-11-22 16:57:28,700 [INFO] CrossReferenceDbSqlite:203 - Set database path to: C:\Users\andep\.stmcufinder\plugins\mcufinder//mcu/cs/
2023-11-22 16:57:28,772 [INFO] MainPanel:262 - HeapMemory: 268435456
2023-11-22 16:57:28,860 [INFO] DbMcusXml:78 - Set database path to: C:\ST\STM32CubeIDE_1.11.2\STM32CubeIDE\plugins\com.st.stm32cube.common.mx_6.9.2.202309101412\\db\/mcu/
2023-11-22 16:57:28,860 [INFO] ApiDb:274 - Set plugin database path to: C:\ST\STM32CubeIDE_1.11.2\STM32CubeIDE\plugins\com.st.stm32cube.common.mx_6.9.2.202309101412\\db\/plugins/boardmanager/
2023-11-22 16:57:28,860 [INFO] ApiDb:261 - Set plugin images path to: C:\ST\STM32CubeIDE_1.11.2\STM32CubeIDE\plugins\com.st.stm32cube.common.mx_6.9.2.202309101412\\db\/plugins/mcufinder/images/
2023-11-22 16:57:28,861 [WARN] DbFile:41 - Overriding database path with different value: C:\Users\andep\.stmcufinder\plugins\mcufinder/ => C:\Users\andep\.stmcufinder\plugins\mcufinder
2023-11-22 16:57:28,861 [INFO] ApiDb:250 - Set database path to: C:\Users\andep\.stmcufinder\plugins\mcufinder//mcu/
2023-11-22 16:57:28,861 [WARN] DbFile:41 - Overriding database path with different value: C:\Users\andep\.stmcufinder\plugins\mcufinder/ => C:\Users\andep\.stmcufinder\plugins\mcufinder
2023-11-22 16:57:28,861 [INFO] DbMcusAds:125 - Set database path to: C:\Users\andep\.stmcufinder\plugins\mcufinder//mcu/
2023-11-22 16:57:28,861 [WARN] DbFile:41 - Overriding database path with different value: C:\Users\andep\.stmcufinder\plugins\mcufinder/ => C:\Users\andep\.stmcufinder\plugins\mcufinder
2023-11-22 16:57:28,861 [WARN] DbFile:41 - Overriding database path with different value: C:\Users\andep\.stmcufinder\plugins\mcufinder/ => C:\Users\andep\.stmcufinder\plugins\mcufinder
2023-11-22 16:57:28,861 [INFO] CrossReferenceDbSqlite:203 - Set database path to: C:\Users\andep\.stmcufinder\plugins\mcufinder//mcu/cs/
2023-11-22 16:57:28,879 [INFO] ApplicationProperties:184 - Using Application install path: C:\ST\STM32CubeIDE_1.11.2\STM32CubeIDE\plugins\com.st.stm32cube.common.mx_6.9.2.202309101412
2023-11-22 16:57:28,880 [INFO] PluginManage:196 - Search for loadable plugins [exclusion list=, ]
2023-11-22 16:57:28,881 [INFO] PluginManage:310 - Check plugin analytics
2023-11-22 16:57:29,021 [INFO] AnalyticsPlugin:253 - Accepted Software Licenses: 
2023-11-22 16:57:29,022 [INFO] AnalyticsPlugin:255 - Accepted CMSIS Pack Licenses: 
2023-11-22 16:57:29,022 [INFO] AnalyticsPlugin:257 - Accepted Firmware Licenses: 
2023-11-22 16:57:29,023 [INFO] PluginManage:359 - Loaded plugin analytics (category:tool,tabindex:-1)
2023-11-22 16:57:29,024 [INFO] PluginManage:310 - Check plugin cadmodel
2023-11-22 16:57:29,037 [INFO] CADModel:105 - Init CAD model plugin
2023-11-22 16:57:29,038 [INFO] PluginManage:359 - Loaded plugin cadmodel (category:power,tabindex:5)
2023-11-22 16:57:29,038 [INFO] PluginManage:310 - Check plugin clock
2023-11-22 16:57:29,057 [INFO] PluginManage:359 - Loaded plugin clock (category:base,tabindex:2)
2023-11-22 16:57:29,058 [INFO] PluginManage:310 - Check plugin ddr
2023-11-22 16:57:29,060 [INFO] PluginManage:359 - Loaded plugin ddr (category:tool,tabindex:6)
2023-11-22 16:57:29,061 [INFO] PluginManage:310 - Check plugin filemanager
2023-11-22 16:57:29,182 [INFO] PluginManage:359 - Loaded plugin filemanager (category:base,tabindex:10)
2023-11-22 16:57:29,183 [INFO] PluginManage:310 - Check plugin ipmanager
2023-11-22 16:57:29,191 [INFO] PluginManage:359 - Loaded plugin ipmanager (category:base,tabindex:5)
2023-11-22 16:57:29,191 [INFO] PluginManage:310 - Check plugin lpbam
2023-11-22 16:57:29,205 [INFO] PluginManage:359 - Loaded plugin lpbam (category:base,tabindex:0)
2023-11-22 16:57:29,205 [INFO] PluginManage:310 - Check plugin memorymap
2023-11-22 16:57:29,224 [INFO] PluginManage:359 - Loaded plugin memorymap (category:base,tabindex:4)
2023-11-22 16:57:29,224 [INFO] PluginManage:310 - Check plugin pinoutandconfiguration
2023-11-22 16:57:29,238 [INFO] PluginManage:359 - Loaded plugin pinoutandconfiguration (category:base,tabindex:1)
2023-11-22 16:57:29,238 [INFO] PluginManage:310 - Check plugin pinoutconfig
2023-11-22 16:57:29,313 [WARN] SupportedApi:132 - Cannot load RTOS API schema: s4s-elt-must-match.1: The content of 'definitions' must match (annotation?, (simpleType | complexType)?, (unique | key | keyref)*)). A problem was found starting at: attribute.
2023-11-22 16:57:29,416 [INFO] PluginManage:359 - Loaded plugin pinoutconfig (category:base,tabindex:0)
2023-11-22 16:57:29,417 [INFO] PluginManage:310 - Check plugin power
2023-11-22 16:57:29,435 [INFO] PluginManage:359 - Loaded plugin power (category:power,tabindex:4)
2023-11-22 16:57:29,435 [INFO] PluginManage:310 - Check plugin projectmanager
2023-11-22 16:57:29,446 [INFO] PluginManage:359 - Loaded plugin projectmanager (category:projectmanager,tabindex:3)
2023-11-22 16:57:29,446 [INFO] PluginManage:310 - Check plugin thirdparty
2023-11-22 16:57:29,674 [INFO] PluginManage:359 - Loaded plugin thirdparty (category:base,tabindex:-1)
2023-11-22 16:57:29,674 [INFO] PluginManage:310 - Check plugin tools
2023-11-22 16:57:29,674 [WARN] IntegrityCheckThread:84 - waiting for thirdparty lock release [integrity check]
2023-11-22 16:57:29,674 [INFO] IntegrityCheckThread:86 - entering critical section [integrity check]
2023-11-22 16:57:29,674 [INFO] ThirdPartyUpdaterWithRetryManager:70 - Updater plugin not ready yet. [1/15]
2023-11-22 16:57:29,697 [INFO] PluginManage:359 - Loaded plugin tools (category:base,tabindex:7)
2023-11-22 16:57:29,697 [INFO] PluginManage:310 - Check plugin tutovideos
2023-11-22 16:57:29,874 [INFO] PluginManage:359 - Loaded plugin tutovideos (category:base,tabindex:-1)
2023-11-22 16:57:29,874 [INFO] PluginManage:310 - Check plugin updater
2023-11-22 16:57:29,884 [INFO] PluginManage:359 - Loaded plugin updater (category:base,tabindex:12)
2023-11-22 16:57:29,884 [INFO] PluginManage:310 - Check plugin userauth
2023-11-22 16:57:29,890 [INFO] UserAuth:113 - Init User Auth plugin
2023-11-22 16:57:29,890 [INFO] PluginManage:359 - Loaded plugin userauth (category:base,tabindex:14)
2023-11-22 16:57:29,890 [INFO] PluginManage:283 - PluginManage : Loaded plugins [17]
2023-11-22 16:57:30,085 [INFO] PinOutPanel:1499 - setPackage(No Configuration,No Configuration)
2023-11-22 16:57:30,187 [INFO] CADModel:165 - CPN selected for project level
2023-11-22 16:57:30,187 [INFO] CADModel:114 - Register for checkConnection events
2023-11-22 16:57:30,210 [INFO] IPUIPlugin:80 - create IPUIPlugin
2023-11-22 16:57:30,210 [INFO] PluginManager:220 - loadIPPluginJar : add adc
2023-11-22 16:57:30,236 [INFO] IPUIPlugin:80 - create IPUIPlugin
2023-11-22 16:57:30,236 [INFO] PluginManager:220 - loadIPPluginJar : add aes
2023-11-22 16:57:30,268 [INFO] IPUIPlugin:80 - create IPUIPlugin
2023-11-22 16:57:30,268 [INFO] PluginManager:220 - loadIPPluginJar : add can
2023-11-22 16:57:30,284 [INFO] IPUIPlugin:80 - create IPUIPlugin
2023-11-22 16:57:30,284 [INFO] PluginManager:220 - loadIPPluginJar : add comp
2023-11-22 16:57:30,306 [INFO] IPUIPlugin:80 - create IPUIPlugin
2023-11-22 16:57:30,306 [INFO] PluginManager:220 - loadIPPluginJar : add cryp
2023-11-22 16:57:30,327 [INFO] IPUIPlugin:80 - create IPUIPlugin
2023-11-22 16:57:30,327 [INFO] PluginManager:220 - loadIPPluginJar : add dfsdm
2023-11-22 16:57:30,352 [INFO] IPUIPlugin:80 - create IPUIPlugin
2023-11-22 16:57:30,352 [INFO] PluginManager:220 - loadIPPluginJar : add dma
2023-11-22 16:57:30,383 [INFO] IPUIPlugin:80 - create IPUIPlugin
2023-11-22 16:57:30,383 [INFO] PluginManager:220 - loadIPPluginJar : add dma3
2023-11-22 16:57:30,398 [INFO] IPUIPlugin:80 - create IPUIPlugin
2023-11-22 16:57:30,398 [INFO] PluginManager:220 - loadIPPluginJar : add fatfs
2023-11-22 16:57:30,431 [INFO] IPUIPlugin:80 - create IPUIPlugin
2023-11-22 16:57:30,431 [INFO] PluginManager:220 - loadIPPluginJar : add fmc
2023-11-22 16:57:30,452 [INFO] IPUIPlugin:80 - create IPUIPlugin
2023-11-22 16:57:30,453 [INFO] PluginManager:220 - loadIPPluginJar : add freertos
2023-11-22 16:57:30,470 [INFO] IPUIPlugin:80 - create IPUIPlugin
2023-11-22 16:57:30,470 [INFO] PluginManager:220 - loadIPPluginJar : add genericplugin
2023-11-22 16:57:30,530 [INFO] IPUIPlugin:80 - create IPUIPlugin
2023-11-22 16:57:30,530 [INFO] PluginManager:220 - loadIPPluginJar : add gfxmmu
2023-11-22 16:57:30,616 [INFO] IPUIPlugin:80 - create IPUIPlugin
2023-11-22 16:57:30,616 [INFO] PluginManager:220 - loadIPPluginJar : add gic
2023-11-22 16:57:30,627 [INFO] IPUIPlugin:80 - create IPUIPlugin
2023-11-22 16:57:30,627 [INFO] PluginManager:220 - loadIPPluginJar : add gpio
2023-11-22 16:57:30,688 [INFO] IPUIPlugin:80 - create IPUIPlugin
2023-11-22 16:57:30,688 [INFO] PluginManager:220 - loadIPPluginJar : add gtzc
2023-11-22 16:57:30,709 [INFO] IPUIPlugin:80 - create IPUIPlugin
2023-11-22 16:57:30,710 [INFO] PluginManager:220 - loadIPPluginJar : add hash
2023-11-22 16:57:30,745 [INFO] IPUIPlugin:80 - create IPUIPlugin
2023-11-22 16:57:30,745 [INFO] PluginManager:220 - loadIPPluginJar : add i2c
2023-11-22 16:57:30,773 [INFO] IPUIPlugin:80 - create IPUIPlugin
2023-11-22 16:57:30,773 [INFO] PluginManager:220 - loadIPPluginJar : add i2s
2023-11-22 16:57:30,801 [INFO] IPUIPlugin:80 - create IPUIPlugin
2023-11-22 16:57:30,801 [INFO] PluginManager:220 - loadIPPluginJar : add i3c
2023-11-22 16:57:30,880 [INFO] IPUIPlugin:80 - create IPUIPlugin
2023-11-22 16:57:30,880 [INFO] PluginManager:220 - loadIPPluginJar : add ipddr
2023-11-22 16:57:30,942 [INFO] IPUIPlugin:80 - create IPUIPlugin
2023-11-22 16:57:30,942 [INFO] PluginManager:220 - loadIPPluginJar : add linkedlist
2023-11-22 16:57:30,966 [INFO] IPUIPlugin:80 - create IPUIPlugin
2023-11-22 16:57:30,966 [INFO] PluginManager:220 - loadIPPluginJar : add lorawan
2023-11-22 16:57:30,991 [INFO] IPUIPlugin:80 - create IPUIPlugin
2023-11-22 16:57:30,992 [INFO] PluginManager:220 - loadIPPluginJar : add ltdc
2023-11-22 16:57:31,003 [INFO] IPUIPlugin:80 - create IPUIPlugin
2023-11-22 16:57:31,003 [INFO] PluginManager:220 - loadIPPluginJar : add mdma
2023-11-22 16:57:31,015 [INFO] IPUIPlugin:80 - create IPUIPlugin
2023-11-22 16:57:31,015 [INFO] PluginManager:220 - loadIPPluginJar : add nvic
2023-11-22 16:57:31,039 [INFO] IPUIPlugin:80 - create IPUIPlugin
2023-11-22 16:57:31,040 [INFO] PluginManager:220 - loadIPPluginJar : add opamp
2023-11-22 16:57:31,079 [INFO] IPUIPlugin:80 - create IPUIPlugin
2023-11-22 16:57:31,079 [INFO] PluginManager:220 - loadIPPluginJar : add openamp
2023-11-22 16:57:31,109 [INFO] IPUIPlugin:80 - create IPUIPlugin
2023-11-22 16:57:31,109 [INFO] PluginManager:220 - loadIPPluginJar : add pdm2pcm
2023-11-22 16:57:31,119 [INFO] IPUIPlugin:80 - create IPUIPlugin
2023-11-22 16:57:31,121 [INFO] PluginManager:220 - loadIPPluginJar : add plateformsettings
2023-11-22 16:57:31,136 [INFO] IPUIPlugin:80 - create IPUIPlugin
2023-11-22 16:57:31,136 [INFO] PluginManager:220 - loadIPPluginJar : add quadspi
2023-11-22 16:57:31,148 [INFO] IPUIPlugin:80 - create IPUIPlugin
2023-11-22 16:57:31,148 [INFO] PluginManager:220 - loadIPPluginJar : add resmgrutility
2023-11-22 16:57:31,181 [INFO] IPUIPlugin:80 - create IPUIPlugin
2023-11-22 16:57:31,181 [INFO] PluginManager:220 - loadIPPluginJar : add sai
2023-11-22 16:57:31,208 [INFO] IPUIPlugin:80 - create IPUIPlugin
2023-11-22 16:57:31,208 [INFO] PluginManager:220 - loadIPPluginJar : add spi
2023-11-22 16:57:31,248 [INFO] IPUIPlugin:80 - create IPUIPlugin
2023-11-22 16:57:31,248 [INFO] PluginManager:220 - loadIPPluginJar : add stm32_wpan
2023-11-22 16:57:31,265 [INFO] IPUIPlugin:80 - create IPUIPlugin
2023-11-22 16:57:31,265 [INFO] PluginManager:220 - loadIPPluginJar : add tim
2023-11-22 16:57:31,304 [INFO] IPUIPlugin:80 - create IPUIPlugin
2023-11-22 16:57:31,304 [INFO] PluginManager:220 - loadIPPluginJar : add touchsensing
2023-11-22 16:57:31,319 [INFO] IPUIPlugin:80 - create IPUIPlugin
2023-11-22 16:57:31,319 [INFO] PluginManager:220 - loadIPPluginJar : add tracer_emb
2023-11-22 16:57:31,335 [INFO] IPUIPlugin:80 - create IPUIPlugin
2023-11-22 16:57:31,335 [INFO] PluginManager:220 - loadIPPluginJar : add ts
2023-11-22 16:57:31,349 [INFO] IPUIPlugin:80 - create IPUIPlugin
2023-11-22 16:57:31,349 [INFO] PluginManager:220 - loadIPPluginJar : add tsc
2023-11-22 16:57:31,364 [INFO] IPUIPlugin:80 - create IPUIPlugin
2023-11-22 16:57:31,364 [INFO] PluginManager:220 - loadIPPluginJar : add ucpd
2023-11-22 16:57:31,394 [INFO] IPUIPlugin:80 - create IPUIPlugin
2023-11-22 16:57:31,394 [INFO] PluginManager:220 - loadIPPluginJar : add usart
2023-11-22 16:57:31,423 [INFO] IPUIPlugin:80 - create IPUIPlugin
2023-11-22 16:57:31,423 [INFO] PluginManager:220 - loadIPPluginJar : add usbx
2023-11-22 16:57:31,541 [INFO] CADModel:165 - CPN selected for project level
2023-11-22 16:57:31,542 [INFO] CADModel:114 - Register for checkConnection events
2023-11-22 16:57:31,542 [FATAL] Updater:308 - Updater called before beeing initialized
2023-11-22 16:57:31,543 [ERROR] CADModel:125 - Updater not yet initialized, retry later 
2023-11-22 16:57:31,671 [INFO] CADModel:165 - CPN selected for project level
2023-11-22 16:57:31,671 [INFO] CADModel:114 - Register for checkConnection events
2023-11-22 16:57:31,671 [FATAL] Updater:308 - Updater called before beeing initialized
2023-11-22 16:57:31,671 [ERROR] CADModel:125 - Updater not yet initialized, retry later 
2023-11-22 16:57:31,674 [FATAL] Updater:308 - Updater called before beeing initialized
2023-11-22 16:57:31,753 [FATAL] Updater:308 - Updater called before beeing initialized
2023-11-22 16:57:31,764 [INFO] DbMcusAds:53 - JSON generation date=Tue Mar 07 09:50:55 CET 2023 (1678179055335)
2023-11-22 16:57:31,764 [FATAL] Updater:308 - Updater called before beeing initialized
2023-11-22 16:57:31,825 [WARN] DetailPanel:346 - Failed to get advertising image, set to default
2023-11-22 16:57:31,896 [FATAL] Updater:308 - Updater called before beeing initialized
2023-11-22 16:57:31,898 [FATAL] Updater:308 - Updater called before beeing initialized
2023-11-22 16:57:31,898 [FATAL] Updater:308 - Updater called before beeing initialized
2023-11-22 16:57:31,898 [WARN] DetailPanel:346 - Failed to get advertising image, set to default
2023-11-22 16:57:31,899 [FATAL] Updater:308 - Updater called before beeing initialized
2023-11-22 16:57:31,943 [ERROR] Updater:1120 - MainUpdater not yet initialized. External WinMGr cannot be set.
2023-11-22 16:57:31,951 [INFO] Updater:1056 - Updater Version found : 6.9.2
2023-11-22 16:57:31,967 [INFO] ApplicationProperties:184 - Using Application install path: C:\ST\STM32CubeIDE_1.11.2\STM32CubeIDE\plugins\com.st.stm32cube.common.mx_6.9.2.202309101412
2023-11-22 16:57:32,117 [INFO] MainUpdater:2868 - connection check result : 10
2023-11-22 16:57:32,117 [INFO] MainUpdater:285 - Updater Check For Update Now.
2023-11-22 16:57:32,118 [INFO] MicroXplorer:498 - Change Database Version : DB.6.0.92
2023-11-22 16:57:32,131 [INFO] McuFinderGlobals:63 - Set McuFinder mode to 2 (CubeIDE integrated)
2023-11-22 16:57:32,132 [INFO] UserAuth:179 - activating auth plugin
2023-11-22 16:57:32,135 [INFO] UserAuth:393 - Internet connection configuration mode: 1
2023-11-22 16:57:32,161 [INFO] JxBrowserEngine:151 - Initiate JxBrowser Engine with user profile folder
2023-11-22 16:57:32,304 [INFO] CheckServerUpdateThread:120 - End of CheckServer Thread
2023-11-22 16:57:32,847 [WARN] PackLoader:240 - Cannot read IP mode file for STMicroelectronics.X-CUBE-SMBUS.2.1.0
2023-11-22 16:57:32,890 [WARN] PackLoader:240 - Cannot read IP mode file for STMicroelectronics.X-CUBE-AZRTOS-F7.1.1.0
2023-11-22 16:57:32,910 [WARN] PackLoader:240 - Cannot read IP mode file for STMicroelectronics.FP-SNS-MOTENV1.4.3.2
2023-11-22 16:57:32,930 [WARN] PackLoader:240 - Cannot read IP mode file for STMicroelectronics.X-CUBE-BLE1.6.2.4
2023-11-22 16:57:32,942 [WARN] PackLoader:240 - Cannot read IP mode file for STMicroelectronics.FP-SNS-FLIGHT1.5.0.2
2023-11-22 16:57:32,959 [WARN] PackLoader:240 - Cannot read IP mode file for STMicroelectronics.X-CUBE-DISPLAY.3.0.0
2023-11-22 16:57:32,975 [WARN] PackLoader:240 - Cannot read IP mode file for STMicroelectronics.X-CUBE-BLE1.7.0.0
2023-11-22 16:57:32,986 [WARN] PackLoader:240 - Cannot read IP mode file for STMicroelectronics.X-CUBE-TOUCHGFX.4.22.1
2023-11-22 16:57:32,998 [WARN] PackLoader:240 - Cannot read IP mode file for STMicroelectronics.FP-SNS-SMARTAG2.1.2.0
2023-11-22 16:57:33,019 [INFO] LogOutputStream:77 - [STDOUT_REDIRECT] 1 : Invalid condition id : UX_CORESTACK_Condition cause : null
2023-11-22 16:57:33,019 [INFO] LogOutputStream:77 - [STDOUT_REDIRECT] 1 : Invalid condition id : UX_CORESTACK_Condition cause : null
2023-11-22 16:57:33,020 [INFO] LogOutputStream:77 - [STDOUT_REDIRECT] 1 : Invalid condition id : UX_CORESTACK_Condition cause : null
2023-11-22 16:57:33,021 [INFO] LogOutputStream:77 - [STDOUT_REDIRECT] 1 : Invalid condition id : UX_CORESTACK_Condition cause : null
2023-11-22 16:57:33,022 [INFO] LogOutputStream:77 - [STDOUT_REDIRECT] 1 : Invalid condition id : UX_CORESTACK_Condition cause : null
2023-11-22 16:57:33,027 [WARN] PackLoader:240 - Cannot read IP mode file for STMicroelectronics.X-CUBE-AZRTOS-WL.2.0.0
2023-11-22 16:57:33,046 [WARN] PackLoader:240 - Cannot read IP mode file for WES.I-CUBE-Cesium.1.3.0
2023-11-22 16:57:33,058 [WARN] PackLoader:240 - Cannot read IP mode file for STMicroelectronics.X-CUBE-BLE2.3.3.0
2023-11-22 16:57:33,076 [WARN] PackLoader:240 - Cannot read IP mode file for STMicroelectronics.X-CUBE-TOF1.3.2.0
2023-11-22 16:57:33,094 [WARN] PackLoader:240 - Cannot read IP mode file for STMicroelectronics.X-CUBE-TOUCHGFX.4.21.1
2023-11-22 16:57:33,102 [WARN] PackLoader:240 - Cannot read IP mode file for STMicroelectronics.X-CUBE-AI.7.3.0
2023-11-22 16:57:33,113 [WARN] PackLoader:240 - Cannot read IP mode file for STMicroelectronics.X-CUBE-ALGOBUILD.1.3.0
2023-11-22 16:57:33,140 [WARN] PackLoader:240 - Cannot read IP mode file for STMicroelectronics.X-CUBE-AZRTOS-G0.1.1.0
2023-11-22 16:57:33,156 [WARN] PackLoader:240 - Cannot read IP mode file for STMicroelectronics.X-CUBE-NFC4.3.0.0
2023-11-22 16:57:33,174 [WARN] PackLoader:240 - Cannot read IP mode file for STMicroelectronics.X-CUBE-BLEMGR.3.0.0
2023-11-22 16:57:33,189 [WARN] PackLoader:240 - Cannot read IP mode file for STMicroelectronics.X-CUBE-BLEMGR.1.3.0
2023-11-22 16:57:33,202 [WARN] PackLoader:240 - Cannot read IP mode file for STMicroelectronics.FP-ATR-SIGFOX1.3.2.0
2023-11-22 16:57:33,250 [WARN] PackLoader:240 - Cannot read IP mode file for STMicroelectronics.X-CUBE-MEMS1.9.5.0
2023-11-22 16:57:33,420 [WARN] PackLoader:240 - Cannot read IP mode file for SEGGER.I-CUBE-embOS.1.3.1
2023-11-22 16:57:33,473 [WARN] PackLoader:240 - Cannot read IP mode file for STMicroelectronics.X-CUBE-GNSS1.6.0.0
2023-11-22 16:57:33,498 [WARN] PackLoader:240 - Cannot read IP mode file for STMicroelectronics.X-CUBE-AZRTOS-F4.1.1.0
2023-11-22 16:57:33,523 [WARN] PackLoader:240 - Cannot read IP mode file for STMicroelectronics.X-CUBE-AZRTOS-L5.2.0.0
2023-11-22 16:57:33,580 [WARN] PackLoader:240 - Cannot read IP mode file for STMicroelectronics.X-CUBE-MEMS1.9.6.0
2023-11-22 16:57:33,719 [WARN] PackLoader:240 - Cannot read IP mode file for STMicroelectronics.X-CUBE-EEPRMA1.4.2.0
2023-11-22 16:57:33,734 [WARN] PackLoader:240 - Cannot read IP mode file for ITTIA_DB.I-CUBE-ITTIADB.8.8.0
2023-11-22 16:57:33,748 [WARN] PackLoader:240 - Cannot read IP mode file for emotas.I-CUBE-CANOPEN.1.1.3
2023-11-22 16:57:33,763 [WARN] PackLoader:240 - Cannot read IP mode file for STMicroelectronics.X-CUBE-BLEMGR.2.0.0
2023-11-22 16:57:33,796 [WARN] ConditionMgr:438 - getConditionDescription Invalid condition id : UX DEVICE CLASS RTOS Condition cause : null
2023-11-22 16:57:33,796 [WARN] ConditionMgr:438 - getConditionDescription Invalid condition id : UX DEVICE CLASS RTOS Condition cause : null
2023-11-22 16:57:33,798 [WARN] PackLoader:240 - Cannot read IP mode file for STMicroelectronics.X-CUBE-AZRTOS-H7.3.1.0
2023-11-22 16:57:33,799 [WARN] ConditionMgr:1039 - genDependencies : Invalid condition id : UX DEVICE CLASS RTOS Condition cause : null
2023-11-22 16:57:33,799 [WARN] ConditionMgr:1039 - genDependencies : Invalid condition id : UX DEVICE CLASS RTOS Condition cause : null
2023-11-22 16:57:33,800 [WARN] ConditionMgr:1039 - genDependencies : Invalid condition id : UX DEVICE CLASS RTOS Condition cause : null
2023-11-22 16:57:33,800 [WARN] ConditionMgr:1039 - genDependencies : Invalid condition id : UX DEVICE CLASS RTOS Condition cause : null
2023-11-22 16:57:33,800 [WARN] ConditionMgr:1039 - genDependencies : Invalid condition id : UX DEVICE CLASS RTOS Condition cause : null
2023-11-22 16:57:33,811 [WARN] PackLoader:240 - Cannot read IP mode file for wolfSSL.I-CUBE-wolfSSL.5.5.4
2023-11-22 16:57:33,822 [WARN] PackLoader:240 - Cannot read IP mode file for STMicroelectronics.X-CUBE-NFC7.1.0.1
2023-11-22 16:57:33,834 [WARN] PackLoader:240 - Cannot read IP mode file for STMicroelectronics.X-CUBE-NFC7.1.0.0
2023-11-22 16:57:33,848 [WARN] PackLoader:240 - Cannot read IP mode file for STMicroelectronics.X-CUBE-NFC6.3.0.0
2023-11-22 16:57:33,859 [WARN] PackLoader:240 - Cannot read IP mode file for STMicroelectronics.X-CUBE-EEPRMA1.4.1.0
2023-11-22 16:57:33,869 [WARN] PackLoader:240 - Cannot read IP mode file for STMicroelectronics.X-CUBE-AI.8.1.0
2023-11-22 16:57:33,894 [WARN] ConditionMgr:438 - getConditionDescription Invalid condition id : LAN8742 Phy interface Condition cause : null
2023-11-22 16:57:33,895 [WARN] PackLoader:240 - Cannot read IP mode file for STMicroelectronics.X-CUBE-AZRTOS-L4.2.0.0
2023-11-22 16:57:33,896 [WARN] ConditionMgr:1039 - genDependencies : Invalid condition id : LAN8742 Phy interface Condition cause : null
2023-11-22 16:57:33,896 [WARN] ConditionMgr:1039 - genDependencies : Invalid condition id : LAN8742 Phy interface Condition cause : null
2023-11-22 16:57:33,897 [WARN] ConditionMgr:1039 - genDependencies : Invalid condition id : LAN8742 Phy interface Condition cause : null
2023-11-22 16:57:33,911 [WARN] PackLoader:240 - Cannot read IP mode file for STMicroelectronics.X-CUBE-SFXS2LP1.4.0.0
2023-11-22 16:57:33,941 [WARN] PackLoader:240 - Cannot read IP mode file for STMicroelectronics.X-CUBE-AZRTOS-H7.3.0.0
2023-11-22 16:57:33,957 [WARN] PackLoader:240 - Cannot read IP mode file for STMicroelectronics.X-CUBE-ISPU.1.1.0
2023-11-22 16:57:33,972 [WARN] PackLoader:240 - Cannot read IP mode file for RoweBots.I-CUBE-UNISONRTOS.5.5.0-4
2023-11-22 16:57:33,983 [WARN] PackLoader:240 - Cannot read IP mode file for STMicroelectronics.X-CUBE-AI.8.0.0
2023-11-22 16:57:34,005 [WARN] ConditionMgr:438 - getConditionDescription Invalid condition id : UX DEVICE CLASS RTOS Condition cause : null
2023-11-22 16:57:34,005 [WARN] ConditionMgr:438 - getConditionDescription Invalid condition id : UX DEVICE CLASS RTOS Condition cause : null
2023-11-22 16:57:34,007 [WARN] PackLoader:240 - Cannot read IP mode file for STMicroelectronics.X-CUBE-AZRTOS-WB.2.0.0
2023-11-22 16:57:34,007 [WARN] ConditionMgr:1039 - genDependencies : Invalid condition id : UX DEVICE CLASS RTOS Condition cause : null
2023-11-22 16:57:34,007 [WARN] ConditionMgr:1039 - genDependencies : Invalid condition id : UX DEVICE CLASS RTOS Condition cause : null
2023-11-22 16:57:34,008 [WARN] ConditionMgr:1039 - genDependencies : Invalid condition id : UX DEVICE CLASS RTOS Condition cause : null
2023-11-22 16:57:34,008 [WARN] ConditionMgr:1039 - genDependencies : Invalid condition id : UX DEVICE CLASS RTOS Condition cause : null
2023-11-22 16:57:34,008 [WARN] ConditionMgr:1039 - genDependencies : Invalid condition id : UX DEVICE CLASS RTOS Condition cause : null
2023-11-22 16:57:34,021 [WARN] PackLoader:240 - Cannot read IP mode file for STMicroelectronics.X-CUBE-FREERTOS.1.0.0
2023-11-22 16:57:34,049 [WARN] PackLoader:240 - Cannot read IP mode file for STMicroelectronics.X-CUBE-AZRTOS-L5.1.1.0
2023-11-22 16:57:34,114 [WARN] PackLoader:240 - Cannot read IP mode file for STMicroelectronics.X-CUBE-SUBG2.5.0.0
2023-11-22 16:57:34,137 [WARN] PackLoader:240 - Cannot read IP mode file for STMicroelectronics.X-CUBE-TOF1.3.3.1
2023-11-22 16:57:34,167 [WARN] PackLoader:240 - Cannot read IP mode file for STMicroelectronics.X-CUBE-AZRTOS-G4.2.0.0
2023-11-22 16:57:34,180 [WARN] PackLoader:240 - Cannot read IP mode file for STMicroelectronics.FP-ATR-ASTRA1.1.1.1
2023-11-22 16:57:34,203 [WARN] PackLoader:240 - Cannot read IP mode file for Infineon.AIROC-Wi-Fi-Bluetooth-STM32.1.5.1
2023-11-22 16:57:34,218 [WARN] PackLoader:240 - Cannot read IP mode file for STMicroelectronics.FP-SNS-MOTENVWB1.1.3.0
2023-11-22 16:57:34,239 [WARN] PackLoader:240 - Cannot read IP mode file for STMicroelectronics.X-CUBE-AZRTOS-G4.1.0.0
2023-11-22 16:57:34,275 [WARN] PackLoader:240 - Cannot read IP mode file for STMicroelectronics.X-CUBE-AZRTOS-L4.1.0.0
2023-11-22 16:57:34,345 [WARN] PackLoader:240 - Cannot read IP mode file for STMicroelectronics.X-CUBE-MEMS1.10.0.0
2023-11-22 16:57:34,445 [WARN] PackLoader:240 - Cannot read IP mode file for STMicroelectronics.X-CUBE-FREERTOS.1.1.0
2023-11-22 16:57:34,466 [WARN] PackLoader:240 - Cannot read IP mode file for STMicroelectronics.X-CUBE-AZRTOS-WL.1.0.0
2023-11-22 16:57:34,479 [WARN] PackLoader:240 - Cannot read IP mode file for portGmbH.I-Cube-SoM-uGOAL.1.1.0
2023-11-22 16:57:34,491 [WARN] PackLoader:240 - Cannot read IP mode file for STMicroelectronics.X-CUBE-ALS.1.0.1
2023-11-22 16:57:34,504 [INFO] WebApp:157 - Instantiating new browser for Auth
2023-11-22 16:57:34,515 [WARN] PackLoader:240 - Cannot read IP mode file for STMicroelectronics.X-CUBE-AZRTOS-WB.1.1.0
2023-11-22 16:57:34,542 [WARN] PackLoader:240 - Cannot read IP mode file for STMicroelectronics.FP-ATR-ASTRA1.2.0.0
2023-11-22 16:57:34,543 [INFO] ThirdParty:978 - Integrity check success = true
2023-11-22 16:57:34,543 [INFO] IntegrityCheckThread:100 - exiting critical section [integrity check]
2023-11-22 16:57:34,543 [INFO] IntegrityCheckThread:103 - End integrity checks thread
2023-11-22 16:57:35,015 [INFO] WebApp:753 - Register for checkConnection events
2023-11-22 16:57:35,015 [INFO] WebApp:390 - Apply proxy settings
2023-11-22 16:57:35,015 [INFO] WebApp:475 - Chromium requires no authentication
2023-11-22 16:57:35,022 [INFO] WebApp:418 - Direct internet connection detected
2023-11-22 16:57:35,150 [INFO] WebApp:188 - Starting web application
2023-11-22 16:57:35,150 [INFO] WebApp:520 - Web application path used C:\ST\STM32CubeIDE_1.11.2\STM32CubeIDE\plugins\com.st.stm32cube.common.mx_6.9.2.202309101412\db\plugins\mcufinder\reactClient1\index.html
2023-11-22 16:57:56,577 [ERROR] LogOutputStream:75 - [STDERR_REDIRECT] SLF4J: Failed to load class "org.slf4j.impl.StaticLoggerBinder".
2023-11-22 16:57:56,579 [ERROR] LogOutputStream:75 - [STDERR_REDIRECT] SLF4J: Defaulting to no-operation (NOP) logger implementation
2023-11-22 16:57:56,580 [ERROR] LogOutputStream:75 - [STDERR_REDIRECT] SLF4J: See http://www.slf4j.org/codes.html#StaticLoggerBinder for further details.
2023-11-22 17:03:20,548 [ERROR] LogOutputStream:75 - [STDERR_REDIRECT] 
