2023-11-26 11:28:20,651 [INFO] Activator:176 - 


2023-11-26 11:28:20,657 [INFO] Activator:177 - !SESSION log4j initialized
2023-11-26 11:28:23,357 [INFO] LogOutputStream:77 - [STDOUT_REDIRECT] 
2023-11-26 11:28:25,391 [INFO] ApplicationProperties:184 - Using Application install path: C:\ST\STM32CubeIDE_1.11.2\STM32CubeIDE\plugins\com.st.stm32cube.common.mx_6.9.2.202309101412
2023-11-26 11:28:25,407 [INFO] DbMcusXml:78 - Set database path to: C:\ST\STM32CubeIDE_1.11.2\STM32CubeIDE\plugins\com.st.stm32cube.common.mx_6.9.2.202309101412\\db\/mcu/
2023-11-26 11:28:25,407 [INFO] ApiDb:274 - Set plugin database path to: C:\ST\STM32CubeIDE_1.11.2\STM32CubeIDE\plugins\com.st.stm32cube.common.mx_6.9.2.202309101412\\db\/plugins/boardmanager/
2023-11-26 11:28:25,408 [WARN] ApiDb:259 - Overriding images path with different value:  => C:\ST\STM32CubeIDE_1.11.2\STM32CubeIDE\plugins\com.st.stm32cube.common.mx_6.9.2.202309101412\\db\/plugins/mcufinder/images/
2023-11-26 11:28:25,417 [INFO] ApiDb:250 - Set database path to: C:\Users\andep\.stmcufinder\plugins\mcufinder//mcu/
2023-11-26 11:28:25,418 [INFO] DbMcusAds:125 - Set database path to: C:\Users\andep\.stmcufinder\plugins\mcufinder//mcu/
2023-11-26 11:28:25,419 [INFO] CrossReferenceDbSqlite:203 - Set database path to: C:\Users\andep\.stmcufinder\plugins\mcufinder//mcu/cs/
2023-11-26 11:28:25,513 [INFO] RulesReader:64 - Compatibility file has been processed (293 Rules)
2023-11-26 11:28:25,590 [INFO] DbMcusXml:78 - Set database path to: C:\ST\STM32CubeIDE_1.11.2\STM32CubeIDE\plugins\com.st.stm32cube.common.mx_6.9.2.202309101412\\db\/mcu/
2023-11-26 11:28:25,590 [INFO] ApiDb:274 - Set plugin database path to: C:\ST\STM32CubeIDE_1.11.2\STM32CubeIDE\plugins\com.st.stm32cube.common.mx_6.9.2.202309101412\\db\/plugins/boardmanager/
2023-11-26 11:28:25,590 [INFO] ApiDb:261 - Set plugin images path to: C:\ST\STM32CubeIDE_1.11.2\STM32CubeIDE\plugins\com.st.stm32cube.common.mx_6.9.2.202309101412\\db\/plugins/mcufinder/images/
2023-11-26 11:28:25,591 [WARN] DbFile:41 - Overriding database path with different value: C:\Users\andep\.stmcufinder\plugins\mcufinder/ => C:\Users\andep\.stmcufinder\plugins\mcufinder
2023-11-26 11:28:25,591 [INFO] ApiDb:250 - Set database path to: C:\Users\andep\.stmcufinder\plugins\mcufinder//mcu/
2023-11-26 11:28:25,591 [WARN] DbFile:41 - Overriding database path with different value: C:\Users\andep\.stmcufinder\plugins\mcufinder/ => C:\Users\andep\.stmcufinder\plugins\mcufinder
2023-11-26 11:28:25,591 [INFO] DbMcusAds:125 - Set database path to: C:\Users\andep\.stmcufinder\plugins\mcufinder//mcu/
2023-11-26 11:28:25,591 [WARN] DbFile:41 - Overriding database path with different value: C:\Users\andep\.stmcufinder\plugins\mcufinder/ => C:\Users\andep\.stmcufinder\plugins\mcufinder
2023-11-26 11:28:25,591 [WARN] DbFile:41 - Overriding database path with different value: C:\Users\andep\.stmcufinder\plugins\mcufinder/ => C:\Users\andep\.stmcufinder\plugins\mcufinder
2023-11-26 11:28:25,591 [INFO] CrossReferenceDbSqlite:203 - Set database path to: C:\Users\andep\.stmcufinder\plugins\mcufinder//mcu/cs/
2023-11-26 11:28:25,666 [INFO] MainPanel:262 - HeapMemory: 268435456
2023-11-26 11:28:25,753 [INFO] DbMcusXml:78 - Set database path to: C:\ST\STM32CubeIDE_1.11.2\STM32CubeIDE\plugins\com.st.stm32cube.common.mx_6.9.2.202309101412\\db\/mcu/
2023-11-26 11:28:25,754 [INFO] ApiDb:274 - Set plugin database path to: C:\ST\STM32CubeIDE_1.11.2\STM32CubeIDE\plugins\com.st.stm32cube.common.mx_6.9.2.202309101412\\db\/plugins/boardmanager/
2023-11-26 11:28:25,754 [INFO] ApiDb:261 - Set plugin images path to: C:\ST\STM32CubeIDE_1.11.2\STM32CubeIDE\plugins\com.st.stm32cube.common.mx_6.9.2.202309101412\\db\/plugins/mcufinder/images/
2023-11-26 11:28:25,754 [WARN] DbFile:41 - Overriding database path with different value: C:\Users\andep\.stmcufinder\plugins\mcufinder/ => C:\Users\andep\.stmcufinder\plugins\mcufinder
2023-11-26 11:28:25,754 [INFO] ApiDb:250 - Set database path to: C:\Users\andep\.stmcufinder\plugins\mcufinder//mcu/
2023-11-26 11:28:25,754 [WARN] DbFile:41 - Overriding database path with different value: C:\Users\andep\.stmcufinder\plugins\mcufinder/ => C:\Users\andep\.stmcufinder\plugins\mcufinder
2023-11-26 11:28:25,754 [INFO] DbMcusAds:125 - Set database path to: C:\Users\andep\.stmcufinder\plugins\mcufinder//mcu/
2023-11-26 11:28:25,754 [WARN] DbFile:41 - Overriding database path with different value: C:\Users\andep\.stmcufinder\plugins\mcufinder/ => C:\Users\andep\.stmcufinder\plugins\mcufinder
2023-11-26 11:28:25,754 [WARN] DbFile:41 - Overriding database path with different value: C:\Users\andep\.stmcufinder\plugins\mcufinder/ => C:\Users\andep\.stmcufinder\plugins\mcufinder
2023-11-26 11:28:25,755 [INFO] CrossReferenceDbSqlite:203 - Set database path to: C:\Users\andep\.stmcufinder\plugins\mcufinder//mcu/cs/
2023-11-26 11:28:25,773 [INFO] ApplicationProperties:184 - Using Application install path: C:\ST\STM32CubeIDE_1.11.2\STM32CubeIDE\plugins\com.st.stm32cube.common.mx_6.9.2.202309101412
2023-11-26 11:28:25,774 [INFO] PluginManage:196 - Search for loadable plugins [exclusion list=, ]
2023-11-26 11:28:25,775 [INFO] PluginManage:310 - Check plugin analytics
2023-11-26 11:28:25,924 [INFO] AnalyticsPlugin:253 - Accepted Software Licenses: 
2023-11-26 11:28:25,925 [INFO] AnalyticsPlugin:255 - Accepted CMSIS Pack Licenses: 
2023-11-26 11:28:25,925 [INFO] AnalyticsPlugin:257 - Accepted Firmware Licenses: 
2023-11-26 11:28:25,927 [INFO] PluginManage:359 - Loaded plugin analytics (category:tool,tabindex:-1)
2023-11-26 11:28:25,927 [INFO] PluginManage:310 - Check plugin cadmodel
2023-11-26 11:28:25,940 [INFO] CADModel:105 - Init CAD model plugin
2023-11-26 11:28:25,941 [INFO] PluginManage:359 - Loaded plugin cadmodel (category:power,tabindex:5)
2023-11-26 11:28:25,941 [INFO] PluginManage:310 - Check plugin clock
2023-11-26 11:28:25,959 [INFO] PluginManage:359 - Loaded plugin clock (category:base,tabindex:2)
2023-11-26 11:28:25,959 [INFO] PluginManage:310 - Check plugin ddr
2023-11-26 11:28:25,962 [INFO] PluginManage:359 - Loaded plugin ddr (category:tool,tabindex:6)
2023-11-26 11:28:25,962 [INFO] PluginManage:310 - Check plugin filemanager
2023-11-26 11:28:26,084 [INFO] PluginManage:359 - Loaded plugin filemanager (category:base,tabindex:10)
2023-11-26 11:28:26,084 [INFO] PluginManage:310 - Check plugin ipmanager
2023-11-26 11:28:26,090 [INFO] PluginManage:359 - Loaded plugin ipmanager (category:base,tabindex:5)
2023-11-26 11:28:26,091 [INFO] PluginManage:310 - Check plugin lpbam
2023-11-26 11:28:26,108 [INFO] PluginManage:359 - Loaded plugin lpbam (category:base,tabindex:0)
2023-11-26 11:28:26,108 [INFO] PluginManage:310 - Check plugin memorymap
2023-11-26 11:28:26,130 [INFO] PluginManage:359 - Loaded plugin memorymap (category:base,tabindex:4)
2023-11-26 11:28:26,130 [INFO] PluginManage:310 - Check plugin pinoutandconfiguration
2023-11-26 11:28:26,161 [INFO] PluginManage:359 - Loaded plugin pinoutandconfiguration (category:base,tabindex:1)
2023-11-26 11:28:26,161 [INFO] PluginManage:310 - Check plugin pinoutconfig
2023-11-26 11:28:26,256 [WARN] SupportedApi:132 - Cannot load RTOS API schema: s4s-elt-must-match.1: The content of 'definitions' must match (annotation?, (simpleType | complexType)?, (unique | key | keyref)*)). A problem was found starting at: attribute.
2023-11-26 11:28:26,362 [INFO] PluginManage:359 - Loaded plugin pinoutconfig (category:base,tabindex:0)
2023-11-26 11:28:26,362 [INFO] PluginManage:310 - Check plugin power
2023-11-26 11:28:26,382 [INFO] PluginManage:359 - Loaded plugin power (category:power,tabindex:4)
2023-11-26 11:28:26,382 [INFO] PluginManage:310 - Check plugin projectmanager
2023-11-26 11:28:26,397 [INFO] PluginManage:359 - Loaded plugin projectmanager (category:projectmanager,tabindex:3)
2023-11-26 11:28:26,397 [INFO] PluginManage:310 - Check plugin thirdparty
2023-11-26 11:28:26,632 [INFO] PluginManage:359 - Loaded plugin thirdparty (category:base,tabindex:-1)
2023-11-26 11:28:26,632 [INFO] PluginManage:310 - Check plugin tools
2023-11-26 11:28:26,632 [WARN] IntegrityCheckThread:84 - waiting for thirdparty lock release [integrity check]
2023-11-26 11:28:26,632 [INFO] IntegrityCheckThread:86 - entering critical section [integrity check]
2023-11-26 11:28:26,633 [INFO] ThirdPartyUpdaterWithRetryManager:70 - Updater plugin not ready yet. [1/15]
2023-11-26 11:28:26,657 [INFO] PluginManage:359 - Loaded plugin tools (category:base,tabindex:7)
2023-11-26 11:28:26,657 [INFO] PluginManage:310 - Check plugin tutovideos
2023-11-26 11:28:26,835 [INFO] PluginManage:359 - Loaded plugin tutovideos (category:base,tabindex:-1)
2023-11-26 11:28:26,835 [INFO] PluginManage:310 - Check plugin updater
2023-11-26 11:28:26,846 [INFO] PluginManage:359 - Loaded plugin updater (category:base,tabindex:12)
2023-11-26 11:28:26,847 [INFO] PluginManage:310 - Check plugin userauth
2023-11-26 11:28:26,853 [INFO] UserAuth:113 - Init User Auth plugin
2023-11-26 11:28:26,853 [INFO] PluginManage:359 - Loaded plugin userauth (category:base,tabindex:14)
2023-11-26 11:28:26,853 [INFO] PluginManage:283 - PluginManage : Loaded plugins [17]
2023-11-26 11:28:27,054 [INFO] PinOutPanel:1499 - setPackage(No Configuration,No Configuration)
2023-11-26 11:28:27,151 [INFO] CADModel:165 - CPN selected for project level
2023-11-26 11:28:27,153 [INFO] CADModel:114 - Register for checkConnection events
2023-11-26 11:28:27,175 [INFO] IPUIPlugin:80 - create IPUIPlugin
2023-11-26 11:28:27,175 [INFO] PluginManager:220 - loadIPPluginJar : add adc
2023-11-26 11:28:27,203 [INFO] IPUIPlugin:80 - create IPUIPlugin
2023-11-26 11:28:27,203 [INFO] PluginManager:220 - loadIPPluginJar : add aes
2023-11-26 11:28:27,234 [INFO] IPUIPlugin:80 - create IPUIPlugin
2023-11-26 11:28:27,234 [INFO] PluginManager:220 - loadIPPluginJar : add can
2023-11-26 11:28:27,254 [INFO] IPUIPlugin:80 - create IPUIPlugin
2023-11-26 11:28:27,254 [INFO] PluginManager:220 - loadIPPluginJar : add comp
2023-11-26 11:28:27,278 [INFO] IPUIPlugin:80 - create IPUIPlugin
2023-11-26 11:28:27,278 [INFO] PluginManager:220 - loadIPPluginJar : add cryp
2023-11-26 11:28:27,298 [INFO] IPUIPlugin:80 - create IPUIPlugin
2023-11-26 11:28:27,298 [INFO] PluginManager:220 - loadIPPluginJar : add dfsdm
2023-11-26 11:28:27,310 [INFO] IPUIPlugin:80 - create IPUIPlugin
2023-11-26 11:28:27,310 [INFO] PluginManager:220 - loadIPPluginJar : add dma
2023-11-26 11:28:27,340 [INFO] IPUIPlugin:80 - create IPUIPlugin
2023-11-26 11:28:27,340 [INFO] PluginManager:220 - loadIPPluginJar : add dma3
2023-11-26 11:28:27,355 [INFO] IPUIPlugin:80 - create IPUIPlugin
2023-11-26 11:28:27,356 [INFO] PluginManager:220 - loadIPPluginJar : add fatfs
2023-11-26 11:28:27,392 [INFO] IPUIPlugin:80 - create IPUIPlugin
2023-11-26 11:28:27,392 [INFO] PluginManager:220 - loadIPPluginJar : add fmc
2023-11-26 11:28:27,406 [INFO] IPUIPlugin:80 - create IPUIPlugin
2023-11-26 11:28:27,406 [INFO] PluginManager:220 - loadIPPluginJar : add freertos
2023-11-26 11:28:27,423 [INFO] IPUIPlugin:80 - create IPUIPlugin
2023-11-26 11:28:27,424 [INFO] PluginManager:220 - loadIPPluginJar : add genericplugin
2023-11-26 11:28:27,491 [INFO] IPUIPlugin:80 - create IPUIPlugin
2023-11-26 11:28:27,492 [INFO] PluginManager:220 - loadIPPluginJar : add gfxmmu
2023-11-26 11:28:27,584 [INFO] IPUIPlugin:80 - create IPUIPlugin
2023-11-26 11:28:27,584 [INFO] PluginManager:220 - loadIPPluginJar : add gic
2023-11-26 11:28:27,596 [INFO] IPUIPlugin:80 - create IPUIPlugin
2023-11-26 11:28:27,596 [INFO] PluginManager:220 - loadIPPluginJar : add gpio
2023-11-26 11:28:27,658 [INFO] IPUIPlugin:80 - create IPUIPlugin
2023-11-26 11:28:27,658 [INFO] PluginManager:220 - loadIPPluginJar : add gtzc
2023-11-26 11:28:27,680 [INFO] IPUIPlugin:80 - create IPUIPlugin
2023-11-26 11:28:27,681 [INFO] PluginManager:220 - loadIPPluginJar : add hash
2023-11-26 11:28:27,717 [INFO] IPUIPlugin:80 - create IPUIPlugin
2023-11-26 11:28:27,717 [INFO] PluginManager:220 - loadIPPluginJar : add i2c
2023-11-26 11:28:27,745 [INFO] IPUIPlugin:80 - create IPUIPlugin
2023-11-26 11:28:27,746 [INFO] PluginManager:220 - loadIPPluginJar : add i2s
2023-11-26 11:28:27,775 [INFO] IPUIPlugin:80 - create IPUIPlugin
2023-11-26 11:28:27,776 [INFO] PluginManager:220 - loadIPPluginJar : add i3c
2023-11-26 11:28:27,852 [INFO] IPUIPlugin:80 - create IPUIPlugin
2023-11-26 11:28:27,852 [INFO] PluginManager:220 - loadIPPluginJar : add ipddr
2023-11-26 11:28:27,987 [INFO] IPUIPlugin:80 - create IPUIPlugin
2023-11-26 11:28:27,987 [INFO] PluginManager:220 - loadIPPluginJar : add linkedlist
2023-11-26 11:28:28,012 [INFO] IPUIPlugin:80 - create IPUIPlugin
2023-11-26 11:28:28,012 [INFO] PluginManager:220 - loadIPPluginJar : add lorawan
2023-11-26 11:28:28,038 [INFO] IPUIPlugin:80 - create IPUIPlugin
2023-11-26 11:28:28,038 [INFO] PluginManager:220 - loadIPPluginJar : add ltdc
2023-11-26 11:28:28,051 [INFO] IPUIPlugin:80 - create IPUIPlugin
2023-11-26 11:28:28,051 [INFO] PluginManager:220 - loadIPPluginJar : add mdma
2023-11-26 11:28:28,063 [INFO] IPUIPlugin:80 - create IPUIPlugin
2023-11-26 11:28:28,063 [INFO] PluginManager:220 - loadIPPluginJar : add nvic
2023-11-26 11:28:28,091 [INFO] IPUIPlugin:80 - create IPUIPlugin
2023-11-26 11:28:28,091 [INFO] PluginManager:220 - loadIPPluginJar : add opamp
2023-11-26 11:28:28,137 [INFO] IPUIPlugin:80 - create IPUIPlugin
2023-11-26 11:28:28,137 [INFO] PluginManager:220 - loadIPPluginJar : add openamp
2023-11-26 11:28:28,172 [INFO] IPUIPlugin:80 - create IPUIPlugin
2023-11-26 11:28:28,172 [INFO] PluginManager:220 - loadIPPluginJar : add pdm2pcm
2023-11-26 11:28:28,190 [INFO] IPUIPlugin:80 - create IPUIPlugin
2023-11-26 11:28:28,192 [INFO] PluginManager:220 - loadIPPluginJar : add plateformsettings
2023-11-26 11:28:28,219 [INFO] IPUIPlugin:80 - create IPUIPlugin
2023-11-26 11:28:28,219 [INFO] PluginManager:220 - loadIPPluginJar : add quadspi
2023-11-26 11:28:28,235 [INFO] IPUIPlugin:80 - create IPUIPlugin
2023-11-26 11:28:28,235 [INFO] PluginManager:220 - loadIPPluginJar : add resmgrutility
2023-11-26 11:28:28,273 [INFO] IPUIPlugin:80 - create IPUIPlugin
2023-11-26 11:28:28,273 [INFO] PluginManager:220 - loadIPPluginJar : add sai
2023-11-26 11:28:28,300 [INFO] IPUIPlugin:80 - create IPUIPlugin
2023-11-26 11:28:28,300 [INFO] PluginManager:220 - loadIPPluginJar : add spi
2023-11-26 11:28:28,341 [INFO] IPUIPlugin:80 - create IPUIPlugin
2023-11-26 11:28:28,342 [INFO] PluginManager:220 - loadIPPluginJar : add stm32_wpan
2023-11-26 11:28:28,357 [INFO] IPUIPlugin:80 - create IPUIPlugin
2023-11-26 11:28:28,357 [INFO] PluginManager:220 - loadIPPluginJar : add tim
2023-11-26 11:28:28,396 [INFO] IPUIPlugin:80 - create IPUIPlugin
2023-11-26 11:28:28,396 [INFO] PluginManager:220 - loadIPPluginJar : add touchsensing
2023-11-26 11:28:28,412 [INFO] IPUIPlugin:80 - create IPUIPlugin
2023-11-26 11:28:28,412 [INFO] PluginManager:220 - loadIPPluginJar : add tracer_emb
2023-11-26 11:28:28,431 [INFO] IPUIPlugin:80 - create IPUIPlugin
2023-11-26 11:28:28,431 [INFO] PluginManager:220 - loadIPPluginJar : add ts
2023-11-26 11:28:28,446 [INFO] IPUIPlugin:80 - create IPUIPlugin
2023-11-26 11:28:28,447 [INFO] PluginManager:220 - loadIPPluginJar : add tsc
2023-11-26 11:28:28,462 [INFO] IPUIPlugin:80 - create IPUIPlugin
2023-11-26 11:28:28,462 [INFO] PluginManager:220 - loadIPPluginJar : add ucpd
2023-11-26 11:28:28,492 [INFO] IPUIPlugin:80 - create IPUIPlugin
2023-11-26 11:28:28,493 [INFO] PluginManager:220 - loadIPPluginJar : add usart
2023-11-26 11:28:28,525 [INFO] IPUIPlugin:80 - create IPUIPlugin
2023-11-26 11:28:28,525 [INFO] PluginManager:220 - loadIPPluginJar : add usbx
2023-11-26 11:28:28,639 [INFO] CADModel:165 - CPN selected for project level
2023-11-26 11:28:28,639 [INFO] CADModel:114 - Register for checkConnection events
2023-11-26 11:28:28,640 [FATAL] Updater:308 - Updater called before beeing initialized
2023-11-26 11:28:28,640 [ERROR] CADModel:125 - Updater not yet initialized, retry later 
2023-11-26 11:28:28,768 [INFO] CADModel:165 - CPN selected for project level
2023-11-26 11:28:28,768 [INFO] CADModel:114 - Register for checkConnection events
2023-11-26 11:28:28,768 [FATAL] Updater:308 - Updater called before beeing initialized
2023-11-26 11:28:28,768 [ERROR] CADModel:125 - Updater not yet initialized, retry later 
2023-11-26 11:28:28,771 [FATAL] Updater:308 - Updater called before beeing initialized
2023-11-26 11:28:28,868 [FATAL] Updater:308 - Updater called before beeing initialized
2023-11-26 11:28:28,877 [INFO] DbMcusAds:53 - JSON generation date=Tue Mar 07 09:50:55 CET 2023 (1678179055335)
2023-11-26 11:28:28,877 [FATAL] Updater:308 - Updater called before beeing initialized
2023-11-26 11:28:28,944 [WARN] DetailPanel:346 - Failed to get advertising image, set to default
2023-11-26 11:28:29,014 [FATAL] Updater:308 - Updater called before beeing initialized
2023-11-26 11:28:29,016 [FATAL] Updater:308 - Updater called before beeing initialized
2023-11-26 11:28:29,016 [FATAL] Updater:308 - Updater called before beeing initialized
2023-11-26 11:28:29,016 [WARN] DetailPanel:346 - Failed to get advertising image, set to default
2023-11-26 11:28:29,017 [FATAL] Updater:308 - Updater called before beeing initialized
2023-11-26 11:28:29,068 [ERROR] Updater:1120 - MainUpdater not yet initialized. External WinMGr cannot be set.
2023-11-26 11:28:29,075 [INFO] Updater:1056 - Updater Version found : 6.9.2
2023-11-26 11:28:29,090 [INFO] ApplicationProperties:184 - Using Application install path: C:\ST\STM32CubeIDE_1.11.2\STM32CubeIDE\plugins\com.st.stm32cube.common.mx_6.9.2.202309101412
2023-11-26 11:28:29,235 [INFO] MainUpdater:2868 - connection check result : 10
2023-11-26 11:28:29,236 [INFO] MainUpdater:285 - Updater Check For Update Now.
2023-11-26 11:28:29,236 [INFO] MicroXplorer:498 - Change Database Version : DB.6.0.92
2023-11-26 11:28:29,253 [INFO] McuFinderGlobals:63 - Set McuFinder mode to 2 (CubeIDE integrated)
2023-11-26 11:28:29,254 [INFO] UserAuth:179 - activating auth plugin
2023-11-26 11:28:29,256 [INFO] UserAuth:393 - Internet connection configuration mode: 1
2023-11-26 11:28:29,282 [INFO] JxBrowserEngine:151 - Initiate JxBrowser Engine with user profile folder
2023-11-26 11:28:29,431 [INFO] CheckServerUpdateThread:120 - End of CheckServer Thread
2023-11-26 11:28:29,787 [WARN] PackLoader:240 - Cannot read IP mode file for STMicroelectronics.X-CUBE-SMBUS.2.1.0
2023-11-26 11:28:29,826 [WARN] PackLoader:240 - Cannot read IP mode file for STMicroelectronics.X-CUBE-AZRTOS-F7.1.1.0
2023-11-26 11:28:29,843 [WARN] PackLoader:240 - Cannot read IP mode file for STMicroelectronics.FP-SNS-MOTENV1.4.3.2
2023-11-26 11:28:29,861 [WARN] PackLoader:240 - Cannot read IP mode file for STMicroelectronics.X-CUBE-BLE1.6.2.4
2023-11-26 11:28:29,871 [WARN] PackLoader:240 - Cannot read IP mode file for STMicroelectronics.FP-SNS-FLIGHT1.5.0.2
2023-11-26 11:28:29,887 [WARN] PackLoader:240 - Cannot read IP mode file for STMicroelectronics.X-CUBE-DISPLAY.3.0.0
2023-11-26 11:28:29,903 [WARN] PackLoader:240 - Cannot read IP mode file for STMicroelectronics.X-CUBE-BLE1.7.0.0
2023-11-26 11:28:29,915 [WARN] PackLoader:240 - Cannot read IP mode file for STMicroelectronics.X-CUBE-TOUCHGFX.4.22.1
2023-11-26 11:28:29,926 [WARN] PackLoader:240 - Cannot read IP mode file for STMicroelectronics.FP-SNS-SMARTAG2.1.2.0
2023-11-26 11:28:29,946 [INFO] LogOutputStream:77 - [STDOUT_REDIRECT] 1 : Invalid condition id : UX_CORESTACK_Condition cause : null
2023-11-26 11:28:29,947 [INFO] LogOutputStream:77 - [STDOUT_REDIRECT] 1 : Invalid condition id : UX_CORESTACK_Condition cause : null
2023-11-26 11:28:29,948 [INFO] LogOutputStream:77 - [STDOUT_REDIRECT] 1 : Invalid condition id : UX_CORESTACK_Condition cause : null
2023-11-26 11:28:29,949 [INFO] LogOutputStream:77 - [STDOUT_REDIRECT] 1 : Invalid condition id : UX_CORESTACK_Condition cause : null
2023-11-26 11:28:29,950 [INFO] LogOutputStream:77 - [STDOUT_REDIRECT] 1 : Invalid condition id : UX_CORESTACK_Condition cause : null
2023-11-26 11:28:29,955 [WARN] PackLoader:240 - Cannot read IP mode file for STMicroelectronics.X-CUBE-AZRTOS-WL.2.0.0
2023-11-26 11:28:29,974 [WARN] PackLoader:240 - Cannot read IP mode file for WES.I-CUBE-Cesium.1.3.0
2023-11-26 11:28:29,987 [WARN] PackLoader:240 - Cannot read IP mode file for STMicroelectronics.X-CUBE-BLE2.3.3.0
2023-11-26 11:28:30,009 [WARN] PackLoader:240 - Cannot read IP mode file for STMicroelectronics.X-CUBE-TOF1.3.2.0
2023-11-26 11:28:30,021 [WARN] PackLoader:240 - Cannot read IP mode file for STMicroelectronics.X-CUBE-TOUCHGFX.4.21.1
2023-11-26 11:28:30,030 [WARN] PackLoader:240 - Cannot read IP mode file for STMicroelectronics.X-CUBE-AI.7.3.0
2023-11-26 11:28:30,040 [WARN] PackLoader:240 - Cannot read IP mode file for STMicroelectronics.X-CUBE-ALGOBUILD.1.3.0
2023-11-26 11:28:30,066 [WARN] PackLoader:240 - Cannot read IP mode file for STMicroelectronics.X-CUBE-AZRTOS-G0.1.1.0
2023-11-26 11:28:30,079 [WARN] PackLoader:240 - Cannot read IP mode file for STMicroelectronics.X-CUBE-NFC4.3.0.0
2023-11-26 11:28:30,093 [WARN] PackLoader:240 - Cannot read IP mode file for STMicroelectronics.X-CUBE-BLEMGR.3.0.0
2023-11-26 11:28:30,107 [WARN] PackLoader:240 - Cannot read IP mode file for STMicroelectronics.X-CUBE-BLEMGR.1.3.0
2023-11-26 11:28:30,121 [WARN] PackLoader:240 - Cannot read IP mode file for STMicroelectronics.FP-ATR-SIGFOX1.3.2.0
2023-11-26 11:28:30,186 [WARN] PackLoader:240 - Cannot read IP mode file for STMicroelectronics.X-CUBE-MEMS1.9.5.0
2023-11-26 11:28:30,480 [WARN] PackLoader:240 - Cannot read IP mode file for SEGGER.I-CUBE-embOS.1.3.1
2023-11-26 11:28:30,534 [WARN] PackLoader:240 - Cannot read IP mode file for STMicroelectronics.X-CUBE-GNSS1.6.0.0
2023-11-26 11:28:30,572 [WARN] PackLoader:240 - Cannot read IP mode file for STMicroelectronics.X-CUBE-AZRTOS-F4.1.1.0
2023-11-26 11:28:30,620 [WARN] PackLoader:240 - Cannot read IP mode file for STMicroelectronics.X-CUBE-AZRTOS-L5.2.0.0
2023-11-26 11:28:30,701 [WARN] PackLoader:240 - Cannot read IP mode file for STMicroelectronics.X-CUBE-MEMS1.9.6.0
2023-11-26 11:28:30,891 [WARN] PackLoader:240 - Cannot read IP mode file for STMicroelectronics.X-CUBE-EEPRMA1.4.2.0
2023-11-26 11:28:30,908 [WARN] PackLoader:240 - Cannot read IP mode file for ITTIA_DB.I-CUBE-ITTIADB.8.8.0
2023-11-26 11:28:30,930 [WARN] PackLoader:240 - Cannot read IP mode file for emotas.I-CUBE-CANOPEN.1.1.3
2023-11-26 11:28:30,950 [WARN] PackLoader:240 - Cannot read IP mode file for STMicroelectronics.X-CUBE-BLEMGR.2.0.0
2023-11-26 11:28:31,001 [WARN] ConditionMgr:438 - getConditionDescription Invalid condition id : UX DEVICE CLASS RTOS Condition cause : null
2023-11-26 11:28:31,002 [WARN] ConditionMgr:438 - getConditionDescription Invalid condition id : UX DEVICE CLASS RTOS Condition cause : null
2023-11-26 11:28:31,005 [WARN] PackLoader:240 - Cannot read IP mode file for STMicroelectronics.X-CUBE-AZRTOS-H7.3.1.0
2023-11-26 11:28:31,006 [WARN] ConditionMgr:1039 - genDependencies : Invalid condition id : UX DEVICE CLASS RTOS Condition cause : null
2023-11-26 11:28:31,006 [WARN] ConditionMgr:1039 - genDependencies : Invalid condition id : UX DEVICE CLASS RTOS Condition cause : null
2023-11-26 11:28:31,007 [WARN] ConditionMgr:1039 - genDependencies : Invalid condition id : UX DEVICE CLASS RTOS Condition cause : null
2023-11-26 11:28:31,007 [WARN] ConditionMgr:1039 - genDependencies : Invalid condition id : UX DEVICE CLASS RTOS Condition cause : null
2023-11-26 11:28:31,007 [WARN] ConditionMgr:1039 - genDependencies : Invalid condition id : UX DEVICE CLASS RTOS Condition cause : null
2023-11-26 11:28:31,025 [WARN] PackLoader:240 - Cannot read IP mode file for wolfSSL.I-CUBE-wolfSSL.5.5.4
2023-11-26 11:28:31,047 [WARN] PackLoader:240 - Cannot read IP mode file for STMicroelectronics.X-CUBE-NFC7.1.0.1
2023-11-26 11:28:31,065 [WARN] PackLoader:240 - Cannot read IP mode file for STMicroelectronics.X-CUBE-NFC7.1.0.0
2023-11-26 11:28:31,094 [WARN] PackLoader:240 - Cannot read IP mode file for STMicroelectronics.X-CUBE-NFC6.3.0.0
2023-11-26 11:28:31,116 [WARN] PackLoader:240 - Cannot read IP mode file for STMicroelectronics.X-CUBE-EEPRMA1.4.1.0
2023-11-26 11:28:31,138 [WARN] PackLoader:240 - Cannot read IP mode file for STMicroelectronics.X-CUBE-AI.8.1.0
2023-11-26 11:28:31,182 [WARN] ConditionMgr:438 - getConditionDescription Invalid condition id : LAN8742 Phy interface Condition cause : null
2023-11-26 11:28:31,183 [WARN] PackLoader:240 - Cannot read IP mode file for STMicroelectronics.X-CUBE-AZRTOS-L4.2.0.0
2023-11-26 11:28:31,184 [WARN] ConditionMgr:1039 - genDependencies : Invalid condition id : LAN8742 Phy interface Condition cause : null
2023-11-26 11:28:31,184 [WARN] ConditionMgr:1039 - genDependencies : Invalid condition id : LAN8742 Phy interface Condition cause : null
2023-11-26 11:28:31,185 [WARN] ConditionMgr:1039 - genDependencies : Invalid condition id : LAN8742 Phy interface Condition cause : null
2023-11-26 11:28:31,207 [WARN] PackLoader:240 - Cannot read IP mode file for STMicroelectronics.X-CUBE-SFXS2LP1.4.0.0
2023-11-26 11:28:31,256 [WARN] PackLoader:240 - Cannot read IP mode file for STMicroelectronics.X-CUBE-AZRTOS-H7.3.0.0
2023-11-26 11:28:31,277 [WARN] PackLoader:240 - Cannot read IP mode file for STMicroelectronics.X-CUBE-ISPU.1.1.0
2023-11-26 11:28:31,308 [WARN] PackLoader:240 - Cannot read IP mode file for RoweBots.I-CUBE-UNISONRTOS.5.5.0-4
2023-11-26 11:28:31,326 [WARN] PackLoader:240 - Cannot read IP mode file for STMicroelectronics.X-CUBE-AI.8.0.0
2023-11-26 11:28:31,359 [WARN] ConditionMgr:438 - getConditionDescription Invalid condition id : UX DEVICE CLASS RTOS Condition cause : null
2023-11-26 11:28:31,359 [WARN] ConditionMgr:438 - getConditionDescription Invalid condition id : UX DEVICE CLASS RTOS Condition cause : null
2023-11-26 11:28:31,361 [WARN] PackLoader:240 - Cannot read IP mode file for STMicroelectronics.X-CUBE-AZRTOS-WB.2.0.0
2023-11-26 11:28:31,362 [WARN] ConditionMgr:1039 - genDependencies : Invalid condition id : UX DEVICE CLASS RTOS Condition cause : null
2023-11-26 11:28:31,362 [WARN] ConditionMgr:1039 - genDependencies : Invalid condition id : UX DEVICE CLASS RTOS Condition cause : null
2023-11-26 11:28:31,363 [WARN] ConditionMgr:1039 - genDependencies : Invalid condition id : UX DEVICE CLASS RTOS Condition cause : null
2023-11-26 11:28:31,363 [WARN] ConditionMgr:1039 - genDependencies : Invalid condition id : UX DEVICE CLASS RTOS Condition cause : null
2023-11-26 11:28:31,363 [WARN] ConditionMgr:1039 - genDependencies : Invalid condition id : UX DEVICE CLASS RTOS Condition cause : null
2023-11-26 11:28:31,392 [WARN] PackLoader:240 - Cannot read IP mode file for STMicroelectronics.X-CUBE-FREERTOS.1.0.0
2023-11-26 11:28:31,437 [WARN] PackLoader:240 - Cannot read IP mode file for STMicroelectronics.X-CUBE-AZRTOS-L5.1.1.0
2023-11-26 11:28:31,475 [WARN] PackLoader:240 - Cannot read IP mode file for STMicroelectronics.X-CUBE-SUBG2.5.0.0
2023-11-26 11:28:31,511 [WARN] PackLoader:240 - Cannot read IP mode file for STMicroelectronics.X-CUBE-TOF1.3.3.1
2023-11-26 11:28:31,562 [WARN] PackLoader:240 - Cannot read IP mode file for STMicroelectronics.X-CUBE-AZRTOS-G4.2.0.0
2023-11-26 11:28:31,585 [WARN] PackLoader:240 - Cannot read IP mode file for STMicroelectronics.FP-ATR-ASTRA1.1.1.1
2023-11-26 11:28:31,620 [WARN] PackLoader:240 - Cannot read IP mode file for Infineon.AIROC-Wi-Fi-Bluetooth-STM32.1.5.1
2023-11-26 11:28:31,647 [WARN] PackLoader:240 - Cannot read IP mode file for STMicroelectronics.FP-SNS-MOTENVWB1.1.3.0
2023-11-26 11:28:31,693 [WARN] PackLoader:240 - Cannot read IP mode file for STMicroelectronics.X-CUBE-AZRTOS-G4.1.0.0
2023-11-26 11:28:31,748 [WARN] PackLoader:240 - Cannot read IP mode file for STMicroelectronics.X-CUBE-AZRTOS-L4.1.0.0
2023-11-26 11:28:31,866 [WARN] PackLoader:240 - Cannot read IP mode file for STMicroelectronics.X-CUBE-MEMS1.10.0.0
2023-11-26 11:28:32,051 [WARN] PackLoader:240 - Cannot read IP mode file for STMicroelectronics.X-CUBE-FREERTOS.1.1.0
2023-11-26 11:28:32,090 [WARN] PackLoader:240 - Cannot read IP mode file for STMicroelectronics.X-CUBE-AZRTOS-WL.1.0.0
2023-11-26 11:28:32,115 [WARN] PackLoader:240 - Cannot read IP mode file for portGmbH.I-Cube-SoM-uGOAL.1.1.0
2023-11-26 11:28:32,140 [WARN] PackLoader:240 - Cannot read IP mode file for STMicroelectronics.X-CUBE-ALS.1.0.1
2023-11-26 11:28:32,182 [WARN] PackLoader:240 - Cannot read IP mode file for STMicroelectronics.X-CUBE-AZRTOS-WB.1.1.0
2023-11-26 11:28:32,205 [WARN] PackLoader:240 - Cannot read IP mode file for STMicroelectronics.FP-ATR-ASTRA1.2.0.0
2023-11-26 11:28:32,246 [WARN] PackLoader:240 - Cannot read IP mode file for STMicroelectronics.X-CUBE-TOF1.3.4.0
2023-11-26 11:28:32,259 [INFO] ThirdParty:978 - Integrity check success = true
2023-11-26 11:28:32,259 [INFO] IntegrityCheckThread:100 - exiting critical section [integrity check]
2023-11-26 11:28:32,259 [INFO] IntegrityCheckThread:103 - End integrity checks thread
2023-11-26 11:28:32,686 [INFO] WebApp:157 - Instantiating new browser for Auth
2023-11-26 11:28:33,511 [INFO] WebApp:753 - Register for checkConnection events
2023-11-26 11:28:33,512 [INFO] WebApp:390 - Apply proxy settings
2023-11-26 11:28:33,512 [INFO] WebApp:475 - Chromium requires no authentication
2023-11-26 11:28:33,525 [INFO] WebApp:418 - Direct internet connection detected
2023-11-26 11:28:33,717 [INFO] WebApp:188 - Starting web application
2023-11-26 11:28:33,718 [INFO] WebApp:520 - Web application path used C:\ST\STM32CubeIDE_1.11.2\STM32CubeIDE\plugins\com.st.stm32cube.common.mx_6.9.2.202309101412\db\plugins\mcufinder\reactClient1\index.html
2023-11-26 11:28:54,539 [ERROR] LogOutputStream:75 - [STDERR_REDIRECT] SLF4J: Failed to load class "org.slf4j.impl.StaticLoggerBinder".
2023-11-26 11:28:54,539 [ERROR] LogOutputStream:75 - [STDERR_REDIRECT] SLF4J: Defaulting to no-operation (NOP) logger implementation
2023-11-26 11:28:54,540 [ERROR] LogOutputStream:75 - [STDERR_REDIRECT] SLF4J: See http://www.slf4j.org/codes.html#StaticLoggerBinder for further details.
2023-11-26 14:14:57,091 [ERROR] LogOutputStream:75 - [STDERR_REDIRECT] 
