2023-12-21 15:26:06,564 [INFO] Activator:176 - 


2023-12-21 15:26:06,569 [INFO] Activator:177 - !SESSION log4j initialized
2023-12-21 15:26:09,458 [INFO] LogOutputStream:77 - [STDOUT_REDIRECT] 
2023-12-21 15:26:11,434 [INFO] ApplicationProperties:184 - Using Application install path: C:\ST\STM32CubeIDE_1.11.2\STM32CubeIDE\plugins\com.st.stm32cube.common.mx_6.9.2.202309101412
2023-12-21 15:26:11,450 [INFO] DbMcusXml:78 - Set database path to: C:\ST\STM32CubeIDE_1.11.2\STM32CubeIDE\plugins\com.st.stm32cube.common.mx_6.9.2.202309101412\\db\/mcu/
2023-12-21 15:26:11,451 [INFO] ApiDb:274 - Set plugin database path to: C:\ST\STM32CubeIDE_1.11.2\STM32CubeIDE\plugins\com.st.stm32cube.common.mx_6.9.2.202309101412\\db\/plugins/boardmanager/
2023-12-21 15:26:11,451 [WARN] ApiDb:259 - Overriding images path with different value:  => C:\ST\STM32CubeIDE_1.11.2\STM32CubeIDE\plugins\com.st.stm32cube.common.mx_6.9.2.202309101412\\db\/plugins/mcufinder/images/
2023-12-21 15:26:11,460 [INFO] ApiDb:250 - Set database path to: C:\Users\andep\.stmcufinder\plugins\mcufinder//mcu/
2023-12-21 15:26:11,461 [INFO] DbMcusAds:125 - Set database path to: C:\Users\andep\.stmcufinder\plugins\mcufinder//mcu/
2023-12-21 15:26:11,463 [INFO] CrossReferenceDbSqlite:203 - Set database path to: C:\Users\andep\.stmcufinder\plugins\mcufinder//mcu/cs/
2023-12-21 15:26:11,565 [INFO] RulesReader:64 - Compatibility file has been processed (293 Rules)
2023-12-21 15:26:11,637 [INFO] DbMcusXml:78 - Set database path to: C:\ST\STM32CubeIDE_1.11.2\STM32CubeIDE\plugins\com.st.stm32cube.common.mx_6.9.2.202309101412\\db\/mcu/
2023-12-21 15:26:11,638 [INFO] ApiDb:274 - Set plugin database path to: C:\ST\STM32CubeIDE_1.11.2\STM32CubeIDE\plugins\com.st.stm32cube.common.mx_6.9.2.202309101412\\db\/plugins/boardmanager/
2023-12-21 15:26:11,638 [INFO] ApiDb:261 - Set plugin images path to: C:\ST\STM32CubeIDE_1.11.2\STM32CubeIDE\plugins\com.st.stm32cube.common.mx_6.9.2.202309101412\\db\/plugins/mcufinder/images/
2023-12-21 15:26:11,638 [WARN] DbFile:41 - Overriding database path with different value: C:\Users\andep\.stmcufinder\plugins\mcufinder/ => C:\Users\andep\.stmcufinder\plugins\mcufinder
2023-12-21 15:26:11,638 [INFO] ApiDb:250 - Set database path to: C:\Users\andep\.stmcufinder\plugins\mcufinder//mcu/
2023-12-21 15:26:11,638 [WARN] DbFile:41 - Overriding database path with different value: C:\Users\andep\.stmcufinder\plugins\mcufinder/ => C:\Users\andep\.stmcufinder\plugins\mcufinder
2023-12-21 15:26:11,638 [INFO] DbMcusAds:125 - Set database path to: C:\Users\andep\.stmcufinder\plugins\mcufinder//mcu/
2023-12-21 15:26:11,638 [WARN] DbFile:41 - Overriding database path with different value: C:\Users\andep\.stmcufinder\plugins\mcufinder/ => C:\Users\andep\.stmcufinder\plugins\mcufinder
2023-12-21 15:26:11,638 [WARN] DbFile:41 - Overriding database path with different value: C:\Users\andep\.stmcufinder\plugins\mcufinder/ => C:\Users\andep\.stmcufinder\plugins\mcufinder
2023-12-21 15:26:11,638 [INFO] CrossReferenceDbSqlite:203 - Set database path to: C:\Users\andep\.stmcufinder\plugins\mcufinder//mcu/cs/
2023-12-21 15:26:11,707 [INFO] MainPanel:262 - HeapMemory: 268435456
2023-12-21 15:26:11,792 [INFO] DbMcusXml:78 - Set database path to: C:\ST\STM32CubeIDE_1.11.2\STM32CubeIDE\plugins\com.st.stm32cube.common.mx_6.9.2.202309101412\\db\/mcu/
2023-12-21 15:26:11,792 [INFO] ApiDb:274 - Set plugin database path to: C:\ST\STM32CubeIDE_1.11.2\STM32CubeIDE\plugins\com.st.stm32cube.common.mx_6.9.2.202309101412\\db\/plugins/boardmanager/
2023-12-21 15:26:11,792 [INFO] ApiDb:261 - Set plugin images path to: C:\ST\STM32CubeIDE_1.11.2\STM32CubeIDE\plugins\com.st.stm32cube.common.mx_6.9.2.202309101412\\db\/plugins/mcufinder/images/
2023-12-21 15:26:11,793 [WARN] DbFile:41 - Overriding database path with different value: C:\Users\andep\.stmcufinder\plugins\mcufinder/ => C:\Users\andep\.stmcufinder\plugins\mcufinder
2023-12-21 15:26:11,793 [INFO] ApiDb:250 - Set database path to: C:\Users\andep\.stmcufinder\plugins\mcufinder//mcu/
2023-12-21 15:26:11,793 [WARN] DbFile:41 - Overriding database path with different value: C:\Users\andep\.stmcufinder\plugins\mcufinder/ => C:\Users\andep\.stmcufinder\plugins\mcufinder
2023-12-21 15:26:11,793 [INFO] DbMcusAds:125 - Set database path to: C:\Users\andep\.stmcufinder\plugins\mcufinder//mcu/
2023-12-21 15:26:11,793 [WARN] DbFile:41 - Overriding database path with different value: C:\Users\andep\.stmcufinder\plugins\mcufinder/ => C:\Users\andep\.stmcufinder\plugins\mcufinder
2023-12-21 15:26:11,793 [WARN] DbFile:41 - Overriding database path with different value: C:\Users\andep\.stmcufinder\plugins\mcufinder/ => C:\Users\andep\.stmcufinder\plugins\mcufinder
2023-12-21 15:26:11,793 [INFO] CrossReferenceDbSqlite:203 - Set database path to: C:\Users\andep\.stmcufinder\plugins\mcufinder//mcu/cs/
2023-12-21 15:26:11,810 [INFO] ApplicationProperties:184 - Using Application install path: C:\ST\STM32CubeIDE_1.11.2\STM32CubeIDE\plugins\com.st.stm32cube.common.mx_6.9.2.202309101412
2023-12-21 15:26:11,811 [INFO] PluginManage:196 - Search for loadable plugins [exclusion list=, ]
2023-12-21 15:26:11,813 [INFO] PluginManage:310 - Check plugin analytics
2023-12-21 15:26:11,950 [INFO] AnalyticsPlugin:253 - Accepted Software Licenses: 
2023-12-21 15:26:11,951 [INFO] AnalyticsPlugin:255 - Accepted CMSIS Pack Licenses: 
2023-12-21 15:26:11,951 [INFO] AnalyticsPlugin:257 - Accepted Firmware Licenses: 
2023-12-21 15:26:11,953 [INFO] PluginManage:359 - Loaded plugin analytics (category:tool,tabindex:-1)
2023-12-21 15:26:11,953 [INFO] PluginManage:310 - Check plugin cadmodel
2023-12-21 15:26:11,968 [INFO] CADModel:105 - Init CAD model plugin
2023-12-21 15:26:11,968 [INFO] PluginManage:359 - Loaded plugin cadmodel (category:power,tabindex:5)
2023-12-21 15:26:11,968 [INFO] PluginManage:310 - Check plugin clock
2023-12-21 15:26:11,986 [INFO] PluginManage:359 - Loaded plugin clock (category:base,tabindex:2)
2023-12-21 15:26:11,987 [INFO] PluginManage:310 - Check plugin ddr
2023-12-21 15:26:11,989 [INFO] PluginManage:359 - Loaded plugin ddr (category:tool,tabindex:6)
2023-12-21 15:26:11,989 [INFO] PluginManage:310 - Check plugin filemanager
2023-12-21 15:26:12,103 [INFO] PluginManage:359 - Loaded plugin filemanager (category:base,tabindex:10)
2023-12-21 15:26:12,103 [INFO] PluginManage:310 - Check plugin ipmanager
2023-12-21 15:26:12,111 [INFO] PluginManage:359 - Loaded plugin ipmanager (category:base,tabindex:5)
2023-12-21 15:26:12,111 [INFO] PluginManage:310 - Check plugin lpbam
2023-12-21 15:26:12,127 [INFO] PluginManage:359 - Loaded plugin lpbam (category:base,tabindex:0)
2023-12-21 15:26:12,127 [INFO] PluginManage:310 - Check plugin memorymap
2023-12-21 15:26:12,148 [INFO] PluginManage:359 - Loaded plugin memorymap (category:base,tabindex:4)
2023-12-21 15:26:12,149 [INFO] PluginManage:310 - Check plugin pinoutandconfiguration
2023-12-21 15:26:12,162 [INFO] PluginManage:359 - Loaded plugin pinoutandconfiguration (category:base,tabindex:1)
2023-12-21 15:26:12,163 [INFO] PluginManage:310 - Check plugin pinoutconfig
2023-12-21 15:26:12,244 [WARN] SupportedApi:132 - Cannot load RTOS API schema: s4s-elt-must-match.1: The content of 'definitions' must match (annotation?, (simpleType | complexType)?, (unique | key | keyref)*)). A problem was found starting at: attribute.
2023-12-21 15:26:12,393 [INFO] PluginManage:359 - Loaded plugin pinoutconfig (category:base,tabindex:0)
2023-12-21 15:26:12,394 [INFO] PluginManage:310 - Check plugin power
2023-12-21 15:26:12,412 [INFO] PluginManage:359 - Loaded plugin power (category:power,tabindex:4)
2023-12-21 15:26:12,412 [INFO] PluginManage:310 - Check plugin projectmanager
2023-12-21 15:26:12,422 [INFO] PluginManage:359 - Loaded plugin projectmanager (category:projectmanager,tabindex:3)
2023-12-21 15:26:12,423 [INFO] PluginManage:310 - Check plugin thirdparty
2023-12-21 15:26:12,650 [INFO] PluginManage:359 - Loaded plugin thirdparty (category:base,tabindex:-1)
2023-12-21 15:26:12,650 [INFO] PluginManage:310 - Check plugin tools
2023-12-21 15:26:12,650 [WARN] IntegrityCheckThread:84 - waiting for thirdparty lock release [integrity check]
2023-12-21 15:26:12,650 [INFO] IntegrityCheckThread:86 - entering critical section [integrity check]
2023-12-21 15:26:12,651 [INFO] ThirdPartyUpdaterWithRetryManager:70 - Updater plugin not ready yet. [1/15]
2023-12-21 15:26:12,676 [INFO] PluginManage:359 - Loaded plugin tools (category:base,tabindex:7)
2023-12-21 15:26:12,676 [INFO] PluginManage:310 - Check plugin tutovideos
2023-12-21 15:26:12,837 [INFO] PluginManage:359 - Loaded plugin tutovideos (category:base,tabindex:-1)
2023-12-21 15:26:12,837 [INFO] PluginManage:310 - Check plugin updater
2023-12-21 15:26:12,846 [INFO] PluginManage:359 - Loaded plugin updater (category:base,tabindex:12)
2023-12-21 15:26:12,846 [INFO] PluginManage:310 - Check plugin userauth
2023-12-21 15:26:12,852 [INFO] UserAuth:113 - Init User Auth plugin
2023-12-21 15:26:12,852 [INFO] PluginManage:359 - Loaded plugin userauth (category:base,tabindex:14)
2023-12-21 15:26:12,852 [INFO] PluginManage:283 - PluginManage : Loaded plugins [17]
2023-12-21 15:26:13,039 [INFO] PinOutPanel:1499 - setPackage(No Configuration,No Configuration)
2023-12-21 15:26:13,125 [INFO] CADModel:165 - CPN selected for project level
2023-12-21 15:26:13,125 [INFO] CADModel:114 - Register for checkConnection events
2023-12-21 15:26:13,147 [INFO] IPUIPlugin:80 - create IPUIPlugin
2023-12-21 15:26:13,147 [INFO] PluginManager:220 - loadIPPluginJar : add adc
2023-12-21 15:26:13,176 [INFO] IPUIPlugin:80 - create IPUIPlugin
2023-12-21 15:26:13,176 [INFO] PluginManager:220 - loadIPPluginJar : add aes
2023-12-21 15:26:13,207 [INFO] IPUIPlugin:80 - create IPUIPlugin
2023-12-21 15:26:13,207 [INFO] PluginManager:220 - loadIPPluginJar : add can
2023-12-21 15:26:13,226 [INFO] IPUIPlugin:80 - create IPUIPlugin
2023-12-21 15:26:13,226 [INFO] PluginManager:220 - loadIPPluginJar : add comp
2023-12-21 15:26:13,251 [INFO] IPUIPlugin:80 - create IPUIPlugin
2023-12-21 15:26:13,251 [INFO] PluginManager:220 - loadIPPluginJar : add cryp
2023-12-21 15:26:13,274 [INFO] IPUIPlugin:80 - create IPUIPlugin
2023-12-21 15:26:13,274 [INFO] PluginManager:220 - loadIPPluginJar : add dfsdm
2023-12-21 15:26:13,286 [INFO] IPUIPlugin:80 - create IPUIPlugin
2023-12-21 15:26:13,286 [INFO] PluginManager:220 - loadIPPluginJar : add dma
2023-12-21 15:26:13,319 [INFO] IPUIPlugin:80 - create IPUIPlugin
2023-12-21 15:26:13,319 [INFO] PluginManager:220 - loadIPPluginJar : add dma3
2023-12-21 15:26:13,336 [INFO] IPUIPlugin:80 - create IPUIPlugin
2023-12-21 15:26:13,337 [INFO] PluginManager:220 - loadIPPluginJar : add fatfs
2023-12-21 15:26:13,371 [INFO] IPUIPlugin:80 - create IPUIPlugin
2023-12-21 15:26:13,371 [INFO] PluginManager:220 - loadIPPluginJar : add fmc
2023-12-21 15:26:13,386 [INFO] IPUIPlugin:80 - create IPUIPlugin
2023-12-21 15:26:13,387 [INFO] PluginManager:220 - loadIPPluginJar : add freertos
2023-12-21 15:26:13,404 [INFO] IPUIPlugin:80 - create IPUIPlugin
2023-12-21 15:26:13,404 [INFO] PluginManager:220 - loadIPPluginJar : add genericplugin
2023-12-21 15:26:13,478 [INFO] IPUIPlugin:80 - create IPUIPlugin
2023-12-21 15:26:13,478 [INFO] PluginManager:220 - loadIPPluginJar : add gfxmmu
2023-12-21 15:26:13,573 [INFO] IPUIPlugin:80 - create IPUIPlugin
2023-12-21 15:26:13,573 [INFO] PluginManager:220 - loadIPPluginJar : add gic
2023-12-21 15:26:13,584 [INFO] IPUIPlugin:80 - create IPUIPlugin
2023-12-21 15:26:13,585 [INFO] PluginManager:220 - loadIPPluginJar : add gpio
2023-12-21 15:26:13,653 [INFO] IPUIPlugin:80 - create IPUIPlugin
2023-12-21 15:26:13,653 [INFO] PluginManager:220 - loadIPPluginJar : add gtzc
2023-12-21 15:26:13,681 [INFO] IPUIPlugin:80 - create IPUIPlugin
2023-12-21 15:26:13,681 [INFO] PluginManager:220 - loadIPPluginJar : add hash
2023-12-21 15:26:13,725 [INFO] IPUIPlugin:80 - create IPUIPlugin
2023-12-21 15:26:13,725 [INFO] PluginManager:220 - loadIPPluginJar : add i2c
2023-12-21 15:26:13,759 [INFO] IPUIPlugin:80 - create IPUIPlugin
2023-12-21 15:26:13,759 [INFO] PluginManager:220 - loadIPPluginJar : add i2s
2023-12-21 15:26:13,789 [INFO] IPUIPlugin:80 - create IPUIPlugin
2023-12-21 15:26:13,789 [INFO] PluginManager:220 - loadIPPluginJar : add i3c
2023-12-21 15:26:13,873 [INFO] IPUIPlugin:80 - create IPUIPlugin
2023-12-21 15:26:13,873 [INFO] PluginManager:220 - loadIPPluginJar : add ipddr
2023-12-21 15:26:13,944 [INFO] IPUIPlugin:80 - create IPUIPlugin
2023-12-21 15:26:13,944 [INFO] PluginManager:220 - loadIPPluginJar : add linkedlist
2023-12-21 15:26:13,970 [INFO] IPUIPlugin:80 - create IPUIPlugin
2023-12-21 15:26:13,971 [INFO] PluginManager:220 - loadIPPluginJar : add lorawan
2023-12-21 15:26:13,999 [INFO] IPUIPlugin:80 - create IPUIPlugin
2023-12-21 15:26:13,999 [INFO] PluginManager:220 - loadIPPluginJar : add ltdc
2023-12-21 15:26:14,029 [INFO] IPUIPlugin:80 - create IPUIPlugin
2023-12-21 15:26:14,029 [INFO] PluginManager:220 - loadIPPluginJar : add mdma
2023-12-21 15:26:14,041 [INFO] IPUIPlugin:80 - create IPUIPlugin
2023-12-21 15:26:14,041 [INFO] PluginManager:220 - loadIPPluginJar : add nvic
2023-12-21 15:26:14,069 [INFO] IPUIPlugin:80 - create IPUIPlugin
2023-12-21 15:26:14,069 [INFO] PluginManager:220 - loadIPPluginJar : add opamp
2023-12-21 15:26:14,113 [INFO] IPUIPlugin:80 - create IPUIPlugin
2023-12-21 15:26:14,113 [INFO] PluginManager:220 - loadIPPluginJar : add openamp
2023-12-21 15:26:14,145 [INFO] IPUIPlugin:80 - create IPUIPlugin
2023-12-21 15:26:14,146 [INFO] PluginManager:220 - loadIPPluginJar : add pdm2pcm
2023-12-21 15:26:14,156 [INFO] IPUIPlugin:80 - create IPUIPlugin
2023-12-21 15:26:14,158 [INFO] PluginManager:220 - loadIPPluginJar : add plateformsettings
2023-12-21 15:26:14,174 [INFO] IPUIPlugin:80 - create IPUIPlugin
2023-12-21 15:26:14,174 [INFO] PluginManager:220 - loadIPPluginJar : add quadspi
2023-12-21 15:26:14,185 [INFO] IPUIPlugin:80 - create IPUIPlugin
2023-12-21 15:26:14,185 [INFO] PluginManager:220 - loadIPPluginJar : add resmgrutility
2023-12-21 15:26:14,222 [INFO] IPUIPlugin:80 - create IPUIPlugin
2023-12-21 15:26:14,222 [INFO] PluginManager:220 - loadIPPluginJar : add sai
2023-12-21 15:26:14,250 [INFO] IPUIPlugin:80 - create IPUIPlugin
2023-12-21 15:26:14,250 [INFO] PluginManager:220 - loadIPPluginJar : add spi
2023-12-21 15:26:14,294 [INFO] IPUIPlugin:80 - create IPUIPlugin
2023-12-21 15:26:14,294 [INFO] PluginManager:220 - loadIPPluginJar : add stm32_wpan
2023-12-21 15:26:14,311 [INFO] IPUIPlugin:80 - create IPUIPlugin
2023-12-21 15:26:14,312 [INFO] PluginManager:220 - loadIPPluginJar : add tim
2023-12-21 15:26:14,354 [INFO] IPUIPlugin:80 - create IPUIPlugin
2023-12-21 15:26:14,354 [INFO] PluginManager:220 - loadIPPluginJar : add touchsensing
2023-12-21 15:26:14,370 [INFO] IPUIPlugin:80 - create IPUIPlugin
2023-12-21 15:26:14,370 [INFO] PluginManager:220 - loadIPPluginJar : add tracer_emb
2023-12-21 15:26:14,387 [INFO] IPUIPlugin:80 - create IPUIPlugin
2023-12-21 15:26:14,387 [INFO] PluginManager:220 - loadIPPluginJar : add ts
2023-12-21 15:26:14,403 [INFO] IPUIPlugin:80 - create IPUIPlugin
2023-12-21 15:26:14,403 [INFO] PluginManager:220 - loadIPPluginJar : add tsc
2023-12-21 15:26:14,420 [INFO] IPUIPlugin:80 - create IPUIPlugin
2023-12-21 15:26:14,420 [INFO] PluginManager:220 - loadIPPluginJar : add ucpd
2023-12-21 15:26:14,453 [INFO] IPUIPlugin:80 - create IPUIPlugin
2023-12-21 15:26:14,453 [INFO] PluginManager:220 - loadIPPluginJar : add usart
2023-12-21 15:26:14,487 [INFO] IPUIPlugin:80 - create IPUIPlugin
2023-12-21 15:26:14,487 [INFO] PluginManager:220 - loadIPPluginJar : add usbx
2023-12-21 15:26:14,606 [INFO] CADModel:165 - CPN selected for project level
2023-12-21 15:26:14,606 [INFO] CADModel:114 - Register for checkConnection events
2023-12-21 15:26:14,606 [FATAL] Updater:308 - Updater called before beeing initialized
2023-12-21 15:26:14,606 [ERROR] CADModel:125 - Updater not yet initialized, retry later 
2023-12-21 15:26:14,742 [INFO] CADModel:165 - CPN selected for project level
2023-12-21 15:26:14,742 [INFO] CADModel:114 - Register for checkConnection events
2023-12-21 15:26:14,742 [FATAL] Updater:308 - Updater called before beeing initialized
2023-12-21 15:26:14,742 [ERROR] CADModel:125 - Updater not yet initialized, retry later 
2023-12-21 15:26:14,745 [FATAL] Updater:308 - Updater called before beeing initialized
2023-12-21 15:26:14,837 [FATAL] Updater:308 - Updater called before beeing initialized
2023-12-21 15:26:14,845 [INFO] DbMcusAds:53 - JSON generation date=Tue Mar 07 09:50:55 CET 2023 (1678179055335)
2023-12-21 15:26:14,845 [FATAL] Updater:308 - Updater called before beeing initialized
2023-12-21 15:26:14,911 [WARN] DetailPanel:346 - Failed to get advertising image, set to default
2023-12-21 15:26:14,984 [FATAL] Updater:308 - Updater called before beeing initialized
2023-12-21 15:26:14,986 [FATAL] Updater:308 - Updater called before beeing initialized
2023-12-21 15:26:14,986 [FATAL] Updater:308 - Updater called before beeing initialized
2023-12-21 15:26:14,986 [WARN] DetailPanel:346 - Failed to get advertising image, set to default
2023-12-21 15:26:14,987 [FATAL] Updater:308 - Updater called before beeing initialized
2023-12-21 15:26:15,032 [ERROR] Updater:1120 - MainUpdater not yet initialized. External WinMGr cannot be set.
2023-12-21 15:26:15,041 [INFO] Updater:1056 - Updater Version found : 6.9.2
2023-12-21 15:26:15,053 [INFO] ApplicationProperties:184 - Using Application install path: C:\ST\STM32CubeIDE_1.11.2\STM32CubeIDE\plugins\com.st.stm32cube.common.mx_6.9.2.202309101412
2023-12-21 15:26:15,163 [INFO] MainUpdater:2868 - connection check result : 10
2023-12-21 15:26:15,163 [INFO] MainUpdater:285 - Updater Check For Update Now.
2023-12-21 15:26:15,164 [INFO] MicroXplorer:498 - Change Database Version : DB.6.0.92
2023-12-21 15:26:15,178 [INFO] McuFinderGlobals:63 - Set McuFinder mode to 2 (CubeIDE integrated)
2023-12-21 15:26:15,178 [INFO] UserAuth:179 - activating auth plugin
2023-12-21 15:26:15,180 [INFO] UserAuth:393 - Internet connection configuration mode: 1
2023-12-21 15:26:15,213 [INFO] JxBrowserEngine:151 - Initiate JxBrowser Engine with user profile folder
2023-12-21 15:26:15,360 [INFO] CheckServerUpdateThread:120 - End of CheckServer Thread
2023-12-21 15:26:15,804 [WARN] PackLoader:240 - Cannot read IP mode file for STMicroelectronics.X-CUBE-SMBUS.2.1.0
2023-12-21 15:26:15,820 [WARN] PackLoader:240 - Cannot read IP mode file for STMicroelectronics.X-CUBE-TOUCHGFX.4.23.0
2023-12-21 15:26:15,865 [WARN] PackLoader:240 - Cannot read IP mode file for STMicroelectronics.X-CUBE-AZRTOS-F7.1.1.0
2023-12-21 15:26:15,887 [WARN] PackLoader:240 - Cannot read IP mode file for STMicroelectronics.FP-SNS-MOTENV1.4.3.2
2023-12-21 15:26:15,904 [WARN] PackLoader:240 - Cannot read IP mode file for STMicroelectronics.X-CUBE-BLE1.6.2.4
2023-12-21 15:26:15,917 [WARN] PackLoader:240 - Cannot read IP mode file for STMicroelectronics.FP-SNS-FLIGHT1.5.0.2
2023-12-21 15:26:15,932 [WARN] PackLoader:240 - Cannot read IP mode file for STMicroelectronics.X-CUBE-DISPLAY.3.0.0
2023-12-21 15:26:15,949 [WARN] PackLoader:240 - Cannot read IP mode file for STMicroelectronics.X-CUBE-BLE1.7.0.0
2023-12-21 15:26:15,959 [WARN] PackLoader:240 - Cannot read IP mode file for STMicroelectronics.X-CUBE-TOUCHGFX.4.22.1
2023-12-21 15:26:15,970 [WARN] PackLoader:240 - Cannot read IP mode file for STMicroelectronics.FP-SNS-SMARTAG2.1.2.0
2023-12-21 15:26:15,989 [INFO] LogOutputStream:77 - [STDOUT_REDIRECT] 1 : Invalid condition id : UX_CORESTACK_Condition cause : null
2023-12-21 15:26:15,989 [INFO] LogOutputStream:77 - [STDOUT_REDIRECT] 1 : Invalid condition id : UX_CORESTACK_Condition cause : null
2023-12-21 15:26:15,990 [INFO] LogOutputStream:77 - [STDOUT_REDIRECT] 1 : Invalid condition id : UX_CORESTACK_Condition cause : null
2023-12-21 15:26:15,991 [INFO] LogOutputStream:77 - [STDOUT_REDIRECT] 1 : Invalid condition id : UX_CORESTACK_Condition cause : null
2023-12-21 15:26:15,991 [INFO] LogOutputStream:77 - [STDOUT_REDIRECT] 1 : Invalid condition id : UX_CORESTACK_Condition cause : null
2023-12-21 15:26:15,996 [WARN] PackLoader:240 - Cannot read IP mode file for STMicroelectronics.X-CUBE-AZRTOS-WL.2.0.0
2023-12-21 15:26:16,014 [WARN] PackLoader:240 - Cannot read IP mode file for WES.I-CUBE-Cesium.1.3.0
2023-12-21 15:26:16,025 [WARN] PackLoader:240 - Cannot read IP mode file for STMicroelectronics.X-CUBE-BLE2.3.3.0
2023-12-21 15:26:16,041 [WARN] PackLoader:240 - Cannot read IP mode file for STMicroelectronics.X-CUBE-TOF1.3.2.0
2023-12-21 15:26:16,053 [WARN] PackLoader:240 - Cannot read IP mode file for STMicroelectronics.X-CUBE-TOUCHGFX.4.21.1
2023-12-21 15:26:16,062 [WARN] PackLoader:240 - Cannot read IP mode file for STMicroelectronics.X-CUBE-AI.7.3.0
2023-12-21 15:26:16,072 [WARN] PackLoader:240 - Cannot read IP mode file for STMicroelectronics.X-CUBE-ALGOBUILD.1.3.0
2023-12-21 15:26:16,096 [WARN] PackLoader:240 - Cannot read IP mode file for STMicroelectronics.X-CUBE-AZRTOS-G0.1.1.0
2023-12-21 15:26:16,112 [WARN] PackLoader:240 - Cannot read IP mode file for STMicroelectronics.X-CUBE-NFC4.3.0.0
2023-12-21 15:26:16,130 [WARN] PackLoader:240 - Cannot read IP mode file for STMicroelectronics.X-CUBE-BLEMGR.3.0.0
2023-12-21 15:26:16,147 [WARN] PackLoader:240 - Cannot read IP mode file for STMicroelectronics.X-CUBE-BLEMGR.1.3.0
2023-12-21 15:26:16,159 [WARN] PackLoader:240 - Cannot read IP mode file for STMicroelectronics.FP-ATR-SIGFOX1.3.2.0
2023-12-21 15:26:16,208 [WARN] PackLoader:240 - Cannot read IP mode file for STMicroelectronics.X-CUBE-MEMS1.9.5.0
2023-12-21 15:26:16,381 [WARN] PackLoader:240 - Cannot read IP mode file for SEGGER.I-CUBE-embOS.1.3.1
2023-12-21 15:26:16,428 [WARN] PackLoader:240 - Cannot read IP mode file for STMicroelectronics.X-CUBE-GNSS1.6.0.0
2023-12-21 15:26:16,454 [WARN] PackLoader:240 - Cannot read IP mode file for STMicroelectronics.X-CUBE-AZRTOS-F4.1.1.0
2023-12-21 15:26:16,481 [WARN] PackLoader:240 - Cannot read IP mode file for STMicroelectronics.X-CUBE-AZRTOS-L5.2.0.0
2023-12-21 15:26:16,529 [WARN] PackLoader:240 - Cannot read IP mode file for STMicroelectronics.X-CUBE-MEMS1.9.6.0
2023-12-21 15:26:16,653 [WARN] PackLoader:240 - Cannot read IP mode file for STMicroelectronics.X-CUBE-EEPRMA1.4.2.0
2023-12-21 15:26:16,667 [WARN] PackLoader:240 - Cannot read IP mode file for ITTIA_DB.I-CUBE-ITTIADB.8.8.0
2023-12-21 15:26:16,681 [WARN] PackLoader:240 - Cannot read IP mode file for emotas.I-CUBE-CANOPEN.1.1.3
2023-12-21 15:26:16,695 [WARN] PackLoader:240 - Cannot read IP mode file for STMicroelectronics.X-CUBE-BLEMGR.2.0.0
2023-12-21 15:26:16,719 [WARN] ConditionMgr:438 - getConditionDescription Invalid condition id : UX DEVICE CLASS RTOS Condition cause : null
2023-12-21 15:26:16,719 [WARN] ConditionMgr:438 - getConditionDescription Invalid condition id : UX DEVICE CLASS RTOS Condition cause : null
2023-12-21 15:26:16,722 [WARN] PackLoader:240 - Cannot read IP mode file for STMicroelectronics.X-CUBE-AZRTOS-H7.3.1.0
2023-12-21 15:26:16,723 [WARN] ConditionMgr:1039 - genDependencies : Invalid condition id : UX DEVICE CLASS RTOS Condition cause : null
2023-12-21 15:26:16,723 [WARN] ConditionMgr:1039 - genDependencies : Invalid condition id : UX DEVICE CLASS RTOS Condition cause : null
2023-12-21 15:26:16,724 [WARN] ConditionMgr:1039 - genDependencies : Invalid condition id : UX DEVICE CLASS RTOS Condition cause : null
2023-12-21 15:26:16,724 [WARN] ConditionMgr:1039 - genDependencies : Invalid condition id : UX DEVICE CLASS RTOS Condition cause : null
2023-12-21 15:26:16,724 [WARN] ConditionMgr:1039 - genDependencies : Invalid condition id : UX DEVICE CLASS RTOS Condition cause : null
2023-12-21 15:26:16,737 [WARN] PackLoader:240 - Cannot read IP mode file for wolfSSL.I-CUBE-wolfSSL.5.5.4
2023-12-21 15:26:16,748 [WARN] PackLoader:240 - Cannot read IP mode file for STMicroelectronics.X-CUBE-NFC7.1.0.1
2023-12-21 15:26:16,761 [WARN] PackLoader:240 - Cannot read IP mode file for STMicroelectronics.X-CUBE-NFC7.1.0.0
2023-12-21 15:26:16,774 [WARN] PackLoader:240 - Cannot read IP mode file for STMicroelectronics.X-CUBE-NFC6.3.0.0
2023-12-21 15:26:16,786 [WARN] PackLoader:240 - Cannot read IP mode file for STMicroelectronics.X-CUBE-EEPRMA1.4.1.0
2023-12-21 15:26:16,798 [WARN] PackLoader:240 - Cannot read IP mode file for STMicroelectronics.X-CUBE-AI.8.1.0
2023-12-21 15:26:16,823 [WARN] ConditionMgr:438 - getConditionDescription Invalid condition id : LAN8742 Phy interface Condition cause : null
2023-12-21 15:26:16,823 [WARN] PackLoader:240 - Cannot read IP mode file for STMicroelectronics.X-CUBE-AZRTOS-L4.2.0.0
2023-12-21 15:26:16,824 [WARN] ConditionMgr:1039 - genDependencies : Invalid condition id : LAN8742 Phy interface Condition cause : null
2023-12-21 15:26:16,824 [WARN] ConditionMgr:1039 - genDependencies : Invalid condition id : LAN8742 Phy interface Condition cause : null
2023-12-21 15:26:16,824 [WARN] ConditionMgr:1039 - genDependencies : Invalid condition id : LAN8742 Phy interface Condition cause : null
2023-12-21 15:26:16,835 [WARN] PackLoader:240 - Cannot read IP mode file for STMicroelectronics.X-CUBE-SFXS2LP1.4.0.0
2023-12-21 15:26:16,861 [WARN] PackLoader:240 - Cannot read IP mode file for STMicroelectronics.X-CUBE-AZRTOS-H7.3.0.0
2023-12-21 15:26:16,874 [WARN] PackLoader:240 - Cannot read IP mode file for STMicroelectronics.X-CUBE-ISPU.1.1.0
2023-12-21 15:26:16,889 [WARN] PackLoader:240 - Cannot read IP mode file for RoweBots.I-CUBE-UNISONRTOS.5.5.0-4
2023-12-21 15:26:16,901 [WARN] PackLoader:240 - Cannot read IP mode file for STMicroelectronics.X-CUBE-AI.8.0.0
2023-12-21 15:26:16,924 [WARN] ConditionMgr:438 - getConditionDescription Invalid condition id : UX DEVICE CLASS RTOS Condition cause : null
2023-12-21 15:26:16,924 [WARN] ConditionMgr:438 - getConditionDescription Invalid condition id : UX DEVICE CLASS RTOS Condition cause : null
2023-12-21 15:26:16,926 [WARN] PackLoader:240 - Cannot read IP mode file for STMicroelectronics.X-CUBE-AZRTOS-WB.2.0.0
2023-12-21 15:26:16,927 [WARN] ConditionMgr:1039 - genDependencies : Invalid condition id : UX DEVICE CLASS RTOS Condition cause : null
2023-12-21 15:26:16,927 [WARN] ConditionMgr:1039 - genDependencies : Invalid condition id : UX DEVICE CLASS RTOS Condition cause : null
2023-12-21 15:26:16,928 [WARN] ConditionMgr:1039 - genDependencies : Invalid condition id : UX DEVICE CLASS RTOS Condition cause : null
2023-12-21 15:26:16,928 [WARN] ConditionMgr:1039 - genDependencies : Invalid condition id : UX DEVICE CLASS RTOS Condition cause : null
2023-12-21 15:26:16,928 [WARN] ConditionMgr:1039 - genDependencies : Invalid condition id : UX DEVICE CLASS RTOS Condition cause : null
2023-12-21 15:26:16,940 [WARN] PackLoader:240 - Cannot read IP mode file for STMicroelectronics.X-CUBE-FREERTOS.1.0.0
2023-12-21 15:26:16,966 [WARN] PackLoader:240 - Cannot read IP mode file for STMicroelectronics.X-CUBE-AZRTOS-L5.1.1.0
2023-12-21 15:26:16,982 [WARN] PackLoader:240 - Cannot read IP mode file for STMicroelectronics.X-CUBE-SUBG2.5.0.0
2023-12-21 15:26:17,003 [WARN] PackLoader:240 - Cannot read IP mode file for STMicroelectronics.X-CUBE-TOF1.3.3.1
2023-12-21 15:26:17,030 [WARN] PackLoader:240 - Cannot read IP mode file for STMicroelectronics.X-CUBE-AZRTOS-G4.2.0.0
2023-12-21 15:26:17,043 [WARN] PackLoader:240 - Cannot read IP mode file for STMicroelectronics.FP-ATR-ASTRA1.1.1.1
2023-12-21 15:26:17,063 [WARN] PackLoader:240 - Cannot read IP mode file for Infineon.AIROC-Wi-Fi-Bluetooth-STM32.1.5.1
2023-12-21 15:26:17,078 [WARN] PackLoader:240 - Cannot read IP mode file for STMicroelectronics.FP-SNS-MOTENVWB1.1.3.0
2023-12-21 15:26:17,088 [WARN] PackLoader:240 - Cannot read IP mode file for STMicroelectronics.FP-SNS-MOTENVWB1.1.3.1
2023-12-21 15:26:17,107 [WARN] PackLoader:240 - Cannot read IP mode file for STMicroelectronics.X-CUBE-AZRTOS-G4.1.0.0
2023-12-21 15:26:17,133 [WARN] PackLoader:240 - Cannot read IP mode file for STMicroelectronics.X-CUBE-AZRTOS-L4.1.0.0
2023-12-21 15:26:17,143 [WARN] PackLoader:240 - Cannot read IP mode file for STMicroelectronics.X-CUBE-ISPU.2.0.0
2023-12-21 15:26:17,179 [WARN] PackLoader:240 - Cannot read IP mode file for STMicroelectronics.X-CUBE-MEMS1.10.0.0
2023-12-21 15:26:17,267 [WARN] PackLoader:240 - Cannot read IP mode file for STMicroelectronics.X-CUBE-FREERTOS.1.1.0
2023-12-21 15:26:17,283 [WARN] PackLoader:240 - Cannot read IP mode file for STMicroelectronics.X-CUBE-AZRTOS-WL.1.0.0
2023-12-21 15:26:17,297 [WARN] PackLoader:240 - Cannot read IP mode file for portGmbH.I-Cube-SoM-uGOAL.1.1.0
2023-12-21 15:26:17,310 [WARN] PackLoader:240 - Cannot read IP mode file for STMicroelectronics.X-CUBE-ALS.1.0.1
2023-12-21 15:26:17,328 [WARN] PackLoader:240 - Cannot read IP mode file for STMicroelectronics.X-CUBE-AZRTOS-WB.1.1.0
2023-12-21 15:26:17,340 [WARN] PackLoader:240 - Cannot read IP mode file for STMicroelectronics.FP-ATR-ASTRA1.2.0.0
2023-12-21 15:26:17,361 [WARN] PackLoader:240 - Cannot read IP mode file for STMicroelectronics.X-CUBE-TOF1.3.4.0
2023-12-21 15:26:17,509 [WARN] PackLoader:240 - Cannot read IP mode file for STMicroelectronics.X-CUBE-AZRTOS-H7.3.2.0
2023-12-21 15:26:17,512 [INFO] ThirdParty:978 - Integrity check success = true
2023-12-21 15:26:17,512 [INFO] IntegrityCheckThread:100 - exiting critical section [integrity check]
2023-12-21 15:26:17,512 [INFO] IntegrityCheckThread:103 - End integrity checks thread
2023-12-21 15:26:17,563 [INFO] WebApp:157 - Instantiating new browser for Auth
2023-12-21 15:26:18,100 [INFO] WebApp:753 - Register for checkConnection events
2023-12-21 15:26:18,100 [INFO] WebApp:390 - Apply proxy settings
2023-12-21 15:26:18,100 [INFO] WebApp:475 - Chromium requires no authentication
2023-12-21 15:26:18,109 [INFO] WebApp:418 - Direct internet connection detected
2023-12-21 15:26:18,261 [INFO] WebApp:188 - Starting web application
2023-12-21 15:26:18,262 [INFO] WebApp:520 - Web application path used C:\ST\STM32CubeIDE_1.11.2\STM32CubeIDE\plugins\com.st.stm32cube.common.mx_6.9.2.202309101412\db\plugins\mcufinder\reactClient1\index.html
2023-12-21 15:26:39,083 [ERROR] LogOutputStream:75 - [STDERR_REDIRECT] SLF4J: Failed to load class "org.slf4j.impl.StaticLoggerBinder".
2023-12-21 15:26:39,084 [ERROR] LogOutputStream:75 - [STDERR_REDIRECT] SLF4J: Defaulting to no-operation (NOP) logger implementation
2023-12-21 15:26:39,084 [ERROR] LogOutputStream:75 - [STDERR_REDIRECT] SLF4J: See http://www.slf4j.org/codes.html#StaticLoggerBinder for further details.
2023-12-21 15:36:39,593 [ERROR] ConfigurationRetriever:142 - IOException on connection: Connect timed out
2023-12-21 15:36:41,595 [ERROR] ConfigurationRetriever:142 - IOException on connection: Connect timed out
2023-12-21 15:36:43,596 [ERROR] ConfigurationRetriever:142 - IOException on connection: Connect timed out
2023-12-21 15:36:44,169 [ERROR] LogOutputStream:75 - [STDERR_REDIRECT] 
2023-12-21 18:24:57,659 [INFO] Activator:176 - 


2023-12-21 18:24:57,659 [INFO] Activator:177 - !SESSION log4j initialized
2023-12-21 18:24:59,771 [INFO] LogOutputStream:77 - [STDOUT_REDIRECT] 
2023-12-21 18:25:01,280 [INFO] ApplicationProperties:184 - Using Application install path: C:\ST\STM32CubeIDE_1.11.2\STM32CubeIDE\plugins\com.st.stm32cube.common.mx_6.9.2.202309101412
2023-12-21 18:25:01,291 [INFO] DbMcusXml:78 - Set database path to: C:\ST\STM32CubeIDE_1.11.2\STM32CubeIDE\plugins\com.st.stm32cube.common.mx_6.9.2.202309101412\\db\/mcu/
2023-12-21 18:25:01,291 [INFO] ApiDb:274 - Set plugin database path to: C:\ST\STM32CubeIDE_1.11.2\STM32CubeIDE\plugins\com.st.stm32cube.common.mx_6.9.2.202309101412\\db\/plugins/boardmanager/
2023-12-21 18:25:01,291 [WARN] ApiDb:259 - Overriding images path with different value:  => C:\ST\STM32CubeIDE_1.11.2\STM32CubeIDE\plugins\com.st.stm32cube.common.mx_6.9.2.202309101412\\db\/plugins/mcufinder/images/
2023-12-21 18:25:01,298 [INFO] ApiDb:250 - Set database path to: C:\Users\andep\.stmcufinder\plugins\mcufinder//mcu/
2023-12-21 18:25:01,299 [INFO] DbMcusAds:125 - Set database path to: C:\Users\andep\.stmcufinder\plugins\mcufinder//mcu/
2023-12-21 18:25:01,300 [INFO] CrossReferenceDbSqlite:203 - Set database path to: C:\Users\andep\.stmcufinder\plugins\mcufinder//mcu/cs/
2023-12-21 18:25:01,392 [INFO] RulesReader:64 - Compatibility file has been processed (293 Rules)
2023-12-21 18:25:01,458 [INFO] DbMcusXml:78 - Set database path to: C:\ST\STM32CubeIDE_1.11.2\STM32CubeIDE\plugins\com.st.stm32cube.common.mx_6.9.2.202309101412\\db\/mcu/
2023-12-21 18:25:01,458 [INFO] ApiDb:274 - Set plugin database path to: C:\ST\STM32CubeIDE_1.11.2\STM32CubeIDE\plugins\com.st.stm32cube.common.mx_6.9.2.202309101412\\db\/plugins/boardmanager/
2023-12-21 18:25:01,458 [INFO] ApiDb:261 - Set plugin images path to: C:\ST\STM32CubeIDE_1.11.2\STM32CubeIDE\plugins\com.st.stm32cube.common.mx_6.9.2.202309101412\\db\/plugins/mcufinder/images/
2023-12-21 18:25:01,459 [WARN] DbFile:41 - Overriding database path with different value: C:\Users\andep\.stmcufinder\plugins\mcufinder/ => C:\Users\andep\.stmcufinder\plugins\mcufinder
2023-12-21 18:25:01,459 [INFO] ApiDb:250 - Set database path to: C:\Users\andep\.stmcufinder\plugins\mcufinder//mcu/
2023-12-21 18:25:01,459 [WARN] DbFile:41 - Overriding database path with different value: C:\Users\andep\.stmcufinder\plugins\mcufinder/ => C:\Users\andep\.stmcufinder\plugins\mcufinder
2023-12-21 18:25:01,459 [INFO] DbMcusAds:125 - Set database path to: C:\Users\andep\.stmcufinder\plugins\mcufinder//mcu/
2023-12-21 18:25:01,459 [WARN] DbFile:41 - Overriding database path with different value: C:\Users\andep\.stmcufinder\plugins\mcufinder/ => C:\Users\andep\.stmcufinder\plugins\mcufinder
2023-12-21 18:25:01,459 [WARN] DbFile:41 - Overriding database path with different value: C:\Users\andep\.stmcufinder\plugins\mcufinder/ => C:\Users\andep\.stmcufinder\plugins\mcufinder
2023-12-21 18:25:01,459 [INFO] CrossReferenceDbSqlite:203 - Set database path to: C:\Users\andep\.stmcufinder\plugins\mcufinder//mcu/cs/
2023-12-21 18:25:01,515 [INFO] MainPanel:262 - HeapMemory: 268435456
2023-12-21 18:25:01,565 [INFO] DbMcusXml:78 - Set database path to: C:\ST\STM32CubeIDE_1.11.2\STM32CubeIDE\plugins\com.st.stm32cube.common.mx_6.9.2.202309101412\\db\/mcu/
2023-12-21 18:25:01,565 [INFO] ApiDb:274 - Set plugin database path to: C:\ST\STM32CubeIDE_1.11.2\STM32CubeIDE\plugins\com.st.stm32cube.common.mx_6.9.2.202309101412\\db\/plugins/boardmanager/
2023-12-21 18:25:01,565 [INFO] ApiDb:261 - Set plugin images path to: C:\ST\STM32CubeIDE_1.11.2\STM32CubeIDE\plugins\com.st.stm32cube.common.mx_6.9.2.202309101412\\db\/plugins/mcufinder/images/
2023-12-21 18:25:01,565 [WARN] DbFile:41 - Overriding database path with different value: C:\Users\andep\.stmcufinder\plugins\mcufinder/ => C:\Users\andep\.stmcufinder\plugins\mcufinder
2023-12-21 18:25:01,565 [INFO] ApiDb:250 - Set database path to: C:\Users\andep\.stmcufinder\plugins\mcufinder//mcu/
2023-12-21 18:25:01,565 [WARN] DbFile:41 - Overriding database path with different value: C:\Users\andep\.stmcufinder\plugins\mcufinder/ => C:\Users\andep\.stmcufinder\plugins\mcufinder
2023-12-21 18:25:01,565 [INFO] DbMcusAds:125 - Set database path to: C:\Users\andep\.stmcufinder\plugins\mcufinder//mcu/
2023-12-21 18:25:01,565 [WARN] DbFile:41 - Overriding database path with different value: C:\Users\andep\.stmcufinder\plugins\mcufinder/ => C:\Users\andep\.stmcufinder\plugins\mcufinder
2023-12-21 18:25:01,566 [WARN] DbFile:41 - Overriding database path with different value: C:\Users\andep\.stmcufinder\plugins\mcufinder/ => C:\Users\andep\.stmcufinder\plugins\mcufinder
2023-12-21 18:25:01,566 [INFO] CrossReferenceDbSqlite:203 - Set database path to: C:\Users\andep\.stmcufinder\plugins\mcufinder//mcu/cs/
2023-12-21 18:25:01,578 [INFO] ApplicationProperties:184 - Using Application install path: C:\ST\STM32CubeIDE_1.11.2\STM32CubeIDE\plugins\com.st.stm32cube.common.mx_6.9.2.202309101412
2023-12-21 18:25:01,579 [INFO] PluginManage:196 - Search for loadable plugins [exclusion list=, ]
2023-12-21 18:25:01,580 [INFO] PluginManage:310 - Check plugin analytics
2023-12-21 18:25:01,706 [INFO] AnalyticsPlugin:253 - Accepted Software Licenses: 
2023-12-21 18:25:01,706 [INFO] AnalyticsPlugin:255 - Accepted CMSIS Pack Licenses: 
2023-12-21 18:25:01,706 [INFO] AnalyticsPlugin:257 - Accepted Firmware Licenses: 
2023-12-21 18:25:01,709 [INFO] PluginManage:359 - Loaded plugin analytics (category:tool,tabindex:-1)
2023-12-21 18:25:01,709 [INFO] PluginManage:310 - Check plugin cadmodel
2023-12-21 18:25:01,712 [INFO] CADModel:105 - Init CAD model plugin
2023-12-21 18:25:01,712 [INFO] PluginManage:359 - Loaded plugin cadmodel (category:power,tabindex:5)
2023-12-21 18:25:01,713 [INFO] PluginManage:310 - Check plugin clock
2023-12-21 18:25:01,720 [INFO] PluginManage:359 - Loaded plugin clock (category:base,tabindex:2)
2023-12-21 18:25:01,720 [INFO] PluginManage:310 - Check plugin ddr
2023-12-21 18:25:01,721 [INFO] PluginManage:359 - Loaded plugin ddr (category:tool,tabindex:6)
2023-12-21 18:25:01,722 [INFO] PluginManage:310 - Check plugin filemanager
2023-12-21 18:25:01,851 [INFO] PluginManage:359 - Loaded plugin filemanager (category:base,tabindex:10)
2023-12-21 18:25:01,852 [INFO] PluginManage:310 - Check plugin ipmanager
2023-12-21 18:25:01,857 [INFO] PluginManage:359 - Loaded plugin ipmanager (category:base,tabindex:5)
2023-12-21 18:25:01,858 [INFO] PluginManage:310 - Check plugin lpbam
2023-12-21 18:25:01,864 [INFO] PluginManage:359 - Loaded plugin lpbam (category:base,tabindex:0)
2023-12-21 18:25:01,864 [INFO] PluginManage:310 - Check plugin memorymap
2023-12-21 18:25:01,872 [INFO] PluginManage:359 - Loaded plugin memorymap (category:base,tabindex:4)
2023-12-21 18:25:01,872 [INFO] PluginManage:310 - Check plugin pinoutandconfiguration
2023-12-21 18:25:01,876 [INFO] PluginManage:359 - Loaded plugin pinoutandconfiguration (category:base,tabindex:1)
2023-12-21 18:25:01,876 [INFO] PluginManage:310 - Check plugin pinoutconfig
2023-12-21 18:25:01,963 [WARN] SupportedApi:132 - Cannot load RTOS API schema: s4s-elt-must-match.1: The content of 'definitions' must match (annotation?, (simpleType | complexType)?, (unique | key | keyref)*)). A problem was found starting at: attribute.
2023-12-21 18:25:02,058 [INFO] PluginManage:359 - Loaded plugin pinoutconfig (category:base,tabindex:0)
2023-12-21 18:25:02,059 [INFO] PluginManage:310 - Check plugin power
2023-12-21 18:25:02,064 [INFO] PluginManage:359 - Loaded plugin power (category:power,tabindex:4)
2023-12-21 18:25:02,064 [INFO] PluginManage:310 - Check plugin projectmanager
2023-12-21 18:25:02,079 [INFO] PluginManage:359 - Loaded plugin projectmanager (category:projectmanager,tabindex:3)
2023-12-21 18:25:02,079 [INFO] PluginManage:310 - Check plugin thirdparty
2023-12-21 18:25:02,168 [INFO] PluginManage:359 - Loaded plugin thirdparty (category:base,tabindex:-1)
2023-12-21 18:25:02,168 [WARN] IntegrityCheckThread:84 - waiting for thirdparty lock release [integrity check]
2023-12-21 18:25:02,168 [INFO] PluginManage:310 - Check plugin tools
2023-12-21 18:25:02,168 [INFO] IntegrityCheckThread:86 - entering critical section [integrity check]
2023-12-21 18:25:02,168 [INFO] ThirdPartyUpdaterWithRetryManager:70 - Updater plugin not ready yet. [1/15]
2023-12-21 18:25:02,171 [INFO] PluginManage:359 - Loaded plugin tools (category:base,tabindex:7)
2023-12-21 18:25:02,171 [INFO] PluginManage:310 - Check plugin tutovideos
2023-12-21 18:25:02,288 [INFO] PluginManage:359 - Loaded plugin tutovideos (category:base,tabindex:-1)
2023-12-21 18:25:02,289 [INFO] PluginManage:310 - Check plugin updater
2023-12-21 18:25:02,298 [INFO] PluginManage:359 - Loaded plugin updater (category:base,tabindex:12)
2023-12-21 18:25:02,298 [INFO] PluginManage:310 - Check plugin userauth
2023-12-21 18:25:02,303 [INFO] UserAuth:113 - Init User Auth plugin
2023-12-21 18:25:02,303 [INFO] PluginManage:359 - Loaded plugin userauth (category:base,tabindex:14)
2023-12-21 18:25:02,304 [INFO] PluginManage:283 - PluginManage : Loaded plugins [17]
2023-12-21 18:25:02,491 [INFO] PinOutPanel:1499 - setPackage(No Configuration,No Configuration)
2023-12-21 18:25:02,567 [INFO] CADModel:165 - CPN selected for project level
2023-12-21 18:25:02,567 [INFO] CADModel:114 - Register for checkConnection events
2023-12-21 18:25:02,578 [INFO] IPUIPlugin:80 - create IPUIPlugin
2023-12-21 18:25:02,578 [INFO] PluginManager:220 - loadIPPluginJar : add adc
2023-12-21 18:25:02,580 [INFO] IPUIPlugin:80 - create IPUIPlugin
2023-12-21 18:25:02,580 [INFO] PluginManager:220 - loadIPPluginJar : add aes
2023-12-21 18:25:02,581 [INFO] IPUIPlugin:80 - create IPUIPlugin
2023-12-21 18:25:02,582 [INFO] PluginManager:220 - loadIPPluginJar : add can
2023-12-21 18:25:02,582 [INFO] IPUIPlugin:80 - create IPUIPlugin
2023-12-21 18:25:02,582 [INFO] PluginManager:220 - loadIPPluginJar : add comp
2023-12-21 18:25:02,584 [INFO] IPUIPlugin:80 - create IPUIPlugin
2023-12-21 18:25:02,584 [INFO] PluginManager:220 - loadIPPluginJar : add cryp
2023-12-21 18:25:02,585 [INFO] IPUIPlugin:80 - create IPUIPlugin
2023-12-21 18:25:02,585 [INFO] PluginManager:220 - loadIPPluginJar : add dfsdm
2023-12-21 18:25:02,589 [INFO] IPUIPlugin:80 - create IPUIPlugin
2023-12-21 18:25:02,589 [INFO] PluginManager:220 - loadIPPluginJar : add dma
2023-12-21 18:25:02,591 [INFO] IPUIPlugin:80 - create IPUIPlugin
2023-12-21 18:25:02,591 [INFO] PluginManager:220 - loadIPPluginJar : add dma3
2023-12-21 18:25:02,591 [INFO] IPUIPlugin:80 - create IPUIPlugin
2023-12-21 18:25:02,591 [INFO] PluginManager:220 - loadIPPluginJar : add fatfs
2023-12-21 18:25:02,595 [INFO] IPUIPlugin:80 - create IPUIPlugin
2023-12-21 18:25:02,595 [INFO] PluginManager:220 - loadIPPluginJar : add fmc
2023-12-21 18:25:02,598 [INFO] IPUIPlugin:80 - create IPUIPlugin
2023-12-21 18:25:02,598 [INFO] PluginManager:220 - loadIPPluginJar : add freertos
2023-12-21 18:25:02,599 [INFO] IPUIPlugin:80 - create IPUIPlugin
2023-12-21 18:25:02,599 [INFO] PluginManager:220 - loadIPPluginJar : add genericplugin
2023-12-21 18:25:02,601 [INFO] IPUIPlugin:80 - create IPUIPlugin
2023-12-21 18:25:02,601 [INFO] PluginManager:220 - loadIPPluginJar : add gfxmmu
2023-12-21 18:25:02,605 [INFO] IPUIPlugin:80 - create IPUIPlugin
2023-12-21 18:25:02,605 [INFO] PluginManager:220 - loadIPPluginJar : add gic
2023-12-21 18:25:02,608 [INFO] IPUIPlugin:80 - create IPUIPlugin
2023-12-21 18:25:02,608 [INFO] PluginManager:220 - loadIPPluginJar : add gpio
2023-12-21 18:25:02,610 [INFO] IPUIPlugin:80 - create IPUIPlugin
2023-12-21 18:25:02,610 [INFO] PluginManager:220 - loadIPPluginJar : add gtzc
2023-12-21 18:25:02,611 [INFO] IPUIPlugin:80 - create IPUIPlugin
2023-12-21 18:25:02,611 [INFO] PluginManager:220 - loadIPPluginJar : add hash
2023-12-21 18:25:02,612 [INFO] IPUIPlugin:80 - create IPUIPlugin
2023-12-21 18:25:02,613 [INFO] PluginManager:220 - loadIPPluginJar : add i2c
2023-12-21 18:25:02,614 [INFO] IPUIPlugin:80 - create IPUIPlugin
2023-12-21 18:25:02,614 [INFO] PluginManager:220 - loadIPPluginJar : add i2s
2023-12-21 18:25:02,615 [INFO] IPUIPlugin:80 - create IPUIPlugin
2023-12-21 18:25:02,616 [INFO] PluginManager:220 - loadIPPluginJar : add i3c
2023-12-21 18:25:02,618 [INFO] IPUIPlugin:80 - create IPUIPlugin
2023-12-21 18:25:02,618 [INFO] PluginManager:220 - loadIPPluginJar : add ipddr
2023-12-21 18:25:02,623 [INFO] IPUIPlugin:80 - create IPUIPlugin
2023-12-21 18:25:02,623 [INFO] PluginManager:220 - loadIPPluginJar : add linkedlist
2023-12-21 18:25:02,625 [INFO] IPUIPlugin:80 - create IPUIPlugin
2023-12-21 18:25:02,625 [INFO] PluginManager:220 - loadIPPluginJar : add lorawan
2023-12-21 18:25:02,626 [INFO] IPUIPlugin:80 - create IPUIPlugin
2023-12-21 18:25:02,626 [INFO] PluginManager:220 - loadIPPluginJar : add ltdc
2023-12-21 18:25:02,632 [INFO] IPUIPlugin:80 - create IPUIPlugin
2023-12-21 18:25:02,632 [INFO] PluginManager:220 - loadIPPluginJar : add mdma
2023-12-21 18:25:02,635 [INFO] IPUIPlugin:80 - create IPUIPlugin
2023-12-21 18:25:02,635 [INFO] PluginManager:220 - loadIPPluginJar : add nvic
2023-12-21 18:25:02,637 [INFO] IPUIPlugin:80 - create IPUIPlugin
2023-12-21 18:25:02,637 [INFO] PluginManager:220 - loadIPPluginJar : add opamp
2023-12-21 18:25:02,639 [INFO] IPUIPlugin:80 - create IPUIPlugin
2023-12-21 18:25:02,639 [INFO] PluginManager:220 - loadIPPluginJar : add openamp
2023-12-21 18:25:02,641 [INFO] IPUIPlugin:80 - create IPUIPlugin
2023-12-21 18:25:02,641 [INFO] PluginManager:220 - loadIPPluginJar : add pdm2pcm
2023-12-21 18:25:02,645 [INFO] IPUIPlugin:80 - create IPUIPlugin
2023-12-21 18:25:02,648 [INFO] PluginManager:220 - loadIPPluginJar : add plateformsettings
2023-12-21 18:25:02,649 [INFO] IPUIPlugin:80 - create IPUIPlugin
2023-12-21 18:25:02,650 [INFO] PluginManager:220 - loadIPPluginJar : add quadspi
2023-12-21 18:25:02,652 [INFO] IPUIPlugin:80 - create IPUIPlugin
2023-12-21 18:25:02,652 [INFO] PluginManager:220 - loadIPPluginJar : add resmgrutility
2023-12-21 18:25:02,654 [INFO] IPUIPlugin:80 - create IPUIPlugin
2023-12-21 18:25:02,654 [INFO] PluginManager:220 - loadIPPluginJar : add sai
2023-12-21 18:25:02,656 [INFO] IPUIPlugin:80 - create IPUIPlugin
2023-12-21 18:25:02,656 [INFO] PluginManager:220 - loadIPPluginJar : add spi
2023-12-21 18:25:02,659 [INFO] IPUIPlugin:80 - create IPUIPlugin
2023-12-21 18:25:02,659 [INFO] PluginManager:220 - loadIPPluginJar : add stm32_wpan
2023-12-21 18:25:02,660 [INFO] IPUIPlugin:80 - create IPUIPlugin
2023-12-21 18:25:02,661 [INFO] PluginManager:220 - loadIPPluginJar : add tim
2023-12-21 18:25:02,663 [INFO] IPUIPlugin:80 - create IPUIPlugin
2023-12-21 18:25:02,663 [INFO] PluginManager:220 - loadIPPluginJar : add touchsensing
2023-12-21 18:25:02,664 [INFO] IPUIPlugin:80 - create IPUIPlugin
2023-12-21 18:25:02,664 [INFO] PluginManager:220 - loadIPPluginJar : add tracer_emb
2023-12-21 18:25:02,666 [INFO] IPUIPlugin:80 - create IPUIPlugin
2023-12-21 18:25:02,666 [INFO] PluginManager:220 - loadIPPluginJar : add ts
2023-12-21 18:25:02,667 [INFO] IPUIPlugin:80 - create IPUIPlugin
2023-12-21 18:25:02,668 [INFO] PluginManager:220 - loadIPPluginJar : add tsc
2023-12-21 18:25:02,669 [INFO] IPUIPlugin:80 - create IPUIPlugin
2023-12-21 18:25:02,669 [INFO] PluginManager:220 - loadIPPluginJar : add ucpd
2023-12-21 18:25:02,672 [INFO] IPUIPlugin:80 - create IPUIPlugin
2023-12-21 18:25:02,672 [INFO] PluginManager:220 - loadIPPluginJar : add usart
2023-12-21 18:25:02,674 [INFO] IPUIPlugin:80 - create IPUIPlugin
2023-12-21 18:25:02,674 [INFO] PluginManager:220 - loadIPPluginJar : add usbx
2023-12-21 18:25:02,824 [INFO] CADModel:165 - CPN selected for project level
2023-12-21 18:25:02,824 [INFO] CADModel:114 - Register for checkConnection events
2023-12-21 18:25:02,825 [FATAL] Updater:308 - Updater called before beeing initialized
2023-12-21 18:25:02,825 [ERROR] CADModel:125 - Updater not yet initialized, retry later 
2023-12-21 18:25:02,961 [INFO] CADModel:165 - CPN selected for project level
2023-12-21 18:25:02,961 [INFO] CADModel:114 - Register for checkConnection events
2023-12-21 18:25:02,961 [FATAL] Updater:308 - Updater called before beeing initialized
2023-12-21 18:25:02,961 [ERROR] CADModel:125 - Updater not yet initialized, retry later 
2023-12-21 18:25:02,963 [FATAL] Updater:308 - Updater called before beeing initialized
2023-12-21 18:25:03,042 [FATAL] Updater:308 - Updater called before beeing initialized
2023-12-21 18:25:03,046 [INFO] DbMcusAds:53 - JSON generation date=Tue Mar 07 09:50:55 CET 2023 (1678179055335)
2023-12-21 18:25:03,047 [FATAL] Updater:308 - Updater called before beeing initialized
2023-12-21 18:25:03,074 [WARN] DetailPanel:346 - Failed to get advertising image, set to default
2023-12-21 18:25:03,146 [FATAL] Updater:308 - Updater called before beeing initialized
2023-12-21 18:25:03,148 [FATAL] Updater:308 - Updater called before beeing initialized
2023-12-21 18:25:03,148 [FATAL] Updater:308 - Updater called before beeing initialized
2023-12-21 18:25:03,148 [WARN] DetailPanel:346 - Failed to get advertising image, set to default
2023-12-21 18:25:03,149 [FATAL] Updater:308 - Updater called before beeing initialized
2023-12-21 18:25:03,184 [ERROR] Updater:1120 - MainUpdater not yet initialized. External WinMGr cannot be set.
2023-12-21 18:25:03,185 [INFO] Updater:1056 - Updater Version found : 6.9.2
2023-12-21 18:25:03,198 [INFO] ApplicationProperties:184 - Using Application install path: C:\ST\STM32CubeIDE_1.11.2\STM32CubeIDE\plugins\com.st.stm32cube.common.mx_6.9.2.202309101412
2023-12-21 18:25:03,267 [INFO] MainUpdater:2868 - connection check result : 10
2023-12-21 18:25:03,268 [INFO] MainUpdater:285 - Updater Check For Update Now.
2023-12-21 18:25:03,268 [INFO] MicroXplorer:498 - Change Database Version : DB.6.0.92
2023-12-21 18:25:03,273 [INFO] McuFinderGlobals:63 - Set McuFinder mode to 2 (CubeIDE integrated)
2023-12-21 18:25:03,273 [INFO] UserAuth:179 - activating auth plugin
2023-12-21 18:25:03,275 [INFO] UserAuth:393 - Internet connection configuration mode: 1
2023-12-21 18:25:03,284 [INFO] JxBrowserEngine:151 - Initiate JxBrowser Engine with user profile folder
2023-12-21 18:25:03,432 [INFO] CheckServerUpdateThread:120 - End of CheckServer Thread
2023-12-21 18:25:03,822 [INFO] WebApp:157 - Instantiating new browser for Auth
2023-12-21 18:25:04,183 [INFO] WebApp:753 - Register for checkConnection events
2023-12-21 18:25:04,183 [INFO] WebApp:390 - Apply proxy settings
2023-12-21 18:25:04,183 [INFO] WebApp:475 - Chromium requires no authentication
2023-12-21 18:25:04,189 [INFO] WebApp:418 - Direct internet connection detected
2023-12-21 18:25:04,279 [INFO] WebApp:188 - Starting web application
2023-12-21 18:25:04,280 [INFO] WebApp:520 - Web application path used C:\ST\STM32CubeIDE_1.11.2\STM32CubeIDE\plugins\com.st.stm32cube.common.mx_6.9.2.202309101412\db\plugins\mcufinder\reactClient1\index.html
2023-12-21 18:25:05,302 [WARN] PackLoader:240 - Cannot read IP mode file for STMicroelectronics.X-CUBE-SMBUS.2.1.0
2023-12-21 18:25:05,307 [WARN] PackLoader:240 - Cannot read IP mode file for STMicroelectronics.X-CUBE-TOUCHGFX.4.23.0
2023-12-21 18:25:05,371 [WARN] PackLoader:240 - Cannot read IP mode file for STMicroelectronics.X-CUBE-AZRTOS-F7.1.1.0
2023-12-21 18:25:05,383 [WARN] PackLoader:240 - Cannot read IP mode file for STMicroelectronics.FP-SNS-MOTENV1.4.3.2
2023-12-21 18:25:05,392 [WARN] PackLoader:240 - Cannot read IP mode file for STMicroelectronics.X-CUBE-BLE1.6.2.4
2023-12-21 18:25:05,397 [WARN] PackLoader:240 - Cannot read IP mode file for STMicroelectronics.FP-SNS-FLIGHT1.5.0.2
2023-12-21 18:25:05,403 [WARN] PackLoader:240 - Cannot read IP mode file for STMicroelectronics.X-CUBE-DISPLAY.3.0.0
2023-12-21 18:25:05,410 [WARN] PackLoader:240 - Cannot read IP mode file for STMicroelectronics.X-CUBE-BLE1.7.0.0
2023-12-21 18:25:05,413 [WARN] PackLoader:240 - Cannot read IP mode file for STMicroelectronics.X-CUBE-TOUCHGFX.4.22.1
2023-12-21 18:25:05,417 [WARN] PackLoader:240 - Cannot read IP mode file for STMicroelectronics.FP-SNS-SMARTAG2.1.2.0
2023-12-21 18:25:05,424 [INFO] LogOutputStream:77 - [STDOUT_REDIRECT] 1 : Invalid condition id : UX_CORESTACK_Condition cause : null
2023-12-21 18:25:05,425 [INFO] LogOutputStream:77 - [STDOUT_REDIRECT] 1 : Invalid condition id : UX_CORESTACK_Condition cause : null
2023-12-21 18:25:05,425 [INFO] LogOutputStream:77 - [STDOUT_REDIRECT] 1 : Invalid condition id : UX_CORESTACK_Condition cause : null
2023-12-21 18:25:05,426 [INFO] LogOutputStream:77 - [STDOUT_REDIRECT] 1 : Invalid condition id : UX_CORESTACK_Condition cause : null
2023-12-21 18:25:05,427 [INFO] LogOutputStream:77 - [STDOUT_REDIRECT] 1 : Invalid condition id : UX_CORESTACK_Condition cause : null
2023-12-21 18:25:05,429 [WARN] PackLoader:240 - Cannot read IP mode file for STMicroelectronics.X-CUBE-AZRTOS-WL.2.0.0
2023-12-21 18:25:05,443 [WARN] PackLoader:240 - Cannot read IP mode file for WES.I-CUBE-Cesium.1.3.0
2023-12-21 18:25:05,448 [WARN] PackLoader:240 - Cannot read IP mode file for STMicroelectronics.X-CUBE-BLE2.3.3.0
2023-12-21 18:25:05,461 [WARN] PackLoader:240 - Cannot read IP mode file for STMicroelectronics.X-CUBE-TOF1.3.2.0
2023-12-21 18:25:05,510 [WARN] PackLoader:240 - Cannot read IP mode file for STMicroelectronics.X-CUBE-TOUCHGFX.4.21.1
2023-12-21 18:25:05,513 [WARN] PackLoader:240 - Cannot read IP mode file for STMicroelectronics.X-CUBE-AI.7.3.0
2023-12-21 18:25:05,520 [WARN] PackLoader:240 - Cannot read IP mode file for STMicroelectronics.X-CUBE-ALGOBUILD.1.3.0
2023-12-21 18:25:05,542 [WARN] PackLoader:240 - Cannot read IP mode file for STMicroelectronics.X-CUBE-AZRTOS-G0.1.1.0
2023-12-21 18:25:05,549 [WARN] PackLoader:240 - Cannot read IP mode file for STMicroelectronics.X-CUBE-NFC4.3.0.0
2023-12-21 18:25:05,559 [WARN] PackLoader:240 - Cannot read IP mode file for STMicroelectronics.X-CUBE-BLEMGR.3.0.0
2023-12-21 18:25:05,566 [WARN] PackLoader:240 - Cannot read IP mode file for STMicroelectronics.X-CUBE-BLEMGR.1.3.0
2023-12-21 18:25:05,571 [WARN] PackLoader:240 - Cannot read IP mode file for STMicroelectronics.FP-ATR-SIGFOX1.3.2.0
2023-12-21 18:25:05,608 [WARN] PackLoader:240 - Cannot read IP mode file for STMicroelectronics.X-CUBE-MEMS1.9.5.0
2023-12-21 18:25:05,735 [WARN] PackLoader:240 - Cannot read IP mode file for SEGGER.I-CUBE-embOS.1.3.1
2023-12-21 18:25:05,757 [WARN] PackLoader:240 - Cannot read IP mode file for STMicroelectronics.X-CUBE-GNSS1.6.0.0
2023-12-21 18:25:05,768 [WARN] PackLoader:240 - Cannot read IP mode file for STMicroelectronics.X-CUBE-AZRTOS-F4.1.1.0
2023-12-21 18:25:05,781 [WARN] PackLoader:240 - Cannot read IP mode file for STMicroelectronics.X-CUBE-AZRTOS-L5.2.0.0
2023-12-21 18:25:05,814 [WARN] PackLoader:240 - Cannot read IP mode file for STMicroelectronics.X-CUBE-MEMS1.9.6.0
2023-12-21 18:25:05,913 [WARN] PackLoader:240 - Cannot read IP mode file for STMicroelectronics.X-CUBE-EEPRMA1.4.2.0
2023-12-21 18:25:05,916 [WARN] PackLoader:240 - Cannot read IP mode file for ITTIA_DB.I-CUBE-ITTIADB.8.8.0
2023-12-21 18:25:05,921 [WARN] PackLoader:240 - Cannot read IP mode file for emotas.I-CUBE-CANOPEN.1.1.3
2023-12-21 18:25:05,963 [WARN] PackLoader:240 - Cannot read IP mode file for STMicroelectronics.X-CUBE-BLEMGR.2.0.0
2023-12-21 18:25:05,978 [WARN] ConditionMgr:438 - getConditionDescription Invalid condition id : UX DEVICE CLASS RTOS Condition cause : null
2023-12-21 18:25:05,979 [WARN] ConditionMgr:438 - getConditionDescription Invalid condition id : UX DEVICE CLASS RTOS Condition cause : null
2023-12-21 18:25:05,980 [WARN] PackLoader:240 - Cannot read IP mode file for STMicroelectronics.X-CUBE-AZRTOS-H7.3.1.0
2023-12-21 18:25:05,981 [WARN] ConditionMgr:1039 - genDependencies : Invalid condition id : UX DEVICE CLASS RTOS Condition cause : null
2023-12-21 18:25:05,981 [WARN] ConditionMgr:1039 - genDependencies : Invalid condition id : UX DEVICE CLASS RTOS Condition cause : null
2023-12-21 18:25:05,981 [WARN] ConditionMgr:1039 - genDependencies : Invalid condition id : UX DEVICE CLASS RTOS Condition cause : null
2023-12-21 18:25:05,981 [WARN] ConditionMgr:1039 - genDependencies : Invalid condition id : UX DEVICE CLASS RTOS Condition cause : null
2023-12-21 18:25:05,981 [WARN] ConditionMgr:1039 - genDependencies : Invalid condition id : UX DEVICE CLASS RTOS Condition cause : null
2023-12-21 18:25:05,988 [WARN] PackLoader:240 - Cannot read IP mode file for wolfSSL.I-CUBE-wolfSSL.5.5.4
2023-12-21 18:25:05,992 [WARN] PackLoader:240 - Cannot read IP mode file for STMicroelectronics.X-CUBE-NFC7.1.0.1
2023-12-21 18:25:05,995 [WARN] PackLoader:240 - Cannot read IP mode file for STMicroelectronics.X-CUBE-NFC7.1.0.0
2023-12-21 18:25:06,000 [WARN] PackLoader:240 - Cannot read IP mode file for STMicroelectronics.X-CUBE-NFC6.3.0.0
2023-12-21 18:25:06,003 [WARN] PackLoader:240 - Cannot read IP mode file for STMicroelectronics.X-CUBE-EEPRMA1.4.1.0
2023-12-21 18:25:06,005 [WARN] PackLoader:240 - Cannot read IP mode file for STMicroelectronics.X-CUBE-AI.8.1.0
2023-12-21 18:25:06,016 [WARN] ConditionMgr:438 - getConditionDescription Invalid condition id : LAN8742 Phy interface Condition cause : null
2023-12-21 18:25:06,016 [WARN] PackLoader:240 - Cannot read IP mode file for STMicroelectronics.X-CUBE-AZRTOS-L4.2.0.0
2023-12-21 18:25:06,017 [WARN] ConditionMgr:1039 - genDependencies : Invalid condition id : LAN8742 Phy interface Condition cause : null
2023-12-21 18:25:06,017 [WARN] ConditionMgr:1039 - genDependencies : Invalid condition id : LAN8742 Phy interface Condition cause : null
2023-12-21 18:25:06,017 [WARN] ConditionMgr:1039 - genDependencies : Invalid condition id : LAN8742 Phy interface Condition cause : null
2023-12-21 18:25:06,022 [WARN] PackLoader:240 - Cannot read IP mode file for STMicroelectronics.X-CUBE-SFXS2LP1.4.0.0
2023-12-21 18:25:06,032 [WARN] PackLoader:240 - Cannot read IP mode file for STMicroelectronics.X-CUBE-AZRTOS-H7.3.0.0
2023-12-21 18:25:06,036 [WARN] PackLoader:240 - Cannot read IP mode file for STMicroelectronics.X-CUBE-ISPU.1.1.0
2023-12-21 18:25:06,042 [WARN] PackLoader:240 - Cannot read IP mode file for RoweBots.I-CUBE-UNISONRTOS.5.5.0-4
2023-12-21 18:25:06,046 [WARN] PackLoader:240 - Cannot read IP mode file for STMicroelectronics.X-CUBE-AI.8.0.0
2023-12-21 18:25:06,053 [WARN] ConditionMgr:438 - getConditionDescription Invalid condition id : UX DEVICE CLASS RTOS Condition cause : null
2023-12-21 18:25:06,053 [WARN] ConditionMgr:438 - getConditionDescription Invalid condition id : UX DEVICE CLASS RTOS Condition cause : null
2023-12-21 18:25:06,054 [WARN] PackLoader:240 - Cannot read IP mode file for STMicroelectronics.X-CUBE-AZRTOS-WB.2.0.0
2023-12-21 18:25:06,054 [WARN] ConditionMgr:1039 - genDependencies : Invalid condition id : UX DEVICE CLASS RTOS Condition cause : null
2023-12-21 18:25:06,054 [WARN] ConditionMgr:1039 - genDependencies : Invalid condition id : UX DEVICE CLASS RTOS Condition cause : null
2023-12-21 18:25:06,055 [WARN] ConditionMgr:1039 - genDependencies : Invalid condition id : UX DEVICE CLASS RTOS Condition cause : null
2023-12-21 18:25:06,055 [WARN] ConditionMgr:1039 - genDependencies : Invalid condition id : UX DEVICE CLASS RTOS Condition cause : null
2023-12-21 18:25:06,055 [WARN] ConditionMgr:1039 - genDependencies : Invalid condition id : UX DEVICE CLASS RTOS Condition cause : null
2023-12-21 18:25:06,058 [WARN] PackLoader:240 - Cannot read IP mode file for STMicroelectronics.X-CUBE-FREERTOS.1.0.0
2023-12-21 18:25:06,065 [WARN] PackLoader:240 - Cannot read IP mode file for STMicroelectronics.X-CUBE-AZRTOS-L5.1.1.0
2023-12-21 18:25:06,072 [WARN] PackLoader:240 - Cannot read IP mode file for STMicroelectronics.X-CUBE-SUBG2.5.0.0
2023-12-21 18:25:06,079 [WARN] PackLoader:240 - Cannot read IP mode file for STMicroelectronics.X-CUBE-TOF1.3.3.1
2023-12-21 18:25:06,094 [WARN] PackLoader:240 - Cannot read IP mode file for STMicroelectronics.X-CUBE-AZRTOS-G4.2.0.0
2023-12-21 18:25:06,099 [WARN] PackLoader:240 - Cannot read IP mode file for STMicroelectronics.FP-ATR-ASTRA1.1.1.1
2023-12-21 18:25:06,108 [WARN] PackLoader:240 - Cannot read IP mode file for Infineon.AIROC-Wi-Fi-Bluetooth-STM32.1.5.1
2023-12-21 18:25:06,114 [WARN] PackLoader:240 - Cannot read IP mode file for STMicroelectronics.FP-SNS-MOTENVWB1.1.3.0
2023-12-21 18:25:06,118 [WARN] PackLoader:240 - Cannot read IP mode file for STMicroelectronics.FP-SNS-MOTENVWB1.1.3.1
2023-12-21 18:25:06,128 [WARN] PackLoader:240 - Cannot read IP mode file for STMicroelectronics.X-CUBE-AZRTOS-G4.1.0.0
2023-12-21 18:25:06,140 [WARN] PackLoader:240 - Cannot read IP mode file for STMicroelectronics.X-CUBE-AZRTOS-L4.1.0.0
2023-12-21 18:25:06,145 [WARN] PackLoader:240 - Cannot read IP mode file for STMicroelectronics.X-CUBE-ISPU.2.0.0
2023-12-21 18:25:06,212 [WARN] PackLoader:240 - Cannot read IP mode file for STMicroelectronics.X-CUBE-MEMS1.10.0.0
2023-12-21 18:25:06,280 [WARN] PackLoader:240 - Cannot read IP mode file for STMicroelectronics.X-CUBE-FREERTOS.1.1.0
2023-12-21 18:25:06,285 [WARN] PackLoader:240 - Cannot read IP mode file for STMicroelectronics.X-CUBE-AZRTOS-WL.1.0.0
2023-12-21 18:25:06,288 [WARN] PackLoader:240 - Cannot read IP mode file for portGmbH.I-Cube-SoM-uGOAL.1.1.0
2023-12-21 18:25:06,291 [WARN] PackLoader:240 - Cannot read IP mode file for STMicroelectronics.X-CUBE-ALS.1.0.1
2023-12-21 18:25:06,297 [WARN] PackLoader:240 - Cannot read IP mode file for STMicroelectronics.X-CUBE-AZRTOS-WB.1.1.0
2023-12-21 18:25:06,300 [WARN] PackLoader:240 - Cannot read IP mode file for STMicroelectronics.FP-ATR-ASTRA1.2.0.0
2023-12-21 18:25:06,310 [WARN] PackLoader:240 - Cannot read IP mode file for STMicroelectronics.X-CUBE-TOF1.3.4.0
2023-12-21 18:25:06,332 [WARN] PackLoader:240 - Cannot read IP mode file for STMicroelectronics.X-CUBE-AZRTOS-H7.3.2.0
2023-12-21 18:25:06,336 [INFO] ThirdParty:978 - Integrity check success = true
2023-12-21 18:25:06,336 [INFO] IntegrityCheckThread:100 - exiting critical section [integrity check]
2023-12-21 18:25:06,336 [INFO] IntegrityCheckThread:103 - End integrity checks thread
2023-12-21 18:25:24,750 [ERROR] LogOutputStream:75 - [STDERR_REDIRECT] SLF4J: Failed to load class "org.slf4j.impl.StaticLoggerBinder".
2023-12-21 18:25:24,750 [ERROR] LogOutputStream:75 - [STDERR_REDIRECT] SLF4J: Defaulting to no-operation (NOP) logger implementation
2023-12-21 18:25:24,751 [ERROR] LogOutputStream:75 - [STDERR_REDIRECT] SLF4J: See http://www.slf4j.org/codes.html#StaticLoggerBinder for further details.
2023-12-21 18:44:06,153 [INFO] Activator:176 - 


2023-12-21 18:44:06,153 [INFO] Activator:177 - !SESSION log4j initialized
2023-12-21 18:44:09,670 [INFO] LogOutputStream:77 - [STDOUT_REDIRECT] 
2023-12-21 18:44:10,647 [INFO] ApplicationProperties:184 - Using Application install path: C:\ST\STM32CubeIDE_1.11.2\STM32CubeIDE\plugins\com.st.stm32cube.common.mx_6.9.2.202309101412
2023-12-21 18:44:10,660 [INFO] DbMcusXml:78 - Set database path to: C:\ST\STM32CubeIDE_1.11.2\STM32CubeIDE\plugins\com.st.stm32cube.common.mx_6.9.2.202309101412\\db\/mcu/
2023-12-21 18:44:10,660 [INFO] ApiDb:274 - Set plugin database path to: C:\ST\STM32CubeIDE_1.11.2\STM32CubeIDE\plugins\com.st.stm32cube.common.mx_6.9.2.202309101412\\db\/plugins/boardmanager/
2023-12-21 18:44:10,661 [WARN] ApiDb:259 - Overriding images path with different value:  => C:\ST\STM32CubeIDE_1.11.2\STM32CubeIDE\plugins\com.st.stm32cube.common.mx_6.9.2.202309101412\\db\/plugins/mcufinder/images/
2023-12-21 18:44:10,666 [INFO] ApiDb:250 - Set database path to: C:\Users\andep\.stmcufinder\plugins\mcufinder//mcu/
2023-12-21 18:44:10,666 [INFO] DbMcusAds:125 - Set database path to: C:\Users\andep\.stmcufinder\plugins\mcufinder//mcu/
2023-12-21 18:44:10,668 [INFO] CrossReferenceDbSqlite:203 - Set database path to: C:\Users\andep\.stmcufinder\plugins\mcufinder//mcu/cs/
2023-12-21 18:44:10,749 [INFO] RulesReader:64 - Compatibility file has been processed (293 Rules)
2023-12-21 18:44:10,857 [INFO] DbMcusXml:78 - Set database path to: C:\ST\STM32CubeIDE_1.11.2\STM32CubeIDE\plugins\com.st.stm32cube.common.mx_6.9.2.202309101412\\db\/mcu/
2023-12-21 18:44:10,857 [INFO] ApiDb:274 - Set plugin database path to: C:\ST\STM32CubeIDE_1.11.2\STM32CubeIDE\plugins\com.st.stm32cube.common.mx_6.9.2.202309101412\\db\/plugins/boardmanager/
2023-12-21 18:44:10,858 [INFO] ApiDb:261 - Set plugin images path to: C:\ST\STM32CubeIDE_1.11.2\STM32CubeIDE\plugins\com.st.stm32cube.common.mx_6.9.2.202309101412\\db\/plugins/mcufinder/images/
2023-12-21 18:44:10,858 [WARN] DbFile:41 - Overriding database path with different value: C:\Users\andep\.stmcufinder\plugins\mcufinder/ => C:\Users\andep\.stmcufinder\plugins\mcufinder
2023-12-21 18:44:10,858 [INFO] ApiDb:250 - Set database path to: C:\Users\andep\.stmcufinder\plugins\mcufinder//mcu/
2023-12-21 18:44:10,858 [WARN] DbFile:41 - Overriding database path with different value: C:\Users\andep\.stmcufinder\plugins\mcufinder/ => C:\Users\andep\.stmcufinder\plugins\mcufinder
2023-12-21 18:44:10,858 [INFO] DbMcusAds:125 - Set database path to: C:\Users\andep\.stmcufinder\plugins\mcufinder//mcu/
2023-12-21 18:44:10,858 [WARN] DbFile:41 - Overriding database path with different value: C:\Users\andep\.stmcufinder\plugins\mcufinder/ => C:\Users\andep\.stmcufinder\plugins\mcufinder
2023-12-21 18:44:10,858 [WARN] DbFile:41 - Overriding database path with different value: C:\Users\andep\.stmcufinder\plugins\mcufinder/ => C:\Users\andep\.stmcufinder\plugins\mcufinder
2023-12-21 18:44:10,858 [INFO] CrossReferenceDbSqlite:203 - Set database path to: C:\Users\andep\.stmcufinder\plugins\mcufinder//mcu/cs/
2023-12-21 18:44:10,909 [INFO] MainPanel:262 - HeapMemory: 268435456
2023-12-21 18:44:10,958 [INFO] DbMcusXml:78 - Set database path to: C:\ST\STM32CubeIDE_1.11.2\STM32CubeIDE\plugins\com.st.stm32cube.common.mx_6.9.2.202309101412\\db\/mcu/
2023-12-21 18:44:10,959 [INFO] ApiDb:274 - Set plugin database path to: C:\ST\STM32CubeIDE_1.11.2\STM32CubeIDE\plugins\com.st.stm32cube.common.mx_6.9.2.202309101412\\db\/plugins/boardmanager/
2023-12-21 18:44:10,959 [INFO] ApiDb:261 - Set plugin images path to: C:\ST\STM32CubeIDE_1.11.2\STM32CubeIDE\plugins\com.st.stm32cube.common.mx_6.9.2.202309101412\\db\/plugins/mcufinder/images/
2023-12-21 18:44:10,960 [WARN] DbFile:41 - Overriding database path with different value: C:\Users\andep\.stmcufinder\plugins\mcufinder/ => C:\Users\andep\.stmcufinder\plugins\mcufinder
2023-12-21 18:44:10,960 [INFO] ApiDb:250 - Set database path to: C:\Users\andep\.stmcufinder\plugins\mcufinder//mcu/
2023-12-21 18:44:10,960 [WARN] DbFile:41 - Overriding database path with different value: C:\Users\andep\.stmcufinder\plugins\mcufinder/ => C:\Users\andep\.stmcufinder\plugins\mcufinder
2023-12-21 18:44:10,960 [INFO] DbMcusAds:125 - Set database path to: C:\Users\andep\.stmcufinder\plugins\mcufinder//mcu/
2023-12-21 18:44:10,960 [WARN] DbFile:41 - Overriding database path with different value: C:\Users\andep\.stmcufinder\plugins\mcufinder/ => C:\Users\andep\.stmcufinder\plugins\mcufinder
2023-12-21 18:44:10,960 [WARN] DbFile:41 - Overriding database path with different value: C:\Users\andep\.stmcufinder\plugins\mcufinder/ => C:\Users\andep\.stmcufinder\plugins\mcufinder
2023-12-21 18:44:10,960 [INFO] CrossReferenceDbSqlite:203 - Set database path to: C:\Users\andep\.stmcufinder\plugins\mcufinder//mcu/cs/
2023-12-21 18:44:10,972 [INFO] ApplicationProperties:184 - Using Application install path: C:\ST\STM32CubeIDE_1.11.2\STM32CubeIDE\plugins\com.st.stm32cube.common.mx_6.9.2.202309101412
2023-12-21 18:44:10,973 [INFO] PluginManage:196 - Search for loadable plugins [exclusion list=, ]
2023-12-21 18:44:10,974 [INFO] PluginManage:310 - Check plugin analytics
2023-12-21 18:44:11,103 [INFO] AnalyticsPlugin:253 - Accepted Software Licenses: 
2023-12-21 18:44:11,103 [INFO] AnalyticsPlugin:255 - Accepted CMSIS Pack Licenses: 
2023-12-21 18:44:11,103 [INFO] AnalyticsPlugin:257 - Accepted Firmware Licenses: 
2023-12-21 18:44:11,105 [INFO] PluginManage:359 - Loaded plugin analytics (category:tool,tabindex:-1)
2023-12-21 18:44:11,106 [INFO] PluginManage:310 - Check plugin cadmodel
2023-12-21 18:44:11,109 [INFO] CADModel:105 - Init CAD model plugin
2023-12-21 18:44:11,109 [INFO] PluginManage:359 - Loaded plugin cadmodel (category:power,tabindex:5)
2023-12-21 18:44:11,110 [INFO] PluginManage:310 - Check plugin clock
2023-12-21 18:44:11,117 [INFO] PluginManage:359 - Loaded plugin clock (category:base,tabindex:2)
2023-12-21 18:44:11,118 [INFO] PluginManage:310 - Check plugin ddr
2023-12-21 18:44:11,119 [INFO] PluginManage:359 - Loaded plugin ddr (category:tool,tabindex:6)
2023-12-21 18:44:11,119 [INFO] PluginManage:310 - Check plugin filemanager
2023-12-21 18:44:11,267 [INFO] PluginManage:359 - Loaded plugin filemanager (category:base,tabindex:10)
2023-12-21 18:44:11,267 [INFO] PluginManage:310 - Check plugin ipmanager
2023-12-21 18:44:11,275 [INFO] PluginManage:359 - Loaded plugin ipmanager (category:base,tabindex:5)
2023-12-21 18:44:11,275 [INFO] PluginManage:310 - Check plugin lpbam
2023-12-21 18:44:11,282 [INFO] PluginManage:359 - Loaded plugin lpbam (category:base,tabindex:0)
2023-12-21 18:44:11,282 [INFO] PluginManage:310 - Check plugin memorymap
2023-12-21 18:44:11,292 [INFO] PluginManage:359 - Loaded plugin memorymap (category:base,tabindex:4)
2023-12-21 18:44:11,293 [INFO] PluginManage:310 - Check plugin pinoutandconfiguration
2023-12-21 18:44:11,298 [INFO] PluginManage:359 - Loaded plugin pinoutandconfiguration (category:base,tabindex:1)
2023-12-21 18:44:11,298 [INFO] PluginManage:310 - Check plugin pinoutconfig
2023-12-21 18:44:11,395 [WARN] SupportedApi:132 - Cannot load RTOS API schema: s4s-elt-must-match.1: The content of 'definitions' must match (annotation?, (simpleType | complexType)?, (unique | key | keyref)*)). A problem was found starting at: attribute.
2023-12-21 18:44:11,506 [INFO] PluginManage:359 - Loaded plugin pinoutconfig (category:base,tabindex:0)
2023-12-21 18:44:11,506 [INFO] PluginManage:310 - Check plugin power
2023-12-21 18:44:11,513 [INFO] PluginManage:359 - Loaded plugin power (category:power,tabindex:4)
2023-12-21 18:44:11,514 [INFO] PluginManage:310 - Check plugin projectmanager
2023-12-21 18:44:11,525 [INFO] PluginManage:359 - Loaded plugin projectmanager (category:projectmanager,tabindex:3)
2023-12-21 18:44:11,525 [INFO] PluginManage:310 - Check plugin thirdparty
2023-12-21 18:44:11,609 [INFO] PluginManage:359 - Loaded plugin thirdparty (category:base,tabindex:-1)
2023-12-21 18:44:11,609 [WARN] IntegrityCheckThread:84 - waiting for thirdparty lock release [integrity check]
2023-12-21 18:44:11,609 [INFO] PluginManage:310 - Check plugin tools
2023-12-21 18:44:11,609 [INFO] IntegrityCheckThread:86 - entering critical section [integrity check]
2023-12-21 18:44:11,610 [INFO] ThirdPartyUpdaterWithRetryManager:70 - Updater plugin not ready yet. [1/15]
2023-12-21 18:44:11,611 [INFO] PluginManage:359 - Loaded plugin tools (category:base,tabindex:7)
2023-12-21 18:44:11,611 [INFO] PluginManage:310 - Check plugin tutovideos
2023-12-21 18:44:11,729 [INFO] PluginManage:359 - Loaded plugin tutovideos (category:base,tabindex:-1)
2023-12-21 18:44:11,729 [INFO] PluginManage:310 - Check plugin updater
2023-12-21 18:44:11,738 [INFO] PluginManage:359 - Loaded plugin updater (category:base,tabindex:12)
2023-12-21 18:44:11,738 [INFO] PluginManage:310 - Check plugin userauth
2023-12-21 18:44:11,741 [INFO] UserAuth:113 - Init User Auth plugin
2023-12-21 18:44:11,741 [INFO] PluginManage:359 - Loaded plugin userauth (category:base,tabindex:14)
2023-12-21 18:44:11,742 [INFO] PluginManage:283 - PluginManage : Loaded plugins [17]
2023-12-21 18:44:11,900 [INFO] PinOutPanel:1499 - setPackage(No Configuration,No Configuration)
2023-12-21 18:44:11,991 [INFO] CADModel:165 - CPN selected for project level
2023-12-21 18:44:11,991 [INFO] CADModel:114 - Register for checkConnection events
2023-12-21 18:44:12,004 [INFO] IPUIPlugin:80 - create IPUIPlugin
2023-12-21 18:44:12,005 [INFO] PluginManager:220 - loadIPPluginJar : add adc
2023-12-21 18:44:12,007 [INFO] IPUIPlugin:80 - create IPUIPlugin
2023-12-21 18:44:12,007 [INFO] PluginManager:220 - loadIPPluginJar : add aes
2023-12-21 18:44:12,009 [INFO] IPUIPlugin:80 - create IPUIPlugin
2023-12-21 18:44:12,009 [INFO] PluginManager:220 - loadIPPluginJar : add can
2023-12-21 18:44:12,010 [INFO] IPUIPlugin:80 - create IPUIPlugin
2023-12-21 18:44:12,010 [INFO] PluginManager:220 - loadIPPluginJar : add comp
2023-12-21 18:44:12,012 [INFO] IPUIPlugin:80 - create IPUIPlugin
2023-12-21 18:44:12,012 [INFO] PluginManager:220 - loadIPPluginJar : add cryp
2023-12-21 18:44:12,014 [INFO] IPUIPlugin:80 - create IPUIPlugin
2023-12-21 18:44:12,014 [INFO] PluginManager:220 - loadIPPluginJar : add dfsdm
2023-12-21 18:44:12,018 [INFO] IPUIPlugin:80 - create IPUIPlugin
2023-12-21 18:44:12,019 [INFO] PluginManager:220 - loadIPPluginJar : add dma
2023-12-21 18:44:12,020 [INFO] IPUIPlugin:80 - create IPUIPlugin
2023-12-21 18:44:12,020 [INFO] PluginManager:220 - loadIPPluginJar : add dma3
2023-12-21 18:44:12,021 [INFO] IPUIPlugin:80 - create IPUIPlugin
2023-12-21 18:44:12,021 [INFO] PluginManager:220 - loadIPPluginJar : add fatfs
2023-12-21 18:44:12,024 [INFO] IPUIPlugin:80 - create IPUIPlugin
2023-12-21 18:44:12,024 [INFO] PluginManager:220 - loadIPPluginJar : add fmc
2023-12-21 18:44:12,027 [INFO] IPUIPlugin:80 - create IPUIPlugin
2023-12-21 18:44:12,027 [INFO] PluginManager:220 - loadIPPluginJar : add freertos
2023-12-21 18:44:12,028 [INFO] IPUIPlugin:80 - create IPUIPlugin
2023-12-21 18:44:12,028 [INFO] PluginManager:220 - loadIPPluginJar : add genericplugin
2023-12-21 18:44:12,029 [INFO] IPUIPlugin:80 - create IPUIPlugin
2023-12-21 18:44:12,029 [INFO] PluginManager:220 - loadIPPluginJar : add gfxmmu
2023-12-21 18:44:12,032 [INFO] IPUIPlugin:80 - create IPUIPlugin
2023-12-21 18:44:12,032 [INFO] PluginManager:220 - loadIPPluginJar : add gic
2023-12-21 18:44:12,034 [INFO] IPUIPlugin:80 - create IPUIPlugin
2023-12-21 18:44:12,035 [INFO] PluginManager:220 - loadIPPluginJar : add gpio
2023-12-21 18:44:12,036 [INFO] IPUIPlugin:80 - create IPUIPlugin
2023-12-21 18:44:12,036 [INFO] PluginManager:220 - loadIPPluginJar : add gtzc
2023-12-21 18:44:12,037 [INFO] IPUIPlugin:80 - create IPUIPlugin
2023-12-21 18:44:12,037 [INFO] PluginManager:220 - loadIPPluginJar : add hash
2023-12-21 18:44:12,039 [INFO] IPUIPlugin:80 - create IPUIPlugin
2023-12-21 18:44:12,039 [INFO] PluginManager:220 - loadIPPluginJar : add i2c
2023-12-21 18:44:12,040 [INFO] IPUIPlugin:80 - create IPUIPlugin
2023-12-21 18:44:12,040 [INFO] PluginManager:220 - loadIPPluginJar : add i2s
2023-12-21 18:44:12,042 [INFO] IPUIPlugin:80 - create IPUIPlugin
2023-12-21 18:44:12,042 [INFO] PluginManager:220 - loadIPPluginJar : add i3c
2023-12-21 18:44:12,044 [INFO] IPUIPlugin:80 - create IPUIPlugin
2023-12-21 18:44:12,044 [INFO] PluginManager:220 - loadIPPluginJar : add ipddr
2023-12-21 18:44:12,048 [INFO] IPUIPlugin:80 - create IPUIPlugin
2023-12-21 18:44:12,048 [INFO] PluginManager:220 - loadIPPluginJar : add linkedlist
2023-12-21 18:44:12,050 [INFO] IPUIPlugin:80 - create IPUIPlugin
2023-12-21 18:44:12,050 [INFO] PluginManager:220 - loadIPPluginJar : add lorawan
2023-12-21 18:44:12,051 [INFO] IPUIPlugin:80 - create IPUIPlugin
2023-12-21 18:44:12,051 [INFO] PluginManager:220 - loadIPPluginJar : add ltdc
2023-12-21 18:44:12,054 [INFO] IPUIPlugin:80 - create IPUIPlugin
2023-12-21 18:44:12,055 [INFO] PluginManager:220 - loadIPPluginJar : add mdma
2023-12-21 18:44:12,056 [INFO] IPUIPlugin:80 - create IPUIPlugin
2023-12-21 18:44:12,056 [INFO] PluginManager:220 - loadIPPluginJar : add nvic
2023-12-21 18:44:12,059 [INFO] IPUIPlugin:80 - create IPUIPlugin
2023-12-21 18:44:12,059 [INFO] PluginManager:220 - loadIPPluginJar : add opamp
2023-12-21 18:44:12,061 [INFO] IPUIPlugin:80 - create IPUIPlugin
2023-12-21 18:44:12,061 [INFO] PluginManager:220 - loadIPPluginJar : add openamp
2023-12-21 18:44:12,063 [INFO] IPUIPlugin:80 - create IPUIPlugin
2023-12-21 18:44:12,063 [INFO] PluginManager:220 - loadIPPluginJar : add pdm2pcm
2023-12-21 18:44:12,067 [INFO] IPUIPlugin:80 - create IPUIPlugin
2023-12-21 18:44:12,068 [INFO] PluginManager:220 - loadIPPluginJar : add plateformsettings
2023-12-21 18:44:12,069 [INFO] IPUIPlugin:80 - create IPUIPlugin
2023-12-21 18:44:12,069 [INFO] PluginManager:220 - loadIPPluginJar : add quadspi
2023-12-21 18:44:12,070 [INFO] IPUIPlugin:80 - create IPUIPlugin
2023-12-21 18:44:12,070 [INFO] PluginManager:220 - loadIPPluginJar : add resmgrutility
2023-12-21 18:44:12,073 [INFO] IPUIPlugin:80 - create IPUIPlugin
2023-12-21 18:44:12,073 [INFO] PluginManager:220 - loadIPPluginJar : add sai
2023-12-21 18:44:12,074 [INFO] IPUIPlugin:80 - create IPUIPlugin
2023-12-21 18:44:12,075 [INFO] PluginManager:220 - loadIPPluginJar : add spi
2023-12-21 18:44:12,077 [INFO] IPUIPlugin:80 - create IPUIPlugin
2023-12-21 18:44:12,077 [INFO] PluginManager:220 - loadIPPluginJar : add stm32_wpan
2023-12-21 18:44:12,079 [INFO] IPUIPlugin:80 - create IPUIPlugin
2023-12-21 18:44:12,079 [INFO] PluginManager:220 - loadIPPluginJar : add tim
2023-12-21 18:44:12,080 [INFO] IPUIPlugin:80 - create IPUIPlugin
2023-12-21 18:44:12,081 [INFO] PluginManager:220 - loadIPPluginJar : add touchsensing
2023-12-21 18:44:12,082 [INFO] IPUIPlugin:80 - create IPUIPlugin
2023-12-21 18:44:12,082 [INFO] PluginManager:220 - loadIPPluginJar : add tracer_emb
2023-12-21 18:44:12,083 [INFO] IPUIPlugin:80 - create IPUIPlugin
2023-12-21 18:44:12,083 [INFO] PluginManager:220 - loadIPPluginJar : add ts
2023-12-21 18:44:12,084 [INFO] IPUIPlugin:80 - create IPUIPlugin
2023-12-21 18:44:12,084 [INFO] PluginManager:220 - loadIPPluginJar : add tsc
2023-12-21 18:44:12,085 [INFO] IPUIPlugin:80 - create IPUIPlugin
2023-12-21 18:44:12,085 [INFO] PluginManager:220 - loadIPPluginJar : add ucpd
2023-12-21 18:44:12,087 [INFO] IPUIPlugin:80 - create IPUIPlugin
2023-12-21 18:44:12,087 [INFO] PluginManager:220 - loadIPPluginJar : add usart
2023-12-21 18:44:12,089 [INFO] IPUIPlugin:80 - create IPUIPlugin
2023-12-21 18:44:12,089 [INFO] PluginManager:220 - loadIPPluginJar : add usbx
2023-12-21 18:44:12,245 [INFO] CADModel:165 - CPN selected for project level
2023-12-21 18:44:12,245 [INFO] CADModel:114 - Register for checkConnection events
2023-12-21 18:44:12,245 [FATAL] Updater:308 - Updater called before beeing initialized
2023-12-21 18:44:12,245 [ERROR] CADModel:125 - Updater not yet initialized, retry later 
2023-12-21 18:44:12,409 [INFO] CADModel:165 - CPN selected for project level
2023-12-21 18:44:12,409 [INFO] CADModel:114 - Register for checkConnection events
2023-12-21 18:44:12,409 [FATAL] Updater:308 - Updater called before beeing initialized
2023-12-21 18:44:12,410 [ERROR] CADModel:125 - Updater not yet initialized, retry later 
2023-12-21 18:44:12,412 [FATAL] Updater:308 - Updater called before beeing initialized
2023-12-21 18:44:12,505 [FATAL] Updater:308 - Updater called before beeing initialized
2023-12-21 18:44:12,509 [INFO] DbMcusAds:53 - JSON generation date=Tue Mar 07 09:50:55 CET 2023 (1678179055335)
2023-12-21 18:44:12,509 [FATAL] Updater:308 - Updater called before beeing initialized
2023-12-21 18:44:12,535 [WARN] DetailPanel:346 - Failed to get advertising image, set to default
2023-12-21 18:44:12,612 [FATAL] Updater:308 - Updater called before beeing initialized
2023-12-21 18:44:12,614 [FATAL] Updater:308 - Updater called before beeing initialized
2023-12-21 18:44:12,614 [FATAL] Updater:308 - Updater called before beeing initialized
2023-12-21 18:44:12,614 [WARN] DetailPanel:346 - Failed to get advertising image, set to default
2023-12-21 18:44:12,614 [FATAL] Updater:308 - Updater called before beeing initialized
2023-12-21 18:44:12,649 [ERROR] Updater:1120 - MainUpdater not yet initialized. External WinMGr cannot be set.
2023-12-21 18:44:12,650 [INFO] Updater:1056 - Updater Version found : 6.9.2
2023-12-21 18:44:12,663 [INFO] ApplicationProperties:184 - Using Application install path: C:\ST\STM32CubeIDE_1.11.2\STM32CubeIDE\plugins\com.st.stm32cube.common.mx_6.9.2.202309101412
2023-12-21 18:44:12,743 [INFO] MainUpdater:2868 - connection check result : 10
2023-12-21 18:44:12,743 [INFO] MainUpdater:285 - Updater Check For Update Now.
2023-12-21 18:44:12,743 [INFO] MicroXplorer:498 - Change Database Version : DB.6.0.92
2023-12-21 18:44:12,749 [INFO] McuFinderGlobals:63 - Set McuFinder mode to 2 (CubeIDE integrated)
2023-12-21 18:44:12,749 [INFO] UserAuth:179 - activating auth plugin
2023-12-21 18:44:12,751 [INFO] UserAuth:393 - Internet connection configuration mode: 1
2023-12-21 18:44:12,775 [INFO] JxBrowserEngine:151 - Initiate JxBrowser Engine with user profile folder
2023-12-21 18:44:12,926 [INFO] CheckServerUpdateThread:120 - End of CheckServer Thread
2023-12-21 18:44:13,281 [INFO] WebApp:157 - Instantiating new browser for Auth
2023-12-21 18:44:13,651 [INFO] WebApp:753 - Register for checkConnection events
2023-12-21 18:44:13,651 [INFO] WebApp:390 - Apply proxy settings
2023-12-21 18:44:13,651 [INFO] WebApp:475 - Chromium requires no authentication
2023-12-21 18:44:13,655 [INFO] WebApp:418 - Direct internet connection detected
2023-12-21 18:44:13,755 [INFO] WebApp:188 - Starting web application
2023-12-21 18:44:13,755 [INFO] WebApp:520 - Web application path used C:\ST\STM32CubeIDE_1.11.2\STM32CubeIDE\plugins\com.st.stm32cube.common.mx_6.9.2.202309101412\db\plugins\mcufinder\reactClient1\index.html
2023-12-21 18:44:14,756 [WARN] PackLoader:240 - Cannot read IP mode file for STMicroelectronics.X-CUBE-SMBUS.2.1.0
2023-12-21 18:44:14,761 [WARN] PackLoader:240 - Cannot read IP mode file for STMicroelectronics.X-CUBE-TOUCHGFX.4.23.0
2023-12-21 18:44:14,827 [WARN] PackLoader:240 - Cannot read IP mode file for STMicroelectronics.X-CUBE-AZRTOS-F7.1.1.0
2023-12-21 18:44:14,841 [WARN] PackLoader:240 - Cannot read IP mode file for STMicroelectronics.FP-SNS-MOTENV1.4.3.2
2023-12-21 18:44:14,849 [WARN] PackLoader:240 - Cannot read IP mode file for STMicroelectronics.X-CUBE-BLE1.6.2.4
2023-12-21 18:44:14,853 [WARN] PackLoader:240 - Cannot read IP mode file for STMicroelectronics.FP-SNS-FLIGHT1.5.0.2
2023-12-21 18:44:14,859 [WARN] PackLoader:240 - Cannot read IP mode file for STMicroelectronics.X-CUBE-DISPLAY.3.0.0
2023-12-21 18:44:14,871 [WARN] PackLoader:240 - Cannot read IP mode file for STMicroelectronics.X-CUBE-BLE1.7.0.0
2023-12-21 18:44:14,875 [WARN] PackLoader:240 - Cannot read IP mode file for STMicroelectronics.X-CUBE-TOUCHGFX.4.22.1
2023-12-21 18:44:14,879 [WARN] PackLoader:240 - Cannot read IP mode file for STMicroelectronics.FP-SNS-SMARTAG2.1.2.0
2023-12-21 18:44:14,888 [INFO] LogOutputStream:77 - [STDOUT_REDIRECT] 1 : Invalid condition id : UX_CORESTACK_Condition cause : null
2023-12-21 18:44:14,888 [INFO] LogOutputStream:77 - [STDOUT_REDIRECT] 1 : Invalid condition id : UX_CORESTACK_Condition cause : null
2023-12-21 18:44:14,889 [INFO] LogOutputStream:77 - [STDOUT_REDIRECT] 1 : Invalid condition id : UX_CORESTACK_Condition cause : null
2023-12-21 18:44:14,890 [INFO] LogOutputStream:77 - [STDOUT_REDIRECT] 1 : Invalid condition id : UX_CORESTACK_Condition cause : null
2023-12-21 18:44:14,890 [INFO] LogOutputStream:77 - [STDOUT_REDIRECT] 1 : Invalid condition id : UX_CORESTACK_Condition cause : null
2023-12-21 18:44:14,893 [WARN] PackLoader:240 - Cannot read IP mode file for STMicroelectronics.X-CUBE-AZRTOS-WL.2.0.0
2023-12-21 18:44:14,900 [WARN] PackLoader:240 - Cannot read IP mode file for WES.I-CUBE-Cesium.1.3.0
2023-12-21 18:44:14,904 [WARN] PackLoader:240 - Cannot read IP mode file for STMicroelectronics.X-CUBE-BLE2.3.3.0
2023-12-21 18:44:14,912 [WARN] PackLoader:240 - Cannot read IP mode file for STMicroelectronics.X-CUBE-TOF1.3.2.0
2023-12-21 18:44:14,919 [WARN] PackLoader:240 - Cannot read IP mode file for STMicroelectronics.X-CUBE-TOUCHGFX.4.21.1
2023-12-21 18:44:14,922 [WARN] PackLoader:240 - Cannot read IP mode file for STMicroelectronics.X-CUBE-AI.7.3.0
2023-12-21 18:44:14,928 [WARN] PackLoader:240 - Cannot read IP mode file for STMicroelectronics.X-CUBE-ALGOBUILD.1.3.0
2023-12-21 18:44:14,945 [WARN] PackLoader:240 - Cannot read IP mode file for STMicroelectronics.X-CUBE-AZRTOS-G0.1.1.0
2023-12-21 18:44:14,953 [WARN] PackLoader:240 - Cannot read IP mode file for STMicroelectronics.X-CUBE-NFC4.3.0.0
2023-12-21 18:44:14,962 [WARN] PackLoader:240 - Cannot read IP mode file for STMicroelectronics.X-CUBE-BLEMGR.3.0.0
2023-12-21 18:44:14,972 [WARN] PackLoader:240 - Cannot read IP mode file for STMicroelectronics.X-CUBE-BLEMGR.1.3.0
2023-12-21 18:44:14,977 [WARN] PackLoader:240 - Cannot read IP mode file for STMicroelectronics.FP-ATR-SIGFOX1.3.2.0
2023-12-21 18:44:15,010 [WARN] PackLoader:240 - Cannot read IP mode file for STMicroelectronics.X-CUBE-MEMS1.9.5.0
2023-12-21 18:44:15,157 [WARN] PackLoader:240 - Cannot read IP mode file for SEGGER.I-CUBE-embOS.1.3.1
2023-12-21 18:44:15,246 [WARN] PackLoader:240 - Cannot read IP mode file for STMicroelectronics.X-CUBE-GNSS1.6.0.0
2023-12-21 18:44:15,262 [WARN] PackLoader:240 - Cannot read IP mode file for STMicroelectronics.X-CUBE-AZRTOS-F4.1.1.0
2023-12-21 18:44:15,274 [WARN] PackLoader:240 - Cannot read IP mode file for STMicroelectronics.X-CUBE-AZRTOS-L5.2.0.0
2023-12-21 18:44:15,299 [WARN] PackLoader:240 - Cannot read IP mode file for STMicroelectronics.X-CUBE-MEMS1.9.6.0
2023-12-21 18:44:15,378 [WARN] PackLoader:240 - Cannot read IP mode file for STMicroelectronics.X-CUBE-EEPRMA1.4.2.0
2023-12-21 18:44:15,382 [WARN] PackLoader:240 - Cannot read IP mode file for ITTIA_DB.I-CUBE-ITTIADB.8.8.0
2023-12-21 18:44:15,386 [WARN] PackLoader:240 - Cannot read IP mode file for emotas.I-CUBE-CANOPEN.1.1.3
2023-12-21 18:44:15,428 [WARN] PackLoader:240 - Cannot read IP mode file for STMicroelectronics.X-CUBE-BLEMGR.2.0.0
2023-12-21 18:44:15,441 [WARN] ConditionMgr:438 - getConditionDescription Invalid condition id : UX DEVICE CLASS RTOS Condition cause : null
2023-12-21 18:44:15,441 [WARN] ConditionMgr:438 - getConditionDescription Invalid condition id : UX DEVICE CLASS RTOS Condition cause : null
2023-12-21 18:44:15,442 [WARN] PackLoader:240 - Cannot read IP mode file for STMicroelectronics.X-CUBE-AZRTOS-H7.3.1.0
2023-12-21 18:44:15,443 [WARN] ConditionMgr:1039 - genDependencies : Invalid condition id : UX DEVICE CLASS RTOS Condition cause : null
2023-12-21 18:44:15,443 [WARN] ConditionMgr:1039 - genDependencies : Invalid condition id : UX DEVICE CLASS RTOS Condition cause : null
2023-12-21 18:44:15,443 [WARN] ConditionMgr:1039 - genDependencies : Invalid condition id : UX DEVICE CLASS RTOS Condition cause : null
2023-12-21 18:44:15,444 [WARN] ConditionMgr:1039 - genDependencies : Invalid condition id : UX DEVICE CLASS RTOS Condition cause : null
2023-12-21 18:44:15,444 [WARN] ConditionMgr:1039 - genDependencies : Invalid condition id : UX DEVICE CLASS RTOS Condition cause : null
2023-12-21 18:44:15,448 [WARN] PackLoader:240 - Cannot read IP mode file for wolfSSL.I-CUBE-wolfSSL.5.5.4
2023-12-21 18:44:15,451 [WARN] PackLoader:240 - Cannot read IP mode file for STMicroelectronics.X-CUBE-NFC7.1.0.1
2023-12-21 18:44:15,455 [WARN] PackLoader:240 - Cannot read IP mode file for STMicroelectronics.X-CUBE-NFC7.1.0.0
2023-12-21 18:44:15,462 [WARN] PackLoader:240 - Cannot read IP mode file for STMicroelectronics.X-CUBE-NFC6.3.0.0
2023-12-21 18:44:15,470 [WARN] PackLoader:240 - Cannot read IP mode file for STMicroelectronics.X-CUBE-EEPRMA1.4.1.0
2023-12-21 18:44:15,473 [WARN] PackLoader:240 - Cannot read IP mode file for STMicroelectronics.X-CUBE-AI.8.1.0
2023-12-21 18:44:15,487 [WARN] ConditionMgr:438 - getConditionDescription Invalid condition id : LAN8742 Phy interface Condition cause : null
2023-12-21 18:44:15,488 [WARN] PackLoader:240 - Cannot read IP mode file for STMicroelectronics.X-CUBE-AZRTOS-L4.2.0.0
2023-12-21 18:44:15,489 [WARN] ConditionMgr:1039 - genDependencies : Invalid condition id : LAN8742 Phy interface Condition cause : null
2023-12-21 18:44:15,489 [WARN] ConditionMgr:1039 - genDependencies : Invalid condition id : LAN8742 Phy interface Condition cause : null
2023-12-21 18:44:15,489 [WARN] ConditionMgr:1039 - genDependencies : Invalid condition id : LAN8742 Phy interface Condition cause : null
2023-12-21 18:44:15,495 [WARN] PackLoader:240 - Cannot read IP mode file for STMicroelectronics.X-CUBE-SFXS2LP1.4.0.0
2023-12-21 18:44:15,505 [WARN] PackLoader:240 - Cannot read IP mode file for STMicroelectronics.X-CUBE-AZRTOS-H7.3.0.0
2023-12-21 18:44:15,509 [WARN] PackLoader:240 - Cannot read IP mode file for STMicroelectronics.X-CUBE-ISPU.1.1.0
2023-12-21 18:44:15,513 [WARN] PackLoader:240 - Cannot read IP mode file for RoweBots.I-CUBE-UNISONRTOS.5.5.0-4
2023-12-21 18:44:15,517 [WARN] PackLoader:240 - Cannot read IP mode file for STMicroelectronics.X-CUBE-AI.8.0.0
2023-12-21 18:44:15,527 [WARN] ConditionMgr:438 - getConditionDescription Invalid condition id : UX DEVICE CLASS RTOS Condition cause : null
2023-12-21 18:44:15,528 [WARN] ConditionMgr:438 - getConditionDescription Invalid condition id : UX DEVICE CLASS RTOS Condition cause : null
2023-12-21 18:44:15,529 [WARN] PackLoader:240 - Cannot read IP mode file for STMicroelectronics.X-CUBE-AZRTOS-WB.2.0.0
2023-12-21 18:44:15,530 [WARN] ConditionMgr:1039 - genDependencies : Invalid condition id : UX DEVICE CLASS RTOS Condition cause : null
2023-12-21 18:44:15,530 [WARN] ConditionMgr:1039 - genDependencies : Invalid condition id : UX DEVICE CLASS RTOS Condition cause : null
2023-12-21 18:44:15,530 [WARN] ConditionMgr:1039 - genDependencies : Invalid condition id : UX DEVICE CLASS RTOS Condition cause : null
2023-12-21 18:44:15,530 [WARN] ConditionMgr:1039 - genDependencies : Invalid condition id : UX DEVICE CLASS RTOS Condition cause : null
2023-12-21 18:44:15,530 [WARN] ConditionMgr:1039 - genDependencies : Invalid condition id : UX DEVICE CLASS RTOS Condition cause : null
2023-12-21 18:44:15,534 [WARN] PackLoader:240 - Cannot read IP mode file for STMicroelectronics.X-CUBE-FREERTOS.1.0.0
2023-12-21 18:44:15,541 [WARN] PackLoader:240 - Cannot read IP mode file for STMicroelectronics.X-CUBE-AZRTOS-L5.1.1.0
2023-12-21 18:44:15,548 [WARN] PackLoader:240 - Cannot read IP mode file for STMicroelectronics.X-CUBE-SUBG2.5.0.0
2023-12-21 18:44:15,556 [WARN] PackLoader:240 - Cannot read IP mode file for STMicroelectronics.X-CUBE-TOF1.3.3.1
2023-12-21 18:44:15,572 [WARN] PackLoader:240 - Cannot read IP mode file for STMicroelectronics.X-CUBE-AZRTOS-G4.2.0.0
2023-12-21 18:44:15,577 [WARN] PackLoader:240 - Cannot read IP mode file for STMicroelectronics.FP-ATR-ASTRA1.1.1.1
2023-12-21 18:44:15,584 [WARN] PackLoader:240 - Cannot read IP mode file for Infineon.AIROC-Wi-Fi-Bluetooth-STM32.1.5.1
2023-12-21 18:44:15,591 [WARN] PackLoader:240 - Cannot read IP mode file for STMicroelectronics.FP-SNS-MOTENVWB1.1.3.0
2023-12-21 18:44:15,593 [WARN] PackLoader:240 - Cannot read IP mode file for STMicroelectronics.FP-SNS-MOTENVWB1.1.3.1
2023-12-21 18:44:15,600 [WARN] PackLoader:240 - Cannot read IP mode file for STMicroelectronics.X-CUBE-AZRTOS-G4.1.0.0
2023-12-21 18:44:15,608 [WARN] PackLoader:240 - Cannot read IP mode file for STMicroelectronics.X-CUBE-AZRTOS-L4.1.0.0
2023-12-21 18:44:15,612 [WARN] PackLoader:240 - Cannot read IP mode file for STMicroelectronics.X-CUBE-ISPU.2.0.0
2023-12-21 18:44:15,638 [WARN] PackLoader:240 - Cannot read IP mode file for STMicroelectronics.X-CUBE-MEMS1.10.0.0
2023-12-21 18:44:15,713 [WARN] PackLoader:240 - Cannot read IP mode file for STMicroelectronics.X-CUBE-FREERTOS.1.1.0
2023-12-21 18:44:15,721 [WARN] PackLoader:240 - Cannot read IP mode file for STMicroelectronics.X-CUBE-AZRTOS-WL.1.0.0
2023-12-21 18:44:15,725 [WARN] PackLoader:240 - Cannot read IP mode file for portGmbH.I-Cube-SoM-uGOAL.1.1.0
2023-12-21 18:44:15,728 [WARN] PackLoader:240 - Cannot read IP mode file for STMicroelectronics.X-CUBE-ALS.1.0.1
2023-12-21 18:44:15,734 [WARN] PackLoader:240 - Cannot read IP mode file for STMicroelectronics.X-CUBE-AZRTOS-WB.1.1.0
2023-12-21 18:44:15,737 [WARN] PackLoader:240 - Cannot read IP mode file for STMicroelectronics.FP-ATR-ASTRA1.2.0.0
2023-12-21 18:44:15,781 [WARN] PackLoader:240 - Cannot read IP mode file for STMicroelectronics.X-CUBE-TOF1.3.4.0
2023-12-21 18:44:15,797 [WARN] PackLoader:240 - Cannot read IP mode file for STMicroelectronics.X-CUBE-AZRTOS-H7.3.2.0
2023-12-21 18:44:15,799 [INFO] ThirdParty:978 - Integrity check success = true
2023-12-21 18:44:15,799 [INFO] IntegrityCheckThread:100 - exiting critical section [integrity check]
2023-12-21 18:44:15,799 [INFO] IntegrityCheckThread:103 - End integrity checks thread
2023-12-21 18:44:34,229 [ERROR] LogOutputStream:75 - [STDERR_REDIRECT] SLF4J: Failed to load class "org.slf4j.impl.StaticLoggerBinder".
2023-12-21 18:44:34,229 [ERROR] LogOutputStream:75 - [STDERR_REDIRECT] SLF4J: Defaulting to no-operation (NOP) logger implementation
2023-12-21 18:44:34,230 [ERROR] LogOutputStream:75 - [STDERR_REDIRECT] SLF4J: See http://www.slf4j.org/codes.html#StaticLoggerBinder for further details.
2023-12-21 20:35:24,655 [ERROR] LogOutputStream:75 - [STDERR_REDIRECT] 
