2023-11-17 12:16:48,803 [INFO] Activator:176 - 


2023-11-17 12:16:48,814 [INFO] Activator:177 - !SESSION log4j initialized
2023-11-17 12:16:55,285 [INFO] LogOutputStream:77 - [STDOUT_REDIRECT] 
2023-11-17 12:16:58,486 [INFO] ApplicationProperties:184 - Using Application install path: C:\ST\STM32CubeIDE_1.11.2\STM32CubeIDE\plugins\com.st.stm32cube.common.mx_6.9.2.202309101412
2023-11-17 12:16:58,512 [INFO] DbMcusXml:78 - Set database path to: C:\ST\STM32CubeIDE_1.11.2\STM32CubeIDE\plugins\com.st.stm32cube.common.mx_6.9.2.202309101412\\db\/mcu/
2023-11-17 12:16:58,513 [INFO] ApiDb:274 - Set plugin database path to: C:\ST\STM32CubeIDE_1.11.2\STM32CubeIDE\plugins\com.st.stm32cube.common.mx_6.9.2.202309101412\\db\/plugins/boardmanager/
2023-11-17 12:16:58,513 [WARN] ApiDb:259 - Overriding images path with different value:  => C:\ST\STM32CubeIDE_1.11.2\STM32CubeIDE\plugins\com.st.stm32cube.common.mx_6.9.2.202309101412\\db\/plugins/mcufinder/images/
2023-11-17 12:16:58,529 [INFO] ApiDb:250 - Set database path to: C:\Users\andep\.stmcufinder\plugins\mcufinder//mcu/
2023-11-17 12:16:58,530 [INFO] DbMcusAds:125 - Set database path to: C:\Users\andep\.stmcufinder\plugins\mcufinder//mcu/
2023-11-17 12:16:58,533 [INFO] CrossReferenceDbSqlite:203 - Set database path to: C:\Users\andep\.stmcufinder\plugins\mcufinder//mcu/cs/
2023-11-17 12:16:58,710 [INFO] RulesReader:64 - Compatibility file has been processed (293 Rules)
2023-11-17 12:16:58,871 [INFO] DbMcusXml:78 - Set database path to: C:\ST\STM32CubeIDE_1.11.2\STM32CubeIDE\plugins\com.st.stm32cube.common.mx_6.9.2.202309101412\\db\/mcu/
2023-11-17 12:16:58,871 [INFO] ApiDb:274 - Set plugin database path to: C:\ST\STM32CubeIDE_1.11.2\STM32CubeIDE\plugins\com.st.stm32cube.common.mx_6.9.2.202309101412\\db\/plugins/boardmanager/
2023-11-17 12:16:58,872 [INFO] ApiDb:261 - Set plugin images path to: C:\ST\STM32CubeIDE_1.11.2\STM32CubeIDE\plugins\com.st.stm32cube.common.mx_6.9.2.202309101412\\db\/plugins/mcufinder/images/
2023-11-17 12:16:58,872 [WARN] DbFile:41 - Overriding database path with different value: C:\Users\andep\.stmcufinder\plugins\mcufinder/ => C:\Users\andep\.stmcufinder\plugins\mcufinder
2023-11-17 12:16:58,872 [INFO] ApiDb:250 - Set database path to: C:\Users\andep\.stmcufinder\plugins\mcufinder//mcu/
2023-11-17 12:16:58,872 [WARN] DbFile:41 - Overriding database path with different value: C:\Users\andep\.stmcufinder\plugins\mcufinder/ => C:\Users\andep\.stmcufinder\plugins\mcufinder
2023-11-17 12:16:58,872 [INFO] DbMcusAds:125 - Set database path to: C:\Users\andep\.stmcufinder\plugins\mcufinder//mcu/
2023-11-17 12:16:58,872 [WARN] DbFile:41 - Overriding database path with different value: C:\Users\andep\.stmcufinder\plugins\mcufinder/ => C:\Users\andep\.stmcufinder\plugins\mcufinder
2023-11-17 12:16:58,873 [WARN] DbFile:41 - Overriding database path with different value: C:\Users\andep\.stmcufinder\plugins\mcufinder/ => C:\Users\andep\.stmcufinder\plugins\mcufinder
2023-11-17 12:16:58,873 [INFO] CrossReferenceDbSqlite:203 - Set database path to: C:\Users\andep\.stmcufinder\plugins\mcufinder//mcu/cs/
2023-11-17 12:16:59,012 [INFO] MainPanel:262 - HeapMemory: 268435456
2023-11-17 12:16:59,152 [INFO] DbMcusXml:78 - Set database path to: C:\ST\STM32CubeIDE_1.11.2\STM32CubeIDE\plugins\com.st.stm32cube.common.mx_6.9.2.202309101412\\db\/mcu/
2023-11-17 12:16:59,152 [INFO] ApiDb:274 - Set plugin database path to: C:\ST\STM32CubeIDE_1.11.2\STM32CubeIDE\plugins\com.st.stm32cube.common.mx_6.9.2.202309101412\\db\/plugins/boardmanager/
2023-11-17 12:16:59,152 [INFO] ApiDb:261 - Set plugin images path to: C:\ST\STM32CubeIDE_1.11.2\STM32CubeIDE\plugins\com.st.stm32cube.common.mx_6.9.2.202309101412\\db\/plugins/mcufinder/images/
2023-11-17 12:16:59,153 [WARN] DbFile:41 - Overriding database path with different value: C:\Users\andep\.stmcufinder\plugins\mcufinder/ => C:\Users\andep\.stmcufinder\plugins\mcufinder
2023-11-17 12:16:59,154 [INFO] ApiDb:250 - Set database path to: C:\Users\andep\.stmcufinder\plugins\mcufinder//mcu/
2023-11-17 12:16:59,154 [WARN] DbFile:41 - Overriding database path with different value: C:\Users\andep\.stmcufinder\plugins\mcufinder/ => C:\Users\andep\.stmcufinder\plugins\mcufinder
2023-11-17 12:16:59,154 [INFO] DbMcusAds:125 - Set database path to: C:\Users\andep\.stmcufinder\plugins\mcufinder//mcu/
2023-11-17 12:16:59,155 [WARN] DbFile:41 - Overriding database path with different value: C:\Users\andep\.stmcufinder\plugins\mcufinder/ => C:\Users\andep\.stmcufinder\plugins\mcufinder
2023-11-17 12:16:59,155 [WARN] DbFile:41 - Overriding database path with different value: C:\Users\andep\.stmcufinder\plugins\mcufinder/ => C:\Users\andep\.stmcufinder\plugins\mcufinder
2023-11-17 12:16:59,155 [INFO] CrossReferenceDbSqlite:203 - Set database path to: C:\Users\andep\.stmcufinder\plugins\mcufinder//mcu/cs/
2023-11-17 12:16:59,197 [INFO] ApplicationProperties:184 - Using Application install path: C:\ST\STM32CubeIDE_1.11.2\STM32CubeIDE\plugins\com.st.stm32cube.common.mx_6.9.2.202309101412
2023-11-17 12:16:59,199 [INFO] PluginManage:196 - Search for loadable plugins [exclusion list=, ]
2023-11-17 12:16:59,202 [INFO] PluginManage:310 - Check plugin analytics
2023-11-17 12:16:59,489 [INFO] AnalyticsPlugin:253 - Accepted Software Licenses: 
2023-11-17 12:16:59,489 [INFO] AnalyticsPlugin:255 - Accepted CMSIS Pack Licenses: 
2023-11-17 12:16:59,490 [INFO] AnalyticsPlugin:257 - Accepted Firmware Licenses: 
2023-11-17 12:16:59,494 [INFO] PluginManage:359 - Loaded plugin analytics (category:tool,tabindex:-1)
2023-11-17 12:16:59,495 [INFO] PluginManage:310 - Check plugin cadmodel
2023-11-17 12:16:59,522 [INFO] CADModel:105 - Init CAD model plugin
2023-11-17 12:16:59,522 [INFO] PluginManage:359 - Loaded plugin cadmodel (category:power,tabindex:5)
2023-11-17 12:16:59,523 [INFO] PluginManage:310 - Check plugin clock
2023-11-17 12:16:59,563 [INFO] PluginManage:359 - Loaded plugin clock (category:base,tabindex:2)
2023-11-17 12:16:59,564 [INFO] PluginManage:310 - Check plugin ddr
2023-11-17 12:16:59,568 [INFO] PluginManage:359 - Loaded plugin ddr (category:tool,tabindex:6)
2023-11-17 12:16:59,568 [INFO] PluginManage:310 - Check plugin filemanager
2023-11-17 12:16:59,817 [INFO] PluginManage:359 - Loaded plugin filemanager (category:base,tabindex:10)
2023-11-17 12:16:59,817 [INFO] PluginManage:310 - Check plugin ipmanager
2023-11-17 12:16:59,838 [INFO] PluginManage:359 - Loaded plugin ipmanager (category:base,tabindex:5)
2023-11-17 12:16:59,839 [INFO] PluginManage:310 - Check plugin lpbam
2023-11-17 12:16:59,879 [INFO] PluginManage:359 - Loaded plugin lpbam (category:base,tabindex:0)
2023-11-17 12:16:59,879 [INFO] PluginManage:310 - Check plugin memorymap
2023-11-17 12:16:59,929 [INFO] PluginManage:359 - Loaded plugin memorymap (category:base,tabindex:4)
2023-11-17 12:16:59,929 [INFO] PluginManage:310 - Check plugin pinoutandconfiguration
2023-11-17 12:16:59,967 [INFO] PluginManage:359 - Loaded plugin pinoutandconfiguration (category:base,tabindex:1)
2023-11-17 12:16:59,967 [INFO] PluginManage:310 - Check plugin pinoutconfig
2023-11-17 12:17:00,183 [WARN] SupportedApi:132 - Cannot load RTOS API schema: s4s-elt-must-match.1: The content of 'definitions' must match (annotation?, (simpleType | complexType)?, (unique | key | keyref)*)). A problem was found starting at: attribute.
2023-11-17 12:17:00,407 [INFO] PluginManage:359 - Loaded plugin pinoutconfig (category:base,tabindex:0)
2023-11-17 12:17:00,408 [INFO] PluginManage:310 - Check plugin power
2023-11-17 12:17:00,452 [INFO] PluginManage:359 - Loaded plugin power (category:power,tabindex:4)
2023-11-17 12:17:00,453 [INFO] PluginManage:310 - Check plugin projectmanager
2023-11-17 12:17:00,477 [INFO] PluginManage:359 - Loaded plugin projectmanager (category:projectmanager,tabindex:3)
2023-11-17 12:17:00,477 [INFO] PluginManage:310 - Check plugin thirdparty
2023-11-17 12:17:00,961 [INFO] PluginManage:359 - Loaded plugin thirdparty (category:base,tabindex:-1)
2023-11-17 12:17:00,961 [INFO] PluginManage:310 - Check plugin tools
2023-11-17 12:17:00,961 [WARN] IntegrityCheckThread:84 - waiting for thirdparty lock release [integrity check]
2023-11-17 12:17:00,962 [INFO] IntegrityCheckThread:86 - entering critical section [integrity check]
2023-11-17 12:17:00,963 [INFO] ThirdPartyUpdaterWithRetryManager:70 - Updater plugin not ready yet. [1/15]
2023-11-17 12:17:01,058 [INFO] PluginManage:359 - Loaded plugin tools (category:base,tabindex:7)
2023-11-17 12:17:01,059 [INFO] PluginManage:310 - Check plugin tutovideos
2023-11-17 12:17:01,359 [INFO] PluginManage:359 - Loaded plugin tutovideos (category:base,tabindex:-1)
2023-11-17 12:17:01,359 [INFO] PluginManage:310 - Check plugin updater
2023-11-17 12:17:01,374 [INFO] PluginManage:359 - Loaded plugin updater (category:base,tabindex:12)
2023-11-17 12:17:01,374 [INFO] PluginManage:310 - Check plugin userauth
2023-11-17 12:17:01,381 [INFO] UserAuth:113 - Init User Auth plugin
2023-11-17 12:17:01,382 [INFO] PluginManage:359 - Loaded plugin userauth (category:base,tabindex:14)
2023-11-17 12:17:01,382 [INFO] PluginManage:283 - PluginManage : Loaded plugins [17]
2023-11-17 12:17:01,791 [INFO] PinOutPanel:1499 - setPackage(No Configuration,No Configuration)
2023-11-17 12:17:02,144 [INFO] CADModel:165 - CPN selected for project level
2023-11-17 12:17:02,145 [INFO] CADModel:114 - Register for checkConnection events
2023-11-17 12:17:02,201 [INFO] IPUIPlugin:80 - create IPUIPlugin
2023-11-17 12:17:02,201 [INFO] PluginManager:220 - loadIPPluginJar : add adc
2023-11-17 12:17:02,277 [INFO] IPUIPlugin:80 - create IPUIPlugin
2023-11-17 12:17:02,277 [INFO] PluginManager:220 - loadIPPluginJar : add aes
2023-11-17 12:17:02,358 [INFO] IPUIPlugin:80 - create IPUIPlugin
2023-11-17 12:17:02,358 [INFO] PluginManager:220 - loadIPPluginJar : add can
2023-11-17 12:17:02,363 [INFO] IPUIPlugin:80 - create IPUIPlugin
2023-11-17 12:17:02,363 [INFO] PluginManager:220 - loadIPPluginJar : add comp
2023-11-17 12:17:02,430 [INFO] IPUIPlugin:80 - create IPUIPlugin
2023-11-17 12:17:02,430 [INFO] PluginManager:220 - loadIPPluginJar : add cryp
2023-11-17 12:17:02,487 [INFO] IPUIPlugin:80 - create IPUIPlugin
2023-11-17 12:17:02,487 [INFO] PluginManager:220 - loadIPPluginJar : add dfsdm
2023-11-17 12:17:02,507 [INFO] IPUIPlugin:80 - create IPUIPlugin
2023-11-17 12:17:02,508 [INFO] PluginManager:220 - loadIPPluginJar : add dma
2023-11-17 12:17:02,580 [INFO] IPUIPlugin:80 - create IPUIPlugin
2023-11-17 12:17:02,580 [INFO] PluginManager:220 - loadIPPluginJar : add dma3
2023-11-17 12:17:02,622 [INFO] IPUIPlugin:80 - create IPUIPlugin
2023-11-17 12:17:02,622 [INFO] PluginManager:220 - loadIPPluginJar : add fatfs
2023-11-17 12:17:02,719 [INFO] IPUIPlugin:80 - create IPUIPlugin
2023-11-17 12:17:02,720 [INFO] PluginManager:220 - loadIPPluginJar : add fmc
2023-11-17 12:17:02,746 [INFO] IPUIPlugin:80 - create IPUIPlugin
2023-11-17 12:17:02,746 [INFO] PluginManager:220 - loadIPPluginJar : add freertos
2023-11-17 12:17:02,792 [INFO] IPUIPlugin:80 - create IPUIPlugin
2023-11-17 12:17:02,793 [INFO] PluginManager:220 - loadIPPluginJar : add genericplugin
2023-11-17 12:17:02,985 [INFO] IPUIPlugin:80 - create IPUIPlugin
2023-11-17 12:17:02,985 [INFO] PluginManager:220 - loadIPPluginJar : add gfxmmu
2023-11-17 12:17:03,238 [INFO] IPUIPlugin:80 - create IPUIPlugin
2023-11-17 12:17:03,238 [INFO] PluginManager:220 - loadIPPluginJar : add gic
2023-11-17 12:17:03,277 [INFO] IPUIPlugin:80 - create IPUIPlugin
2023-11-17 12:17:03,277 [INFO] PluginManager:220 - loadIPPluginJar : add gpio
2023-11-17 12:17:03,442 [INFO] IPUIPlugin:80 - create IPUIPlugin
2023-11-17 12:17:03,442 [INFO] PluginManager:220 - loadIPPluginJar : add gtzc
2023-11-17 12:17:03,510 [INFO] IPUIPlugin:80 - create IPUIPlugin
2023-11-17 12:17:03,510 [INFO] PluginManager:220 - loadIPPluginJar : add hash
2023-11-17 12:17:03,621 [INFO] IPUIPlugin:80 - create IPUIPlugin
2023-11-17 12:17:03,622 [INFO] PluginManager:220 - loadIPPluginJar : add i2c
2023-11-17 12:17:03,710 [INFO] IPUIPlugin:80 - create IPUIPlugin
2023-11-17 12:17:03,711 [INFO] PluginManager:220 - loadIPPluginJar : add i2s
2023-11-17 12:17:03,793 [INFO] IPUIPlugin:80 - create IPUIPlugin
2023-11-17 12:17:03,794 [INFO] PluginManager:220 - loadIPPluginJar : add i3c
2023-11-17 12:17:03,964 [INFO] ThirdPartyUpdaterWithRetryManager:70 - Updater plugin not ready yet. [2/15]
2023-11-17 12:17:04,057 [INFO] IPUIPlugin:80 - create IPUIPlugin
2023-11-17 12:17:04,057 [INFO] PluginManager:220 - loadIPPluginJar : add ipddr
2023-11-17 12:17:04,239 [INFO] IPUIPlugin:80 - create IPUIPlugin
2023-11-17 12:17:04,239 [INFO] PluginManager:220 - loadIPPluginJar : add linkedlist
2023-11-17 12:17:04,305 [INFO] IPUIPlugin:80 - create IPUIPlugin
2023-11-17 12:17:04,305 [INFO] PluginManager:220 - loadIPPluginJar : add lorawan
2023-11-17 12:17:04,375 [INFO] IPUIPlugin:80 - create IPUIPlugin
2023-11-17 12:17:04,376 [INFO] PluginManager:220 - loadIPPluginJar : add ltdc
2023-11-17 12:17:04,412 [INFO] IPUIPlugin:80 - create IPUIPlugin
2023-11-17 12:17:04,413 [INFO] PluginManager:220 - loadIPPluginJar : add mdma
2023-11-17 12:17:04,431 [INFO] IPUIPlugin:80 - create IPUIPlugin
2023-11-17 12:17:04,431 [INFO] PluginManager:220 - loadIPPluginJar : add nvic
2023-11-17 12:17:04,504 [INFO] IPUIPlugin:80 - create IPUIPlugin
2023-11-17 12:17:04,504 [INFO] PluginManager:220 - loadIPPluginJar : add opamp
2023-11-17 12:17:04,626 [INFO] IPUIPlugin:80 - create IPUIPlugin
2023-11-17 12:17:04,626 [INFO] PluginManager:220 - loadIPPluginJar : add openamp
2023-11-17 12:17:04,728 [INFO] IPUIPlugin:80 - create IPUIPlugin
2023-11-17 12:17:04,729 [INFO] PluginManager:220 - loadIPPluginJar : add pdm2pcm
2023-11-17 12:17:04,757 [INFO] IPUIPlugin:80 - create IPUIPlugin
2023-11-17 12:17:04,761 [INFO] PluginManager:220 - loadIPPluginJar : add plateformsettings
2023-11-17 12:17:04,812 [INFO] IPUIPlugin:80 - create IPUIPlugin
2023-11-17 12:17:04,812 [INFO] PluginManager:220 - loadIPPluginJar : add quadspi
2023-11-17 12:17:04,837 [INFO] IPUIPlugin:80 - create IPUIPlugin
2023-11-17 12:17:04,837 [INFO] PluginManager:220 - loadIPPluginJar : add resmgrutility
2023-11-17 12:17:04,937 [INFO] IPUIPlugin:80 - create IPUIPlugin
2023-11-17 12:17:04,937 [INFO] PluginManager:220 - loadIPPluginJar : add sai
2023-11-17 12:17:05,012 [INFO] IPUIPlugin:80 - create IPUIPlugin
2023-11-17 12:17:05,013 [INFO] PluginManager:220 - loadIPPluginJar : add spi
2023-11-17 12:17:05,156 [INFO] IPUIPlugin:80 - create IPUIPlugin
2023-11-17 12:17:05,157 [INFO] PluginManager:220 - loadIPPluginJar : add stm32_wpan
2023-11-17 12:17:05,206 [INFO] IPUIPlugin:80 - create IPUIPlugin
2023-11-17 12:17:05,207 [INFO] PluginManager:220 - loadIPPluginJar : add tim
2023-11-17 12:17:05,331 [INFO] IPUIPlugin:80 - create IPUIPlugin
2023-11-17 12:17:05,332 [INFO] PluginManager:220 - loadIPPluginJar : add touchsensing
2023-11-17 12:17:05,392 [INFO] IPUIPlugin:80 - create IPUIPlugin
2023-11-17 12:17:05,393 [INFO] PluginManager:220 - loadIPPluginJar : add tracer_emb
2023-11-17 12:17:05,459 [INFO] IPUIPlugin:80 - create IPUIPlugin
2023-11-17 12:17:05,459 [INFO] PluginManager:220 - loadIPPluginJar : add ts
2023-11-17 12:17:05,527 [INFO] IPUIPlugin:80 - create IPUIPlugin
2023-11-17 12:17:05,527 [INFO] PluginManager:220 - loadIPPluginJar : add tsc
2023-11-17 12:17:05,585 [INFO] IPUIPlugin:80 - create IPUIPlugin
2023-11-17 12:17:05,586 [INFO] PluginManager:220 - loadIPPluginJar : add ucpd
2023-11-17 12:17:05,695 [INFO] IPUIPlugin:80 - create IPUIPlugin
2023-11-17 12:17:05,695 [INFO] PluginManager:220 - loadIPPluginJar : add usart
2023-11-17 12:17:05,804 [INFO] IPUIPlugin:80 - create IPUIPlugin
2023-11-17 12:17:05,804 [INFO] PluginManager:220 - loadIPPluginJar : add usbx
2023-11-17 12:17:06,002 [INFO] CADModel:165 - CPN selected for project level
2023-11-17 12:17:06,002 [INFO] CADModel:114 - Register for checkConnection events
2023-11-17 12:17:06,003 [FATAL] Updater:308 - Updater called before beeing initialized
2023-11-17 12:17:06,003 [ERROR] CADModel:125 - Updater not yet initialized, retry later 
2023-11-17 12:17:06,219 [INFO] CADModel:165 - CPN selected for project level
2023-11-17 12:17:06,220 [INFO] CADModel:114 - Register for checkConnection events
2023-11-17 12:17:06,220 [FATAL] Updater:308 - Updater called before beeing initialized
2023-11-17 12:17:06,220 [ERROR] CADModel:125 - Updater not yet initialized, retry later 
2023-11-17 12:17:06,227 [FATAL] Updater:308 - Updater called before beeing initialized
2023-11-17 12:17:06,512 [FATAL] Updater:308 - Updater called before beeing initialized
2023-11-17 12:17:06,536 [INFO] DbMcusAds:53 - JSON generation date=Tue Mar 07 09:50:55 CET 2023 (1678179055335)
2023-11-17 12:17:06,537 [FATAL] Updater:308 - Updater called before beeing initialized
2023-11-17 12:17:06,668 [WARN] DetailPanel:346 - Failed to get advertising image, set to default
2023-11-17 12:17:06,857 [FATAL] Updater:308 - Updater called before beeing initialized
2023-11-17 12:17:06,859 [FATAL] Updater:308 - Updater called before beeing initialized
2023-11-17 12:17:06,860 [FATAL] Updater:308 - Updater called before beeing initialized
2023-11-17 12:17:06,860 [WARN] DetailPanel:346 - Failed to get advertising image, set to default
2023-11-17 12:17:06,861 [FATAL] Updater:308 - Updater called before beeing initialized
2023-11-17 12:17:06,926 [ERROR] Updater:1120 - MainUpdater not yet initialized. External WinMGr cannot be set.
2023-11-17 12:17:06,935 [INFO] Updater:1056 - Updater Version found : 6.9.2
2023-11-17 12:17:06,961 [INFO] ApplicationProperties:184 - Using Application install path: C:\ST\STM32CubeIDE_1.11.2\STM32CubeIDE\plugins\com.st.stm32cube.common.mx_6.9.2.202309101412
2023-11-17 12:17:06,964 [INFO] ThirdPartyUpdaterWithRetryManager:70 - Updater plugin not ready yet. [3/15]
2023-11-17 12:17:07,174 [INFO] MainUpdater:2868 - connection check result : 10
2023-11-17 12:17:07,176 [INFO] MainUpdater:285 - Updater Check For Update Now.
2023-11-17 12:17:07,176 [INFO] MicroXplorer:498 - Change Database Version : DB.6.0.92
2023-11-17 12:17:07,197 [INFO] McuFinderGlobals:63 - Set McuFinder mode to 2 (CubeIDE integrated)
2023-11-17 12:17:07,198 [INFO] UserAuth:179 - activating auth plugin
2023-11-17 12:17:07,202 [INFO] UserAuth:393 - Internet connection configuration mode: 1
2023-11-17 12:17:07,239 [INFO] JxBrowserEngine:151 - Initiate JxBrowser Engine with user profile folder
2023-11-17 12:17:07,416 [INFO] CheckServerUpdateThread:120 - End of CheckServer Thread
2023-11-17 12:17:10,269 [WARN] PackLoader:240 - Cannot read IP mode file for STMicroelectronics.X-CUBE-SMBUS.2.1.0
2023-11-17 12:17:10,368 [WARN] PackLoader:240 - Cannot read IP mode file for STMicroelectronics.X-CUBE-AZRTOS-F7.1.1.0
2023-11-17 12:17:10,398 [WARN] PackLoader:240 - Cannot read IP mode file for STMicroelectronics.FP-SNS-MOTENV1.4.3.2
2023-11-17 12:17:10,429 [WARN] PackLoader:240 - Cannot read IP mode file for STMicroelectronics.X-CUBE-BLE1.6.2.4
2023-11-17 12:17:10,451 [WARN] PackLoader:240 - Cannot read IP mode file for STMicroelectronics.FP-SNS-FLIGHT1.5.0.2
2023-11-17 12:17:10,490 [WARN] PackLoader:240 - Cannot read IP mode file for STMicroelectronics.X-CUBE-DISPLAY.3.0.0
2023-11-17 12:17:10,524 [WARN] PackLoader:240 - Cannot read IP mode file for STMicroelectronics.X-CUBE-BLE1.7.0.0
2023-11-17 12:17:10,543 [WARN] PackLoader:240 - Cannot read IP mode file for STMicroelectronics.X-CUBE-TOUCHGFX.4.22.1
2023-11-17 12:17:10,561 [WARN] PackLoader:240 - Cannot read IP mode file for STMicroelectronics.FP-SNS-SMARTAG2.1.2.0
2023-11-17 12:17:10,596 [INFO] LogOutputStream:77 - [STDOUT_REDIRECT] 1 : Invalid condition id : UX_CORESTACK_Condition cause : null
2023-11-17 12:17:10,597 [INFO] LogOutputStream:77 - [STDOUT_REDIRECT] 1 : Invalid condition id : UX_CORESTACK_Condition cause : null
2023-11-17 12:17:10,600 [INFO] LogOutputStream:77 - [STDOUT_REDIRECT] 1 : Invalid condition id : UX_CORESTACK_Condition cause : null
2023-11-17 12:17:10,604 [INFO] LogOutputStream:77 - [STDOUT_REDIRECT] 1 : Invalid condition id : UX_CORESTACK_Condition cause : null
2023-11-17 12:17:10,606 [INFO] LogOutputStream:77 - [STDOUT_REDIRECT] 1 : Invalid condition id : UX_CORESTACK_Condition cause : null
2023-11-17 12:17:10,608 [INFO] WebApp:157 - Instantiating new browser for Auth
2023-11-17 12:17:10,621 [WARN] PackLoader:240 - Cannot read IP mode file for STMicroelectronics.X-CUBE-AZRTOS-WL.2.0.0
2023-11-17 12:17:10,697 [WARN] PackLoader:240 - Cannot read IP mode file for WES.I-CUBE-Cesium.1.3.0
2023-11-17 12:17:10,720 [WARN] PackLoader:240 - Cannot read IP mode file for STMicroelectronics.X-CUBE-BLE2.3.3.0
2023-11-17 12:17:10,756 [WARN] PackLoader:240 - Cannot read IP mode file for STMicroelectronics.X-CUBE-TOF1.3.2.0
2023-11-17 12:17:10,800 [WARN] PackLoader:240 - Cannot read IP mode file for STMicroelectronics.X-CUBE-TOUCHGFX.4.21.1
2023-11-17 12:17:10,827 [WARN] PackLoader:240 - Cannot read IP mode file for STMicroelectronics.X-CUBE-AI.7.3.0
2023-11-17 12:17:10,874 [WARN] PackLoader:240 - Cannot read IP mode file for STMicroelectronics.X-CUBE-ALGOBUILD.1.3.0
2023-11-17 12:17:10,948 [WARN] PackLoader:240 - Cannot read IP mode file for STMicroelectronics.X-CUBE-AZRTOS-G0.1.1.0
2023-11-17 12:17:11,008 [WARN] PackLoader:240 - Cannot read IP mode file for STMicroelectronics.X-CUBE-NFC4.3.0.0
2023-11-17 12:17:11,047 [WARN] PackLoader:240 - Cannot read IP mode file for STMicroelectronics.X-CUBE-BLEMGR.3.0.0
2023-11-17 12:17:11,073 [WARN] PackLoader:240 - Cannot read IP mode file for STMicroelectronics.X-CUBE-BLEMGR.1.3.0
2023-11-17 12:17:11,100 [WARN] PackLoader:240 - Cannot read IP mode file for STMicroelectronics.FP-ATR-SIGFOX1.3.2.0
2023-11-17 12:17:11,221 [WARN] PackLoader:240 - Cannot read IP mode file for STMicroelectronics.X-CUBE-MEMS1.9.5.0
2023-11-17 12:17:11,730 [WARN] PackLoader:240 - Cannot read IP mode file for SEGGER.I-CUBE-embOS.1.3.1
2023-11-17 12:17:11,774 [INFO] WebApp:753 - Register for checkConnection events
2023-11-17 12:17:11,774 [INFO] WebApp:390 - Apply proxy settings
2023-11-17 12:17:11,775 [INFO] WebApp:475 - Chromium requires no authentication
2023-11-17 12:17:11,797 [INFO] WebApp:418 - Direct internet connection detected
2023-11-17 12:17:11,837 [WARN] PackLoader:240 - Cannot read IP mode file for STMicroelectronics.X-CUBE-GNSS1.6.0.0
2023-11-17 12:17:11,896 [WARN] PackLoader:240 - Cannot read IP mode file for STMicroelectronics.X-CUBE-AZRTOS-F4.1.1.0
2023-11-17 12:17:11,957 [WARN] PackLoader:240 - Cannot read IP mode file for STMicroelectronics.X-CUBE-AZRTOS-L5.2.0.0
2023-11-17 12:17:12,061 [WARN] PackLoader:240 - Cannot read IP mode file for STMicroelectronics.X-CUBE-MEMS1.9.6.0
2023-11-17 12:17:12,267 [INFO] WebApp:188 - Starting web application
2023-11-17 12:17:12,268 [INFO] WebApp:520 - Web application path used C:\ST\STM32CubeIDE_1.11.2\STM32CubeIDE\plugins\com.st.stm32cube.common.mx_6.9.2.202309101412\db\plugins\mcufinder\reactClient1\index.html
2023-11-17 12:17:12,385 [WARN] PackLoader:240 - Cannot read IP mode file for STMicroelectronics.X-CUBE-EEPRMA1.4.2.0
2023-11-17 12:17:12,437 [WARN] PackLoader:240 - Cannot read IP mode file for ITTIA_DB.I-CUBE-ITTIADB.8.8.0
2023-11-17 12:17:12,473 [WARN] PackLoader:240 - Cannot read IP mode file for emotas.I-CUBE-CANOPEN.1.1.3
2023-11-17 12:17:12,509 [WARN] PackLoader:240 - Cannot read IP mode file for STMicroelectronics.X-CUBE-BLEMGR.2.0.0
2023-11-17 12:17:12,577 [WARN] ConditionMgr:438 - getConditionDescription Invalid condition id : UX DEVICE CLASS RTOS Condition cause : null
2023-11-17 12:17:12,577 [WARN] ConditionMgr:438 - getConditionDescription Invalid condition id : UX DEVICE CLASS RTOS Condition cause : null
2023-11-17 12:17:12,586 [WARN] PackLoader:240 - Cannot read IP mode file for STMicroelectronics.X-CUBE-AZRTOS-H7.3.1.0
2023-11-17 12:17:12,587 [WARN] ConditionMgr:1039 - genDependencies : Invalid condition id : UX DEVICE CLASS RTOS Condition cause : null
2023-11-17 12:17:12,588 [WARN] ConditionMgr:1039 - genDependencies : Invalid condition id : UX DEVICE CLASS RTOS Condition cause : null
2023-11-17 12:17:12,589 [WARN] ConditionMgr:1039 - genDependencies : Invalid condition id : UX DEVICE CLASS RTOS Condition cause : null
2023-11-17 12:17:12,590 [WARN] ConditionMgr:1039 - genDependencies : Invalid condition id : UX DEVICE CLASS RTOS Condition cause : null
2023-11-17 12:17:12,592 [WARN] ConditionMgr:1039 - genDependencies : Invalid condition id : UX DEVICE CLASS RTOS Condition cause : null
2023-11-17 12:17:12,619 [WARN] PackLoader:240 - Cannot read IP mode file for wolfSSL.I-CUBE-wolfSSL.5.5.4
2023-11-17 12:17:12,645 [WARN] PackLoader:240 - Cannot read IP mode file for STMicroelectronics.X-CUBE-NFC7.1.0.1
2023-11-17 12:17:12,675 [WARN] PackLoader:240 - Cannot read IP mode file for STMicroelectronics.X-CUBE-NFC7.1.0.0
2023-11-17 12:17:12,706 [WARN] PackLoader:240 - Cannot read IP mode file for STMicroelectronics.X-CUBE-NFC6.3.0.0
2023-11-17 12:17:12,751 [WARN] PackLoader:240 - Cannot read IP mode file for STMicroelectronics.X-CUBE-EEPRMA1.4.1.0
2023-11-17 12:17:12,791 [WARN] PackLoader:240 - Cannot read IP mode file for STMicroelectronics.X-CUBE-AI.8.1.0
2023-11-17 12:17:12,859 [WARN] ConditionMgr:438 - getConditionDescription Invalid condition id : LAN8742 Phy interface Condition cause : null
2023-11-17 12:17:12,861 [WARN] PackLoader:240 - Cannot read IP mode file for STMicroelectronics.X-CUBE-AZRTOS-L4.2.0.0
2023-11-17 12:17:12,864 [WARN] ConditionMgr:1039 - genDependencies : Invalid condition id : LAN8742 Phy interface Condition cause : null
2023-11-17 12:17:12,865 [WARN] ConditionMgr:1039 - genDependencies : Invalid condition id : LAN8742 Phy interface Condition cause : null
2023-11-17 12:17:12,866 [WARN] ConditionMgr:1039 - genDependencies : Invalid condition id : LAN8742 Phy interface Condition cause : null
2023-11-17 12:17:12,906 [WARN] PackLoader:240 - Cannot read IP mode file for STMicroelectronics.X-CUBE-SFXS2LP1.4.0.0
2023-11-17 12:17:12,974 [WARN] PackLoader:240 - Cannot read IP mode file for STMicroelectronics.X-CUBE-AZRTOS-H7.3.0.0
2023-11-17 12:17:13,007 [WARN] PackLoader:240 - Cannot read IP mode file for STMicroelectronics.X-CUBE-ISPU.1.1.0
2023-11-17 12:17:13,048 [WARN] PackLoader:240 - Cannot read IP mode file for RoweBots.I-CUBE-UNISONRTOS.5.5.0-4
2023-11-17 12:17:13,071 [WARN] PackLoader:240 - Cannot read IP mode file for STMicroelectronics.X-CUBE-AI.8.0.0
2023-11-17 12:17:13,107 [WARN] ConditionMgr:438 - getConditionDescription Invalid condition id : UX DEVICE CLASS RTOS Condition cause : null
2023-11-17 12:17:13,108 [WARN] ConditionMgr:438 - getConditionDescription Invalid condition id : UX DEVICE CLASS RTOS Condition cause : null
2023-11-17 12:17:13,115 [WARN] PackLoader:240 - Cannot read IP mode file for STMicroelectronics.X-CUBE-AZRTOS-WB.2.0.0
2023-11-17 12:17:13,117 [WARN] ConditionMgr:1039 - genDependencies : Invalid condition id : UX DEVICE CLASS RTOS Condition cause : null
2023-11-17 12:17:13,117 [WARN] ConditionMgr:1039 - genDependencies : Invalid condition id : UX DEVICE CLASS RTOS Condition cause : null
2023-11-17 12:17:13,119 [WARN] ConditionMgr:1039 - genDependencies : Invalid condition id : UX DEVICE CLASS RTOS Condition cause : null
2023-11-17 12:17:13,120 [WARN] ConditionMgr:1039 - genDependencies : Invalid condition id : UX DEVICE CLASS RTOS Condition cause : null
2023-11-17 12:17:13,120 [WARN] ConditionMgr:1039 - genDependencies : Invalid condition id : UX DEVICE CLASS RTOS Condition cause : null
2023-11-17 12:17:13,144 [WARN] PackLoader:240 - Cannot read IP mode file for STMicroelectronics.X-CUBE-FREERTOS.1.0.0
2023-11-17 12:17:13,188 [WARN] PackLoader:240 - Cannot read IP mode file for STMicroelectronics.X-CUBE-AZRTOS-L5.1.1.0
2023-11-17 12:17:13,240 [WARN] PackLoader:240 - Cannot read IP mode file for STMicroelectronics.X-CUBE-SUBG2.5.0.0
2023-11-17 12:17:13,289 [WARN] PackLoader:240 - Cannot read IP mode file for STMicroelectronics.X-CUBE-TOF1.3.3.1
2023-11-17 12:17:13,344 [WARN] PackLoader:240 - Cannot read IP mode file for STMicroelectronics.X-CUBE-AZRTOS-G4.2.0.0
2023-11-17 12:17:13,366 [WARN] PackLoader:240 - Cannot read IP mode file for STMicroelectronics.FP-ATR-ASTRA1.1.1.1
2023-11-17 12:17:13,411 [WARN] PackLoader:240 - Cannot read IP mode file for Infineon.AIROC-Wi-Fi-Bluetooth-STM32.1.5.1
2023-11-17 12:17:13,443 [WARN] PackLoader:240 - Cannot read IP mode file for STMicroelectronics.FP-SNS-MOTENVWB1.1.3.0
2023-11-17 12:17:13,491 [WARN] PackLoader:240 - Cannot read IP mode file for STMicroelectronics.X-CUBE-AZRTOS-G4.1.0.0
2023-11-17 12:17:13,561 [WARN] PackLoader:240 - Cannot read IP mode file for STMicroelectronics.X-CUBE-AZRTOS-L4.1.0.0
2023-11-17 12:17:13,662 [WARN] PackLoader:240 - Cannot read IP mode file for STMicroelectronics.X-CUBE-MEMS1.10.0.0
2023-11-17 12:17:13,887 [WARN] PackLoader:240 - Cannot read IP mode file for STMicroelectronics.X-CUBE-FREERTOS.1.1.0
2023-11-17 12:17:13,918 [WARN] PackLoader:240 - Cannot read IP mode file for STMicroelectronics.X-CUBE-AZRTOS-WL.1.0.0
2023-11-17 12:17:13,942 [WARN] PackLoader:240 - Cannot read IP mode file for portGmbH.I-Cube-SoM-uGOAL.1.1.0
2023-11-17 12:17:13,961 [WARN] PackLoader:240 - Cannot read IP mode file for STMicroelectronics.X-CUBE-ALS.1.0.1
2023-11-17 12:17:14,003 [WARN] PackLoader:240 - Cannot read IP mode file for STMicroelectronics.X-CUBE-AZRTOS-WB.1.1.0
2023-11-17 12:17:14,019 [WARN] PackLoader:240 - Cannot read IP mode file for STMicroelectronics.FP-ATR-ASTRA1.2.0.0
2023-11-17 12:17:14,020 [INFO] ThirdParty:978 - Integrity check success = true
2023-11-17 12:17:14,020 [INFO] IntegrityCheckThread:100 - exiting critical section [integrity check]
2023-11-17 12:17:14,021 [INFO] IntegrityCheckThread:103 - End integrity checks thread
2023-11-17 12:17:33,826 [ERROR] LogOutputStream:75 - [STDERR_REDIRECT] SLF4J: Failed to load class "org.slf4j.impl.StaticLoggerBinder".
2023-11-17 12:17:33,827 [ERROR] LogOutputStream:75 - [STDERR_REDIRECT] SLF4J: Defaulting to no-operation (NOP) logger implementation
2023-11-17 12:17:33,828 [ERROR] LogOutputStream:75 - [STDERR_REDIRECT] SLF4J: See http://www.slf4j.org/codes.html#StaticLoggerBinder for further details.
2023-11-17 12:43:04,164 [ERROR] LogOutputStream:75 - [STDERR_REDIRECT] 
2023-11-17 15:23:04,785 [INFO] Activator:176 - 


2023-11-17 15:23:04,785 [INFO] Activator:177 - !SESSION log4j initialized
2023-11-17 15:23:07,840 [INFO] LogOutputStream:77 - [STDOUT_REDIRECT] 
2023-11-17 15:23:11,673 [INFO] ApplicationProperties:184 - Using Application install path: C:\ST\STM32CubeIDE_1.11.2\STM32CubeIDE\plugins\com.st.stm32cube.common.mx_6.9.2.202309101412
2023-11-17 15:23:11,710 [INFO] DbMcusXml:78 - Set database path to: C:\ST\STM32CubeIDE_1.11.2\STM32CubeIDE\plugins\com.st.stm32cube.common.mx_6.9.2.202309101412\\db\/mcu/
2023-11-17 15:23:11,710 [INFO] ApiDb:274 - Set plugin database path to: C:\ST\STM32CubeIDE_1.11.2\STM32CubeIDE\plugins\com.st.stm32cube.common.mx_6.9.2.202309101412\\db\/plugins/boardmanager/
2023-11-17 15:23:11,711 [WARN] ApiDb:259 - Overriding images path with different value:  => C:\ST\STM32CubeIDE_1.11.2\STM32CubeIDE\plugins\com.st.stm32cube.common.mx_6.9.2.202309101412\\db\/plugins/mcufinder/images/
2023-11-17 15:23:11,729 [INFO] ApiDb:250 - Set database path to: C:\Users\andep\.stmcufinder\plugins\mcufinder//mcu/
2023-11-17 15:23:11,731 [INFO] DbMcusAds:125 - Set database path to: C:\Users\andep\.stmcufinder\plugins\mcufinder//mcu/
2023-11-17 15:23:11,734 [INFO] CrossReferenceDbSqlite:203 - Set database path to: C:\Users\andep\.stmcufinder\plugins\mcufinder//mcu/cs/
2023-11-17 15:23:11,959 [INFO] RulesReader:64 - Compatibility file has been processed (293 Rules)
2023-11-17 15:23:12,227 [INFO] DbMcusXml:78 - Set database path to: C:\ST\STM32CubeIDE_1.11.2\STM32CubeIDE\plugins\com.st.stm32cube.common.mx_6.9.2.202309101412\\db\/mcu/
2023-11-17 15:23:12,227 [INFO] ApiDb:274 - Set plugin database path to: C:\ST\STM32CubeIDE_1.11.2\STM32CubeIDE\plugins\com.st.stm32cube.common.mx_6.9.2.202309101412\\db\/plugins/boardmanager/
2023-11-17 15:23:12,227 [INFO] ApiDb:261 - Set plugin images path to: C:\ST\STM32CubeIDE_1.11.2\STM32CubeIDE\plugins\com.st.stm32cube.common.mx_6.9.2.202309101412\\db\/plugins/mcufinder/images/
2023-11-17 15:23:12,228 [WARN] DbFile:41 - Overriding database path with different value: C:\Users\andep\.stmcufinder\plugins\mcufinder/ => C:\Users\andep\.stmcufinder\plugins\mcufinder
2023-11-17 15:23:12,228 [INFO] ApiDb:250 - Set database path to: C:\Users\andep\.stmcufinder\plugins\mcufinder//mcu/
2023-11-17 15:23:12,228 [WARN] DbFile:41 - Overriding database path with different value: C:\Users\andep\.stmcufinder\plugins\mcufinder/ => C:\Users\andep\.stmcufinder\plugins\mcufinder
2023-11-17 15:23:12,228 [INFO] DbMcusAds:125 - Set database path to: C:\Users\andep\.stmcufinder\plugins\mcufinder//mcu/
2023-11-17 15:23:12,229 [WARN] DbFile:41 - Overriding database path with different value: C:\Users\andep\.stmcufinder\plugins\mcufinder/ => C:\Users\andep\.stmcufinder\plugins\mcufinder
2023-11-17 15:23:12,229 [WARN] DbFile:41 - Overriding database path with different value: C:\Users\andep\.stmcufinder\plugins\mcufinder/ => C:\Users\andep\.stmcufinder\plugins\mcufinder
2023-11-17 15:23:12,229 [INFO] CrossReferenceDbSqlite:203 - Set database path to: C:\Users\andep\.stmcufinder\plugins\mcufinder//mcu/cs/
2023-11-17 15:23:12,440 [INFO] MainPanel:262 - HeapMemory: 268435456
2023-11-17 15:23:12,620 [INFO] DbMcusXml:78 - Set database path to: C:\ST\STM32CubeIDE_1.11.2\STM32CubeIDE\plugins\com.st.stm32cube.common.mx_6.9.2.202309101412\\db\/mcu/
2023-11-17 15:23:12,620 [INFO] ApiDb:274 - Set plugin database path to: C:\ST\STM32CubeIDE_1.11.2\STM32CubeIDE\plugins\com.st.stm32cube.common.mx_6.9.2.202309101412\\db\/plugins/boardmanager/
2023-11-17 15:23:12,620 [INFO] ApiDb:261 - Set plugin images path to: C:\ST\STM32CubeIDE_1.11.2\STM32CubeIDE\plugins\com.st.stm32cube.common.mx_6.9.2.202309101412\\db\/plugins/mcufinder/images/
2023-11-17 15:23:12,622 [WARN] DbFile:41 - Overriding database path with different value: C:\Users\andep\.stmcufinder\plugins\mcufinder/ => C:\Users\andep\.stmcufinder\plugins\mcufinder
2023-11-17 15:23:12,622 [INFO] ApiDb:250 - Set database path to: C:\Users\andep\.stmcufinder\plugins\mcufinder//mcu/
2023-11-17 15:23:12,622 [WARN] DbFile:41 - Overriding database path with different value: C:\Users\andep\.stmcufinder\plugins\mcufinder/ => C:\Users\andep\.stmcufinder\plugins\mcufinder
2023-11-17 15:23:12,622 [INFO] DbMcusAds:125 - Set database path to: C:\Users\andep\.stmcufinder\plugins\mcufinder//mcu/
2023-11-17 15:23:12,623 [WARN] DbFile:41 - Overriding database path with different value: C:\Users\andep\.stmcufinder\plugins\mcufinder/ => C:\Users\andep\.stmcufinder\plugins\mcufinder
2023-11-17 15:23:12,623 [WARN] DbFile:41 - Overriding database path with different value: C:\Users\andep\.stmcufinder\plugins\mcufinder/ => C:\Users\andep\.stmcufinder\plugins\mcufinder
2023-11-17 15:23:12,623 [INFO] CrossReferenceDbSqlite:203 - Set database path to: C:\Users\andep\.stmcufinder\plugins\mcufinder//mcu/cs/
2023-11-17 15:23:12,663 [INFO] ApplicationProperties:184 - Using Application install path: C:\ST\STM32CubeIDE_1.11.2\STM32CubeIDE\plugins\com.st.stm32cube.common.mx_6.9.2.202309101412
2023-11-17 15:23:12,667 [INFO] PluginManage:196 - Search for loadable plugins [exclusion list=, ]
2023-11-17 15:23:12,669 [INFO] PluginManage:310 - Check plugin analytics
2023-11-17 15:23:12,979 [INFO] AnalyticsPlugin:253 - Accepted Software Licenses: 
2023-11-17 15:23:12,979 [INFO] AnalyticsPlugin:255 - Accepted CMSIS Pack Licenses: 
2023-11-17 15:23:12,980 [INFO] AnalyticsPlugin:257 - Accepted Firmware Licenses: 
2023-11-17 15:23:12,985 [INFO] PluginManage:359 - Loaded plugin analytics (category:tool,tabindex:-1)
2023-11-17 15:23:13,002 [INFO] PluginManage:310 - Check plugin cadmodel
2023-11-17 15:23:13,032 [INFO] CADModel:105 - Init CAD model plugin
2023-11-17 15:23:13,032 [INFO] PluginManage:359 - Loaded plugin cadmodel (category:power,tabindex:5)
2023-11-17 15:23:13,033 [INFO] PluginManage:310 - Check plugin clock
2023-11-17 15:23:13,062 [INFO] PluginManage:359 - Loaded plugin clock (category:base,tabindex:2)
2023-11-17 15:23:13,062 [INFO] PluginManage:310 - Check plugin ddr
2023-11-17 15:23:13,066 [INFO] PluginManage:359 - Loaded plugin ddr (category:tool,tabindex:6)
2023-11-17 15:23:13,067 [INFO] PluginManage:310 - Check plugin filemanager
2023-11-17 15:23:13,310 [INFO] PluginManage:359 - Loaded plugin filemanager (category:base,tabindex:10)
2023-11-17 15:23:13,311 [INFO] PluginManage:310 - Check plugin ipmanager
2023-11-17 15:23:13,323 [INFO] PluginManage:359 - Loaded plugin ipmanager (category:base,tabindex:5)
2023-11-17 15:23:13,323 [INFO] PluginManage:310 - Check plugin lpbam
2023-11-17 15:23:13,353 [INFO] PluginManage:359 - Loaded plugin lpbam (category:base,tabindex:0)
2023-11-17 15:23:13,354 [INFO] PluginManage:310 - Check plugin memorymap
2023-11-17 15:23:13,393 [INFO] PluginManage:359 - Loaded plugin memorymap (category:base,tabindex:4)
2023-11-17 15:23:13,393 [INFO] PluginManage:310 - Check plugin pinoutandconfiguration
2023-11-17 15:23:13,452 [INFO] PluginManage:359 - Loaded plugin pinoutandconfiguration (category:base,tabindex:1)
2023-11-17 15:23:13,452 [INFO] PluginManage:310 - Check plugin pinoutconfig
2023-11-17 15:23:13,646 [WARN] SupportedApi:132 - Cannot load RTOS API schema: s4s-elt-must-match.1: The content of 'definitions' must match (annotation?, (simpleType | complexType)?, (unique | key | keyref)*)). A problem was found starting at: attribute.
2023-11-17 15:23:13,911 [INFO] PluginManage:359 - Loaded plugin pinoutconfig (category:base,tabindex:0)
2023-11-17 15:23:13,911 [INFO] PluginManage:310 - Check plugin power
2023-11-17 15:23:13,954 [INFO] PluginManage:359 - Loaded plugin power (category:power,tabindex:4)
2023-11-17 15:23:13,955 [INFO] PluginManage:310 - Check plugin projectmanager
2023-11-17 15:23:13,985 [INFO] PluginManage:359 - Loaded plugin projectmanager (category:projectmanager,tabindex:3)
2023-11-17 15:23:13,986 [INFO] PluginManage:310 - Check plugin thirdparty
2023-11-17 15:23:14,558 [INFO] PluginManage:359 - Loaded plugin thirdparty (category:base,tabindex:-1)
2023-11-17 15:23:14,558 [WARN] IntegrityCheckThread:84 - waiting for thirdparty lock release [integrity check]
2023-11-17 15:23:14,559 [INFO] IntegrityCheckThread:86 - entering critical section [integrity check]
2023-11-17 15:23:14,559 [INFO] PluginManage:310 - Check plugin tools
2023-11-17 15:23:14,561 [INFO] ThirdPartyUpdaterWithRetryManager:70 - Updater plugin not ready yet. [1/15]
2023-11-17 15:23:14,645 [INFO] PluginManage:359 - Loaded plugin tools (category:base,tabindex:7)
2023-11-17 15:23:14,645 [INFO] PluginManage:310 - Check plugin tutovideos
2023-11-17 15:23:15,030 [INFO] PluginManage:359 - Loaded plugin tutovideos (category:base,tabindex:-1)
2023-11-17 15:23:15,030 [INFO] PluginManage:310 - Check plugin updater
2023-11-17 15:23:15,051 [INFO] PluginManage:359 - Loaded plugin updater (category:base,tabindex:12)
2023-11-17 15:23:15,051 [INFO] PluginManage:310 - Check plugin userauth
2023-11-17 15:23:15,061 [INFO] UserAuth:113 - Init User Auth plugin
2023-11-17 15:23:15,062 [INFO] PluginManage:359 - Loaded plugin userauth (category:base,tabindex:14)
2023-11-17 15:23:15,063 [INFO] PluginManage:283 - PluginManage : Loaded plugins [17]
2023-11-17 15:23:15,606 [INFO] PinOutPanel:1499 - setPackage(No Configuration,No Configuration)
2023-11-17 15:23:15,908 [INFO] CADModel:165 - CPN selected for project level
2023-11-17 15:23:15,908 [INFO] CADModel:114 - Register for checkConnection events
2023-11-17 15:23:15,959 [INFO] IPUIPlugin:80 - create IPUIPlugin
2023-11-17 15:23:15,959 [INFO] PluginManager:220 - loadIPPluginJar : add adc
2023-11-17 15:23:16,029 [INFO] IPUIPlugin:80 - create IPUIPlugin
2023-11-17 15:23:16,030 [INFO] PluginManager:220 - loadIPPluginJar : add aes
2023-11-17 15:23:16,116 [INFO] IPUIPlugin:80 - create IPUIPlugin
2023-11-17 15:23:16,116 [INFO] PluginManager:220 - loadIPPluginJar : add can
2023-11-17 15:23:16,163 [INFO] IPUIPlugin:80 - create IPUIPlugin
2023-11-17 15:23:16,164 [INFO] PluginManager:220 - loadIPPluginJar : add comp
2023-11-17 15:23:16,228 [INFO] IPUIPlugin:80 - create IPUIPlugin
2023-11-17 15:23:16,228 [INFO] PluginManager:220 - loadIPPluginJar : add cryp
2023-11-17 15:23:16,288 [INFO] IPUIPlugin:80 - create IPUIPlugin
2023-11-17 15:23:16,288 [INFO] PluginManager:220 - loadIPPluginJar : add dfsdm
2023-11-17 15:23:16,316 [INFO] IPUIPlugin:80 - create IPUIPlugin
2023-11-17 15:23:16,317 [INFO] PluginManager:220 - loadIPPluginJar : add dma
2023-11-17 15:23:16,403 [INFO] IPUIPlugin:80 - create IPUIPlugin
2023-11-17 15:23:16,403 [INFO] PluginManager:220 - loadIPPluginJar : add dma3
2023-11-17 15:23:16,434 [INFO] IPUIPlugin:80 - create IPUIPlugin
2023-11-17 15:23:16,434 [INFO] PluginManager:220 - loadIPPluginJar : add fatfs
2023-11-17 15:23:16,522 [INFO] IPUIPlugin:80 - create IPUIPlugin
2023-11-17 15:23:16,523 [INFO] PluginManager:220 - loadIPPluginJar : add fmc
2023-11-17 15:23:16,551 [INFO] IPUIPlugin:80 - create IPUIPlugin
2023-11-17 15:23:16,551 [INFO] PluginManager:220 - loadIPPluginJar : add freertos
2023-11-17 15:23:16,579 [INFO] IPUIPlugin:80 - create IPUIPlugin
2023-11-17 15:23:16,580 [INFO] PluginManager:220 - loadIPPluginJar : add genericplugin
2023-11-17 15:23:16,767 [INFO] IPUIPlugin:80 - create IPUIPlugin
2023-11-17 15:23:16,767 [INFO] PluginManager:220 - loadIPPluginJar : add gfxmmu
2023-11-17 15:23:17,060 [INFO] IPUIPlugin:80 - create IPUIPlugin
2023-11-17 15:23:17,061 [INFO] PluginManager:220 - loadIPPluginJar : add gic
2023-11-17 15:23:17,087 [INFO] IPUIPlugin:80 - create IPUIPlugin
2023-11-17 15:23:17,087 [INFO] PluginManager:220 - loadIPPluginJar : add gpio
2023-11-17 15:23:17,268 [INFO] IPUIPlugin:80 - create IPUIPlugin
2023-11-17 15:23:17,268 [INFO] PluginManager:220 - loadIPPluginJar : add gtzc
2023-11-17 15:23:17,325 [INFO] IPUIPlugin:80 - create IPUIPlugin
2023-11-17 15:23:17,325 [INFO] PluginManager:220 - loadIPPluginJar : add hash
2023-11-17 15:23:17,429 [INFO] IPUIPlugin:80 - create IPUIPlugin
2023-11-17 15:23:17,430 [INFO] PluginManager:220 - loadIPPluginJar : add i2c
2023-11-17 15:23:17,508 [INFO] IPUIPlugin:80 - create IPUIPlugin
2023-11-17 15:23:17,508 [INFO] PluginManager:220 - loadIPPluginJar : add i2s
2023-11-17 15:23:17,562 [INFO] ThirdPartyUpdaterWithRetryManager:70 - Updater plugin not ready yet. [2/15]
2023-11-17 15:23:17,586 [INFO] IPUIPlugin:80 - create IPUIPlugin
2023-11-17 15:23:17,587 [INFO] PluginManager:220 - loadIPPluginJar : add i3c
2023-11-17 15:23:17,835 [INFO] IPUIPlugin:80 - create IPUIPlugin
2023-11-17 15:23:17,835 [INFO] PluginManager:220 - loadIPPluginJar : add ipddr
2023-11-17 15:23:18,001 [INFO] IPUIPlugin:80 - create IPUIPlugin
2023-11-17 15:23:18,001 [INFO] PluginManager:220 - loadIPPluginJar : add linkedlist
2023-11-17 15:23:18,065 [INFO] IPUIPlugin:80 - create IPUIPlugin
2023-11-17 15:23:18,066 [INFO] PluginManager:220 - loadIPPluginJar : add lorawan
2023-11-17 15:23:18,140 [INFO] IPUIPlugin:80 - create IPUIPlugin
2023-11-17 15:23:18,140 [INFO] PluginManager:220 - loadIPPluginJar : add ltdc
2023-11-17 15:23:18,166 [INFO] IPUIPlugin:80 - create IPUIPlugin
2023-11-17 15:23:18,166 [INFO] PluginManager:220 - loadIPPluginJar : add mdma
2023-11-17 15:23:18,181 [INFO] IPUIPlugin:80 - create IPUIPlugin
2023-11-17 15:23:18,181 [INFO] PluginManager:220 - loadIPPluginJar : add nvic
2023-11-17 15:23:18,247 [INFO] IPUIPlugin:80 - create IPUIPlugin
2023-11-17 15:23:18,247 [INFO] PluginManager:220 - loadIPPluginJar : add opamp
2023-11-17 15:23:18,363 [INFO] IPUIPlugin:80 - create IPUIPlugin
2023-11-17 15:23:18,364 [INFO] PluginManager:220 - loadIPPluginJar : add openamp
2023-11-17 15:23:18,485 [INFO] IPUIPlugin:80 - create IPUIPlugin
2023-11-17 15:23:18,486 [INFO] PluginManager:220 - loadIPPluginJar : add pdm2pcm
2023-11-17 15:23:18,510 [INFO] IPUIPlugin:80 - create IPUIPlugin
2023-11-17 15:23:18,514 [INFO] PluginManager:220 - loadIPPluginJar : add plateformsettings
2023-11-17 15:23:18,554 [INFO] IPUIPlugin:80 - create IPUIPlugin
2023-11-17 15:23:18,554 [INFO] PluginManager:220 - loadIPPluginJar : add quadspi
2023-11-17 15:23:18,579 [INFO] IPUIPlugin:80 - create IPUIPlugin
2023-11-17 15:23:18,579 [INFO] PluginManager:220 - loadIPPluginJar : add resmgrutility
2023-11-17 15:23:18,678 [INFO] IPUIPlugin:80 - create IPUIPlugin
2023-11-17 15:23:18,678 [INFO] PluginManager:220 - loadIPPluginJar : add sai
2023-11-17 15:23:18,750 [INFO] IPUIPlugin:80 - create IPUIPlugin
2023-11-17 15:23:18,751 [INFO] PluginManager:220 - loadIPPluginJar : add spi
2023-11-17 15:23:18,862 [INFO] IPUIPlugin:80 - create IPUIPlugin
2023-11-17 15:23:18,863 [INFO] PluginManager:220 - loadIPPluginJar : add stm32_wpan
2023-11-17 15:23:18,943 [INFO] IPUIPlugin:80 - create IPUIPlugin
2023-11-17 15:23:18,944 [INFO] PluginManager:220 - loadIPPluginJar : add tim
2023-11-17 15:23:19,060 [INFO] IPUIPlugin:80 - create IPUIPlugin
2023-11-17 15:23:19,060 [INFO] PluginManager:220 - loadIPPluginJar : add touchsensing
2023-11-17 15:23:19,105 [INFO] IPUIPlugin:80 - create IPUIPlugin
2023-11-17 15:23:19,106 [INFO] PluginManager:220 - loadIPPluginJar : add tracer_emb
2023-11-17 15:23:19,150 [INFO] IPUIPlugin:80 - create IPUIPlugin
2023-11-17 15:23:19,151 [INFO] PluginManager:220 - loadIPPluginJar : add ts
2023-11-17 15:23:19,191 [INFO] IPUIPlugin:80 - create IPUIPlugin
2023-11-17 15:23:19,191 [INFO] PluginManager:220 - loadIPPluginJar : add tsc
2023-11-17 15:23:19,234 [INFO] IPUIPlugin:80 - create IPUIPlugin
2023-11-17 15:23:19,235 [INFO] PluginManager:220 - loadIPPluginJar : add ucpd
2023-11-17 15:23:19,321 [INFO] IPUIPlugin:80 - create IPUIPlugin
2023-11-17 15:23:19,322 [INFO] PluginManager:220 - loadIPPluginJar : add usart
2023-11-17 15:23:19,409 [INFO] IPUIPlugin:80 - create IPUIPlugin
2023-11-17 15:23:19,409 [INFO] PluginManager:220 - loadIPPluginJar : add usbx
2023-11-17 15:23:19,594 [INFO] CADModel:165 - CPN selected for project level
2023-11-17 15:23:19,594 [INFO] CADModel:114 - Register for checkConnection events
2023-11-17 15:23:19,595 [FATAL] Updater:308 - Updater called before beeing initialized
2023-11-17 15:23:19,596 [ERROR] CADModel:125 - Updater not yet initialized, retry later 
2023-11-17 15:23:19,859 [INFO] CADModel:165 - CPN selected for project level
2023-11-17 15:23:19,859 [INFO] CADModel:114 - Register for checkConnection events
2023-11-17 15:23:19,859 [FATAL] Updater:308 - Updater called before beeing initialized
2023-11-17 15:23:19,860 [ERROR] CADModel:125 - Updater not yet initialized, retry later 
2023-11-17 15:23:19,866 [FATAL] Updater:308 - Updater called before beeing initialized
2023-11-17 15:23:20,118 [FATAL] Updater:308 - Updater called before beeing initialized
2023-11-17 15:23:20,139 [INFO] DbMcusAds:53 - JSON generation date=Tue Mar 07 09:50:55 CET 2023 (1678179055335)
2023-11-17 15:23:20,139 [FATAL] Updater:308 - Updater called before beeing initialized
2023-11-17 15:23:20,266 [WARN] DetailPanel:346 - Failed to get advertising image, set to default
2023-11-17 15:23:20,493 [FATAL] Updater:308 - Updater called before beeing initialized
2023-11-17 15:23:20,496 [FATAL] Updater:308 - Updater called before beeing initialized
2023-11-17 15:23:20,497 [FATAL] Updater:308 - Updater called before beeing initialized
2023-11-17 15:23:20,497 [WARN] DetailPanel:346 - Failed to get advertising image, set to default
2023-11-17 15:23:20,498 [FATAL] Updater:308 - Updater called before beeing initialized
2023-11-17 15:23:20,564 [INFO] ThirdPartyUpdaterWithRetryManager:70 - Updater plugin not ready yet. [3/15]
2023-11-17 15:23:20,605 [ERROR] Updater:1120 - MainUpdater not yet initialized. External WinMGr cannot be set.
2023-11-17 15:23:20,619 [INFO] Updater:1056 - Updater Version found : 6.9.2
2023-11-17 15:23:20,649 [INFO] ApplicationProperties:184 - Using Application install path: C:\ST\STM32CubeIDE_1.11.2\STM32CubeIDE\plugins\com.st.stm32cube.common.mx_6.9.2.202309101412
2023-11-17 15:23:20,914 [INFO] MainUpdater:2868 - connection check result : 10
2023-11-17 15:23:20,916 [INFO] MainUpdater:285 - Updater Check For Update Now.
2023-11-17 15:23:20,916 [INFO] MicroXplorer:498 - Change Database Version : DB.6.0.92
2023-11-17 15:23:20,936 [INFO] McuFinderGlobals:63 - Set McuFinder mode to 2 (CubeIDE integrated)
2023-11-17 15:23:20,937 [INFO] UserAuth:179 - activating auth plugin
2023-11-17 15:23:20,942 [INFO] UserAuth:393 - Internet connection configuration mode: 1
2023-11-17 15:23:20,979 [INFO] JxBrowserEngine:151 - Initiate JxBrowser Engine with user profile folder
2023-11-17 15:23:21,203 [INFO] CheckServerUpdateThread:120 - End of CheckServer Thread
2023-11-17 15:23:23,958 [WARN] PackLoader:240 - Cannot read IP mode file for STMicroelectronics.X-CUBE-SMBUS.2.1.0
2023-11-17 15:23:24,045 [WARN] PackLoader:240 - Cannot read IP mode file for STMicroelectronics.X-CUBE-AZRTOS-F7.1.1.0
2023-11-17 15:23:24,163 [WARN] PackLoader:240 - Cannot read IP mode file for STMicroelectronics.FP-SNS-MOTENV1.4.3.2
2023-11-17 15:23:24,204 [WARN] PackLoader:240 - Cannot read IP mode file for STMicroelectronics.X-CUBE-BLE1.6.2.4
2023-11-17 15:23:24,235 [WARN] PackLoader:240 - Cannot read IP mode file for STMicroelectronics.FP-SNS-FLIGHT1.5.0.2
2023-11-17 15:23:24,281 [WARN] PackLoader:240 - Cannot read IP mode file for STMicroelectronics.X-CUBE-DISPLAY.3.0.0
2023-11-17 15:23:24,321 [WARN] PackLoader:240 - Cannot read IP mode file for STMicroelectronics.X-CUBE-BLE1.7.0.0
2023-11-17 15:23:24,349 [WARN] PackLoader:240 - Cannot read IP mode file for STMicroelectronics.X-CUBE-TOUCHGFX.4.22.1
2023-11-17 15:23:24,366 [WARN] PackLoader:240 - Cannot read IP mode file for STMicroelectronics.FP-SNS-SMARTAG2.1.2.0
2023-11-17 15:23:24,396 [INFO] LogOutputStream:77 - [STDOUT_REDIRECT] 1 : Invalid condition id : UX_CORESTACK_Condition cause : null
2023-11-17 15:23:24,397 [INFO] LogOutputStream:77 - [STDOUT_REDIRECT] 1 : Invalid condition id : UX_CORESTACK_Condition cause : null
2023-11-17 15:23:24,398 [INFO] LogOutputStream:77 - [STDOUT_REDIRECT] 1 : Invalid condition id : UX_CORESTACK_Condition cause : null
2023-11-17 15:23:24,400 [INFO] LogOutputStream:77 - [STDOUT_REDIRECT] 1 : Invalid condition id : UX_CORESTACK_Condition cause : null
2023-11-17 15:23:24,401 [INFO] LogOutputStream:77 - [STDOUT_REDIRECT] 1 : Invalid condition id : UX_CORESTACK_Condition cause : null
2023-11-17 15:23:24,405 [WARN] PackLoader:240 - Cannot read IP mode file for STMicroelectronics.X-CUBE-AZRTOS-WL.2.0.0
2023-11-17 15:23:24,433 [WARN] PackLoader:240 - Cannot read IP mode file for WES.I-CUBE-Cesium.1.3.0
2023-11-17 15:23:24,452 [WARN] PackLoader:240 - Cannot read IP mode file for STMicroelectronics.X-CUBE-BLE2.3.3.0
2023-11-17 15:23:24,490 [WARN] PackLoader:240 - Cannot read IP mode file for STMicroelectronics.X-CUBE-TOF1.3.2.0
2023-11-17 15:23:24,506 [INFO] WebApp:157 - Instantiating new browser for Auth
2023-11-17 15:23:24,517 [WARN] PackLoader:240 - Cannot read IP mode file for STMicroelectronics.X-CUBE-TOUCHGFX.4.21.1
2023-11-17 15:23:24,551 [WARN] PackLoader:240 - Cannot read IP mode file for STMicroelectronics.X-CUBE-AI.7.3.0
2023-11-17 15:23:24,577 [WARN] PackLoader:240 - Cannot read IP mode file for STMicroelectronics.X-CUBE-ALGOBUILD.1.3.0
2023-11-17 15:23:24,619 [WARN] PackLoader:240 - Cannot read IP mode file for STMicroelectronics.X-CUBE-AZRTOS-G0.1.1.0
2023-11-17 15:23:24,645 [WARN] PackLoader:240 - Cannot read IP mode file for STMicroelectronics.X-CUBE-NFC4.3.0.0
2023-11-17 15:23:24,676 [WARN] PackLoader:240 - Cannot read IP mode file for STMicroelectronics.X-CUBE-BLEMGR.3.0.0
2023-11-17 15:23:24,701 [WARN] PackLoader:240 - Cannot read IP mode file for STMicroelectronics.X-CUBE-BLEMGR.1.3.0
2023-11-17 15:23:24,723 [WARN] PackLoader:240 - Cannot read IP mode file for STMicroelectronics.FP-ATR-SIGFOX1.3.2.0
2023-11-17 15:23:24,861 [WARN] PackLoader:240 - Cannot read IP mode file for STMicroelectronics.X-CUBE-MEMS1.9.5.0
2023-11-17 15:23:25,213 [WARN] PackLoader:240 - Cannot read IP mode file for SEGGER.I-CUBE-embOS.1.3.1
2023-11-17 15:23:25,291 [WARN] PackLoader:240 - Cannot read IP mode file for STMicroelectronics.X-CUBE-GNSS1.6.0.0
2023-11-17 15:23:25,335 [WARN] PackLoader:240 - Cannot read IP mode file for STMicroelectronics.X-CUBE-AZRTOS-F4.1.1.0
2023-11-17 15:23:25,394 [WARN] PackLoader:240 - Cannot read IP mode file for STMicroelectronics.X-CUBE-AZRTOS-L5.2.0.0
2023-11-17 15:23:25,480 [WARN] PackLoader:240 - Cannot read IP mode file for STMicroelectronics.X-CUBE-MEMS1.9.6.0
2023-11-17 15:23:25,595 [INFO] WebApp:753 - Register for checkConnection events
2023-11-17 15:23:25,596 [INFO] WebApp:390 - Apply proxy settings
2023-11-17 15:23:25,596 [INFO] WebApp:475 - Chromium requires no authentication
2023-11-17 15:23:25,611 [INFO] WebApp:418 - Direct internet connection detected
2023-11-17 15:23:25,696 [WARN] PackLoader:240 - Cannot read IP mode file for STMicroelectronics.X-CUBE-EEPRMA1.4.2.0
2023-11-17 15:23:25,713 [WARN] PackLoader:240 - Cannot read IP mode file for ITTIA_DB.I-CUBE-ITTIADB.8.8.0
2023-11-17 15:23:25,733 [WARN] PackLoader:240 - Cannot read IP mode file for emotas.I-CUBE-CANOPEN.1.1.3
2023-11-17 15:23:25,754 [WARN] PackLoader:240 - Cannot read IP mode file for STMicroelectronics.X-CUBE-BLEMGR.2.0.0
2023-11-17 15:23:25,796 [WARN] ConditionMgr:438 - getConditionDescription Invalid condition id : UX DEVICE CLASS RTOS Condition cause : null
2023-11-17 15:23:25,797 [WARN] ConditionMgr:438 - getConditionDescription Invalid condition id : UX DEVICE CLASS RTOS Condition cause : null
2023-11-17 15:23:25,802 [WARN] PackLoader:240 - Cannot read IP mode file for STMicroelectronics.X-CUBE-AZRTOS-H7.3.1.0
2023-11-17 15:23:25,803 [WARN] ConditionMgr:1039 - genDependencies : Invalid condition id : UX DEVICE CLASS RTOS Condition cause : null
2023-11-17 15:23:25,803 [WARN] ConditionMgr:1039 - genDependencies : Invalid condition id : UX DEVICE CLASS RTOS Condition cause : null
2023-11-17 15:23:25,804 [WARN] ConditionMgr:1039 - genDependencies : Invalid condition id : UX DEVICE CLASS RTOS Condition cause : null
2023-11-17 15:23:25,805 [WARN] ConditionMgr:1039 - genDependencies : Invalid condition id : UX DEVICE CLASS RTOS Condition cause : null
2023-11-17 15:23:25,805 [WARN] ConditionMgr:1039 - genDependencies : Invalid condition id : UX DEVICE CLASS RTOS Condition cause : null
2023-11-17 15:23:25,831 [WARN] PackLoader:240 - Cannot read IP mode file for wolfSSL.I-CUBE-wolfSSL.5.5.4
2023-11-17 15:23:25,854 [WARN] PackLoader:240 - Cannot read IP mode file for STMicroelectronics.X-CUBE-NFC7.1.0.1
2023-11-17 15:23:25,874 [WARN] PackLoader:240 - Cannot read IP mode file for STMicroelectronics.X-CUBE-NFC7.1.0.0
2023-11-17 15:23:25,884 [INFO] WebApp:188 - Starting web application
2023-11-17 15:23:25,885 [INFO] WebApp:520 - Web application path used C:\ST\STM32CubeIDE_1.11.2\STM32CubeIDE\plugins\com.st.stm32cube.common.mx_6.9.2.202309101412\db\plugins\mcufinder\reactClient1\index.html
2023-11-17 15:23:25,901 [WARN] PackLoader:240 - Cannot read IP mode file for STMicroelectronics.X-CUBE-NFC6.3.0.0
2023-11-17 15:23:25,928 [WARN] PackLoader:240 - Cannot read IP mode file for STMicroelectronics.X-CUBE-EEPRMA1.4.1.0
2023-11-17 15:23:25,950 [WARN] PackLoader:240 - Cannot read IP mode file for STMicroelectronics.X-CUBE-AI.8.1.0
2023-11-17 15:23:26,013 [WARN] ConditionMgr:438 - getConditionDescription Invalid condition id : LAN8742 Phy interface Condition cause : null
2023-11-17 15:23:26,015 [WARN] PackLoader:240 - Cannot read IP mode file for STMicroelectronics.X-CUBE-AZRTOS-L4.2.0.0
2023-11-17 15:23:26,017 [WARN] ConditionMgr:1039 - genDependencies : Invalid condition id : LAN8742 Phy interface Condition cause : null
2023-11-17 15:23:26,017 [WARN] ConditionMgr:1039 - genDependencies : Invalid condition id : LAN8742 Phy interface Condition cause : null
2023-11-17 15:23:26,027 [WARN] ConditionMgr:1039 - genDependencies : Invalid condition id : LAN8742 Phy interface Condition cause : null
2023-11-17 15:23:26,049 [WARN] PackLoader:240 - Cannot read IP mode file for STMicroelectronics.X-CUBE-SFXS2LP1.4.0.0
2023-11-17 15:23:26,129 [WARN] PackLoader:240 - Cannot read IP mode file for STMicroelectronics.X-CUBE-AZRTOS-H7.3.0.0
2023-11-17 15:23:26,152 [WARN] PackLoader:240 - Cannot read IP mode file for STMicroelectronics.X-CUBE-ISPU.1.1.0
2023-11-17 15:23:26,203 [WARN] PackLoader:240 - Cannot read IP mode file for RoweBots.I-CUBE-UNISONRTOS.5.5.0-4
2023-11-17 15:23:26,226 [WARN] PackLoader:240 - Cannot read IP mode file for STMicroelectronics.X-CUBE-AI.8.0.0
2023-11-17 15:23:26,261 [WARN] ConditionMgr:438 - getConditionDescription Invalid condition id : UX DEVICE CLASS RTOS Condition cause : null
2023-11-17 15:23:26,261 [WARN] ConditionMgr:438 - getConditionDescription Invalid condition id : UX DEVICE CLASS RTOS Condition cause : null
2023-11-17 15:23:26,263 [WARN] PackLoader:240 - Cannot read IP mode file for STMicroelectronics.X-CUBE-AZRTOS-WB.2.0.0
2023-11-17 15:23:26,264 [WARN] ConditionMgr:1039 - genDependencies : Invalid condition id : UX DEVICE CLASS RTOS Condition cause : null
2023-11-17 15:23:26,264 [WARN] ConditionMgr:1039 - genDependencies : Invalid condition id : UX DEVICE CLASS RTOS Condition cause : null
2023-11-17 15:23:26,265 [WARN] ConditionMgr:1039 - genDependencies : Invalid condition id : UX DEVICE CLASS RTOS Condition cause : null
2023-11-17 15:23:26,265 [WARN] ConditionMgr:1039 - genDependencies : Invalid condition id : UX DEVICE CLASS RTOS Condition cause : null
2023-11-17 15:23:26,265 [WARN] ConditionMgr:1039 - genDependencies : Invalid condition id : UX DEVICE CLASS RTOS Condition cause : null
2023-11-17 15:23:26,291 [WARN] PackLoader:240 - Cannot read IP mode file for STMicroelectronics.X-CUBE-FREERTOS.1.0.0
2023-11-17 15:23:26,333 [WARN] PackLoader:240 - Cannot read IP mode file for STMicroelectronics.X-CUBE-AZRTOS-L5.1.1.0
2023-11-17 15:23:26,368 [WARN] PackLoader:240 - Cannot read IP mode file for STMicroelectronics.X-CUBE-SUBG2.5.0.0
2023-11-17 15:23:26,402 [WARN] PackLoader:240 - Cannot read IP mode file for STMicroelectronics.X-CUBE-TOF1.3.3.1
2023-11-17 15:23:26,461 [WARN] PackLoader:240 - Cannot read IP mode file for STMicroelectronics.X-CUBE-AZRTOS-G4.2.0.0
2023-11-17 15:23:26,487 [WARN] PackLoader:240 - Cannot read IP mode file for STMicroelectronics.FP-ATR-ASTRA1.1.1.1
2023-11-17 15:23:26,527 [WARN] PackLoader:240 - Cannot read IP mode file for Infineon.AIROC-Wi-Fi-Bluetooth-STM32.1.5.1
2023-11-17 15:23:26,554 [WARN] PackLoader:240 - Cannot read IP mode file for STMicroelectronics.FP-SNS-MOTENVWB1.1.3.0
2023-11-17 15:23:26,590 [WARN] PackLoader:240 - Cannot read IP mode file for STMicroelectronics.X-CUBE-AZRTOS-G4.1.0.0
2023-11-17 15:23:26,632 [WARN] PackLoader:240 - Cannot read IP mode file for STMicroelectronics.X-CUBE-AZRTOS-L4.1.0.0
2023-11-17 15:23:26,731 [WARN] PackLoader:240 - Cannot read IP mode file for STMicroelectronics.X-CUBE-MEMS1.10.0.0
2023-11-17 15:23:26,886 [WARN] PackLoader:240 - Cannot read IP mode file for STMicroelectronics.X-CUBE-FREERTOS.1.1.0
2023-11-17 15:23:26,917 [WARN] PackLoader:240 - Cannot read IP mode file for STMicroelectronics.X-CUBE-AZRTOS-WL.1.0.0
2023-11-17 15:23:26,941 [WARN] PackLoader:240 - Cannot read IP mode file for portGmbH.I-Cube-SoM-uGOAL.1.1.0
2023-11-17 15:23:26,962 [WARN] PackLoader:240 - Cannot read IP mode file for STMicroelectronics.X-CUBE-ALS.1.0.1
2023-11-17 15:23:26,992 [WARN] PackLoader:240 - Cannot read IP mode file for STMicroelectronics.X-CUBE-AZRTOS-WB.1.1.0
2023-11-17 15:23:27,016 [WARN] PackLoader:240 - Cannot read IP mode file for STMicroelectronics.FP-ATR-ASTRA1.2.0.0
2023-11-17 15:23:27,017 [INFO] ThirdParty:978 - Integrity check success = true
2023-11-17 15:23:27,018 [INFO] IntegrityCheckThread:100 - exiting critical section [integrity check]
2023-11-17 15:23:27,018 [INFO] IntegrityCheckThread:103 - End integrity checks thread
2023-11-17 15:23:47,293 [ERROR] LogOutputStream:75 - [STDERR_REDIRECT] SLF4J: Failed to load class "org.slf4j.impl.StaticLoggerBinder".
2023-11-17 15:23:47,293 [ERROR] LogOutputStream:75 - [STDERR_REDIRECT] SLF4J: Defaulting to no-operation (NOP) logger implementation
2023-11-17 15:23:47,296 [ERROR] LogOutputStream:75 - [STDERR_REDIRECT] SLF4J: See http://www.slf4j.org/codes.html#StaticLoggerBinder for further details.
2023-11-17 15:37:23,687 [INFO] McuFinderGlobals:63 - Set McuFinder mode to 2 (CubeIDE integrated)
2023-11-17 15:37:23,708 [INFO] MainUpdater:2868 - connection check result : 10
2023-11-17 15:37:23,714 [INFO] MainUpdater:2868 - connection check result : 10
2023-11-17 15:37:23,861 [INFO] MicroXplorer:468 - Change Database Path : 
2023-11-17 15:37:23,862 [INFO] MicroXplorer:498 - Change Database Version : DB.6.0.92
2023-11-17 15:37:23,864 [WARN] ThirdParty:871 - waiting for thirdparty lock release [close project]
2023-11-17 15:37:23,864 [INFO] ThirdParty:873 - entering critical section [close project]
2023-11-17 15:37:23,865 [INFO] ThirdParty:883 - exiting critical section [close project]
2023-11-17 15:37:23,867 [INFO] PinOutPanel:1499 - setPackage(No Configuration,No Configuration)
2023-11-17 15:37:23,874 [INFO] UtilMem:75 - Begin LoadConfig() Used Memory: 224314880 Bytes (741343232)
2023-11-17 15:37:23,875 [INFO] MicroXplorer:468 - Change Database Path : 
2023-11-17 15:37:23,875 [INFO] MicroXplorer:498 - Change Database Version : DB.6.0.92
2023-11-17 15:37:23,876 [INFO] OpenFileManager:308 - Change cursor
2023-11-17 15:37:23,910 [INFO] Mcu:1946 - Initializing MCU STM32F446R(C-E)Tx STM32F446RETx STM32F446RET6
2023-11-17 15:37:25,281 [INFO] Context:659 - Trying to add GPIOservice into a context  which must be forbidden
2023-11-17 15:37:25,847 [INFO] RtosManager:555 - Registered RTOS mode: class=CMSIS, group=RTOS, mode=CMSIS_V1, owner=FREERTOS
2023-11-17 15:37:25,848 [INFO] RtosManager:555 - Registered RTOS mode: class=CMSIS, group=RTOS2, mode=CMSIS_V2, owner=FREERTOS
2023-11-17 15:37:25,848 [INFO] RtosManager:555 - Registered RTOS mode: class=RTOS, group=Core, mode=CMSIS_V1, owner=FREERTOS
2023-11-17 15:37:25,848 [INFO] RtosManager:555 - Registered RTOS mode: class=RTOS, group=Core, mode=CMSIS_V2, owner=FREERTOS
2023-11-17 15:37:25,848 [WARN] ModelIntegratedComponent:184 - Missing modes for component STMicroelectronics:FreeRTOS:0.0.1:STMicroelectronics:RTOS:FreeRTOS:Core:::10.2.0:
2023-11-17 15:37:25,858 [WARN] ModelIntegratedComponent:63 - No mode defined for component null
2023-11-17 15:37:25,858 [WARN] ModelIntegratedComponent:63 - No mode defined for component null
2023-11-17 15:37:25,858 [WARN] ModelIntegratedComponent:63 - No mode defined for component null
2023-11-17 15:37:25,858 [WARN] ModelIntegratedComponent:63 - No mode defined for component null
2023-11-17 15:37:25,858 [WARN] ModelIntegratedComponent:63 - No mode defined for component null
2023-11-17 15:37:25,858 [WARN] ModelIntegratedComponent:63 - No mode defined for component null
2023-11-17 15:37:25,858 [WARN] ModelIntegratedComponent:63 - No mode defined for component null
2023-11-17 15:37:25,858 [WARN] ModelIntegratedComponent:63 - No mode defined for component null
2023-11-17 15:37:25,858 [WARN] ModelIntegratedComponent:63 - No mode defined for component null
2023-11-17 15:37:25,858 [WARN] ModelIntegratedComponent:63 - No mode defined for component null
2023-11-17 15:37:25,858 [WARN] ModelIntegratedComponent:63 - No mode defined for component null
2023-11-17 15:37:25,858 [WARN] ModelIntegratedComponent:63 - No mode defined for component null
2023-11-17 15:37:25,858 [WARN] ModelIntegratedComponent:63 - No mode defined for component null
2023-11-17 15:37:25,859 [WARN] ModelIntegratedComponent:63 - No mode defined for component null
2023-11-17 15:37:25,859 [WARN] ModelIntegratedComponent:63 - No mode defined for component null
2023-11-17 15:37:25,859 [WARN] ModelIntegratedComponent:63 - No mode defined for component null
2023-11-17 15:37:25,859 [WARN] ModelIntegratedComponent:63 - No mode defined for component null
2023-11-17 15:37:25,859 [WARN] ModelIntegratedComponent:63 - No mode defined for component null
2023-11-17 15:37:25,859 [WARN] ModelIntegratedComponent:63 - No mode defined for component null
2023-11-17 15:37:25,859 [WARN] ModelIntegratedComponent:63 - No mode defined for component null
2023-11-17 15:37:25,859 [WARN] ModelIntegratedComponent:63 - No mode defined for component null
2023-11-17 15:37:25,859 [WARN] ModelIntegratedComponent:63 - No mode defined for component null
2023-11-17 15:37:25,859 [WARN] ModelIntegratedComponent:63 - No mode defined for component null
2023-11-17 15:37:25,859 [WARN] ModelIntegratedComponent:63 - No mode defined for component null
2023-11-17 15:37:25,859 [WARN] ModelIntegratedComponent:63 - No mode defined for component null
2023-11-17 15:37:25,859 [WARN] ModelIntegratedComponent:63 - No mode defined for component null
2023-11-17 15:37:25,859 [WARN] ModelIntegratedComponent:63 - No mode defined for component null
2023-11-17 15:37:25,859 [WARN] ModelIntegratedComponent:63 - No mode defined for component null
2023-11-17 15:37:25,859 [WARN] ModelIntegratedComponent:63 - No mode defined for component null
2023-11-17 15:37:25,859 [WARN] ModelIntegratedComponent:63 - No mode defined for component null
2023-11-17 15:37:25,859 [WARN] ModelIntegratedComponent:63 - No mode defined for component null
2023-11-17 15:37:25,859 [WARN] ModelIntegratedComponent:63 - No mode defined for component null
2023-11-17 15:37:25,859 [WARN] ModelIntegratedComponent:63 - No mode defined for component null
2023-11-17 15:37:26,000 [INFO] ThirdPartyModel:298 - Start build external matchings
2023-11-17 15:37:26,703 [INFO] ThirdPartyModel:316 - End build external matchings
2023-11-17 15:37:26,718 [INFO] ImportTextPane:194 - (OptionalMessage_ERROR) IP (RCC) : Invalid parameter (48MHZClocksFreq_Value)
2023-11-17 15:37:26,718 [INFO] ImportTextPane:194 - (OptionalMessage_ERROR) IP (RCC) : Invalid parameter (EthernetFreq_Value)
2023-11-17 15:37:26,719 [INFO] ImportTextPane:194 - (OptionalMessage_ERROR) IP (RCC) : Parameter (FLatency) has Id (AdvancedSettings) currently not set
2023-11-17 15:37:26,719 [INFO] ImportTextPane:194 - (OptionalMessage_ERROR) IP (RCC) : Invalid parameter (FamilyName)
2023-11-17 15:37:26,719 [INFO] ImportTextPane:194 - (OptionalMessage_ERROR) IP (RCC) : Invalid parameter (I2SClocksFreq_Value)
2023-11-17 15:37:26,720 [INFO] ImportTextPane:194 - (OptionalMessage_ERROR) IP (RCC) : Parameter (SDIOFreq_Value) has invalid value (168000000)
2023-11-17 15:37:26,720 [INFO] ImportTextPane:194 - (OptionalMessage_ERROR) IP (RCC) : Parameter (USBFreq_Value) has invalid value (168000000)
2023-11-17 15:37:26,720 [INFO] ImportTextPane:194 - (OptionalMessage_ERROR) IP (RCC) : Invalid parameter (VCOInputMFreq_Value)
2023-11-17 15:37:26,721 [INFO] ImportTextPane:194 - (OptionalMessage_ERROR) IP (RCC) : Invalid parameter (VcooutputI2S)
2023-11-17 15:37:26,954 [INFO] UtilMem:75 - End LoadConfig() Used Memory: 564066320 Bytes (741343232)
2023-11-17 15:37:27,107 [INFO] ApiDb:581 - Connected to CubeFinder SQLite database (C:\Users\andep\.stmcufinder\plugins\mcufinder\mcu\cube-finder-db.db)
2023-11-17 15:37:27,175 [INFO] ApiDb:668 - CubeFinder database Data Model version=2.1
2023-11-17 15:37:27,175 [INFO] ApiDb:669 - CubeFinder database Configuration version=3.0.37
2023-11-17 15:37:27,176 [INFO] ApiDb:670 - CubeFinder database generation date=2023-10-13 (1697197505)
2023-11-17 15:37:27,176 [INFO] ApiDb:671 - CubeFinder database FW Pack versions=[FP-ATR-ASTRA1_V2.0.0, FP-SNS-FLIGHT1_V5.0.1, FP-SNS-FLIGHT1_V5.0.2, FP-SNS-MOTENV1_V4.3.1, FP-SNS-MOTENV1_V4.3.2, FP-SNS-SMARTAG2_V1.2.0, I-CUBE-ITTIADB_V8.6.3-1, STM32Cube_FW_C0_V1.1.0, STM32Cube_FW_F4_V1.27.1, STM32Cube_FW_F7_V1.17.0, STM32Cube_FW_G0_V1.6.1, STM32Cube_FW_G4_V1.5.1, STM32Cube_FW_H5_V0.5.1, STM32Cube_FW_H5_V1.1.1, STM32Cube_FW_H7_V1.11.0, STM32Cube_FW_L0_V1.12.2, STM32Cube_FW_L5_V1.5.0, STM32Cube_FW_U5_V1.3.0, STM32Cube_FW_U5_V1.3.0RC4, STM32Cube_FW_WBA_V1.0.0RC1, STM32Cube_FW_WBA_V1.1.0RC1, STM32Cube_FW_WBA_V1.1.1, STM32Cube_FW_WB_V1.15.0RC1, STM32Cube_FW_WB_V1.16.0, STM32Cube_FW_WB_V1.16.0RC2, STM32Cube_FW_WB_V1.17.3, STM32Cube_FW_WL_V1.3.0, X-CUBE-ALGOBUILD_V1.3.0, X-CUBE-ALS_V1.0.1, X-CUBE-AZRTOS-F4_V1.1.0, X-CUBE-AZRTOS-F7_V1.1.0, X-CUBE-AZRTOS-G0_V1.1.0, X-CUBE-AZRTOS-G4_V2.0.0, X-CUBE-AZRTOS-H7_V3.1.0, X-CUBE-AZRTOS-L4_V1.0.0, X-CUBE-AZRTOS-L4_V2.0.0, X-CUBE-AZRTOS-L5_V1.1.0, X-CUBE-AZRTOS-WB_V2.0.0, X-CUBE-AZRTOS-WL_V2.0.0, X-CUBE-BLE1_V7.0.0, X-CUBE-BLE2_V3.3.0, X-CUBE-BLEMGR_V2.0.0, X-CUBE-EEPRMA1_V4.1.0, X-CUBE-FREERTOS_V1.1.0, X-CUBE-GNSS1_V6.0.0, X-CUBE-MEMS1_V10.0.0, X-CUBE-MEMS1_V9.1.0, X-CUBE-MEMS1_V9.4.0, X-CUBE-MEMS1_V9.6.0, X-CUBE-NFC4_V3.0.0, X-CUBE-NFC7_V1.0.1, X-CUBE-SFXS2LP1_V4.0.0, X-CUBE-SUBG2_V5.0.0, X-CUBE-TOF1_V3.3.1]
2023-11-17 15:37:28,894 [INFO] ApiDb:240 - Found 323 in-development CPN: [B-G473E-ZEST1S, B-WB1M-WPAN1, B-WL5M-SUBG1, NUCLEO-C031C6, NUCLEO-H503RB, NUCLEO-H563ZI, NUCLEO-U545RE-Q, NUCLEO-U5A5ZJ-Q, NUCLEO-WBA52CG, STEVAL-PROTEUS1, STEVAL-SMARTAG2, STEVAL-STWINBX1, STM320518-EVAL, STM32C0116-DK, STM32C011D6Y3TR, STM32C011D6Y6TR, STM32C011F4P3, STM32C011F4P6, STM32C011F4U3, STM32C011F4U6TR, STM32C011F6P3, STM32C011F6P6, STM32C011F6U3, STM32C011F6U6TR, STM32C011J4M3, STM32C011J4M6, STM32C011J6M3, STM32C011J6M6, STM32C0316-DK, STM32C031C4T3, STM32C031C4T6, STM32C031C4U3, STM32C031C4U6, STM32C031C6T3, STM32C031C6T6, STM32C031C6U3, STM32C031C6U6, STM32C031F4P3, STM32C031F4P6, STM32C031F6P3, STM32C031F6P6, STM32C031G4U3, STM32C031G4U6, STM32C031G6U3, STM32C031G6U6, STM32C031K4T3, STM32C031K4T6, STM32C031K4U3, STM32C031K4U6, STM32C031K6T3, STM32C031K6T6, STM32C031K6U3, STM32C031K6U6, STM32G071K8TXN, STM32G071K8UXN, STM32G081GBU6N, STM32G081KBT6N, STM32G081KBUXN, STM32G0B1CCT6N, STM32G0B1KCT6, STM32G0B1NEY6TR, STM32G0B1RCT6N, STM32G0C1CCT6, STM32G0C1CCT6N, STM32G0C1CCU6N, STM32G0C1CET6N, STM32G0C1CEU6N, STM32G0C1KCT6, STM32G0C1NEY6TR, STM32G0C1RCI6N, STM32G0C1RCT6N, STM32G0C1REI6N, STM32G0C1RET6N, STM32G0C1VCI6, STM32G0C1VEI6, STM32G471CCT6, STM32G471CCU6, STM32G471CET3, STM32G471CET6, STM32G471CEU3, STM32G471CEU6, STM32G471MCT6, STM32G471MET3, STM32G471MET6, STM32G471MEY6TR, STM32G471QCT6, STM32G471QET3, STM32G471RCT6, STM32G471RET3, STM32G471RET6, STM32G471VCH6, STM32G471VCI6, STM32G471VCT6, STM32G471VEH3, STM32G471VEH6, STM32G471VEI3, STM32G471VEI6, STM32G471VET3, STM32G471VET6, STM32G474CCT6, STM32H503CBT6, STM32H503CBU6, STM32H503EBY6TR, STM32H503KBU6, STM32H503RBT6, STM32H562AGI6, STM32H562AII6, STM32H562IGK6, STM32H562IGT6, STM32H562IIK6, STM32H562IIT6, STM32H562RGT6, STM32H562RGV6, STM32H562RIT6, STM32H562RIV6, STM32H562VGT6, STM32H562VIT6, STM32H562ZGT6, STM32H562ZIT6, STM32H563AGI6, STM32H563AII3Q, STM32H563AII6, STM32H563IGK6, STM32H563IGT6, STM32H563IIK3Q, STM32H563IIK6, STM32H563IIT3Q, STM32H563IIT6, STM32H563MIY3QTR, STM32H563RGT6, STM32H563RGV6, STM32H563RIT6, STM32H563RIV6, STM32H563VGT6, STM32H563VIT3Q, STM32H563VIT6, STM32H563ZGT6, STM32H563ZIT3Q, STM32H563ZIT6, STM32H573AII3Q, STM32H573AII6, STM32H573I-DK, STM32H573IIK3Q, STM32H573IIK6, STM32H573IIT3Q, STM32H573IIT6, STM32H573MIY3QTR, STM32H573RIT6, STM32H573RIV6, STM32H573VIT3Q, STM32H573VIT6, STM32H573ZIT3Q, STM32H573ZIT6, STM32L4R5QGI6STR, STM32MP131AAE3, STM32MP131AAF3, STM32MP131AAG3, STM32MP131CAE3, STM32MP131CAF3, STM32MP131CAG3, STM32MP131DAE7, STM32MP131DAF7, STM32MP131DAG7, STM32MP131FAE7, STM32MP131FAF7, STM32MP131FAG7, STM32MP133AAE3, STM32MP133AAF3, STM32MP133AAG3, STM32MP133CAE3, STM32MP133CAF3, STM32MP133CAG3, STM32MP133DAE7, STM32MP133DAF7, STM32MP133DAG7, STM32MP133FAE7, STM32MP133FAF7, STM32MP133FAG7, STM32MP135AAE3, STM32MP135AAF3, STM32MP135AAG3, STM32MP135CAE3, STM32MP135CAF3, STM32MP135CAG3, STM32MP135DAE7, STM32MP135DAF7, STM32MP135DAG7, STM32MP135F-DK, STM32MP135FAE7, STM32MP135FAF7, STM32MP135FAF7T, STM32MP135FAF7U, STM32MP135FAG7, STM32U535CBT6, STM32U535CBT6Q, STM32U535CBU6, STM32U535CBU6Q, STM32U535CCT6, STM32U535CCT6Q, STM32U535CCU6, STM32U535CCU6Q, STM32U535CET6, STM32U535CET6Q, STM32U535CEU6, STM32U535CEU6Q, STM32U535JEY6QTR, STM32U535NCY6QTR, STM32U535NEY6QTR, STM32U535RBI6, STM32U535RBI6Q, STM32U535RBT6, STM32U535RBT6Q, STM32U535RCI6, STM32U535RCI6Q, STM32U535RCT6, STM32U535RCT6Q, STM32U535REI6, STM32U535REI6Q, STM32U535RET6, STM32U535RET6Q, STM32U535VCI6, STM32U535VCI6Q, STM32U535VCT6, STM32U535VCT6Q, STM32U535VEI6, STM32U535VEI6Q, STM32U535VET6, STM32U535VET6Q, STM32U545CET6, STM32U545CET6Q, STM32U545CEU6, STM32U545CEU6Q, STM32U545JEY6QTR, STM32U545NEY6QTR, STM32U545REI6, STM32U545REI6Q, STM32U545RET6, STM32U545RET6Q, STM32U545VEI6, STM32U545VEI6Q, STM32U545VET6, STM32U545VET6Q, STM32U595AIH6, STM32U595AIH6Q, STM32U595AJH6, STM32U595AJH6Q, STM32U595QII6, STM32U595QII6Q, STM32U595QJI6, STM32U595QJI6Q, STM32U595RIT6, STM32U595RIT6Q, STM32U595RJT6, STM32U595RJT6Q, STM32U595VIT6, STM32U595VIT6Q, STM32U595VJT6, STM32U595VJT6Q, STM32U595ZIT6, STM32U595ZIT6Q, STM32U595ZIY6QTR, STM32U595ZJT6, STM32U595ZJT6Q, STM32U595ZJY6QTR, STM32U599BJY6QTR, STM32U599NIH6Q, STM32U599NJH6Q, STM32U599VIT6Q, STM32U599VJT6, STM32U599VJT6Q, STM32U599ZIT6Q, STM32U599ZIY6QTR, STM32U599ZJT6Q, STM32U599ZJY6QTR, STM32U5A5AJH6, STM32U5A5AJH6Q, STM32U5A5QJI6, STM32U5A5QJI6Q, STM32U5A5RJT6, STM32U5A5RJT6Q, STM32U5A5VJT6, STM32U5A5VJT6Q, STM32U5A5ZJT6, STM32U5A5ZJT6Q, STM32U5A5ZJY6QTR, STM32U5A9BJY6QTR, STM32U5A9J-DK, STM32U5A9NJH6Q, STM32U5A9VJT6Q, STM32U5A9ZJT6Q, STM32U5A9ZJY6QTR, STM32U5F7VIT6, STM32U5F7VIT6Q, STM32U5F7VJT6, STM32U5F7VJT6Q, STM32U5F9BJY6QTR, STM32U5F9NJH6Q, STM32U5F9VIT6Q, STM32U5F9VJT6Q, STM32U5F9ZIJ6QTR, STM32U5F9ZIT6Q, STM32U5F9ZJJ6QTR, STM32U5F9ZJT6Q, STM32U5G7VJT6, STM32U5G7VJT6Q, STM32U5G9BJY6QTR, STM32U5G9J-DK1, STM32U5G9J-DK2, STM32U5G9NJH6Q, STM32U5G9VJT6Q, STM32U5G9ZJJ6QTR, STM32U5G9ZJT6Q, STM32WB1MMCH6, STM32WBA52CEU6, STM32WBA52CEU6T, STM32WBA52CGU6, STM32WBA52CGU6T, STM32WBA52KEU6, STM32WBA52KEU6T, STM32WBA52KGU6, STM32WBA52KGU6T, STM32WL5MOCH6, STM32WL5MOCH6TR]
2023-11-17 15:37:28,897 [INFO] DbMcus:217 - Found 3848 MCUs, 3848 are supported
2023-11-17 15:37:28,898 [INFO] ApiDb:423 - Load user favorites file C:\Users\andep/.stm32cubeide/favorites.mcus.txt: 0 item(s)
2023-11-17 15:37:28,898 [INFO] ApiDb:427 - User favorites MCUs=[]
2023-11-17 15:37:28,898 [INFO] DbMcus:223 - Set 0 / 0 favorites MCUs
2023-11-17 15:37:29,246 [WARN] ThirdParty:833 - waiting for thirdparty lock release [change project]
2023-11-17 15:37:29,246 [INFO] ThirdParty:835 - entering critical section [change project]
2023-11-17 15:37:29,246 [INFO] ThirdParty:1030 - CMSIS Pack Vendor :STMicroelectronics X-CUBE-ISPU 1.1.0
2023-11-17 15:37:29,246 [INFO] ThirdParty:1030 - CMSIS Pack Vendor :STMicroelectronics USBPD 4.1
2023-11-17 15:37:29,247 [INFO] ThirdParty:1030 - CMSIS Pack Vendor :RoweBots I-CUBE-UNISONRTOS 5.5.0-4
2023-11-17 15:37:29,247 [INFO] ThirdParty:1030 - CMSIS Pack Vendor :STMicroelectronics X-CUBE-GNSS1 6.0.0
2023-11-17 15:37:29,247 [INFO] ThirdParty:1030 - CMSIS Pack Vendor :STMicroelectronics USB_HOST 2.0.0
2023-11-17 15:37:29,247 [INFO] ThirdParty:1030 - CMSIS Pack Vendor :STMicroelectronics X-CUBE-AZRTOS-F4 1.1.0
2023-11-17 15:37:29,247 [INFO] ThirdParty:1030 - CMSIS Pack Vendor :STMicroelectronics LIBJPEG 8.0.0
2023-11-17 15:37:29,247 [INFO] ThirdParty:1030 - CMSIS Pack Vendor :STMicroelectronics X-CUBE-SMBUS 2.1.0
2023-11-17 15:37:29,247 [INFO] ThirdParty:1030 - CMSIS Pack Vendor :STMicroelectronics USB_DEVICE 3.0.0
2023-11-17 15:37:29,247 [INFO] ThirdParty:1030 - CMSIS Pack Vendor :STMicroelectronics X-CUBE-AI 8.0.0
2023-11-17 15:37:29,247 [INFO] ThirdParty:1030 - CMSIS Pack Vendor :STMicroelectronics X-CUBE-AZRTOS-WB 2.0.0
2023-11-17 15:37:29,247 [INFO] ThirdParty:1030 - CMSIS Pack Vendor :STMicroelectronics X-CUBE-FREERTOS 1.0.0
2023-11-17 15:37:29,247 [INFO] ThirdParty:1030 - CMSIS Pack Vendor :STMicroelectronics X-CUBE-TOUCHGFX 4.21.1
2023-11-17 15:37:29,247 [INFO] ThirdParty:1030 - CMSIS Pack Vendor :STMicroelectronics X-CUBE-AZRTOS-F7 1.1.0
2023-11-17 15:37:29,247 [INFO] ThirdParty:1030 - CMSIS Pack Vendor :STMicroelectronics X-CUBE-AZRTOS-L5 2.0.0
2023-11-17 15:37:29,247 [INFO] ThirdParty:1030 - CMSIS Pack Vendor :STMicroelectronics USB_DEVICE 2.0.0
2023-11-17 15:37:29,247 [INFO] ThirdParty:1030 - CMSIS Pack Vendor :STMicroelectronics X-CUBE-AI 7.3.0
2023-11-17 15:37:29,247 [INFO] ThirdParty:1030 - CMSIS Pack Vendor :STMicroelectronics X-CUBE-MEMS1 9.6.0
2023-11-17 15:37:29,247 [INFO] ThirdParty:1030 - CMSIS Pack Vendor :STMicroelectronics X-CUBE-EEPRMA1 4.2.0
2023-11-17 15:37:29,247 [INFO] ThirdParty:1030 - CMSIS Pack Vendor :ITTIA_DB I-CUBE-ITTIADB 8.8.0
2023-11-17 15:37:29,247 [INFO] ThirdParty:1030 - CMSIS Pack Vendor :STMicroelectronics FP-SNS-MOTENV1 4.3.2
2023-11-17 15:37:29,247 [INFO] ThirdParty:1030 - CMSIS Pack Vendor :STMicroelectronics X-CUBE-ALGOBUILD 1.3.0
2023-11-17 15:37:29,247 [INFO] ThirdParty:1030 - CMSIS Pack Vendor :STMicroelectronics X-CUBE-BLE1 6.2.4
2023-11-17 15:37:29,247 [INFO] ThirdParty:1030 - CMSIS Pack Vendor :STMicroelectronics X-CUBE-AZRTOS-L5 1.1.0
2023-11-17 15:37:29,247 [INFO] ThirdParty:1030 - CMSIS Pack Vendor :STMicroelectronics FreeRTOS 0.0.1
2023-11-17 15:37:29,247 [INFO] ThirdParty:1030 - CMSIS Pack Vendor :STMicroelectronics X-CUBE-AZRTOS-G0 1.1.0
2023-11-17 15:37:29,247 [INFO] ThirdParty:1030 - CMSIS Pack Vendor :emotas I-CUBE-CANOPEN 1.1.3
2023-11-17 15:37:29,247 [INFO] ThirdParty:1030 - CMSIS Pack Vendor :STMicroelectronics X-CUBE-BLEMGR 2.0.0
2023-11-17 15:37:29,247 [INFO] ThirdParty:1030 - CMSIS Pack Vendor :STMicroelectronics X-CUBE-NFC4 3.0.0
2023-11-17 15:37:29,247 [INFO] ThirdParty:1030 - CMSIS Pack Vendor :STMicroelectronics X-CUBE-SUBG2 5.0.0
2023-11-17 15:37:29,247 [INFO] ThirdParty:1030 - CMSIS Pack Vendor :STMicroelectronics STM32_WPAN 1.0.0
2023-11-17 15:37:29,247 [INFO] ThirdParty:1030 - CMSIS Pack Vendor :STMicroelectronics lwIP 2.0.3
2023-11-17 15:37:29,247 [INFO] ThirdParty:1030 - CMSIS Pack Vendor :STMicroelectronics FP-SNS-FLIGHT1 5.0.2
2023-11-17 15:37:29,247 [INFO] ThirdParty:1030 - CMSIS Pack Vendor :STMicroelectronics USB_HOST 1.0.0
2023-11-17 15:37:29,247 [INFO] ThirdParty:1030 - CMSIS Pack Vendor :STMicroelectronics X-CUBE-TOF1 3.3.1
2023-11-17 15:37:29,247 [INFO] ThirdParty:1030 - CMSIS Pack Vendor :STMicroelectronics X-CUBE-AZRTOS-G4 2.0.0
2023-11-17 15:37:29,247 [INFO] ThirdParty:1030 - CMSIS Pack Vendor :STMicroelectronics PDM2PCM 3.1.0
2023-11-17 15:37:29,248 [INFO] ThirdParty:1030 - CMSIS Pack Vendor :STMicroelectronics X-CUBE-AZRTOS-H7 3.1.0
2023-11-17 15:37:29,248 [INFO] ThirdParty:1030 - CMSIS Pack Vendor :STMicroelectronics FP-ATR-ASTRA1 1.1.1
2023-11-17 15:37:29,248 [INFO] ThirdParty:1030 - CMSIS Pack Vendor :Infineon AIROC-Wi-Fi-Bluetooth-STM32 1.5.1
2023-11-17 15:37:29,248 [INFO] ThirdParty:1030 - CMSIS Pack Vendor :STMicroelectronics X-CUBE-BLEMGR 3.0.0
2023-11-17 15:37:29,248 [INFO] ThirdParty:1030 - CMSIS Pack Vendor :STMicroelectronics PDM2PCM 3.3.0
2023-11-17 15:37:29,248 [INFO] ThirdParty:1030 - CMSIS Pack Vendor :STMicroelectronics X-CUBE-DISPLAY 3.0.0
2023-11-17 15:37:29,248 [INFO] ThirdParty:1030 - CMSIS Pack Vendor :STMicroelectronics X-CUBE-BLEMGR 1.3.0
2023-11-17 15:37:29,248 [INFO] ThirdParty:1030 - CMSIS Pack Vendor :STMicroelectronics FP-SNS-MOTENVWB1 1.3.0
2023-11-17 15:37:29,248 [INFO] ThirdParty:1030 - CMSIS Pack Vendor :STMicroelectronics X-CUBE-BLE1 7.0.0
2023-11-17 15:37:29,248 [INFO] ThirdParty:1030 - CMSIS Pack Vendor :STMicroelectronics FP-ATR-SIGFOX1 3.2.0
2023-11-17 15:37:29,248 [INFO] ThirdParty:1030 - CMSIS Pack Vendor :STMicroelectronics X-CUBE-AZRTOS-G4 1.0.0
2023-11-17 15:37:29,248 [INFO] ThirdParty:1030 - CMSIS Pack Vendor :wolfSSL I-CUBE-wolfSSL 5.5.4
2023-11-17 15:37:29,248 [INFO] ThirdParty:1030 - CMSIS Pack Vendor :STMicroelectronics X-CUBE-AZRTOS-L4 1.0.0
2023-11-17 15:37:29,248 [INFO] ThirdParty:1030 - CMSIS Pack Vendor :STMicroelectronics HAL Drivers 0.0.0
2023-11-17 15:37:29,248 [INFO] ThirdParty:1030 - CMSIS Pack Vendor :STMicroelectronics MBEDTLS 2.16.2
2023-11-17 15:37:29,248 [INFO] ThirdParty:1030 - CMSIS Pack Vendor :STMicroelectronics X-CUBE-MEMS1 10.0.0
2023-11-17 15:37:29,248 [INFO] ThirdParty:1030 - CMSIS Pack Vendor :STMicroelectronics X-CUBE-FREERTOS 1.1.0
2023-11-17 15:37:29,248 [INFO] ThirdParty:1030 - CMSIS Pack Vendor :STMicroelectronics X-CUBE-NFC7 1.0.1
2023-11-17 15:37:29,248 [INFO] ThirdParty:1030 - CMSIS Pack Vendor :STMicroelectronics MBEDTLS 2.14.1
2023-11-17 15:37:29,248 [INFO] ThirdParty:1030 - CMSIS Pack Vendor :STMicroelectronics X-CUBE-NFC7 1.0.0
2023-11-17 15:37:29,248 [INFO] ThirdParty:1030 - CMSIS Pack Vendor :STMicroelectronics X-CUBE-TOUCHGFX 4.22.1
2023-11-17 15:37:29,248 [INFO] ThirdParty:1030 - CMSIS Pack Vendor :STMicroelectronics X-CUBE-AZRTOS-WL 1.0.0
2023-11-17 15:37:29,248 [INFO] ThirdParty:1030 - CMSIS Pack Vendor :STMicroelectronics X-CUBE-NFC6 3.0.0
2023-11-17 15:37:29,248 [INFO] ThirdParty:1030 - CMSIS Pack Vendor :STMicroelectronics X-CUBE-EEPRMA1 4.1.0
2023-11-17 15:37:29,248 [INFO] ThirdParty:1030 - CMSIS Pack Vendor :portGmbH I-Cube-SoM-uGOAL 1.1.0
2023-11-17 15:37:29,248 [INFO] ThirdParty:1030 - CMSIS Pack Vendor :STMicroelectronics X-CUBE-ALS 1.0.1
2023-11-17 15:37:29,248 [INFO] ThirdParty:1030 - CMSIS Pack Vendor :STMicroelectronics X-CUBE-MEMS1 9.5.0
2023-11-17 15:37:29,248 [INFO] ThirdParty:1030 - CMSIS Pack Vendor :STMicroelectronics ThreadX 1.0.0
2023-11-17 15:37:29,248 [INFO] ThirdParty:1030 - CMSIS Pack Vendor :STMicroelectronics FP-SNS-SMARTAG2 1.2.0
2023-11-17 15:37:29,248 [INFO] ThirdParty:1030 - CMSIS Pack Vendor :STMicroelectronics X-CUBE-AZRTOS-WB 1.1.0
2023-11-17 15:37:29,248 [INFO] ThirdParty:1030 - CMSIS Pack Vendor :STMicroelectronics X-CUBE-AZRTOS-WL 2.0.0
2023-11-17 15:37:29,248 [INFO] ThirdParty:1030 - CMSIS Pack Vendor :SEGGER I-CUBE-embOS 1.3.1
2023-11-17 15:37:29,248 [INFO] ThirdParty:1030 - CMSIS Pack Vendor :STMicroelectronics USB_DEVICE 1.0.0
2023-11-17 15:37:29,248 [INFO] ThirdParty:1030 - CMSIS Pack Vendor :STMicroelectronics X-CUBE-AI 8.1.0
2023-11-17 15:37:29,248 [INFO] ThirdParty:1030 - CMSIS Pack Vendor :STMicroelectronics X-CUBE-AZRTOS-L4 2.0.0
2023-11-17 15:37:29,249 [INFO] ThirdParty:1030 - CMSIS Pack Vendor :STMicroelectronics ThreadX 0.0.2
2023-11-17 15:37:29,249 [INFO] ThirdParty:1030 - CMSIS Pack Vendor :WES I-CUBE-Cesium 1.3.0
2023-11-17 15:37:29,249 [INFO] ThirdParty:1030 - CMSIS Pack Vendor :STMicroelectronics FP-ATR-ASTRA1 2.0.0
2023-11-17 15:37:29,249 [INFO] ThirdParty:1030 - CMSIS Pack Vendor :STMicroelectronics lwIP 2.1.2
2023-11-17 15:37:29,249 [INFO] ThirdParty:1030 - CMSIS Pack Vendor :STMicroelectronics X-CUBE-SFXS2LP1 4.0.0
2023-11-17 15:37:29,249 [INFO] ThirdParty:1030 - CMSIS Pack Vendor :STMicroelectronics X-CUBE-BLE2 3.3.0
2023-11-17 15:37:29,249 [INFO] ThirdParty:1030 - CMSIS Pack Vendor :STMicroelectronics X-CUBE-TOF1 3.2.0
2023-11-17 15:37:29,249 [INFO] ThirdParty:1030 - CMSIS Pack Vendor :STMicroelectronics PDM2PCM 3.2.0
2023-11-17 15:37:29,249 [INFO] ThirdParty:1030 - CMSIS Pack Vendor :STMicroelectronics X-CUBE-AZRTOS-H7 3.0.0
2023-11-17 15:37:29,249 [INFO] ThirdParty:841 - exiting critical section [change project]
2023-11-17 15:37:29,547 [INFO] PinOutPanel:1499 - setPackage(No Configuration,No Configuration)
2023-11-17 15:37:29,548 [INFO] PinOutPanel:1499 - setPackage(STM32F446RETx,LQFP64)
2023-11-17 15:37:29,946 [INFO] UtilMem:75 - Before build in PCC Used Memory: 446773488 Bytes (741343232)
2023-11-17 15:37:30,578 [INFO] UtilMem:75 - After build in PCC Used Memory: 552023912 Bytes (741343232)
2023-11-17 15:37:30,606 [INFO] IPUIPlugin:80 - create IPUIPlugin
2023-11-17 15:37:30,606 [INFO] IPUIPlugin:80 - create IPUIPlugin
2023-11-17 15:37:30,606 [INFO] IPUIPlugin:80 - create IPUIPlugin
2023-11-17 15:37:30,606 [INFO] IPUIPlugin:80 - create IPUIPlugin
2023-11-17 15:37:30,606 [INFO] IPUIPlugin:80 - create IPUIPlugin
2023-11-17 15:37:30,606 [INFO] IPUIPlugin:80 - create IPUIPlugin
2023-11-17 15:37:30,607 [INFO] IPUIPlugin:80 - create IPUIPlugin
2023-11-17 15:37:30,607 [INFO] IPUIPlugin:80 - create IPUIPlugin
2023-11-17 15:37:30,607 [INFO] IPUIPlugin:80 - create IPUIPlugin
2023-11-17 15:37:30,607 [INFO] IPUIPlugin:80 - create IPUIPlugin
2023-11-17 15:37:30,607 [INFO] IPUIPlugin:80 - create IPUIPlugin
2023-11-17 15:37:30,607 [INFO] IPUIPlugin:80 - create IPUIPlugin
2023-11-17 15:37:30,607 [INFO] IPUIPlugin:80 - create IPUIPlugin
2023-11-17 15:37:30,607 [INFO] IPUIPlugin:80 - create IPUIPlugin
2023-11-17 15:37:30,607 [INFO] IPUIPlugin:80 - create IPUIPlugin
2023-11-17 15:37:30,607 [INFO] IPUIPlugin:80 - create IPUIPlugin
2023-11-17 15:37:30,608 [INFO] IPUIPlugin:80 - create IPUIPlugin
2023-11-17 15:37:30,608 [INFO] IPUIPlugin:80 - create IPUIPlugin
2023-11-17 15:37:30,608 [INFO] IPUIPlugin:80 - create IPUIPlugin
2023-11-17 15:37:30,608 [INFO] IPUIPlugin:80 - create IPUIPlugin
2023-11-17 15:37:30,608 [INFO] IPUIPlugin:80 - create IPUIPlugin
2023-11-17 15:37:30,608 [INFO] IPUIPlugin:80 - create IPUIPlugin
2023-11-17 15:37:30,609 [INFO] IPUIPlugin:80 - create IPUIPlugin
2023-11-17 15:37:30,609 [INFO] IPUIPlugin:80 - create IPUIPlugin
2023-11-17 15:37:30,609 [INFO] IPUIPlugin:80 - create IPUIPlugin
2023-11-17 15:37:30,609 [INFO] IPUIPlugin:80 - create IPUIPlugin
2023-11-17 15:37:30,609 [INFO] IPUIPlugin:80 - create IPUIPlugin
2023-11-17 15:37:30,609 [INFO] IPUIPlugin:80 - create IPUIPlugin
2023-11-17 15:37:30,610 [INFO] IPUIPlugin:80 - create IPUIPlugin
2023-11-17 15:37:30,610 [INFO] IPUIPlugin:80 - create IPUIPlugin
2023-11-17 15:37:30,610 [INFO] IPUIPlugin:80 - create IPUIPlugin
2023-11-17 15:37:30,610 [INFO] IPUIPlugin:80 - create IPUIPlugin
2023-11-17 15:37:30,610 [INFO] IPUIPlugin:80 - create IPUIPlugin
2023-11-17 15:37:30,611 [INFO] IPUIPlugin:80 - create IPUIPlugin
2023-11-17 15:37:30,611 [INFO] IPUIPlugin:80 - create IPUIPlugin
2023-11-17 15:37:30,611 [INFO] IPUIPlugin:80 - create IPUIPlugin
2023-11-17 15:37:30,611 [INFO] IPUIPlugin:80 - create IPUIPlugin
2023-11-17 15:37:30,611 [INFO] IPUIPlugin:80 - create IPUIPlugin
2023-11-17 15:37:30,612 [INFO] IPUIPlugin:80 - create IPUIPlugin
2023-11-17 15:37:30,612 [INFO] IPUIPlugin:80 - create IPUIPlugin
2023-11-17 15:37:30,612 [INFO] IPUIPlugin:80 - create IPUIPlugin
2023-11-17 15:37:30,612 [INFO] IPUIPlugin:80 - create IPUIPlugin
2023-11-17 15:37:30,613 [INFO] IPUIPlugin:80 - create IPUIPlugin
2023-11-17 15:37:30,613 [INFO] IPUIPlugin:80 - create IPUIPlugin
2023-11-17 15:37:30,613 [INFO] IPUIPlugin:80 - create IPUIPlugin
2023-11-17 15:37:30,613 [INFO] IPUIPlugin:80 - create IPUIPlugin
2023-11-17 15:37:30,614 [INFO] IPUIPlugin:80 - create IPUIPlugin
2023-11-17 15:37:30,614 [INFO] IPUIPlugin:80 - create IPUIPlugin
2023-11-17 15:37:30,614 [INFO] IPUIPlugin:80 - create IPUIPlugin
2023-11-17 15:37:30,614 [INFO] IPUIPlugin:80 - create IPUIPlugin
2023-11-17 15:37:30,615 [INFO] IPUIPlugin:80 - create IPUIPlugin
2023-11-17 15:37:30,615 [INFO] IPUIPlugin:80 - create IPUIPlugin
2023-11-17 15:37:30,615 [INFO] IPUIPlugin:80 - create IPUIPlugin
2023-11-17 15:37:30,616 [INFO] IPUIPlugin:80 - create IPUIPlugin
2023-11-17 15:37:30,616 [INFO] IPUIPlugin:80 - create IPUIPlugin
2023-11-17 15:37:30,616 [INFO] IPUIPlugin:80 - create IPUIPlugin
2023-11-17 15:37:30,616 [INFO] IPUIPlugin:80 - create IPUIPlugin
2023-11-17 15:37:30,617 [INFO] IPUIPlugin:80 - create IPUIPlugin
2023-11-17 15:37:30,617 [INFO] IPUIPlugin:80 - create IPUIPlugin
2023-11-17 15:37:30,618 [INFO] IPUIPlugin:80 - create IPUIPlugin
2023-11-17 15:37:30,679 [INFO] ApiDbMcu:507 - Load IP Config File for PDM2PCM
2023-11-17 15:37:30,885 [INFO] CADModel:165 - CPN selected for project levelSTM32F446RET6
2023-11-17 15:37:30,885 [INFO] CADModel:114 - Register for checkConnection events
2023-11-17 15:37:30,936 [INFO] OpenFileManager:328 - Restore cursor
2023-11-17 15:38:48,160 [INFO] NvicIntPanel:101 - NVIC parent = com.st.microxplorer.plugins.ip.nvic.MultiNvicIntPanel[,0,0,530x243,layout=javax.swing.BoxLayout,alignmentX=0.0,alignmentY=0.0,border=,flags=9,maximumSize=,minimumSize=,preferredSize=]
2023-11-17 16:04:41,694 [ERROR] LogOutputStream:75 - [STDERR_REDIRECT] 
