2023-11-15 14:20:39,020 [INFO] Activator:176 - 


2023-11-15 14:20:39,026 [INFO] Activator:177 - !SESSION log4j initialized
2023-11-15 14:20:41,392 [INFO] LogOutputStream:77 - [STDOUT_REDIRECT] 
2023-11-15 14:20:43,416 [INFO] ApplicationProperties:184 - Using Application install path: C:\ST\STM32CubeIDE_1.11.2\STM32CubeIDE\plugins\com.st.stm32cube.common.mx_6.9.2.202309101412
2023-11-15 14:20:43,432 [INFO] DbMcusXml:78 - Set database path to: C:\ST\STM32CubeIDE_1.11.2\STM32CubeIDE\plugins\com.st.stm32cube.common.mx_6.9.2.202309101412\\db\/mcu/
2023-11-15 14:20:43,432 [INFO] ApiDb:274 - Set plugin database path to: C:\ST\STM32CubeIDE_1.11.2\STM32CubeIDE\plugins\com.st.stm32cube.common.mx_6.9.2.202309101412\\db\/plugins/boardmanager/
2023-11-15 14:20:43,433 [WARN] ApiDb:259 - Overriding images path with different value:  => C:\ST\STM32CubeIDE_1.11.2\STM32CubeIDE\plugins\com.st.stm32cube.common.mx_6.9.2.202309101412\\db\/plugins/mcufinder/images/
2023-11-15 14:20:43,441 [INFO] ApiDb:250 - Set database path to: C:\Users\andep\.stmcufinder\plugins\mcufinder//mcu/
2023-11-15 14:20:43,442 [INFO] DbMcusAds:125 - Set database path to: C:\Users\andep\.stmcufinder\plugins\mcufinder//mcu/
2023-11-15 14:20:43,443 [INFO] CrossReferenceDbSqlite:203 - Set database path to: C:\Users\andep\.stmcufinder\plugins\mcufinder//mcu/cs/
2023-11-15 14:20:43,533 [INFO] RulesReader:64 - Compatibility file has been processed (293 Rules)
2023-11-15 14:20:43,604 [INFO] DbMcusXml:78 - Set database path to: C:\ST\STM32CubeIDE_1.11.2\STM32CubeIDE\plugins\com.st.stm32cube.common.mx_6.9.2.202309101412\\db\/mcu/
2023-11-15 14:20:43,605 [INFO] ApiDb:274 - Set plugin database path to: C:\ST\STM32CubeIDE_1.11.2\STM32CubeIDE\plugins\com.st.stm32cube.common.mx_6.9.2.202309101412\\db\/plugins/boardmanager/
2023-11-15 14:20:43,605 [INFO] ApiDb:261 - Set plugin images path to: C:\ST\STM32CubeIDE_1.11.2\STM32CubeIDE\plugins\com.st.stm32cube.common.mx_6.9.2.202309101412\\db\/plugins/mcufinder/images/
2023-11-15 14:20:43,605 [WARN] DbFile:41 - Overriding database path with different value: C:\Users\andep\.stmcufinder\plugins\mcufinder/ => C:\Users\andep\.stmcufinder\plugins\mcufinder
2023-11-15 14:20:43,605 [INFO] ApiDb:250 - Set database path to: C:\Users\andep\.stmcufinder\plugins\mcufinder//mcu/
2023-11-15 14:20:43,605 [WARN] DbFile:41 - Overriding database path with different value: C:\Users\andep\.stmcufinder\plugins\mcufinder/ => C:\Users\andep\.stmcufinder\plugins\mcufinder
2023-11-15 14:20:43,605 [INFO] DbMcusAds:125 - Set database path to: C:\Users\andep\.stmcufinder\plugins\mcufinder//mcu/
2023-11-15 14:20:43,605 [WARN] DbFile:41 - Overriding database path with different value: C:\Users\andep\.stmcufinder\plugins\mcufinder/ => C:\Users\andep\.stmcufinder\plugins\mcufinder
2023-11-15 14:20:43,606 [WARN] DbFile:41 - Overriding database path with different value: C:\Users\andep\.stmcufinder\plugins\mcufinder/ => C:\Users\andep\.stmcufinder\plugins\mcufinder
2023-11-15 14:20:43,606 [INFO] CrossReferenceDbSqlite:203 - Set database path to: C:\Users\andep\.stmcufinder\plugins\mcufinder//mcu/cs/
2023-11-15 14:20:43,678 [INFO] MainPanel:262 - HeapMemory: 268435456
2023-11-15 14:20:43,754 [INFO] DbMcusXml:78 - Set database path to: C:\ST\STM32CubeIDE_1.11.2\STM32CubeIDE\plugins\com.st.stm32cube.common.mx_6.9.2.202309101412\\db\/mcu/
2023-11-15 14:20:43,755 [INFO] ApiDb:274 - Set plugin database path to: C:\ST\STM32CubeIDE_1.11.2\STM32CubeIDE\plugins\com.st.stm32cube.common.mx_6.9.2.202309101412\\db\/plugins/boardmanager/
2023-11-15 14:20:43,755 [INFO] ApiDb:261 - Set plugin images path to: C:\ST\STM32CubeIDE_1.11.2\STM32CubeIDE\plugins\com.st.stm32cube.common.mx_6.9.2.202309101412\\db\/plugins/mcufinder/images/
2023-11-15 14:20:43,756 [WARN] DbFile:41 - Overriding database path with different value: C:\Users\andep\.stmcufinder\plugins\mcufinder/ => C:\Users\andep\.stmcufinder\plugins\mcufinder
2023-11-15 14:20:43,756 [INFO] ApiDb:250 - Set database path to: C:\Users\andep\.stmcufinder\plugins\mcufinder//mcu/
2023-11-15 14:20:43,756 [WARN] DbFile:41 - Overriding database path with different value: C:\Users\andep\.stmcufinder\plugins\mcufinder/ => C:\Users\andep\.stmcufinder\plugins\mcufinder
2023-11-15 14:20:43,756 [INFO] DbMcusAds:125 - Set database path to: C:\Users\andep\.stmcufinder\plugins\mcufinder//mcu/
2023-11-15 14:20:43,756 [WARN] DbFile:41 - Overriding database path with different value: C:\Users\andep\.stmcufinder\plugins\mcufinder/ => C:\Users\andep\.stmcufinder\plugins\mcufinder
2023-11-15 14:20:43,756 [WARN] DbFile:41 - Overriding database path with different value: C:\Users\andep\.stmcufinder\plugins\mcufinder/ => C:\Users\andep\.stmcufinder\plugins\mcufinder
2023-11-15 14:20:43,756 [INFO] CrossReferenceDbSqlite:203 - Set database path to: C:\Users\andep\.stmcufinder\plugins\mcufinder//mcu/cs/
2023-11-15 14:20:43,771 [INFO] ApplicationProperties:184 - Using Application install path: C:\ST\STM32CubeIDE_1.11.2\STM32CubeIDE\plugins\com.st.stm32cube.common.mx_6.9.2.202309101412
2023-11-15 14:20:43,772 [INFO] PluginManage:196 - Search for loadable plugins [exclusion list=, ]
2023-11-15 14:20:43,773 [INFO] PluginManage:310 - Check plugin analytics
2023-11-15 14:20:43,911 [INFO] AnalyticsPlugin:253 - Accepted Software Licenses: 
2023-11-15 14:20:43,911 [INFO] AnalyticsPlugin:255 - Accepted CMSIS Pack Licenses: 
2023-11-15 14:20:43,911 [INFO] AnalyticsPlugin:257 - Accepted Firmware Licenses: 
2023-11-15 14:20:43,913 [INFO] PluginManage:359 - Loaded plugin analytics (category:tool,tabindex:-1)
2023-11-15 14:20:43,914 [INFO] PluginManage:310 - Check plugin cadmodel
2023-11-15 14:20:43,919 [INFO] CADModel:105 - Init CAD model plugin
2023-11-15 14:20:43,920 [INFO] PluginManage:359 - Loaded plugin cadmodel (category:power,tabindex:5)
2023-11-15 14:20:43,920 [INFO] PluginManage:310 - Check plugin clock
2023-11-15 14:20:43,928 [INFO] PluginManage:359 - Loaded plugin clock (category:base,tabindex:2)
2023-11-15 14:20:43,929 [INFO] PluginManage:310 - Check plugin ddr
2023-11-15 14:20:43,931 [INFO] PluginManage:359 - Loaded plugin ddr (category:tool,tabindex:6)
2023-11-15 14:20:43,931 [INFO] PluginManage:310 - Check plugin filemanager
2023-11-15 14:20:44,054 [INFO] PluginManage:359 - Loaded plugin filemanager (category:base,tabindex:10)
2023-11-15 14:20:44,054 [INFO] PluginManage:310 - Check plugin ipmanager
2023-11-15 14:20:44,062 [INFO] PluginManage:359 - Loaded plugin ipmanager (category:base,tabindex:5)
2023-11-15 14:20:44,062 [INFO] PluginManage:310 - Check plugin lpbam
2023-11-15 14:20:44,070 [INFO] PluginManage:359 - Loaded plugin lpbam (category:base,tabindex:0)
2023-11-15 14:20:44,070 [INFO] PluginManage:310 - Check plugin memorymap
2023-11-15 14:20:44,085 [INFO] PluginManage:359 - Loaded plugin memorymap (category:base,tabindex:4)
2023-11-15 14:20:44,085 [INFO] PluginManage:310 - Check plugin pinoutandconfiguration
2023-11-15 14:20:44,092 [INFO] PluginManage:359 - Loaded plugin pinoutandconfiguration (category:base,tabindex:1)
2023-11-15 14:20:44,092 [INFO] PluginManage:310 - Check plugin pinoutconfig
2023-11-15 14:20:44,161 [WARN] SupportedApi:132 - Cannot load RTOS API schema: s4s-elt-must-match.1: The content of 'definitions' must match (annotation?, (simpleType | complexType)?, (unique | key | keyref)*)). A problem was found starting at: attribute.
2023-11-15 14:20:44,292 [INFO] PluginManage:359 - Loaded plugin pinoutconfig (category:base,tabindex:0)
2023-11-15 14:20:44,292 [INFO] PluginManage:310 - Check plugin power
2023-11-15 14:20:44,301 [INFO] PluginManage:359 - Loaded plugin power (category:power,tabindex:4)
2023-11-15 14:20:44,301 [INFO] PluginManage:310 - Check plugin projectmanager
2023-11-15 14:20:44,312 [INFO] PluginManage:359 - Loaded plugin projectmanager (category:projectmanager,tabindex:3)
2023-11-15 14:20:44,313 [INFO] PluginManage:310 - Check plugin thirdparty
2023-11-15 14:20:44,431 [INFO] PluginManage:359 - Loaded plugin thirdparty (category:base,tabindex:-1)
2023-11-15 14:20:44,431 [INFO] PluginManage:310 - Check plugin tools
2023-11-15 14:20:44,431 [WARN] IntegrityCheckThread:84 - waiting for thirdparty lock release [integrity check]
2023-11-15 14:20:44,431 [INFO] IntegrityCheckThread:86 - entering critical section [integrity check]
2023-11-15 14:20:44,431 [INFO] ThirdPartyUpdaterWithRetryManager:70 - Updater plugin not ready yet. [1/15]
2023-11-15 14:20:44,433 [INFO] PluginManage:359 - Loaded plugin tools (category:base,tabindex:7)
2023-11-15 14:20:44,433 [INFO] PluginManage:310 - Check plugin tutovideos
2023-11-15 14:20:44,572 [INFO] PluginManage:359 - Loaded plugin tutovideos (category:base,tabindex:-1)
2023-11-15 14:20:44,572 [INFO] PluginManage:310 - Check plugin updater
2023-11-15 14:20:44,582 [INFO] PluginManage:359 - Loaded plugin updater (category:base,tabindex:12)
2023-11-15 14:20:44,582 [INFO] PluginManage:310 - Check plugin userauth
2023-11-15 14:20:44,587 [INFO] UserAuth:113 - Init User Auth plugin
2023-11-15 14:20:44,587 [INFO] PluginManage:359 - Loaded plugin userauth (category:base,tabindex:14)
2023-11-15 14:20:44,587 [INFO] PluginManage:283 - PluginManage : Loaded plugins [17]
2023-11-15 14:20:44,784 [INFO] PinOutPanel:1499 - setPackage(No Configuration,No Configuration)
2023-11-15 14:20:44,885 [INFO] CADModel:165 - CPN selected for project level
2023-11-15 14:20:44,885 [INFO] CADModel:114 - Register for checkConnection events
2023-11-15 14:20:44,899 [INFO] IPUIPlugin:80 - create IPUIPlugin
2023-11-15 14:20:44,899 [INFO] PluginManager:220 - loadIPPluginJar : add adc
2023-11-15 14:20:44,902 [INFO] IPUIPlugin:80 - create IPUIPlugin
2023-11-15 14:20:44,902 [INFO] PluginManager:220 - loadIPPluginJar : add aes
2023-11-15 14:20:44,904 [INFO] IPUIPlugin:80 - create IPUIPlugin
2023-11-15 14:20:44,904 [INFO] PluginManager:220 - loadIPPluginJar : add can
2023-11-15 14:20:44,905 [INFO] IPUIPlugin:80 - create IPUIPlugin
2023-11-15 14:20:44,905 [INFO] PluginManager:220 - loadIPPluginJar : add comp
2023-11-15 14:20:44,907 [INFO] IPUIPlugin:80 - create IPUIPlugin
2023-11-15 14:20:44,907 [INFO] PluginManager:220 - loadIPPluginJar : add cryp
2023-11-15 14:20:44,909 [INFO] IPUIPlugin:80 - create IPUIPlugin
2023-11-15 14:20:44,909 [INFO] PluginManager:220 - loadIPPluginJar : add dfsdm
2023-11-15 14:20:44,914 [INFO] IPUIPlugin:80 - create IPUIPlugin
2023-11-15 14:20:44,914 [INFO] PluginManager:220 - loadIPPluginJar : add dma
2023-11-15 14:20:44,917 [INFO] IPUIPlugin:80 - create IPUIPlugin
2023-11-15 14:20:44,917 [INFO] PluginManager:220 - loadIPPluginJar : add dma3
2023-11-15 14:20:44,917 [INFO] IPUIPlugin:80 - create IPUIPlugin
2023-11-15 14:20:44,917 [INFO] PluginManager:220 - loadIPPluginJar : add fatfs
2023-11-15 14:20:44,921 [INFO] IPUIPlugin:80 - create IPUIPlugin
2023-11-15 14:20:44,921 [INFO] PluginManager:220 - loadIPPluginJar : add fmc
2023-11-15 14:20:44,927 [INFO] IPUIPlugin:80 - create IPUIPlugin
2023-11-15 14:20:44,927 [INFO] PluginManager:220 - loadIPPluginJar : add freertos
2023-11-15 14:20:44,928 [INFO] IPUIPlugin:80 - create IPUIPlugin
2023-11-15 14:20:44,929 [INFO] PluginManager:220 - loadIPPluginJar : add genericplugin
2023-11-15 14:20:44,931 [INFO] IPUIPlugin:80 - create IPUIPlugin
2023-11-15 14:20:44,931 [INFO] PluginManager:220 - loadIPPluginJar : add gfxmmu
2023-11-15 14:20:44,936 [INFO] IPUIPlugin:80 - create IPUIPlugin
2023-11-15 14:20:44,936 [INFO] PluginManager:220 - loadIPPluginJar : add gic
2023-11-15 14:20:44,940 [INFO] IPUIPlugin:80 - create IPUIPlugin
2023-11-15 14:20:44,940 [INFO] PluginManager:220 - loadIPPluginJar : add gpio
2023-11-15 14:20:44,943 [INFO] IPUIPlugin:80 - create IPUIPlugin
2023-11-15 14:20:44,943 [INFO] PluginManager:220 - loadIPPluginJar : add gtzc
2023-11-15 14:20:44,946 [INFO] IPUIPlugin:80 - create IPUIPlugin
2023-11-15 14:20:44,946 [INFO] PluginManager:220 - loadIPPluginJar : add hash
2023-11-15 14:20:44,948 [INFO] IPUIPlugin:80 - create IPUIPlugin
2023-11-15 14:20:44,949 [INFO] PluginManager:220 - loadIPPluginJar : add i2c
2023-11-15 14:20:44,951 [INFO] IPUIPlugin:80 - create IPUIPlugin
2023-11-15 14:20:44,951 [INFO] PluginManager:220 - loadIPPluginJar : add i2s
2023-11-15 14:20:44,953 [INFO] IPUIPlugin:80 - create IPUIPlugin
2023-11-15 14:20:44,953 [INFO] PluginManager:220 - loadIPPluginJar : add i3c
2023-11-15 14:20:44,956 [INFO] IPUIPlugin:80 - create IPUIPlugin
2023-11-15 14:20:44,956 [INFO] PluginManager:220 - loadIPPluginJar : add ipddr
2023-11-15 14:20:44,962 [INFO] IPUIPlugin:80 - create IPUIPlugin
2023-11-15 14:20:44,963 [INFO] PluginManager:220 - loadIPPluginJar : add linkedlist
2023-11-15 14:20:44,964 [INFO] IPUIPlugin:80 - create IPUIPlugin
2023-11-15 14:20:44,965 [INFO] PluginManager:220 - loadIPPluginJar : add lorawan
2023-11-15 14:20:44,966 [INFO] IPUIPlugin:80 - create IPUIPlugin
2023-11-15 14:20:44,966 [INFO] PluginManager:220 - loadIPPluginJar : add ltdc
2023-11-15 14:20:44,972 [INFO] IPUIPlugin:80 - create IPUIPlugin
2023-11-15 14:20:44,972 [INFO] PluginManager:220 - loadIPPluginJar : add mdma
2023-11-15 14:20:44,975 [INFO] IPUIPlugin:80 - create IPUIPlugin
2023-11-15 14:20:44,975 [INFO] PluginManager:220 - loadIPPluginJar : add nvic
2023-11-15 14:20:44,978 [INFO] IPUIPlugin:80 - create IPUIPlugin
2023-11-15 14:20:44,979 [INFO] PluginManager:220 - loadIPPluginJar : add opamp
2023-11-15 14:20:44,982 [INFO] IPUIPlugin:80 - create IPUIPlugin
2023-11-15 14:20:44,982 [INFO] PluginManager:220 - loadIPPluginJar : add openamp
2023-11-15 14:20:44,985 [INFO] IPUIPlugin:80 - create IPUIPlugin
2023-11-15 14:20:44,985 [INFO] PluginManager:220 - loadIPPluginJar : add pdm2pcm
2023-11-15 14:20:44,991 [INFO] IPUIPlugin:80 - create IPUIPlugin
2023-11-15 14:20:44,993 [INFO] PluginManager:220 - loadIPPluginJar : add plateformsettings
2023-11-15 14:20:44,995 [INFO] IPUIPlugin:80 - create IPUIPlugin
2023-11-15 14:20:44,995 [INFO] PluginManager:220 - loadIPPluginJar : add quadspi
2023-11-15 14:20:44,999 [INFO] IPUIPlugin:80 - create IPUIPlugin
2023-11-15 14:20:44,999 [INFO] PluginManager:220 - loadIPPluginJar : add resmgrutility
2023-11-15 14:20:45,002 [INFO] IPUIPlugin:80 - create IPUIPlugin
2023-11-15 14:20:45,002 [INFO] PluginManager:220 - loadIPPluginJar : add sai
2023-11-15 14:20:45,005 [INFO] IPUIPlugin:80 - create IPUIPlugin
2023-11-15 14:20:45,005 [INFO] PluginManager:220 - loadIPPluginJar : add spi
2023-11-15 14:20:45,010 [INFO] IPUIPlugin:80 - create IPUIPlugin
2023-11-15 14:20:45,010 [INFO] PluginManager:220 - loadIPPluginJar : add stm32_wpan
2023-11-15 14:20:45,012 [INFO] IPUIPlugin:80 - create IPUIPlugin
2023-11-15 14:20:45,012 [INFO] PluginManager:220 - loadIPPluginJar : add tim
2023-11-15 14:20:45,015 [INFO] IPUIPlugin:80 - create IPUIPlugin
2023-11-15 14:20:45,015 [INFO] PluginManager:220 - loadIPPluginJar : add touchsensing
2023-11-15 14:20:45,017 [INFO] IPUIPlugin:80 - create IPUIPlugin
2023-11-15 14:20:45,017 [INFO] PluginManager:220 - loadIPPluginJar : add tracer_emb
2023-11-15 14:20:45,019 [INFO] IPUIPlugin:80 - create IPUIPlugin
2023-11-15 14:20:45,019 [INFO] PluginManager:220 - loadIPPluginJar : add ts
2023-11-15 14:20:45,020 [INFO] IPUIPlugin:80 - create IPUIPlugin
2023-11-15 14:20:45,020 [INFO] PluginManager:220 - loadIPPluginJar : add tsc
2023-11-15 14:20:45,022 [INFO] IPUIPlugin:80 - create IPUIPlugin
2023-11-15 14:20:45,022 [INFO] PluginManager:220 - loadIPPluginJar : add ucpd
2023-11-15 14:20:45,024 [INFO] IPUIPlugin:80 - create IPUIPlugin
2023-11-15 14:20:45,024 [INFO] PluginManager:220 - loadIPPluginJar : add usart
2023-11-15 14:20:45,026 [INFO] IPUIPlugin:80 - create IPUIPlugin
2023-11-15 14:20:45,026 [INFO] PluginManager:220 - loadIPPluginJar : add usbx
2023-11-15 14:20:45,143 [INFO] CADModel:165 - CPN selected for project level
2023-11-15 14:20:45,143 [INFO] CADModel:114 - Register for checkConnection events
2023-11-15 14:20:45,144 [FATAL] Updater:308 - Updater called before beeing initialized
2023-11-15 14:20:45,144 [ERROR] CADModel:125 - Updater not yet initialized, retry later 
2023-11-15 14:20:45,275 [INFO] CADModel:165 - CPN selected for project level
2023-11-15 14:20:45,275 [INFO] CADModel:114 - Register for checkConnection events
2023-11-15 14:20:45,275 [FATAL] Updater:308 - Updater called before beeing initialized
2023-11-15 14:20:45,275 [ERROR] CADModel:125 - Updater not yet initialized, retry later 
2023-11-15 14:20:45,279 [FATAL] Updater:308 - Updater called before beeing initialized
2023-11-15 14:20:45,362 [FATAL] Updater:308 - Updater called before beeing initialized
2023-11-15 14:20:45,367 [INFO] DbMcusAds:53 - JSON generation date=Tue Mar 07 09:50:55 CET 2023 (1678179055335)
2023-11-15 14:20:45,367 [FATAL] Updater:308 - Updater called before beeing initialized
2023-11-15 14:20:45,404 [WARN] DetailPanel:346 - Failed to get advertising image, set to default
2023-11-15 14:20:45,476 [FATAL] Updater:308 - Updater called before beeing initialized
2023-11-15 14:20:45,478 [FATAL] Updater:308 - Updater called before beeing initialized
2023-11-15 14:20:45,478 [FATAL] Updater:308 - Updater called before beeing initialized
2023-11-15 14:20:45,478 [WARN] DetailPanel:346 - Failed to get advertising image, set to default
2023-11-15 14:20:45,478 [FATAL] Updater:308 - Updater called before beeing initialized
2023-11-15 14:20:45,517 [ERROR] Updater:1120 - MainUpdater not yet initialized. External WinMGr cannot be set.
2023-11-15 14:20:45,518 [INFO] Updater:1056 - Updater Version found : 6.9.2
2023-11-15 14:20:45,535 [INFO] ApplicationProperties:184 - Using Application install path: C:\ST\STM32CubeIDE_1.11.2\STM32CubeIDE\plugins\com.st.stm32cube.common.mx_6.9.2.202309101412
2023-11-15 14:20:45,637 [INFO] MainUpdater:2868 - connection check result : 10
2023-11-15 14:20:45,637 [INFO] MainUpdater:285 - Updater Check For Update Now.
2023-11-15 14:20:45,637 [INFO] MicroXplorer:498 - Change Database Version : DB.6.0.92
2023-11-15 14:20:45,643 [INFO] McuFinderGlobals:63 - Set McuFinder mode to 2 (CubeIDE integrated)
2023-11-15 14:20:45,643 [INFO] UserAuth:179 - activating auth plugin
2023-11-15 14:20:45,646 [INFO] UserAuth:393 - Internet connection configuration mode: 1
2023-11-15 14:20:45,664 [INFO] JxBrowserEngine:151 - Initiate JxBrowser Engine with user profile folder
2023-11-15 14:20:45,802 [INFO] CheckServerUpdateThread:120 - End of CheckServer Thread
2023-11-15 14:20:46,338 [INFO] WebApp:157 - Instantiating new browser for Auth
2023-11-15 14:20:46,831 [INFO] WebApp:753 - Register for checkConnection events
2023-11-15 14:20:46,831 [INFO] WebApp:390 - Apply proxy settings
2023-11-15 14:20:46,831 [INFO] WebApp:475 - Chromium requires no authentication
2023-11-15 14:20:46,840 [INFO] WebApp:418 - Direct internet connection detected
2023-11-15 14:20:46,999 [INFO] WebApp:188 - Starting web application
2023-11-15 14:20:46,999 [INFO] WebApp:520 - Web application path used C:\ST\STM32CubeIDE_1.11.2\STM32CubeIDE\plugins\com.st.stm32cube.common.mx_6.9.2.202309101412\db\plugins\mcufinder\reactClient1\index.html
2023-11-15 14:20:47,590 [WARN] PackLoader:240 - Cannot read IP mode file for STMicroelectronics.X-CUBE-SMBUS.2.1.0
2023-11-15 14:20:47,626 [WARN] PackLoader:240 - Cannot read IP mode file for STMicroelectronics.X-CUBE-AZRTOS-F7.1.1.0
2023-11-15 14:20:47,637 [WARN] PackLoader:240 - Cannot read IP mode file for STMicroelectronics.FP-SNS-MOTENV1.4.3.2
2023-11-15 14:20:47,647 [WARN] PackLoader:240 - Cannot read IP mode file for STMicroelectronics.X-CUBE-BLE1.6.2.4
2023-11-15 14:20:47,652 [WARN] PackLoader:240 - Cannot read IP mode file for STMicroelectronics.FP-SNS-FLIGHT1.5.0.2
2023-11-15 14:20:47,660 [WARN] PackLoader:240 - Cannot read IP mode file for STMicroelectronics.X-CUBE-DISPLAY.3.0.0
2023-11-15 14:20:47,669 [WARN] PackLoader:240 - Cannot read IP mode file for STMicroelectronics.X-CUBE-BLE1.7.0.0
2023-11-15 14:20:47,674 [WARN] PackLoader:240 - Cannot read IP mode file for STMicroelectronics.X-CUBE-TOUCHGFX.4.22.1
2023-11-15 14:20:47,679 [WARN] PackLoader:240 - Cannot read IP mode file for STMicroelectronics.FP-SNS-SMARTAG2.1.2.0
2023-11-15 14:20:47,691 [INFO] LogOutputStream:77 - [STDOUT_REDIRECT] 1 : Invalid condition id : UX_CORESTACK_Condition cause : null
2023-11-15 14:20:47,691 [INFO] LogOutputStream:77 - [STDOUT_REDIRECT] 1 : Invalid condition id : UX_CORESTACK_Condition cause : null
2023-11-15 14:20:47,692 [INFO] LogOutputStream:77 - [STDOUT_REDIRECT] 1 : Invalid condition id : UX_CORESTACK_Condition cause : null
2023-11-15 14:20:47,692 [INFO] LogOutputStream:77 - [STDOUT_REDIRECT] 1 : Invalid condition id : UX_CORESTACK_Condition cause : null
2023-11-15 14:20:47,693 [INFO] LogOutputStream:77 - [STDOUT_REDIRECT] 1 : Invalid condition id : UX_CORESTACK_Condition cause : null
2023-11-15 14:20:47,702 [WARN] PackLoader:240 - Cannot read IP mode file for STMicroelectronics.X-CUBE-AZRTOS-WL.2.0.0
2023-11-15 14:20:47,713 [WARN] PackLoader:240 - Cannot read IP mode file for WES.I-CUBE-Cesium.1.3.0
2023-11-15 14:20:47,719 [WARN] PackLoader:240 - Cannot read IP mode file for STMicroelectronics.X-CUBE-BLE2.3.3.0
2023-11-15 14:20:47,734 [WARN] PackLoader:240 - Cannot read IP mode file for STMicroelectronics.X-CUBE-TOF1.3.2.0
2023-11-15 14:20:47,746 [WARN] PackLoader:240 - Cannot read IP mode file for STMicroelectronics.X-CUBE-TOUCHGFX.4.21.1
2023-11-15 14:20:47,750 [WARN] PackLoader:240 - Cannot read IP mode file for STMicroelectronics.X-CUBE-AI.7.3.0
2023-11-15 14:20:47,766 [WARN] PackLoader:240 - Cannot read IP mode file for STMicroelectronics.X-CUBE-ALGOBUILD.1.3.0
2023-11-15 14:20:47,804 [WARN] PackLoader:240 - Cannot read IP mode file for STMicroelectronics.X-CUBE-AZRTOS-G0.1.1.0
2023-11-15 14:20:47,811 [WARN] PackLoader:240 - Cannot read IP mode file for STMicroelectronics.X-CUBE-NFC4.3.0.0
2023-11-15 14:20:47,821 [WARN] PackLoader:240 - Cannot read IP mode file for STMicroelectronics.X-CUBE-BLEMGR.3.0.0
2023-11-15 14:20:47,831 [WARN] PackLoader:240 - Cannot read IP mode file for STMicroelectronics.X-CUBE-BLEMGR.1.3.0
2023-11-15 14:20:47,838 [WARN] PackLoader:240 - Cannot read IP mode file for STMicroelectronics.FP-ATR-SIGFOX1.3.2.0
2023-11-15 14:20:47,874 [WARN] PackLoader:240 - Cannot read IP mode file for STMicroelectronics.X-CUBE-MEMS1.9.5.0
2023-11-15 14:20:48,047 [WARN] PackLoader:240 - Cannot read IP mode file for SEGGER.I-CUBE-embOS.1.3.1
2023-11-15 14:20:48,079 [WARN] PackLoader:240 - Cannot read IP mode file for STMicroelectronics.X-CUBE-GNSS1.6.0.0
2023-11-15 14:20:48,090 [WARN] PackLoader:240 - Cannot read IP mode file for STMicroelectronics.X-CUBE-AZRTOS-F4.1.1.0
2023-11-15 14:20:48,104 [WARN] PackLoader:240 - Cannot read IP mode file for STMicroelectronics.X-CUBE-AZRTOS-L5.2.0.0
2023-11-15 14:20:48,144 [WARN] PackLoader:240 - Cannot read IP mode file for STMicroelectronics.X-CUBE-MEMS1.9.6.0
2023-11-15 14:20:48,282 [WARN] PackLoader:240 - Cannot read IP mode file for STMicroelectronics.X-CUBE-EEPRMA1.4.2.0
2023-11-15 14:20:48,287 [WARN] PackLoader:240 - Cannot read IP mode file for ITTIA_DB.I-CUBE-ITTIADB.8.8.0
2023-11-15 14:20:48,293 [WARN] PackLoader:240 - Cannot read IP mode file for emotas.I-CUBE-CANOPEN.1.1.3
2023-11-15 14:20:48,300 [WARN] PackLoader:240 - Cannot read IP mode file for STMicroelectronics.X-CUBE-BLEMGR.2.0.0
2023-11-15 14:20:48,315 [WARN] ConditionMgr:438 - getConditionDescription Invalid condition id : UX DEVICE CLASS RTOS Condition cause : null
2023-11-15 14:20:48,315 [WARN] ConditionMgr:438 - getConditionDescription Invalid condition id : UX DEVICE CLASS RTOS Condition cause : null
2023-11-15 14:20:48,317 [WARN] PackLoader:240 - Cannot read IP mode file for STMicroelectronics.X-CUBE-AZRTOS-H7.3.1.0
2023-11-15 14:20:48,317 [WARN] ConditionMgr:1039 - genDependencies : Invalid condition id : UX DEVICE CLASS RTOS Condition cause : null
2023-11-15 14:20:48,318 [WARN] ConditionMgr:1039 - genDependencies : Invalid condition id : UX DEVICE CLASS RTOS Condition cause : null
2023-11-15 14:20:48,318 [WARN] ConditionMgr:1039 - genDependencies : Invalid condition id : UX DEVICE CLASS RTOS Condition cause : null
2023-11-15 14:20:48,318 [WARN] ConditionMgr:1039 - genDependencies : Invalid condition id : UX DEVICE CLASS RTOS Condition cause : null
2023-11-15 14:20:48,318 [WARN] ConditionMgr:1039 - genDependencies : Invalid condition id : UX DEVICE CLASS RTOS Condition cause : null
2023-11-15 14:20:48,326 [WARN] PackLoader:240 - Cannot read IP mode file for wolfSSL.I-CUBE-wolfSSL.5.5.4
2023-11-15 14:20:48,330 [WARN] PackLoader:240 - Cannot read IP mode file for STMicroelectronics.X-CUBE-NFC7.1.0.1
2023-11-15 14:20:48,334 [WARN] PackLoader:240 - Cannot read IP mode file for STMicroelectronics.X-CUBE-NFC7.1.0.0
2023-11-15 14:20:48,340 [WARN] PackLoader:240 - Cannot read IP mode file for STMicroelectronics.X-CUBE-NFC6.3.0.0
2023-11-15 14:20:48,345 [WARN] PackLoader:240 - Cannot read IP mode file for STMicroelectronics.X-CUBE-EEPRMA1.4.1.0
2023-11-15 14:20:48,349 [WARN] PackLoader:240 - Cannot read IP mode file for STMicroelectronics.X-CUBE-AI.8.1.0
2023-11-15 14:20:48,358 [WARN] ConditionMgr:438 - getConditionDescription Invalid condition id : LAN8742 Phy interface Condition cause : null
2023-11-15 14:20:48,359 [WARN] PackLoader:240 - Cannot read IP mode file for STMicroelectronics.X-CUBE-AZRTOS-L4.2.0.0
2023-11-15 14:20:48,359 [WARN] ConditionMgr:1039 - genDependencies : Invalid condition id : LAN8742 Phy interface Condition cause : null
2023-11-15 14:20:48,359 [WARN] ConditionMgr:1039 - genDependencies : Invalid condition id : LAN8742 Phy interface Condition cause : null
2023-11-15 14:20:48,360 [WARN] ConditionMgr:1039 - genDependencies : Invalid condition id : LAN8742 Phy interface Condition cause : null
2023-11-15 14:20:48,364 [WARN] PackLoader:240 - Cannot read IP mode file for STMicroelectronics.X-CUBE-SFXS2LP1.4.0.0
2023-11-15 14:20:48,377 [WARN] PackLoader:240 - Cannot read IP mode file for STMicroelectronics.X-CUBE-AZRTOS-H7.3.0.0
2023-11-15 14:20:48,383 [WARN] PackLoader:240 - Cannot read IP mode file for STMicroelectronics.X-CUBE-ISPU.1.1.0
2023-11-15 14:20:48,390 [WARN] PackLoader:240 - Cannot read IP mode file for RoweBots.I-CUBE-UNISONRTOS.5.5.0-4
2023-11-15 14:20:48,394 [WARN] PackLoader:240 - Cannot read IP mode file for STMicroelectronics.X-CUBE-AI.8.0.0
2023-11-15 14:20:48,404 [WARN] ConditionMgr:438 - getConditionDescription Invalid condition id : UX DEVICE CLASS RTOS Condition cause : null
2023-11-15 14:20:48,404 [WARN] ConditionMgr:438 - getConditionDescription Invalid condition id : UX DEVICE CLASS RTOS Condition cause : null
2023-11-15 14:20:48,406 [WARN] PackLoader:240 - Cannot read IP mode file for STMicroelectronics.X-CUBE-AZRTOS-WB.2.0.0
2023-11-15 14:20:48,406 [WARN] ConditionMgr:1039 - genDependencies : Invalid condition id : UX DEVICE CLASS RTOS Condition cause : null
2023-11-15 14:20:48,406 [WARN] ConditionMgr:1039 - genDependencies : Invalid condition id : UX DEVICE CLASS RTOS Condition cause : null
2023-11-15 14:20:48,406 [WARN] ConditionMgr:1039 - genDependencies : Invalid condition id : UX DEVICE CLASS RTOS Condition cause : null
2023-11-15 14:20:48,406 [WARN] ConditionMgr:1039 - genDependencies : Invalid condition id : UX DEVICE CLASS RTOS Condition cause : null
2023-11-15 14:20:48,406 [WARN] ConditionMgr:1039 - genDependencies : Invalid condition id : UX DEVICE CLASS RTOS Condition cause : null
2023-11-15 14:20:48,410 [WARN] PackLoader:240 - Cannot read IP mode file for STMicroelectronics.X-CUBE-FREERTOS.1.0.0
2023-11-15 14:20:48,419 [WARN] PackLoader:240 - Cannot read IP mode file for STMicroelectronics.X-CUBE-AZRTOS-L5.1.1.0
2023-11-15 14:20:48,426 [WARN] PackLoader:240 - Cannot read IP mode file for STMicroelectronics.X-CUBE-SUBG2.5.0.0
2023-11-15 14:20:48,433 [WARN] PackLoader:240 - Cannot read IP mode file for STMicroelectronics.X-CUBE-TOF1.3.3.1
2023-11-15 14:20:48,445 [WARN] PackLoader:240 - Cannot read IP mode file for STMicroelectronics.X-CUBE-AZRTOS-G4.2.0.0
2023-11-15 14:20:48,450 [WARN] PackLoader:240 - Cannot read IP mode file for STMicroelectronics.FP-ATR-ASTRA1.1.1.1
2023-11-15 14:20:48,458 [WARN] PackLoader:240 - Cannot read IP mode file for Infineon.AIROC-Wi-Fi-Bluetooth-STM32.1.5.1
2023-11-15 14:20:48,463 [WARN] PackLoader:240 - Cannot read IP mode file for STMicroelectronics.FP-SNS-MOTENVWB1.1.3.0
2023-11-15 14:20:48,469 [WARN] PackLoader:240 - Cannot read IP mode file for STMicroelectronics.X-CUBE-AZRTOS-G4.1.0.0
2023-11-15 14:20:48,478 [WARN] PackLoader:240 - Cannot read IP mode file for STMicroelectronics.X-CUBE-AZRTOS-L4.1.0.0
2023-11-15 14:20:48,506 [WARN] PackLoader:240 - Cannot read IP mode file for STMicroelectronics.X-CUBE-MEMS1.10.0.0
2023-11-15 14:20:48,573 [WARN] PackLoader:240 - Cannot read IP mode file for STMicroelectronics.X-CUBE-FREERTOS.1.1.0
2023-11-15 14:20:48,580 [WARN] PackLoader:240 - Cannot read IP mode file for STMicroelectronics.X-CUBE-AZRTOS-WL.1.0.0
2023-11-15 14:20:48,586 [WARN] PackLoader:240 - Cannot read IP mode file for portGmbH.I-Cube-SoM-uGOAL.1.1.0
2023-11-15 14:20:48,591 [WARN] PackLoader:240 - Cannot read IP mode file for STMicroelectronics.X-CUBE-ALS.1.0.1
2023-11-15 14:20:48,598 [WARN] PackLoader:240 - Cannot read IP mode file for STMicroelectronics.X-CUBE-AZRTOS-WB.1.1.0
2023-11-15 14:20:48,601 [WARN] PackLoader:240 - Cannot read IP mode file for STMicroelectronics.FP-ATR-ASTRA1.2.0.0
2023-11-15 14:20:48,602 [INFO] ThirdParty:978 - Integrity check success = true
2023-11-15 14:20:48,602 [INFO] IntegrityCheckThread:100 - exiting critical section [integrity check]
2023-11-15 14:20:48,602 [INFO] IntegrityCheckThread:103 - End integrity checks thread
2023-11-15 14:21:07,615 [ERROR] LogOutputStream:75 - [STDERR_REDIRECT] SLF4J: Failed to load class "org.slf4j.impl.StaticLoggerBinder".
2023-11-15 14:21:07,616 [ERROR] LogOutputStream:75 - [STDERR_REDIRECT] SLF4J: Defaulting to no-operation (NOP) logger implementation
2023-11-15 14:21:07,617 [ERROR] LogOutputStream:75 - [STDERR_REDIRECT] SLF4J: See http://www.slf4j.org/codes.html#StaticLoggerBinder for further details.
2023-11-15 14:23:28,495 [ERROR] LogOutputStream:75 - [STDERR_REDIRECT] 
2023-11-15 19:13:08,364 [INFO] Activator:176 - 


2023-11-15 19:13:08,364 [INFO] Activator:177 - !SESSION log4j initialized
2023-11-15 19:13:11,469 [INFO] LogOutputStream:77 - [STDOUT_REDIRECT] 
2023-11-15 19:13:13,525 [INFO] ApplicationProperties:184 - Using Application install path: C:\ST\STM32CubeIDE_1.11.2\STM32CubeIDE\plugins\com.st.stm32cube.common.mx_6.9.2.202309101412
2023-11-15 19:13:13,544 [INFO] DbMcusXml:78 - Set database path to: C:\ST\STM32CubeIDE_1.11.2\STM32CubeIDE\plugins\com.st.stm32cube.common.mx_6.9.2.202309101412\\db\/mcu/
2023-11-15 19:13:13,544 [INFO] ApiDb:274 - Set plugin database path to: C:\ST\STM32CubeIDE_1.11.2\STM32CubeIDE\plugins\com.st.stm32cube.common.mx_6.9.2.202309101412\\db\/plugins/boardmanager/
2023-11-15 19:13:13,544 [WARN] ApiDb:259 - Overriding images path with different value:  => C:\ST\STM32CubeIDE_1.11.2\STM32CubeIDE\plugins\com.st.stm32cube.common.mx_6.9.2.202309101412\\db\/plugins/mcufinder/images/
2023-11-15 19:13:13,557 [INFO] ApiDb:250 - Set database path to: C:\Users\andep\.stmcufinder\plugins\mcufinder//mcu/
2023-11-15 19:13:13,558 [INFO] DbMcusAds:125 - Set database path to: C:\Users\andep\.stmcufinder\plugins\mcufinder//mcu/
2023-11-15 19:13:13,560 [INFO] CrossReferenceDbSqlite:203 - Set database path to: C:\Users\andep\.stmcufinder\plugins\mcufinder//mcu/cs/
2023-11-15 19:13:13,677 [INFO] RulesReader:64 - Compatibility file has been processed (293 Rules)
2023-11-15 19:13:13,775 [INFO] DbMcusXml:78 - Set database path to: C:\ST\STM32CubeIDE_1.11.2\STM32CubeIDE\plugins\com.st.stm32cube.common.mx_6.9.2.202309101412\\db\/mcu/
2023-11-15 19:13:13,775 [INFO] ApiDb:274 - Set plugin database path to: C:\ST\STM32CubeIDE_1.11.2\STM32CubeIDE\plugins\com.st.stm32cube.common.mx_6.9.2.202309101412\\db\/plugins/boardmanager/
2023-11-15 19:13:13,775 [INFO] ApiDb:261 - Set plugin images path to: C:\ST\STM32CubeIDE_1.11.2\STM32CubeIDE\plugins\com.st.stm32cube.common.mx_6.9.2.202309101412\\db\/plugins/mcufinder/images/
2023-11-15 19:13:13,775 [WARN] DbFile:41 - Overriding database path with different value: C:\Users\andep\.stmcufinder\plugins\mcufinder/ => C:\Users\andep\.stmcufinder\plugins\mcufinder
2023-11-15 19:13:13,775 [INFO] ApiDb:250 - Set database path to: C:\Users\andep\.stmcufinder\plugins\mcufinder//mcu/
2023-11-15 19:13:13,776 [WARN] DbFile:41 - Overriding database path with different value: C:\Users\andep\.stmcufinder\plugins\mcufinder/ => C:\Users\andep\.stmcufinder\plugins\mcufinder
2023-11-15 19:13:13,776 [INFO] DbMcusAds:125 - Set database path to: C:\Users\andep\.stmcufinder\plugins\mcufinder//mcu/
2023-11-15 19:13:13,776 [WARN] DbFile:41 - Overriding database path with different value: C:\Users\andep\.stmcufinder\plugins\mcufinder/ => C:\Users\andep\.stmcufinder\plugins\mcufinder
2023-11-15 19:13:13,776 [WARN] DbFile:41 - Overriding database path with different value: C:\Users\andep\.stmcufinder\plugins\mcufinder/ => C:\Users\andep\.stmcufinder\plugins\mcufinder
2023-11-15 19:13:13,776 [INFO] CrossReferenceDbSqlite:203 - Set database path to: C:\Users\andep\.stmcufinder\plugins\mcufinder//mcu/cs/
2023-11-15 19:13:13,874 [INFO] MainPanel:262 - HeapMemory: 268435456
2023-11-15 19:13:13,988 [INFO] DbMcusXml:78 - Set database path to: C:\ST\STM32CubeIDE_1.11.2\STM32CubeIDE\plugins\com.st.stm32cube.common.mx_6.9.2.202309101412\\db\/mcu/
2023-11-15 19:13:13,988 [INFO] ApiDb:274 - Set plugin database path to: C:\ST\STM32CubeIDE_1.11.2\STM32CubeIDE\plugins\com.st.stm32cube.common.mx_6.9.2.202309101412\\db\/plugins/boardmanager/
2023-11-15 19:13:13,988 [INFO] ApiDb:261 - Set plugin images path to: C:\ST\STM32CubeIDE_1.11.2\STM32CubeIDE\plugins\com.st.stm32cube.common.mx_6.9.2.202309101412\\db\/plugins/mcufinder/images/
2023-11-15 19:13:13,989 [WARN] DbFile:41 - Overriding database path with different value: C:\Users\andep\.stmcufinder\plugins\mcufinder/ => C:\Users\andep\.stmcufinder\plugins\mcufinder
2023-11-15 19:13:13,989 [INFO] ApiDb:250 - Set database path to: C:\Users\andep\.stmcufinder\plugins\mcufinder//mcu/
2023-11-15 19:13:13,989 [WARN] DbFile:41 - Overriding database path with different value: C:\Users\andep\.stmcufinder\plugins\mcufinder/ => C:\Users\andep\.stmcufinder\plugins\mcufinder
2023-11-15 19:13:13,989 [INFO] DbMcusAds:125 - Set database path to: C:\Users\andep\.stmcufinder\plugins\mcufinder//mcu/
2023-11-15 19:13:13,989 [WARN] DbFile:41 - Overriding database path with different value: C:\Users\andep\.stmcufinder\plugins\mcufinder/ => C:\Users\andep\.stmcufinder\plugins\mcufinder
2023-11-15 19:13:13,989 [WARN] DbFile:41 - Overriding database path with different value: C:\Users\andep\.stmcufinder\plugins\mcufinder/ => C:\Users\andep\.stmcufinder\plugins\mcufinder
2023-11-15 19:13:13,989 [INFO] CrossReferenceDbSqlite:203 - Set database path to: C:\Users\andep\.stmcufinder\plugins\mcufinder//mcu/cs/
2023-11-15 19:13:14,011 [INFO] ApplicationProperties:184 - Using Application install path: C:\ST\STM32CubeIDE_1.11.2\STM32CubeIDE\plugins\com.st.stm32cube.common.mx_6.9.2.202309101412
2023-11-15 19:13:14,013 [INFO] PluginManage:196 - Search for loadable plugins [exclusion list=, ]
2023-11-15 19:13:14,014 [INFO] PluginManage:310 - Check plugin analytics
2023-11-15 19:13:14,227 [INFO] AnalyticsPlugin:253 - Accepted Software Licenses: 
2023-11-15 19:13:14,228 [INFO] AnalyticsPlugin:255 - Accepted CMSIS Pack Licenses: 
2023-11-15 19:13:14,228 [INFO] AnalyticsPlugin:257 - Accepted Firmware Licenses: 
2023-11-15 19:13:14,230 [INFO] PluginManage:359 - Loaded plugin analytics (category:tool,tabindex:-1)
2023-11-15 19:13:14,231 [INFO] PluginManage:310 - Check plugin cadmodel
2023-11-15 19:13:14,251 [INFO] CADModel:105 - Init CAD model plugin
2023-11-15 19:13:14,251 [INFO] PluginManage:359 - Loaded plugin cadmodel (category:power,tabindex:5)
2023-11-15 19:13:14,259 [INFO] PluginManage:310 - Check plugin clock
2023-11-15 19:13:14,284 [INFO] PluginManage:359 - Loaded plugin clock (category:base,tabindex:2)
2023-11-15 19:13:14,284 [INFO] PluginManage:310 - Check plugin ddr
2023-11-15 19:13:14,287 [INFO] PluginManage:359 - Loaded plugin ddr (category:tool,tabindex:6)
2023-11-15 19:13:14,287 [INFO] PluginManage:310 - Check plugin filemanager
2023-11-15 19:13:14,467 [INFO] PluginManage:359 - Loaded plugin filemanager (category:base,tabindex:10)
2023-11-15 19:13:14,467 [INFO] PluginManage:310 - Check plugin ipmanager
2023-11-15 19:13:14,482 [INFO] PluginManage:359 - Loaded plugin ipmanager (category:base,tabindex:5)
2023-11-15 19:13:14,483 [INFO] PluginManage:310 - Check plugin lpbam
2023-11-15 19:13:14,518 [INFO] PluginManage:359 - Loaded plugin lpbam (category:base,tabindex:0)
2023-11-15 19:13:14,518 [INFO] PluginManage:310 - Check plugin memorymap
2023-11-15 19:13:14,562 [INFO] PluginManage:359 - Loaded plugin memorymap (category:base,tabindex:4)
2023-11-15 19:13:14,562 [INFO] PluginManage:310 - Check plugin pinoutandconfiguration
2023-11-15 19:13:14,594 [INFO] PluginManage:359 - Loaded plugin pinoutandconfiguration (category:base,tabindex:1)
2023-11-15 19:13:14,594 [INFO] PluginManage:310 - Check plugin pinoutconfig
2023-11-15 19:13:14,757 [WARN] SupportedApi:132 - Cannot load RTOS API schema: s4s-elt-must-match.1: The content of 'definitions' must match (annotation?, (simpleType | complexType)?, (unique | key | keyref)*)). A problem was found starting at: attribute.
2023-11-15 19:13:14,958 [INFO] PluginManage:359 - Loaded plugin pinoutconfig (category:base,tabindex:0)
2023-11-15 19:13:14,959 [INFO] PluginManage:310 - Check plugin power
2023-11-15 19:13:14,991 [INFO] PluginManage:359 - Loaded plugin power (category:power,tabindex:4)
2023-11-15 19:13:14,991 [INFO] PluginManage:310 - Check plugin projectmanager
2023-11-15 19:13:15,011 [INFO] PluginManage:359 - Loaded plugin projectmanager (category:projectmanager,tabindex:3)
2023-11-15 19:13:15,011 [INFO] PluginManage:310 - Check plugin thirdparty
2023-11-15 19:13:15,429 [INFO] PluginManage:359 - Loaded plugin thirdparty (category:base,tabindex:-1)
2023-11-15 19:13:15,429 [INFO] PluginManage:310 - Check plugin tools
2023-11-15 19:13:15,429 [WARN] IntegrityCheckThread:84 - waiting for thirdparty lock release [integrity check]
2023-11-15 19:13:15,429 [INFO] IntegrityCheckThread:86 - entering critical section [integrity check]
2023-11-15 19:13:15,430 [INFO] ThirdPartyUpdaterWithRetryManager:70 - Updater plugin not ready yet. [1/15]
2023-11-15 19:13:15,501 [INFO] PluginManage:359 - Loaded plugin tools (category:base,tabindex:7)
2023-11-15 19:13:15,501 [INFO] PluginManage:310 - Check plugin tutovideos
2023-11-15 19:13:15,861 [INFO] PluginManage:359 - Loaded plugin tutovideos (category:base,tabindex:-1)
2023-11-15 19:13:15,862 [INFO] PluginManage:310 - Check plugin updater
2023-11-15 19:13:15,879 [INFO] PluginManage:359 - Loaded plugin updater (category:base,tabindex:12)
2023-11-15 19:13:15,880 [INFO] PluginManage:310 - Check plugin userauth
2023-11-15 19:13:15,889 [INFO] UserAuth:113 - Init User Auth plugin
2023-11-15 19:13:15,889 [INFO] PluginManage:359 - Loaded plugin userauth (category:base,tabindex:14)
2023-11-15 19:13:15,890 [INFO] PluginManage:283 - PluginManage : Loaded plugins [17]
2023-11-15 19:13:16,417 [INFO] PinOutPanel:1499 - setPackage(No Configuration,No Configuration)
2023-11-15 19:13:16,684 [INFO] CADModel:165 - CPN selected for project level
2023-11-15 19:13:16,684 [INFO] CADModel:114 - Register for checkConnection events
2023-11-15 19:13:16,743 [INFO] IPUIPlugin:80 - create IPUIPlugin
2023-11-15 19:13:16,743 [INFO] PluginManager:220 - loadIPPluginJar : add adc
2023-11-15 19:13:16,816 [INFO] IPUIPlugin:80 - create IPUIPlugin
2023-11-15 19:13:16,817 [INFO] PluginManager:220 - loadIPPluginJar : add aes
2023-11-15 19:13:16,910 [INFO] IPUIPlugin:80 - create IPUIPlugin
2023-11-15 19:13:16,911 [INFO] PluginManager:220 - loadIPPluginJar : add can
2023-11-15 19:13:16,960 [INFO] IPUIPlugin:80 - create IPUIPlugin
2023-11-15 19:13:16,962 [INFO] PluginManager:220 - loadIPPluginJar : add comp
2023-11-15 19:13:17,047 [INFO] IPUIPlugin:80 - create IPUIPlugin
2023-11-15 19:13:17,048 [INFO] PluginManager:220 - loadIPPluginJar : add cryp
2023-11-15 19:13:17,118 [INFO] IPUIPlugin:80 - create IPUIPlugin
2023-11-15 19:13:17,119 [INFO] PluginManager:220 - loadIPPluginJar : add dfsdm
2023-11-15 19:13:17,147 [INFO] IPUIPlugin:80 - create IPUIPlugin
2023-11-15 19:13:17,148 [INFO] PluginManager:220 - loadIPPluginJar : add dma
2023-11-15 19:13:17,240 [INFO] IPUIPlugin:80 - create IPUIPlugin
2023-11-15 19:13:17,240 [INFO] PluginManager:220 - loadIPPluginJar : add dma3
2023-11-15 19:13:17,284 [INFO] IPUIPlugin:80 - create IPUIPlugin
2023-11-15 19:13:17,284 [INFO] PluginManager:220 - loadIPPluginJar : add fatfs
2023-11-15 19:13:17,390 [INFO] IPUIPlugin:80 - create IPUIPlugin
2023-11-15 19:13:17,390 [INFO] PluginManager:220 - loadIPPluginJar : add fmc
2023-11-15 19:13:17,424 [INFO] IPUIPlugin:80 - create IPUIPlugin
2023-11-15 19:13:17,425 [INFO] PluginManager:220 - loadIPPluginJar : add freertos
2023-11-15 19:13:17,473 [INFO] IPUIPlugin:80 - create IPUIPlugin
2023-11-15 19:13:17,473 [INFO] PluginManager:220 - loadIPPluginJar : add genericplugin
2023-11-15 19:13:17,667 [INFO] IPUIPlugin:80 - create IPUIPlugin
2023-11-15 19:13:17,668 [INFO] PluginManager:220 - loadIPPluginJar : add gfxmmu
2023-11-15 19:13:18,193 [INFO] IPUIPlugin:80 - create IPUIPlugin
2023-11-15 19:13:18,193 [INFO] PluginManager:220 - loadIPPluginJar : add gic
2023-11-15 19:13:18,227 [INFO] IPUIPlugin:80 - create IPUIPlugin
2023-11-15 19:13:18,227 [INFO] PluginManager:220 - loadIPPluginJar : add gpio
2023-11-15 19:13:18,433 [INFO] ThirdPartyUpdaterWithRetryManager:70 - Updater plugin not ready yet. [2/15]
2023-11-15 19:13:18,433 [INFO] IPUIPlugin:80 - create IPUIPlugin
2023-11-15 19:13:18,433 [INFO] PluginManager:220 - loadIPPluginJar : add gtzc
2023-11-15 19:13:18,497 [INFO] IPUIPlugin:80 - create IPUIPlugin
2023-11-15 19:13:18,497 [INFO] PluginManager:220 - loadIPPluginJar : add hash
2023-11-15 19:13:18,606 [INFO] IPUIPlugin:80 - create IPUIPlugin
2023-11-15 19:13:18,606 [INFO] PluginManager:220 - loadIPPluginJar : add i2c
2023-11-15 19:13:18,689 [INFO] IPUIPlugin:80 - create IPUIPlugin
2023-11-15 19:13:18,689 [INFO] PluginManager:220 - loadIPPluginJar : add i2s
2023-11-15 19:13:18,774 [INFO] IPUIPlugin:80 - create IPUIPlugin
2023-11-15 19:13:18,774 [INFO] PluginManager:220 - loadIPPluginJar : add i3c
2023-11-15 19:13:19,038 [INFO] IPUIPlugin:80 - create IPUIPlugin
2023-11-15 19:13:19,038 [INFO] PluginManager:220 - loadIPPluginJar : add ipddr
2023-11-15 19:13:19,249 [INFO] IPUIPlugin:80 - create IPUIPlugin
2023-11-15 19:13:19,250 [INFO] PluginManager:220 - loadIPPluginJar : add linkedlist
2023-11-15 19:13:19,289 [INFO] IPUIPlugin:80 - create IPUIPlugin
2023-11-15 19:13:19,289 [INFO] PluginManager:220 - loadIPPluginJar : add lorawan
2023-11-15 19:13:19,339 [INFO] IPUIPlugin:80 - create IPUIPlugin
2023-11-15 19:13:19,339 [INFO] PluginManager:220 - loadIPPluginJar : add ltdc
2023-11-15 19:13:19,361 [INFO] IPUIPlugin:80 - create IPUIPlugin
2023-11-15 19:13:19,361 [INFO] PluginManager:220 - loadIPPluginJar : add mdma
2023-11-15 19:13:19,377 [INFO] IPUIPlugin:80 - create IPUIPlugin
2023-11-15 19:13:19,377 [INFO] PluginManager:220 - loadIPPluginJar : add nvic
2023-11-15 19:13:19,416 [INFO] IPUIPlugin:80 - create IPUIPlugin
2023-11-15 19:13:19,416 [INFO] PluginManager:220 - loadIPPluginJar : add opamp
2023-11-15 19:13:19,479 [INFO] IPUIPlugin:80 - create IPUIPlugin
2023-11-15 19:13:19,480 [INFO] PluginManager:220 - loadIPPluginJar : add openamp
2023-11-15 19:13:19,520 [INFO] IPUIPlugin:80 - create IPUIPlugin
2023-11-15 19:13:19,520 [INFO] PluginManager:220 - loadIPPluginJar : add pdm2pcm
2023-11-15 19:13:19,534 [INFO] IPUIPlugin:80 - create IPUIPlugin
2023-11-15 19:13:19,536 [INFO] PluginManager:220 - loadIPPluginJar : add plateformsettings
2023-11-15 19:13:19,555 [INFO] IPUIPlugin:80 - create IPUIPlugin
2023-11-15 19:13:19,555 [INFO] PluginManager:220 - loadIPPluginJar : add quadspi
2023-11-15 19:13:19,569 [INFO] IPUIPlugin:80 - create IPUIPlugin
2023-11-15 19:13:19,569 [INFO] PluginManager:220 - loadIPPluginJar : add resmgrutility
2023-11-15 19:13:19,616 [INFO] IPUIPlugin:80 - create IPUIPlugin
2023-11-15 19:13:19,617 [INFO] PluginManager:220 - loadIPPluginJar : add sai
2023-11-15 19:13:19,657 [INFO] IPUIPlugin:80 - create IPUIPlugin
2023-11-15 19:13:19,657 [INFO] PluginManager:220 - loadIPPluginJar : add spi
2023-11-15 19:13:19,710 [INFO] IPUIPlugin:80 - create IPUIPlugin
2023-11-15 19:13:19,710 [INFO] PluginManager:220 - loadIPPluginJar : add stm32_wpan
2023-11-15 19:13:19,730 [INFO] IPUIPlugin:80 - create IPUIPlugin
2023-11-15 19:13:19,730 [INFO] PluginManager:220 - loadIPPluginJar : add tim
2023-11-15 19:13:19,782 [INFO] IPUIPlugin:80 - create IPUIPlugin
2023-11-15 19:13:19,783 [INFO] PluginManager:220 - loadIPPluginJar : add touchsensing
2023-11-15 19:13:19,803 [INFO] IPUIPlugin:80 - create IPUIPlugin
2023-11-15 19:13:19,804 [INFO] PluginManager:220 - loadIPPluginJar : add tracer_emb
2023-11-15 19:13:19,823 [INFO] IPUIPlugin:80 - create IPUIPlugin
2023-11-15 19:13:19,823 [INFO] PluginManager:220 - loadIPPluginJar : add ts
2023-11-15 19:13:19,843 [INFO] IPUIPlugin:80 - create IPUIPlugin
2023-11-15 19:13:19,843 [INFO] PluginManager:220 - loadIPPluginJar : add tsc
2023-11-15 19:13:19,860 [INFO] IPUIPlugin:80 - create IPUIPlugin
2023-11-15 19:13:19,860 [INFO] PluginManager:220 - loadIPPluginJar : add ucpd
2023-11-15 19:13:19,902 [INFO] IPUIPlugin:80 - create IPUIPlugin
2023-11-15 19:13:19,902 [INFO] PluginManager:220 - loadIPPluginJar : add usart
2023-11-15 19:13:19,940 [INFO] IPUIPlugin:80 - create IPUIPlugin
2023-11-15 19:13:19,940 [INFO] PluginManager:220 - loadIPPluginJar : add usbx
2023-11-15 19:13:20,073 [INFO] CADModel:165 - CPN selected for project level
2023-11-15 19:13:20,073 [INFO] CADModel:114 - Register for checkConnection events
2023-11-15 19:13:20,073 [FATAL] Updater:308 - Updater called before beeing initialized
2023-11-15 19:13:20,073 [ERROR] CADModel:125 - Updater not yet initialized, retry later 
2023-11-15 19:13:20,200 [INFO] CADModel:165 - CPN selected for project level
2023-11-15 19:13:20,201 [INFO] CADModel:114 - Register for checkConnection events
2023-11-15 19:13:20,201 [FATAL] Updater:308 - Updater called before beeing initialized
2023-11-15 19:13:20,201 [ERROR] CADModel:125 - Updater not yet initialized, retry later 
2023-11-15 19:13:20,204 [FATAL] Updater:308 - Updater called before beeing initialized
2023-11-15 19:13:20,303 [FATAL] Updater:308 - Updater called before beeing initialized
2023-11-15 19:13:20,314 [INFO] DbMcusAds:53 - JSON generation date=Tue Mar 07 09:50:55 CET 2023 (1678179055335)
2023-11-15 19:13:20,314 [FATAL] Updater:308 - Updater called before beeing initialized
2023-11-15 19:13:20,400 [WARN] DetailPanel:346 - Failed to get advertising image, set to default
2023-11-15 19:13:20,496 [FATAL] Updater:308 - Updater called before beeing initialized
2023-11-15 19:13:20,498 [FATAL] Updater:308 - Updater called before beeing initialized
2023-11-15 19:13:20,498 [FATAL] Updater:308 - Updater called before beeing initialized
2023-11-15 19:13:20,498 [WARN] DetailPanel:346 - Failed to get advertising image, set to default
2023-11-15 19:13:20,499 [FATAL] Updater:308 - Updater called before beeing initialized
2023-11-15 19:13:20,551 [ERROR] Updater:1120 - MainUpdater not yet initialized. External WinMGr cannot be set.
2023-11-15 19:13:20,559 [INFO] Updater:1056 - Updater Version found : 6.9.2
2023-11-15 19:13:20,572 [INFO] ApplicationProperties:184 - Using Application install path: C:\ST\STM32CubeIDE_1.11.2\STM32CubeIDE\plugins\com.st.stm32cube.common.mx_6.9.2.202309101412
2023-11-15 19:13:20,782 [INFO] MainUpdater:2868 - connection check result : 10
2023-11-15 19:13:20,783 [INFO] MainUpdater:285 - Updater Check For Update Now.
2023-11-15 19:13:20,783 [INFO] MicroXplorer:498 - Change Database Version : DB.6.0.92
2023-11-15 19:13:20,808 [INFO] McuFinderGlobals:63 - Set McuFinder mode to 2 (CubeIDE integrated)
2023-11-15 19:13:20,809 [INFO] UserAuth:179 - activating auth plugin
2023-11-15 19:13:20,812 [INFO] UserAuth:393 - Internet connection configuration mode: 1
2023-11-15 19:13:20,837 [INFO] JxBrowserEngine:151 - Initiate JxBrowser Engine with user profile folder
2023-11-15 19:13:20,991 [INFO] CheckServerUpdateThread:120 - End of CheckServer Thread
2023-11-15 19:13:21,603 [WARN] PackLoader:240 - Cannot read IP mode file for STMicroelectronics.X-CUBE-SMBUS.2.1.0
2023-11-15 19:13:21,648 [WARN] PackLoader:240 - Cannot read IP mode file for STMicroelectronics.X-CUBE-AZRTOS-F7.1.1.0
2023-11-15 19:13:21,667 [WARN] PackLoader:240 - Cannot read IP mode file for STMicroelectronics.FP-SNS-MOTENV1.4.3.2
2023-11-15 19:13:21,689 [WARN] PackLoader:240 - Cannot read IP mode file for STMicroelectronics.X-CUBE-BLE1.6.2.4
2023-11-15 19:13:21,704 [WARN] PackLoader:240 - Cannot read IP mode file for STMicroelectronics.FP-SNS-FLIGHT1.5.0.2
2023-11-15 19:13:21,722 [WARN] PackLoader:240 - Cannot read IP mode file for STMicroelectronics.X-CUBE-DISPLAY.3.0.0
2023-11-15 19:13:21,742 [WARN] PackLoader:240 - Cannot read IP mode file for STMicroelectronics.X-CUBE-BLE1.7.0.0
2023-11-15 19:13:21,757 [WARN] PackLoader:240 - Cannot read IP mode file for STMicroelectronics.X-CUBE-TOUCHGFX.4.22.1
2023-11-15 19:13:21,773 [WARN] PackLoader:240 - Cannot read IP mode file for STMicroelectronics.FP-SNS-SMARTAG2.1.2.0
2023-11-15 19:13:21,798 [INFO] LogOutputStream:77 - [STDOUT_REDIRECT] 1 : Invalid condition id : UX_CORESTACK_Condition cause : null
2023-11-15 19:13:21,799 [INFO] LogOutputStream:77 - [STDOUT_REDIRECT] 1 : Invalid condition id : UX_CORESTACK_Condition cause : null
2023-11-15 19:13:21,800 [INFO] LogOutputStream:77 - [STDOUT_REDIRECT] 1 : Invalid condition id : UX_CORESTACK_Condition cause : null
2023-11-15 19:13:21,800 [INFO] LogOutputStream:77 - [STDOUT_REDIRECT] 1 : Invalid condition id : UX_CORESTACK_Condition cause : null
2023-11-15 19:13:21,802 [INFO] LogOutputStream:77 - [STDOUT_REDIRECT] 1 : Invalid condition id : UX_CORESTACK_Condition cause : null
2023-11-15 19:13:21,805 [WARN] PackLoader:240 - Cannot read IP mode file for STMicroelectronics.X-CUBE-AZRTOS-WL.2.0.0
2023-11-15 19:13:21,821 [WARN] PackLoader:240 - Cannot read IP mode file for WES.I-CUBE-Cesium.1.3.0
2023-11-15 19:13:21,833 [WARN] PackLoader:240 - Cannot read IP mode file for STMicroelectronics.X-CUBE-BLE2.3.3.0
2023-11-15 19:13:21,850 [WARN] PackLoader:240 - Cannot read IP mode file for STMicroelectronics.X-CUBE-TOF1.3.2.0
2023-11-15 19:13:21,871 [WARN] PackLoader:240 - Cannot read IP mode file for STMicroelectronics.X-CUBE-TOUCHGFX.4.21.1
2023-11-15 19:13:21,881 [WARN] PackLoader:240 - Cannot read IP mode file for STMicroelectronics.X-CUBE-AI.7.3.0
2023-11-15 19:13:21,894 [WARN] PackLoader:240 - Cannot read IP mode file for STMicroelectronics.X-CUBE-ALGOBUILD.1.3.0
2023-11-15 19:13:21,923 [WARN] PackLoader:240 - Cannot read IP mode file for STMicroelectronics.X-CUBE-AZRTOS-G0.1.1.0
2023-11-15 19:13:21,940 [WARN] PackLoader:240 - Cannot read IP mode file for STMicroelectronics.X-CUBE-NFC4.3.0.0
2023-11-15 19:13:21,958 [WARN] PackLoader:240 - Cannot read IP mode file for STMicroelectronics.X-CUBE-BLEMGR.3.0.0
2023-11-15 19:13:21,981 [WARN] PackLoader:240 - Cannot read IP mode file for STMicroelectronics.X-CUBE-BLEMGR.1.3.0
2023-11-15 19:13:21,996 [WARN] PackLoader:240 - Cannot read IP mode file for STMicroelectronics.FP-ATR-SIGFOX1.3.2.0
2023-11-15 19:13:22,048 [WARN] PackLoader:240 - Cannot read IP mode file for STMicroelectronics.X-CUBE-MEMS1.9.5.0
2023-11-15 19:13:22,236 [WARN] PackLoader:240 - Cannot read IP mode file for SEGGER.I-CUBE-embOS.1.3.1
2023-11-15 19:13:22,321 [WARN] PackLoader:240 - Cannot read IP mode file for STMicroelectronics.X-CUBE-GNSS1.6.0.0
2023-11-15 19:13:22,356 [WARN] PackLoader:240 - Cannot read IP mode file for STMicroelectronics.X-CUBE-AZRTOS-F4.1.1.0
2023-11-15 19:13:22,396 [WARN] PackLoader:240 - Cannot read IP mode file for STMicroelectronics.X-CUBE-AZRTOS-L5.2.0.0
2023-11-15 19:13:22,445 [WARN] PackLoader:240 - Cannot read IP mode file for STMicroelectronics.X-CUBE-MEMS1.9.6.0
2023-11-15 19:13:22,643 [WARN] PackLoader:240 - Cannot read IP mode file for STMicroelectronics.X-CUBE-EEPRMA1.4.2.0
2023-11-15 19:13:22,659 [WARN] PackLoader:240 - Cannot read IP mode file for ITTIA_DB.I-CUBE-ITTIADB.8.8.0
2023-11-15 19:13:22,677 [WARN] PackLoader:240 - Cannot read IP mode file for emotas.I-CUBE-CANOPEN.1.1.3
2023-11-15 19:13:22,696 [WARN] PackLoader:240 - Cannot read IP mode file for STMicroelectronics.X-CUBE-BLEMGR.2.0.0
2023-11-15 19:13:22,731 [WARN] ConditionMgr:438 - getConditionDescription Invalid condition id : UX DEVICE CLASS RTOS Condition cause : null
2023-11-15 19:13:22,731 [WARN] ConditionMgr:438 - getConditionDescription Invalid condition id : UX DEVICE CLASS RTOS Condition cause : null
2023-11-15 19:13:22,734 [WARN] PackLoader:240 - Cannot read IP mode file for STMicroelectronics.X-CUBE-AZRTOS-H7.3.1.0
2023-11-15 19:13:22,735 [WARN] ConditionMgr:1039 - genDependencies : Invalid condition id : UX DEVICE CLASS RTOS Condition cause : null
2023-11-15 19:13:22,735 [WARN] ConditionMgr:1039 - genDependencies : Invalid condition id : UX DEVICE CLASS RTOS Condition cause : null
2023-11-15 19:13:22,735 [WARN] ConditionMgr:1039 - genDependencies : Invalid condition id : UX DEVICE CLASS RTOS Condition cause : null
2023-11-15 19:13:22,736 [WARN] ConditionMgr:1039 - genDependencies : Invalid condition id : UX DEVICE CLASS RTOS Condition cause : null
2023-11-15 19:13:22,736 [WARN] ConditionMgr:1039 - genDependencies : Invalid condition id : UX DEVICE CLASS RTOS Condition cause : null
2023-11-15 19:13:22,751 [WARN] PackLoader:240 - Cannot read IP mode file for wolfSSL.I-CUBE-wolfSSL.5.5.4
2023-11-15 19:13:22,766 [WARN] PackLoader:240 - Cannot read IP mode file for STMicroelectronics.X-CUBE-NFC7.1.0.1
2023-11-15 19:13:22,780 [WARN] PackLoader:240 - Cannot read IP mode file for STMicroelectronics.X-CUBE-NFC7.1.0.0
2023-11-15 19:13:22,797 [WARN] PackLoader:240 - Cannot read IP mode file for STMicroelectronics.X-CUBE-NFC6.3.0.0
2023-11-15 19:13:22,814 [WARN] PackLoader:240 - Cannot read IP mode file for STMicroelectronics.X-CUBE-EEPRMA1.4.1.0
2023-11-15 19:13:22,826 [WARN] PackLoader:240 - Cannot read IP mode file for STMicroelectronics.X-CUBE-AI.8.1.0
2023-11-15 19:13:22,857 [WARN] ConditionMgr:438 - getConditionDescription Invalid condition id : LAN8742 Phy interface Condition cause : null
2023-11-15 19:13:22,857 [WARN] PackLoader:240 - Cannot read IP mode file for STMicroelectronics.X-CUBE-AZRTOS-L4.2.0.0
2023-11-15 19:13:22,858 [WARN] ConditionMgr:1039 - genDependencies : Invalid condition id : LAN8742 Phy interface Condition cause : null
2023-11-15 19:13:22,859 [WARN] ConditionMgr:1039 - genDependencies : Invalid condition id : LAN8742 Phy interface Condition cause : null
2023-11-15 19:13:22,860 [WARN] ConditionMgr:1039 - genDependencies : Invalid condition id : LAN8742 Phy interface Condition cause : null
2023-11-15 19:13:22,898 [WARN] PackLoader:240 - Cannot read IP mode file for STMicroelectronics.X-CUBE-SFXS2LP1.4.0.0
2023-11-15 19:13:22,935 [WARN] PackLoader:240 - Cannot read IP mode file for STMicroelectronics.X-CUBE-AZRTOS-H7.3.0.0
2023-11-15 19:13:22,953 [WARN] PackLoader:240 - Cannot read IP mode file for STMicroelectronics.X-CUBE-ISPU.1.1.0
2023-11-15 19:13:23,003 [WARN] PackLoader:240 - Cannot read IP mode file for RoweBots.I-CUBE-UNISONRTOS.5.5.0-4
2023-11-15 19:13:23,020 [WARN] PackLoader:240 - Cannot read IP mode file for STMicroelectronics.X-CUBE-AI.8.0.0
2023-11-15 19:13:23,050 [WARN] ConditionMgr:438 - getConditionDescription Invalid condition id : UX DEVICE CLASS RTOS Condition cause : null
2023-11-15 19:13:23,050 [WARN] ConditionMgr:438 - getConditionDescription Invalid condition id : UX DEVICE CLASS RTOS Condition cause : null
2023-11-15 19:13:23,053 [WARN] PackLoader:240 - Cannot read IP mode file for STMicroelectronics.X-CUBE-AZRTOS-WB.2.0.0
2023-11-15 19:13:23,053 [WARN] ConditionMgr:1039 - genDependencies : Invalid condition id : UX DEVICE CLASS RTOS Condition cause : null
2023-11-15 19:13:23,053 [WARN] ConditionMgr:1039 - genDependencies : Invalid condition id : UX DEVICE CLASS RTOS Condition cause : null
2023-11-15 19:13:23,054 [WARN] ConditionMgr:1039 - genDependencies : Invalid condition id : UX DEVICE CLASS RTOS Condition cause : null
2023-11-15 19:13:23,054 [WARN] ConditionMgr:1039 - genDependencies : Invalid condition id : UX DEVICE CLASS RTOS Condition cause : null
2023-11-15 19:13:23,054 [WARN] ConditionMgr:1039 - genDependencies : Invalid condition id : UX DEVICE CLASS RTOS Condition cause : null
2023-11-15 19:13:23,069 [WARN] PackLoader:240 - Cannot read IP mode file for STMicroelectronics.X-CUBE-FREERTOS.1.0.0
2023-11-15 19:13:23,103 [WARN] PackLoader:240 - Cannot read IP mode file for STMicroelectronics.X-CUBE-AZRTOS-L5.1.1.0
2023-11-15 19:13:23,131 [WARN] PackLoader:240 - Cannot read IP mode file for STMicroelectronics.X-CUBE-SUBG2.5.0.0
2023-11-15 19:13:23,163 [WARN] PackLoader:240 - Cannot read IP mode file for STMicroelectronics.X-CUBE-TOF1.3.3.1
2023-11-15 19:13:23,223 [WARN] PackLoader:240 - Cannot read IP mode file for STMicroelectronics.X-CUBE-AZRTOS-G4.2.0.0
2023-11-15 19:13:23,242 [WARN] PackLoader:240 - Cannot read IP mode file for STMicroelectronics.FP-ATR-ASTRA1.1.1.1
2023-11-15 19:13:23,327 [WARN] PackLoader:240 - Cannot read IP mode file for Infineon.AIROC-Wi-Fi-Bluetooth-STM32.1.5.1
2023-11-15 19:13:23,368 [WARN] PackLoader:240 - Cannot read IP mode file for STMicroelectronics.FP-SNS-MOTENVWB1.1.3.0
2023-11-15 19:13:23,427 [WARN] PackLoader:240 - Cannot read IP mode file for STMicroelectronics.X-CUBE-AZRTOS-G4.1.0.0
2023-11-15 19:13:23,468 [WARN] PackLoader:240 - Cannot read IP mode file for STMicroelectronics.X-CUBE-AZRTOS-L4.1.0.0
2023-11-15 19:13:23,471 [INFO] WebApp:157 - Instantiating new browser for Auth
2023-11-15 19:13:23,547 [WARN] PackLoader:240 - Cannot read IP mode file for STMicroelectronics.X-CUBE-MEMS1.10.0.0
2023-11-15 19:13:23,716 [WARN] PackLoader:240 - Cannot read IP mode file for STMicroelectronics.X-CUBE-FREERTOS.1.1.0
2023-11-15 19:13:23,739 [WARN] PackLoader:240 - Cannot read IP mode file for STMicroelectronics.X-CUBE-AZRTOS-WL.1.0.0
2023-11-15 19:13:23,758 [WARN] PackLoader:240 - Cannot read IP mode file for portGmbH.I-Cube-SoM-uGOAL.1.1.0
2023-11-15 19:13:23,775 [WARN] PackLoader:240 - Cannot read IP mode file for STMicroelectronics.X-CUBE-ALS.1.0.1
2023-11-15 19:13:23,806 [WARN] PackLoader:240 - Cannot read IP mode file for STMicroelectronics.X-CUBE-AZRTOS-WB.1.1.0
2023-11-15 19:13:23,823 [WARN] PackLoader:240 - Cannot read IP mode file for STMicroelectronics.FP-ATR-ASTRA1.2.0.0
2023-11-15 19:13:23,824 [INFO] ThirdParty:978 - Integrity check success = true
2023-11-15 19:13:23,824 [INFO] IntegrityCheckThread:100 - exiting critical section [integrity check]
2023-11-15 19:13:23,824 [INFO] IntegrityCheckThread:103 - End integrity checks thread
2023-11-15 19:13:24,221 [INFO] WebApp:753 - Register for checkConnection events
2023-11-15 19:13:24,221 [INFO] WebApp:390 - Apply proxy settings
2023-11-15 19:13:24,221 [INFO] WebApp:475 - Chromium requires no authentication
2023-11-15 19:13:24,229 [INFO] WebApp:418 - Direct internet connection detected
2023-11-15 19:13:24,402 [INFO] WebApp:188 - Starting web application
2023-11-15 19:13:24,402 [INFO] WebApp:520 - Web application path used C:\ST\STM32CubeIDE_1.11.2\STM32CubeIDE\plugins\com.st.stm32cube.common.mx_6.9.2.202309101412\db\plugins\mcufinder\reactClient1\index.html
2023-11-15 19:13:46,044 [ERROR] LogOutputStream:75 - [STDERR_REDIRECT] SLF4J: Failed to load class "org.slf4j.impl.StaticLoggerBinder".
2023-11-15 19:13:46,044 [ERROR] LogOutputStream:75 - [STDERR_REDIRECT] SLF4J: Defaulting to no-operation (NOP) logger implementation
2023-11-15 19:13:46,046 [ERROR] LogOutputStream:75 - [STDERR_REDIRECT] SLF4J: See http://www.slf4j.org/codes.html#StaticLoggerBinder for further details.
2023-11-15 20:08:03,983 [ERROR] LogOutputStream:75 - [STDERR_REDIRECT] 
