2023-12-06 17:29:35,691 [INFO] Activator:176 - 


2023-12-06 17:29:35,699 [INFO] Activator:177 - !SESSION log4j initialized
2023-12-06 17:29:38,729 [INFO] LogOutputStream:77 - [STDOUT_REDIRECT] 
2023-12-06 17:29:40,989 [INFO] ApplicationProperties:184 - Using Application install path: C:\ST\STM32CubeIDE_1.11.2\STM32CubeIDE\plugins\com.st.stm32cube.common.mx_6.9.2.202309101412
2023-12-06 17:29:41,005 [INFO] DbMcusXml:78 - Set database path to: C:\ST\STM32CubeIDE_1.11.2\STM32CubeIDE\plugins\com.st.stm32cube.common.mx_6.9.2.202309101412\\db\/mcu/
2023-12-06 17:29:41,005 [INFO] ApiDb:274 - Set plugin database path to: C:\ST\STM32CubeIDE_1.11.2\STM32CubeIDE\plugins\com.st.stm32cube.common.mx_6.9.2.202309101412\\db\/plugins/boardmanager/
2023-12-06 17:29:41,006 [WARN] ApiDb:259 - Overriding images path with different value:  => C:\ST\STM32CubeIDE_1.11.2\STM32CubeIDE\plugins\com.st.stm32cube.common.mx_6.9.2.202309101412\\db\/plugins/mcufinder/images/
2023-12-06 17:29:41,017 [INFO] ApiDb:250 - Set database path to: C:\Users\andep\.stmcufinder\plugins\mcufinder//mcu/
2023-12-06 17:29:41,018 [INFO] DbMcusAds:125 - Set database path to: C:\Users\andep\.stmcufinder\plugins\mcufinder//mcu/
2023-12-06 17:29:41,020 [INFO] CrossReferenceDbSqlite:203 - Set database path to: C:\Users\andep\.stmcufinder\plugins\mcufinder//mcu/cs/
2023-12-06 17:29:41,121 [INFO] RulesReader:64 - Compatibility file has been processed (293 Rules)
2023-12-06 17:29:41,197 [INFO] DbMcusXml:78 - Set database path to: C:\ST\STM32CubeIDE_1.11.2\STM32CubeIDE\plugins\com.st.stm32cube.common.mx_6.9.2.202309101412\\db\/mcu/
2023-12-06 17:29:41,197 [INFO] ApiDb:274 - Set plugin database path to: C:\ST\STM32CubeIDE_1.11.2\STM32CubeIDE\plugins\com.st.stm32cube.common.mx_6.9.2.202309101412\\db\/plugins/boardmanager/
2023-12-06 17:29:41,197 [INFO] ApiDb:261 - Set plugin images path to: C:\ST\STM32CubeIDE_1.11.2\STM32CubeIDE\plugins\com.st.stm32cube.common.mx_6.9.2.202309101412\\db\/plugins/mcufinder/images/
2023-12-06 17:29:41,197 [WARN] DbFile:41 - Overriding database path with different value: C:\Users\andep\.stmcufinder\plugins\mcufinder/ => C:\Users\andep\.stmcufinder\plugins\mcufinder
2023-12-06 17:29:41,197 [INFO] ApiDb:250 - Set database path to: C:\Users\andep\.stmcufinder\plugins\mcufinder//mcu/
2023-12-06 17:29:41,197 [WARN] DbFile:41 - Overriding database path with different value: C:\Users\andep\.stmcufinder\plugins\mcufinder/ => C:\Users\andep\.stmcufinder\plugins\mcufinder
2023-12-06 17:29:41,197 [INFO] DbMcusAds:125 - Set database path to: C:\Users\andep\.stmcufinder\plugins\mcufinder//mcu/
2023-12-06 17:29:41,197 [WARN] DbFile:41 - Overriding database path with different value: C:\Users\andep\.stmcufinder\plugins\mcufinder/ => C:\Users\andep\.stmcufinder\plugins\mcufinder
2023-12-06 17:29:41,197 [WARN] DbFile:41 - Overriding database path with different value: C:\Users\andep\.stmcufinder\plugins\mcufinder/ => C:\Users\andep\.stmcufinder\plugins\mcufinder
2023-12-06 17:29:41,198 [INFO] CrossReferenceDbSqlite:203 - Set database path to: C:\Users\andep\.stmcufinder\plugins\mcufinder//mcu/cs/
2023-12-06 17:29:41,272 [INFO] MainPanel:262 - HeapMemory: 268435456
2023-12-06 17:29:41,353 [INFO] DbMcusXml:78 - Set database path to: C:\ST\STM32CubeIDE_1.11.2\STM32CubeIDE\plugins\com.st.stm32cube.common.mx_6.9.2.202309101412\\db\/mcu/
2023-12-06 17:29:41,353 [INFO] ApiDb:274 - Set plugin database path to: C:\ST\STM32CubeIDE_1.11.2\STM32CubeIDE\plugins\com.st.stm32cube.common.mx_6.9.2.202309101412\\db\/plugins/boardmanager/
2023-12-06 17:29:41,353 [INFO] ApiDb:261 - Set plugin images path to: C:\ST\STM32CubeIDE_1.11.2\STM32CubeIDE\plugins\com.st.stm32cube.common.mx_6.9.2.202309101412\\db\/plugins/mcufinder/images/
2023-12-06 17:29:41,354 [WARN] DbFile:41 - Overriding database path with different value: C:\Users\andep\.stmcufinder\plugins\mcufinder/ => C:\Users\andep\.stmcufinder\plugins\mcufinder
2023-12-06 17:29:41,354 [INFO] ApiDb:250 - Set database path to: C:\Users\andep\.stmcufinder\plugins\mcufinder//mcu/
2023-12-06 17:29:41,354 [WARN] DbFile:41 - Overriding database path with different value: C:\Users\andep\.stmcufinder\plugins\mcufinder/ => C:\Users\andep\.stmcufinder\plugins\mcufinder
2023-12-06 17:29:41,354 [INFO] DbMcusAds:125 - Set database path to: C:\Users\andep\.stmcufinder\plugins\mcufinder//mcu/
2023-12-06 17:29:41,354 [WARN] DbFile:41 - Overriding database path with different value: C:\Users\andep\.stmcufinder\plugins\mcufinder/ => C:\Users\andep\.stmcufinder\plugins\mcufinder
2023-12-06 17:29:41,354 [WARN] DbFile:41 - Overriding database path with different value: C:\Users\andep\.stmcufinder\plugins\mcufinder/ => C:\Users\andep\.stmcufinder\plugins\mcufinder
2023-12-06 17:29:41,354 [INFO] CrossReferenceDbSqlite:203 - Set database path to: C:\Users\andep\.stmcufinder\plugins\mcufinder//mcu/cs/
2023-12-06 17:29:41,371 [INFO] ApplicationProperties:184 - Using Application install path: C:\ST\STM32CubeIDE_1.11.2\STM32CubeIDE\plugins\com.st.stm32cube.common.mx_6.9.2.202309101412
2023-12-06 17:29:41,372 [INFO] PluginManage:196 - Search for loadable plugins [exclusion list=, ]
2023-12-06 17:29:41,373 [INFO] PluginManage:310 - Check plugin analytics
2023-12-06 17:29:41,519 [INFO] AnalyticsPlugin:253 - Accepted Software Licenses: 
2023-12-06 17:29:41,519 [INFO] AnalyticsPlugin:255 - Accepted CMSIS Pack Licenses: 
2023-12-06 17:29:41,519 [INFO] AnalyticsPlugin:257 - Accepted Firmware Licenses: 
2023-12-06 17:29:41,521 [INFO] PluginManage:359 - Loaded plugin analytics (category:tool,tabindex:-1)
2023-12-06 17:29:41,521 [INFO] PluginManage:310 - Check plugin cadmodel
2023-12-06 17:29:41,538 [INFO] CADModel:105 - Init CAD model plugin
2023-12-06 17:29:41,539 [INFO] PluginManage:359 - Loaded plugin cadmodel (category:power,tabindex:5)
2023-12-06 17:29:41,539 [INFO] PluginManage:310 - Check plugin clock
2023-12-06 17:29:41,556 [INFO] PluginManage:359 - Loaded plugin clock (category:base,tabindex:2)
2023-12-06 17:29:41,557 [INFO] PluginManage:310 - Check plugin ddr
2023-12-06 17:29:41,560 [INFO] PluginManage:359 - Loaded plugin ddr (category:tool,tabindex:6)
2023-12-06 17:29:41,561 [INFO] PluginManage:310 - Check plugin filemanager
2023-12-06 17:29:41,695 [INFO] PluginManage:359 - Loaded plugin filemanager (category:base,tabindex:10)
2023-12-06 17:29:41,695 [INFO] PluginManage:310 - Check plugin ipmanager
2023-12-06 17:29:41,704 [INFO] PluginManage:359 - Loaded plugin ipmanager (category:base,tabindex:5)
2023-12-06 17:29:41,704 [INFO] PluginManage:310 - Check plugin lpbam
2023-12-06 17:29:41,722 [INFO] PluginManage:359 - Loaded plugin lpbam (category:base,tabindex:0)
2023-12-06 17:29:41,722 [INFO] PluginManage:310 - Check plugin memorymap
2023-12-06 17:29:41,742 [INFO] PluginManage:359 - Loaded plugin memorymap (category:base,tabindex:4)
2023-12-06 17:29:41,742 [INFO] PluginManage:310 - Check plugin pinoutandconfiguration
2023-12-06 17:29:41,759 [INFO] PluginManage:359 - Loaded plugin pinoutandconfiguration (category:base,tabindex:1)
2023-12-06 17:29:41,759 [INFO] PluginManage:310 - Check plugin pinoutconfig
2023-12-06 17:29:41,842 [WARN] SupportedApi:132 - Cannot load RTOS API schema: s4s-elt-must-match.1: The content of 'definitions' must match (annotation?, (simpleType | complexType)?, (unique | key | keyref)*)). A problem was found starting at: attribute.
2023-12-06 17:29:41,985 [INFO] PluginManage:359 - Loaded plugin pinoutconfig (category:base,tabindex:0)
2023-12-06 17:29:41,985 [INFO] PluginManage:310 - Check plugin power
2023-12-06 17:29:42,009 [INFO] PluginManage:359 - Loaded plugin power (category:power,tabindex:4)
2023-12-06 17:29:42,009 [INFO] PluginManage:310 - Check plugin projectmanager
2023-12-06 17:29:42,021 [INFO] PluginManage:359 - Loaded plugin projectmanager (category:projectmanager,tabindex:3)
2023-12-06 17:29:42,021 [INFO] PluginManage:310 - Check plugin thirdparty
2023-12-06 17:29:42,266 [INFO] PluginManage:359 - Loaded plugin thirdparty (category:base,tabindex:-1)
2023-12-06 17:29:42,266 [INFO] PluginManage:310 - Check plugin tools
2023-12-06 17:29:42,266 [WARN] IntegrityCheckThread:84 - waiting for thirdparty lock release [integrity check]
2023-12-06 17:29:42,267 [INFO] IntegrityCheckThread:86 - entering critical section [integrity check]
2023-12-06 17:29:42,267 [INFO] ThirdPartyUpdaterWithRetryManager:70 - Updater plugin not ready yet. [1/15]
2023-12-06 17:29:42,319 [INFO] PluginManage:359 - Loaded plugin tools (category:base,tabindex:7)
2023-12-06 17:29:42,319 [INFO] PluginManage:310 - Check plugin tutovideos
2023-12-06 17:29:42,534 [INFO] PluginManage:359 - Loaded plugin tutovideos (category:base,tabindex:-1)
2023-12-06 17:29:42,534 [INFO] PluginManage:310 - Check plugin updater
2023-12-06 17:29:42,547 [INFO] PluginManage:359 - Loaded plugin updater (category:base,tabindex:12)
2023-12-06 17:29:42,547 [INFO] PluginManage:310 - Check plugin userauth
2023-12-06 17:29:42,552 [INFO] UserAuth:113 - Init User Auth plugin
2023-12-06 17:29:42,552 [INFO] PluginManage:359 - Loaded plugin userauth (category:base,tabindex:14)
2023-12-06 17:29:42,553 [INFO] PluginManage:283 - PluginManage : Loaded plugins [17]
2023-12-06 17:29:42,773 [INFO] PinOutPanel:1499 - setPackage(No Configuration,No Configuration)
2023-12-06 17:29:42,884 [INFO] CADModel:165 - CPN selected for project level
2023-12-06 17:29:42,884 [INFO] CADModel:114 - Register for checkConnection events
2023-12-06 17:29:42,913 [INFO] IPUIPlugin:80 - create IPUIPlugin
2023-12-06 17:29:42,913 [INFO] PluginManager:220 - loadIPPluginJar : add adc
2023-12-06 17:29:42,982 [INFO] IPUIPlugin:80 - create IPUIPlugin
2023-12-06 17:29:42,982 [INFO] PluginManager:220 - loadIPPluginJar : add aes
2023-12-06 17:29:43,062 [INFO] IPUIPlugin:80 - create IPUIPlugin
2023-12-06 17:29:43,062 [INFO] PluginManager:220 - loadIPPluginJar : add can
2023-12-06 17:29:43,109 [INFO] IPUIPlugin:80 - create IPUIPlugin
2023-12-06 17:29:43,109 [INFO] PluginManager:220 - loadIPPluginJar : add comp
2023-12-06 17:29:43,179 [INFO] IPUIPlugin:80 - create IPUIPlugin
2023-12-06 17:29:43,179 [INFO] PluginManager:220 - loadIPPluginJar : add cryp
2023-12-06 17:29:43,240 [INFO] IPUIPlugin:80 - create IPUIPlugin
2023-12-06 17:29:43,241 [INFO] PluginManager:220 - loadIPPluginJar : add dfsdm
2023-12-06 17:29:43,263 [INFO] IPUIPlugin:80 - create IPUIPlugin
2023-12-06 17:29:43,264 [INFO] PluginManager:220 - loadIPPluginJar : add dma
2023-12-06 17:29:43,360 [INFO] IPUIPlugin:80 - create IPUIPlugin
2023-12-06 17:29:43,360 [INFO] PluginManager:220 - loadIPPluginJar : add dma3
2023-12-06 17:29:43,402 [INFO] IPUIPlugin:80 - create IPUIPlugin
2023-12-06 17:29:43,402 [INFO] PluginManager:220 - loadIPPluginJar : add fatfs
2023-12-06 17:29:43,515 [INFO] IPUIPlugin:80 - create IPUIPlugin
2023-12-06 17:29:43,515 [INFO] PluginManager:220 - loadIPPluginJar : add fmc
2023-12-06 17:29:43,538 [INFO] IPUIPlugin:80 - create IPUIPlugin
2023-12-06 17:29:43,538 [INFO] PluginManager:220 - loadIPPluginJar : add freertos
2023-12-06 17:29:43,578 [INFO] IPUIPlugin:80 - create IPUIPlugin
2023-12-06 17:29:43,578 [INFO] PluginManager:220 - loadIPPluginJar : add genericplugin
2023-12-06 17:29:43,773 [INFO] IPUIPlugin:80 - create IPUIPlugin
2023-12-06 17:29:43,773 [INFO] PluginManager:220 - loadIPPluginJar : add gfxmmu
2023-12-06 17:29:44,113 [INFO] IPUIPlugin:80 - create IPUIPlugin
2023-12-06 17:29:44,114 [INFO] PluginManager:220 - loadIPPluginJar : add gic
2023-12-06 17:29:44,136 [INFO] IPUIPlugin:80 - create IPUIPlugin
2023-12-06 17:29:44,136 [INFO] PluginManager:220 - loadIPPluginJar : add gpio
2023-12-06 17:29:44,338 [INFO] IPUIPlugin:80 - create IPUIPlugin
2023-12-06 17:29:44,339 [INFO] PluginManager:220 - loadIPPluginJar : add gtzc
2023-12-06 17:29:44,422 [INFO] IPUIPlugin:80 - create IPUIPlugin
2023-12-06 17:29:44,423 [INFO] PluginManager:220 - loadIPPluginJar : add hash
2023-12-06 17:29:44,559 [INFO] IPUIPlugin:80 - create IPUIPlugin
2023-12-06 17:29:44,559 [INFO] PluginManager:220 - loadIPPluginJar : add i2c
2023-12-06 17:29:44,651 [INFO] IPUIPlugin:80 - create IPUIPlugin
2023-12-06 17:29:44,651 [INFO] PluginManager:220 - loadIPPluginJar : add i2s
2023-12-06 17:29:44,752 [INFO] IPUIPlugin:80 - create IPUIPlugin
2023-12-06 17:29:44,753 [INFO] PluginManager:220 - loadIPPluginJar : add i3c
2023-12-06 17:29:44,970 [INFO] IPUIPlugin:80 - create IPUIPlugin
2023-12-06 17:29:44,970 [INFO] PluginManager:220 - loadIPPluginJar : add ipddr
2023-12-06 17:29:45,197 [INFO] IPUIPlugin:80 - create IPUIPlugin
2023-12-06 17:29:45,197 [INFO] PluginManager:220 - loadIPPluginJar : add linkedlist
2023-12-06 17:29:45,268 [INFO] ThirdPartyUpdaterWithRetryManager:70 - Updater plugin not ready yet. [2/15]
2023-12-06 17:29:45,272 [INFO] IPUIPlugin:80 - create IPUIPlugin
2023-12-06 17:29:45,273 [INFO] PluginManager:220 - loadIPPluginJar : add lorawan
2023-12-06 17:29:45,358 [INFO] IPUIPlugin:80 - create IPUIPlugin
2023-12-06 17:29:45,358 [INFO] PluginManager:220 - loadIPPluginJar : add ltdc
2023-12-06 17:29:45,383 [INFO] IPUIPlugin:80 - create IPUIPlugin
2023-12-06 17:29:45,383 [INFO] PluginManager:220 - loadIPPluginJar : add mdma
2023-12-06 17:29:45,404 [INFO] IPUIPlugin:80 - create IPUIPlugin
2023-12-06 17:29:45,404 [INFO] PluginManager:220 - loadIPPluginJar : add nvic
2023-12-06 17:29:45,483 [INFO] IPUIPlugin:80 - create IPUIPlugin
2023-12-06 17:29:45,484 [INFO] PluginManager:220 - loadIPPluginJar : add opamp
2023-12-06 17:29:45,558 [INFO] IPUIPlugin:80 - create IPUIPlugin
2023-12-06 17:29:45,558 [INFO] PluginManager:220 - loadIPPluginJar : add openamp
2023-12-06 17:29:45,597 [INFO] IPUIPlugin:80 - create IPUIPlugin
2023-12-06 17:29:45,597 [INFO] PluginManager:220 - loadIPPluginJar : add pdm2pcm
2023-12-06 17:29:45,614 [INFO] IPUIPlugin:80 - create IPUIPlugin
2023-12-06 17:29:45,616 [INFO] PluginManager:220 - loadIPPluginJar : add plateformsettings
2023-12-06 17:29:45,638 [INFO] IPUIPlugin:80 - create IPUIPlugin
2023-12-06 17:29:45,638 [INFO] PluginManager:220 - loadIPPluginJar : add quadspi
2023-12-06 17:29:45,653 [INFO] IPUIPlugin:80 - create IPUIPlugin
2023-12-06 17:29:45,653 [INFO] PluginManager:220 - loadIPPluginJar : add resmgrutility
2023-12-06 17:29:45,690 [INFO] IPUIPlugin:80 - create IPUIPlugin
2023-12-06 17:29:45,690 [INFO] PluginManager:220 - loadIPPluginJar : add sai
2023-12-06 17:29:45,720 [INFO] IPUIPlugin:80 - create IPUIPlugin
2023-12-06 17:29:45,720 [INFO] PluginManager:220 - loadIPPluginJar : add spi
2023-12-06 17:29:45,769 [INFO] IPUIPlugin:80 - create IPUIPlugin
2023-12-06 17:29:45,769 [INFO] PluginManager:220 - loadIPPluginJar : add stm32_wpan
2023-12-06 17:29:45,789 [INFO] IPUIPlugin:80 - create IPUIPlugin
2023-12-06 17:29:45,789 [INFO] PluginManager:220 - loadIPPluginJar : add tim
2023-12-06 17:29:45,843 [INFO] IPUIPlugin:80 - create IPUIPlugin
2023-12-06 17:29:45,843 [INFO] PluginManager:220 - loadIPPluginJar : add touchsensing
2023-12-06 17:29:45,865 [INFO] IPUIPlugin:80 - create IPUIPlugin
2023-12-06 17:29:45,865 [INFO] PluginManager:220 - loadIPPluginJar : add tracer_emb
2023-12-06 17:29:45,886 [INFO] IPUIPlugin:80 - create IPUIPlugin
2023-12-06 17:29:45,886 [INFO] PluginManager:220 - loadIPPluginJar : add ts
2023-12-06 17:29:45,904 [INFO] IPUIPlugin:80 - create IPUIPlugin
2023-12-06 17:29:45,904 [INFO] PluginManager:220 - loadIPPluginJar : add tsc
2023-12-06 17:29:45,924 [INFO] IPUIPlugin:80 - create IPUIPlugin
2023-12-06 17:29:45,924 [INFO] PluginManager:220 - loadIPPluginJar : add ucpd
2023-12-06 17:29:45,962 [INFO] IPUIPlugin:80 - create IPUIPlugin
2023-12-06 17:29:45,962 [INFO] PluginManager:220 - loadIPPluginJar : add usart
2023-12-06 17:29:45,996 [INFO] IPUIPlugin:80 - create IPUIPlugin
2023-12-06 17:29:45,996 [INFO] PluginManager:220 - loadIPPluginJar : add usbx
2023-12-06 17:29:46,123 [INFO] CADModel:165 - CPN selected for project level
2023-12-06 17:29:46,123 [INFO] CADModel:114 - Register for checkConnection events
2023-12-06 17:29:46,125 [FATAL] Updater:308 - Updater called before beeing initialized
2023-12-06 17:29:46,125 [ERROR] CADModel:125 - Updater not yet initialized, retry later 
2023-12-06 17:29:46,275 [INFO] CADModel:165 - CPN selected for project level
2023-12-06 17:29:46,275 [INFO] CADModel:114 - Register for checkConnection events
2023-12-06 17:29:46,276 [FATAL] Updater:308 - Updater called before beeing initialized
2023-12-06 17:29:46,276 [ERROR] CADModel:125 - Updater not yet initialized, retry later 
2023-12-06 17:29:46,280 [FATAL] Updater:308 - Updater called before beeing initialized
2023-12-06 17:29:46,375 [FATAL] Updater:308 - Updater called before beeing initialized
2023-12-06 17:29:46,385 [INFO] DbMcusAds:53 - JSON generation date=Tue Mar 07 09:50:55 CET 2023 (1678179055335)
2023-12-06 17:29:46,385 [FATAL] Updater:308 - Updater called before beeing initialized
2023-12-06 17:29:46,459 [WARN] DetailPanel:346 - Failed to get advertising image, set to default
2023-12-06 17:29:46,537 [FATAL] Updater:308 - Updater called before beeing initialized
2023-12-06 17:29:46,539 [FATAL] Updater:308 - Updater called before beeing initialized
2023-12-06 17:29:46,539 [FATAL] Updater:308 - Updater called before beeing initialized
2023-12-06 17:29:46,539 [WARN] DetailPanel:346 - Failed to get advertising image, set to default
2023-12-06 17:29:46,540 [FATAL] Updater:308 - Updater called before beeing initialized
2023-12-06 17:29:46,590 [ERROR] Updater:1120 - MainUpdater not yet initialized. External WinMGr cannot be set.
2023-12-06 17:29:46,599 [INFO] Updater:1056 - Updater Version found : 6.9.2
2023-12-06 17:29:46,615 [INFO] ApplicationProperties:184 - Using Application install path: C:\ST\STM32CubeIDE_1.11.2\STM32CubeIDE\plugins\com.st.stm32cube.common.mx_6.9.2.202309101412
2023-12-06 17:29:46,756 [INFO] MainUpdater:2868 - connection check result : 10
2023-12-06 17:29:46,757 [INFO] MainUpdater:285 - Updater Check For Update Now.
2023-12-06 17:29:46,758 [INFO] MicroXplorer:498 - Change Database Version : DB.6.0.92
2023-12-06 17:29:46,777 [INFO] McuFinderGlobals:63 - Set McuFinder mode to 2 (CubeIDE integrated)
2023-12-06 17:29:46,777 [INFO] UserAuth:179 - activating auth plugin
2023-12-06 17:29:46,780 [INFO] UserAuth:393 - Internet connection configuration mode: 1
2023-12-06 17:29:46,808 [INFO] JxBrowserEngine:151 - Initiate JxBrowser Engine with user profile folder
2023-12-06 17:29:46,986 [INFO] CheckServerUpdateThread:120 - End of CheckServer Thread
2023-12-06 17:29:48,491 [WARN] PackLoader:240 - Cannot read IP mode file for STMicroelectronics.X-CUBE-SMBUS.2.1.0
2023-12-06 17:29:48,567 [WARN] PackLoader:240 - Cannot read IP mode file for STMicroelectronics.X-CUBE-AZRTOS-F7.1.1.0
2023-12-06 17:29:48,631 [WARN] PackLoader:240 - Cannot read IP mode file for STMicroelectronics.FP-SNS-MOTENV1.4.3.2
2023-12-06 17:29:48,658 [WARN] PackLoader:240 - Cannot read IP mode file for STMicroelectronics.X-CUBE-BLE1.6.2.4
2023-12-06 17:29:48,677 [WARN] PackLoader:240 - Cannot read IP mode file for STMicroelectronics.FP-SNS-FLIGHT1.5.0.2
2023-12-06 17:29:48,703 [WARN] PackLoader:240 - Cannot read IP mode file for STMicroelectronics.X-CUBE-DISPLAY.3.0.0
2023-12-06 17:29:48,731 [WARN] PackLoader:240 - Cannot read IP mode file for STMicroelectronics.X-CUBE-BLE1.7.0.0
2023-12-06 17:29:48,753 [WARN] PackLoader:240 - Cannot read IP mode file for STMicroelectronics.X-CUBE-TOUCHGFX.4.22.1
2023-12-06 17:29:48,772 [WARN] PackLoader:240 - Cannot read IP mode file for STMicroelectronics.FP-SNS-SMARTAG2.1.2.0
2023-12-06 17:29:48,804 [INFO] LogOutputStream:77 - [STDOUT_REDIRECT] 1 : Invalid condition id : UX_CORESTACK_Condition cause : null
2023-12-06 17:29:48,805 [INFO] LogOutputStream:77 - [STDOUT_REDIRECT] 1 : Invalid condition id : UX_CORESTACK_Condition cause : null
2023-12-06 17:29:48,807 [INFO] LogOutputStream:77 - [STDOUT_REDIRECT] 1 : Invalid condition id : UX_CORESTACK_Condition cause : null
2023-12-06 17:29:48,808 [INFO] LogOutputStream:77 - [STDOUT_REDIRECT] 1 : Invalid condition id : UX_CORESTACK_Condition cause : null
2023-12-06 17:29:48,810 [INFO] LogOutputStream:77 - [STDOUT_REDIRECT] 1 : Invalid condition id : UX_CORESTACK_Condition cause : null
2023-12-06 17:29:48,815 [WARN] PackLoader:240 - Cannot read IP mode file for STMicroelectronics.X-CUBE-AZRTOS-WL.2.0.0
2023-12-06 17:29:48,844 [WARN] PackLoader:240 - Cannot read IP mode file for WES.I-CUBE-Cesium.1.3.0
2023-12-06 17:29:48,865 [WARN] PackLoader:240 - Cannot read IP mode file for STMicroelectronics.X-CUBE-BLE2.3.3.0
2023-12-06 17:29:48,900 [WARN] PackLoader:240 - Cannot read IP mode file for STMicroelectronics.X-CUBE-TOF1.3.2.0
2023-12-06 17:29:48,925 [WARN] PackLoader:240 - Cannot read IP mode file for STMicroelectronics.X-CUBE-TOUCHGFX.4.21.1
2023-12-06 17:29:48,941 [WARN] PackLoader:240 - Cannot read IP mode file for STMicroelectronics.X-CUBE-AI.7.3.0
2023-12-06 17:29:48,965 [WARN] PackLoader:240 - Cannot read IP mode file for STMicroelectronics.X-CUBE-ALGOBUILD.1.3.0
2023-12-06 17:29:49,010 [WARN] PackLoader:240 - Cannot read IP mode file for STMicroelectronics.X-CUBE-AZRTOS-G0.1.1.0
2023-12-06 17:29:49,037 [WARN] PackLoader:240 - Cannot read IP mode file for STMicroelectronics.X-CUBE-NFC4.3.0.0
2023-12-06 17:29:49,069 [WARN] PackLoader:240 - Cannot read IP mode file for STMicroelectronics.X-CUBE-BLEMGR.3.0.0
2023-12-06 17:29:49,098 [WARN] PackLoader:240 - Cannot read IP mode file for STMicroelectronics.X-CUBE-BLEMGR.1.3.0
2023-12-06 17:29:49,121 [WARN] PackLoader:240 - Cannot read IP mode file for STMicroelectronics.FP-ATR-SIGFOX1.3.2.0
2023-12-06 17:29:49,232 [WARN] PackLoader:240 - Cannot read IP mode file for STMicroelectronics.X-CUBE-MEMS1.9.5.0
2023-12-06 17:29:49,731 [WARN] PackLoader:240 - Cannot read IP mode file for SEGGER.I-CUBE-embOS.1.3.1
2023-12-06 17:29:49,865 [WARN] PackLoader:240 - Cannot read IP mode file for STMicroelectronics.X-CUBE-GNSS1.6.0.0
2023-12-06 17:29:49,929 [WARN] PackLoader:240 - Cannot read IP mode file for STMicroelectronics.X-CUBE-AZRTOS-F4.1.1.0
2023-12-06 17:29:49,991 [WARN] PackLoader:240 - Cannot read IP mode file for STMicroelectronics.X-CUBE-AZRTOS-L5.2.0.0
2023-12-06 17:29:50,107 [WARN] PackLoader:240 - Cannot read IP mode file for STMicroelectronics.X-CUBE-MEMS1.9.6.0
2023-12-06 17:29:50,562 [WARN] PackLoader:240 - Cannot read IP mode file for STMicroelectronics.X-CUBE-EEPRMA1.4.2.0
2023-12-06 17:29:50,656 [WARN] PackLoader:240 - Cannot read IP mode file for ITTIA_DB.I-CUBE-ITTIADB.8.8.0
2023-12-06 17:29:50,727 [WARN] PackLoader:240 - Cannot read IP mode file for emotas.I-CUBE-CANOPEN.1.1.3
2023-12-06 17:29:50,774 [WARN] PackLoader:240 - Cannot read IP mode file for STMicroelectronics.X-CUBE-BLEMGR.2.0.0
2023-12-06 17:29:50,863 [WARN] ConditionMgr:438 - getConditionDescription Invalid condition id : UX DEVICE CLASS RTOS Condition cause : null
2023-12-06 17:29:50,865 [WARN] ConditionMgr:438 - getConditionDescription Invalid condition id : UX DEVICE CLASS RTOS Condition cause : null
2023-12-06 17:29:50,882 [WARN] PackLoader:240 - Cannot read IP mode file for STMicroelectronics.X-CUBE-AZRTOS-H7.3.1.0
2023-12-06 17:29:50,884 [WARN] ConditionMgr:1039 - genDependencies : Invalid condition id : UX DEVICE CLASS RTOS Condition cause : null
2023-12-06 17:29:50,885 [WARN] ConditionMgr:1039 - genDependencies : Invalid condition id : UX DEVICE CLASS RTOS Condition cause : null
2023-12-06 17:29:50,887 [WARN] ConditionMgr:1039 - genDependencies : Invalid condition id : UX DEVICE CLASS RTOS Condition cause : null
2023-12-06 17:29:50,888 [WARN] ConditionMgr:1039 - genDependencies : Invalid condition id : UX DEVICE CLASS RTOS Condition cause : null
2023-12-06 17:29:50,888 [WARN] ConditionMgr:1039 - genDependencies : Invalid condition id : UX DEVICE CLASS RTOS Condition cause : null
2023-12-06 17:29:50,920 [WARN] PackLoader:240 - Cannot read IP mode file for wolfSSL.I-CUBE-wolfSSL.5.5.4
2023-12-06 17:29:50,952 [WARN] PackLoader:240 - Cannot read IP mode file for STMicroelectronics.X-CUBE-NFC7.1.0.1
2023-12-06 17:29:50,982 [WARN] PackLoader:240 - Cannot read IP mode file for STMicroelectronics.X-CUBE-NFC7.1.0.0
2023-12-06 17:29:50,987 [INFO] WebApp:157 - Instantiating new browser for Auth
2023-12-06 17:29:51,055 [WARN] PackLoader:240 - Cannot read IP mode file for STMicroelectronics.X-CUBE-NFC6.3.0.0
2023-12-06 17:29:51,119 [WARN] PackLoader:240 - Cannot read IP mode file for STMicroelectronics.X-CUBE-EEPRMA1.4.1.0
2023-12-06 17:29:51,149 [WARN] PackLoader:240 - Cannot read IP mode file for STMicroelectronics.X-CUBE-AI.8.1.0
2023-12-06 17:29:51,286 [WARN] ConditionMgr:438 - getConditionDescription Invalid condition id : LAN8742 Phy interface Condition cause : null
2023-12-06 17:29:51,287 [WARN] PackLoader:240 - Cannot read IP mode file for STMicroelectronics.X-CUBE-AZRTOS-L4.2.0.0
2023-12-06 17:29:51,290 [WARN] ConditionMgr:1039 - genDependencies : Invalid condition id : LAN8742 Phy interface Condition cause : null
2023-12-06 17:29:51,291 [WARN] ConditionMgr:1039 - genDependencies : Invalid condition id : LAN8742 Phy interface Condition cause : null
2023-12-06 17:29:51,293 [WARN] ConditionMgr:1039 - genDependencies : Invalid condition id : LAN8742 Phy interface Condition cause : null
2023-12-06 17:29:51,331 [WARN] PackLoader:240 - Cannot read IP mode file for STMicroelectronics.X-CUBE-SFXS2LP1.4.0.0
2023-12-06 17:29:51,423 [WARN] PackLoader:240 - Cannot read IP mode file for STMicroelectronics.X-CUBE-AZRTOS-H7.3.0.0
2023-12-06 17:29:51,463 [WARN] PackLoader:240 - Cannot read IP mode file for STMicroelectronics.X-CUBE-ISPU.1.1.0
2023-12-06 17:29:51,497 [WARN] PackLoader:240 - Cannot read IP mode file for RoweBots.I-CUBE-UNISONRTOS.5.5.0-4
2023-12-06 17:29:51,523 [WARN] PackLoader:240 - Cannot read IP mode file for STMicroelectronics.X-CUBE-AI.8.0.0
2023-12-06 17:29:51,578 [WARN] ConditionMgr:438 - getConditionDescription Invalid condition id : UX DEVICE CLASS RTOS Condition cause : null
2023-12-06 17:29:51,578 [WARN] ConditionMgr:438 - getConditionDescription Invalid condition id : UX DEVICE CLASS RTOS Condition cause : null
2023-12-06 17:29:51,588 [WARN] PackLoader:240 - Cannot read IP mode file for STMicroelectronics.X-CUBE-AZRTOS-WB.2.0.0
2023-12-06 17:29:51,590 [WARN] ConditionMgr:1039 - genDependencies : Invalid condition id : UX DEVICE CLASS RTOS Condition cause : null
2023-12-06 17:29:51,590 [WARN] ConditionMgr:1039 - genDependencies : Invalid condition id : UX DEVICE CLASS RTOS Condition cause : null
2023-12-06 17:29:51,608 [WARN] ConditionMgr:1039 - genDependencies : Invalid condition id : UX DEVICE CLASS RTOS Condition cause : null
2023-12-06 17:29:51,608 [WARN] ConditionMgr:1039 - genDependencies : Invalid condition id : UX DEVICE CLASS RTOS Condition cause : null
2023-12-06 17:29:51,609 [WARN] ConditionMgr:1039 - genDependencies : Invalid condition id : UX DEVICE CLASS RTOS Condition cause : null
2023-12-06 17:29:51,638 [WARN] PackLoader:240 - Cannot read IP mode file for STMicroelectronics.X-CUBE-FREERTOS.1.0.0
2023-12-06 17:29:51,703 [WARN] PackLoader:240 - Cannot read IP mode file for STMicroelectronics.X-CUBE-AZRTOS-L5.1.1.0
2023-12-06 17:29:51,755 [WARN] PackLoader:240 - Cannot read IP mode file for STMicroelectronics.X-CUBE-SUBG2.5.0.0
2023-12-06 17:29:51,804 [WARN] PackLoader:240 - Cannot read IP mode file for STMicroelectronics.X-CUBE-TOF1.3.3.1
2023-12-06 17:29:51,867 [WARN] PackLoader:240 - Cannot read IP mode file for STMicroelectronics.X-CUBE-AZRTOS-G4.2.0.0
2023-12-06 17:29:51,890 [WARN] PackLoader:240 - Cannot read IP mode file for STMicroelectronics.FP-ATR-ASTRA1.1.1.1
2023-12-06 17:29:51,941 [WARN] PackLoader:240 - Cannot read IP mode file for Infineon.AIROC-Wi-Fi-Bluetooth-STM32.1.5.1
2023-12-06 17:29:51,972 [WARN] PackLoader:240 - Cannot read IP mode file for STMicroelectronics.FP-SNS-MOTENVWB1.1.3.0
2023-12-06 17:29:51,998 [WARN] PackLoader:240 - Cannot read IP mode file for STMicroelectronics.FP-SNS-MOTENVWB1.1.3.1
2023-12-06 17:29:52,053 [WARN] PackLoader:240 - Cannot read IP mode file for STMicroelectronics.X-CUBE-AZRTOS-G4.1.0.0
2023-12-06 17:29:52,108 [WARN] PackLoader:240 - Cannot read IP mode file for STMicroelectronics.X-CUBE-AZRTOS-L4.1.0.0
2023-12-06 17:29:52,231 [WARN] PackLoader:240 - Cannot read IP mode file for STMicroelectronics.X-CUBE-MEMS1.10.0.0
2023-12-06 17:29:52,365 [INFO] WebApp:753 - Register for checkConnection events
2023-12-06 17:29:52,365 [INFO] WebApp:390 - Apply proxy settings
2023-12-06 17:29:52,365 [INFO] WebApp:475 - Chromium requires no authentication
2023-12-06 17:29:52,379 [INFO] WebApp:418 - Direct internet connection detected
2023-12-06 17:29:52,430 [WARN] PackLoader:240 - Cannot read IP mode file for STMicroelectronics.X-CUBE-FREERTOS.1.1.0
2023-12-06 17:29:52,461 [WARN] PackLoader:240 - Cannot read IP mode file for STMicroelectronics.X-CUBE-AZRTOS-WL.1.0.0
2023-12-06 17:29:52,490 [WARN] PackLoader:240 - Cannot read IP mode file for portGmbH.I-Cube-SoM-uGOAL.1.1.0
2023-12-06 17:29:52,513 [WARN] PackLoader:240 - Cannot read IP mode file for STMicroelectronics.X-CUBE-ALS.1.0.1
2023-12-06 17:29:52,557 [WARN] PackLoader:240 - Cannot read IP mode file for STMicroelectronics.X-CUBE-AZRTOS-WB.1.1.0
2023-12-06 17:29:52,578 [WARN] PackLoader:240 - Cannot read IP mode file for STMicroelectronics.FP-ATR-ASTRA1.2.0.0
2023-12-06 17:29:52,611 [WARN] PackLoader:240 - Cannot read IP mode file for STMicroelectronics.X-CUBE-TOF1.3.4.0
2023-12-06 17:29:52,623 [INFO] ThirdParty:978 - Integrity check success = true
2023-12-06 17:29:52,624 [INFO] IntegrityCheckThread:100 - exiting critical section [integrity check]
2023-12-06 17:29:52,624 [INFO] IntegrityCheckThread:103 - End integrity checks thread
2023-12-06 17:29:52,702 [INFO] WebApp:188 - Starting web application
2023-12-06 17:29:52,703 [INFO] WebApp:520 - Web application path used C:\ST\STM32CubeIDE_1.11.2\STM32CubeIDE\plugins\com.st.stm32cube.common.mx_6.9.2.202309101412\db\plugins\mcufinder\reactClient1\index.html
2023-12-06 17:30:14,587 [ERROR] LogOutputStream:75 - [STDERR_REDIRECT] SLF4J: Failed to load class "org.slf4j.impl.StaticLoggerBinder".
2023-12-06 17:30:14,588 [ERROR] LogOutputStream:75 - [STDERR_REDIRECT] SLF4J: Defaulting to no-operation (NOP) logger implementation
2023-12-06 17:30:14,590 [ERROR] LogOutputStream:75 - [STDERR_REDIRECT] SLF4J: See http://www.slf4j.org/codes.html#StaticLoggerBinder for further details.
2023-12-06 17:31:23,300 [ERROR] LogOutputStream:75 - [STDERR_REDIRECT] 
