2023-11-11 21:34:54,670 [INFO] Activator:176 - 


2023-11-11 21:34:54,675 [INFO] Activator:177 - !SESSION log4j initialized
2023-11-11 21:34:57,472 [INFO] LogOutputStream:77 - [STDOUT_REDIRECT] 
2023-11-11 21:34:59,840 [INFO] ApplicationProperties:184 - Using Application install path: C:\ST\STM32CubeIDE_1.11.2\STM32CubeIDE\plugins\com.st.stm32cube.common.mx_6.9.2.202309101412
2023-11-11 21:34:59,859 [INFO] DbMcusXml:78 - Set database path to: C:\ST\STM32CubeIDE_1.11.2\STM32CubeIDE\plugins\com.st.stm32cube.common.mx_6.9.2.202309101412\\db\/mcu/
2023-11-11 21:34:59,859 [INFO] ApiDb:274 - Set plugin database path to: C:\ST\STM32CubeIDE_1.11.2\STM32CubeIDE\plugins\com.st.stm32cube.common.mx_6.9.2.202309101412\\db\/plugins/boardmanager/
2023-11-11 21:34:59,860 [WARN] ApiDb:259 - Overriding images path with different value:  => C:\ST\STM32CubeIDE_1.11.2\STM32CubeIDE\plugins\com.st.stm32cube.common.mx_6.9.2.202309101412\\db\/plugins/mcufinder/images/
2023-11-11 21:34:59,869 [INFO] ApiDb:250 - Set database path to: C:\Users\andep\.stmcufinder\plugins\mcufinder//mcu/
2023-11-11 21:34:59,870 [INFO] DbMcusAds:125 - Set database path to: C:\Users\andep\.stmcufinder\plugins\mcufinder//mcu/
2023-11-11 21:34:59,872 [INFO] CrossReferenceDbSqlite:203 - Set database path to: C:\Users\andep\.stmcufinder\plugins\mcufinder//mcu/cs/
2023-11-11 21:35:00,065 [INFO] RulesReader:64 - Compatibility file has been processed (293 Rules)
2023-11-11 21:35:00,172 [INFO] DbMcusXml:78 - Set database path to: C:\ST\STM32CubeIDE_1.11.2\STM32CubeIDE\plugins\com.st.stm32cube.common.mx_6.9.2.202309101412\\db\/mcu/
2023-11-11 21:35:00,172 [INFO] ApiDb:274 - Set plugin database path to: C:\ST\STM32CubeIDE_1.11.2\STM32CubeIDE\plugins\com.st.stm32cube.common.mx_6.9.2.202309101412\\db\/plugins/boardmanager/
2023-11-11 21:35:00,172 [INFO] ApiDb:261 - Set plugin images path to: C:\ST\STM32CubeIDE_1.11.2\STM32CubeIDE\plugins\com.st.stm32cube.common.mx_6.9.2.202309101412\\db\/plugins/mcufinder/images/
2023-11-11 21:35:00,172 [WARN] DbFile:41 - Overriding database path with different value: C:\Users\andep\.stmcufinder\plugins\mcufinder/ => C:\Users\andep\.stmcufinder\plugins\mcufinder
2023-11-11 21:35:00,173 [INFO] ApiDb:250 - Set database path to: C:\Users\andep\.stmcufinder\plugins\mcufinder//mcu/
2023-11-11 21:35:00,173 [WARN] DbFile:41 - Overriding database path with different value: C:\Users\andep\.stmcufinder\plugins\mcufinder/ => C:\Users\andep\.stmcufinder\plugins\mcufinder
2023-11-11 21:35:00,173 [INFO] DbMcusAds:125 - Set database path to: C:\Users\andep\.stmcufinder\plugins\mcufinder//mcu/
2023-11-11 21:35:00,173 [WARN] DbFile:41 - Overriding database path with different value: C:\Users\andep\.stmcufinder\plugins\mcufinder/ => C:\Users\andep\.stmcufinder\plugins\mcufinder
2023-11-11 21:35:00,173 [WARN] DbFile:41 - Overriding database path with different value: C:\Users\andep\.stmcufinder\plugins\mcufinder/ => C:\Users\andep\.stmcufinder\plugins\mcufinder
2023-11-11 21:35:00,173 [INFO] CrossReferenceDbSqlite:203 - Set database path to: C:\Users\andep\.stmcufinder\plugins\mcufinder//mcu/cs/
2023-11-11 21:35:00,303 [INFO] MainPanel:262 - HeapMemory: 268435456
2023-11-11 21:35:00,450 [INFO] DbMcusXml:78 - Set database path to: C:\ST\STM32CubeIDE_1.11.2\STM32CubeIDE\plugins\com.st.stm32cube.common.mx_6.9.2.202309101412\\db\/mcu/
2023-11-11 21:35:00,450 [INFO] ApiDb:274 - Set plugin database path to: C:\ST\STM32CubeIDE_1.11.2\STM32CubeIDE\plugins\com.st.stm32cube.common.mx_6.9.2.202309101412\\db\/plugins/boardmanager/
2023-11-11 21:35:00,450 [INFO] ApiDb:261 - Set plugin images path to: C:\ST\STM32CubeIDE_1.11.2\STM32CubeIDE\plugins\com.st.stm32cube.common.mx_6.9.2.202309101412\\db\/plugins/mcufinder/images/
2023-11-11 21:35:00,451 [WARN] DbFile:41 - Overriding database path with different value: C:\Users\andep\.stmcufinder\plugins\mcufinder/ => C:\Users\andep\.stmcufinder\plugins\mcufinder
2023-11-11 21:35:00,451 [INFO] ApiDb:250 - Set database path to: C:\Users\andep\.stmcufinder\plugins\mcufinder//mcu/
2023-11-11 21:35:00,451 [WARN] DbFile:41 - Overriding database path with different value: C:\Users\andep\.stmcufinder\plugins\mcufinder/ => C:\Users\andep\.stmcufinder\plugins\mcufinder
2023-11-11 21:35:00,452 [INFO] DbMcusAds:125 - Set database path to: C:\Users\andep\.stmcufinder\plugins\mcufinder//mcu/
2023-11-11 21:35:00,452 [WARN] DbFile:41 - Overriding database path with different value: C:\Users\andep\.stmcufinder\plugins\mcufinder/ => C:\Users\andep\.stmcufinder\plugins\mcufinder
2023-11-11 21:35:00,452 [WARN] DbFile:41 - Overriding database path with different value: C:\Users\andep\.stmcufinder\plugins\mcufinder/ => C:\Users\andep\.stmcufinder\plugins\mcufinder
2023-11-11 21:35:00,452 [INFO] CrossReferenceDbSqlite:203 - Set database path to: C:\Users\andep\.stmcufinder\plugins\mcufinder//mcu/cs/
2023-11-11 21:35:00,492 [INFO] ApplicationProperties:184 - Using Application install path: C:\ST\STM32CubeIDE_1.11.2\STM32CubeIDE\plugins\com.st.stm32cube.common.mx_6.9.2.202309101412
2023-11-11 21:35:00,494 [INFO] PluginManage:196 - Search for loadable plugins [exclusion list=, ]
2023-11-11 21:35:00,495 [INFO] PluginManage:310 - Check plugin analytics
2023-11-11 21:35:00,824 [INFO] AnalyticsPlugin:253 - Accepted Software Licenses: 
2023-11-11 21:35:00,824 [INFO] AnalyticsPlugin:255 - Accepted CMSIS Pack Licenses: 
2023-11-11 21:35:00,824 [INFO] AnalyticsPlugin:257 - Accepted Firmware Licenses: 
2023-11-11 21:35:00,826 [INFO] PluginManage:359 - Loaded plugin analytics (category:tool,tabindex:-1)
2023-11-11 21:35:00,827 [INFO] PluginManage:310 - Check plugin cadmodel
2023-11-11 21:35:00,843 [INFO] CADModel:105 - Init CAD model plugin
2023-11-11 21:35:00,843 [INFO] PluginManage:359 - Loaded plugin cadmodel (category:power,tabindex:5)
2023-11-11 21:35:00,843 [INFO] PluginManage:310 - Check plugin clock
2023-11-11 21:35:00,880 [INFO] PluginManage:359 - Loaded plugin clock (category:base,tabindex:2)
2023-11-11 21:35:00,881 [INFO] PluginManage:310 - Check plugin ddr
2023-11-11 21:35:00,898 [INFO] PluginManage:359 - Loaded plugin ddr (category:tool,tabindex:6)
2023-11-11 21:35:00,899 [INFO] PluginManage:310 - Check plugin filemanager
2023-11-11 21:35:01,106 [INFO] PluginManage:359 - Loaded plugin filemanager (category:base,tabindex:10)
2023-11-11 21:35:01,108 [INFO] PluginManage:310 - Check plugin ipmanager
2023-11-11 21:35:01,118 [INFO] PluginManage:359 - Loaded plugin ipmanager (category:base,tabindex:5)
2023-11-11 21:35:01,118 [INFO] PluginManage:310 - Check plugin lpbam
2023-11-11 21:35:01,156 [INFO] PluginManage:359 - Loaded plugin lpbam (category:base,tabindex:0)
2023-11-11 21:35:01,157 [INFO] PluginManage:310 - Check plugin memorymap
2023-11-11 21:35:01,181 [INFO] PluginManage:359 - Loaded plugin memorymap (category:base,tabindex:4)
2023-11-11 21:35:01,181 [INFO] PluginManage:310 - Check plugin pinoutandconfiguration
2023-11-11 21:35:01,195 [INFO] PluginManage:359 - Loaded plugin pinoutandconfiguration (category:base,tabindex:1)
2023-11-11 21:35:01,195 [INFO] PluginManage:310 - Check plugin pinoutconfig
2023-11-11 21:35:01,287 [WARN] SupportedApi:132 - Cannot load RTOS API schema: s4s-elt-must-match.1: The content of 'definitions' must match (annotation?, (simpleType | complexType)?, (unique | key | keyref)*)). A problem was found starting at: attribute.
2023-11-11 21:35:01,411 [INFO] PluginManage:359 - Loaded plugin pinoutconfig (category:base,tabindex:0)
2023-11-11 21:35:01,412 [INFO] PluginManage:310 - Check plugin power
2023-11-11 21:35:01,444 [INFO] PluginManage:359 - Loaded plugin power (category:power,tabindex:4)
2023-11-11 21:35:01,444 [INFO] PluginManage:310 - Check plugin projectmanager
2023-11-11 21:35:01,459 [INFO] PluginManage:359 - Loaded plugin projectmanager (category:projectmanager,tabindex:3)
2023-11-11 21:35:01,459 [INFO] PluginManage:310 - Check plugin thirdparty
2023-11-11 21:35:01,732 [INFO] PluginManage:359 - Loaded plugin thirdparty (category:base,tabindex:-1)
2023-11-11 21:35:01,732 [WARN] IntegrityCheckThread:84 - waiting for thirdparty lock release [integrity check]
2023-11-11 21:35:01,732 [INFO] PluginManage:310 - Check plugin tools
2023-11-11 21:35:01,732 [INFO] IntegrityCheckThread:86 - entering critical section [integrity check]
2023-11-11 21:35:01,732 [INFO] ThirdPartyUpdaterWithRetryManager:70 - Updater plugin not ready yet. [1/15]
2023-11-11 21:35:01,766 [INFO] PluginManage:359 - Loaded plugin tools (category:base,tabindex:7)
2023-11-11 21:35:01,766 [INFO] PluginManage:310 - Check plugin tutovideos
2023-11-11 21:35:01,979 [INFO] PluginManage:359 - Loaded plugin tutovideos (category:base,tabindex:-1)
2023-11-11 21:35:01,979 [INFO] PluginManage:310 - Check plugin updater
2023-11-11 21:35:01,990 [INFO] PluginManage:359 - Loaded plugin updater (category:base,tabindex:12)
2023-11-11 21:35:01,990 [INFO] PluginManage:310 - Check plugin userauth
2023-11-11 21:35:01,996 [INFO] UserAuth:113 - Init User Auth plugin
2023-11-11 21:35:01,996 [INFO] PluginManage:359 - Loaded plugin userauth (category:base,tabindex:14)
2023-11-11 21:35:01,997 [INFO] PluginManage:283 - PluginManage : Loaded plugins [17]
2023-11-11 21:35:02,204 [INFO] PinOutPanel:1499 - setPackage(No Configuration,No Configuration)
2023-11-11 21:35:02,315 [INFO] CADModel:165 - CPN selected for project level
2023-11-11 21:35:02,315 [INFO] CADModel:114 - Register for checkConnection events
2023-11-11 21:35:02,338 [INFO] IPUIPlugin:80 - create IPUIPlugin
2023-11-11 21:35:02,338 [INFO] PluginManager:220 - loadIPPluginJar : add adc
2023-11-11 21:35:02,365 [INFO] IPUIPlugin:80 - create IPUIPlugin
2023-11-11 21:35:02,365 [INFO] PluginManager:220 - loadIPPluginJar : add aes
2023-11-11 21:35:02,396 [INFO] IPUIPlugin:80 - create IPUIPlugin
2023-11-11 21:35:02,396 [INFO] PluginManager:220 - loadIPPluginJar : add can
2023-11-11 21:35:02,414 [INFO] IPUIPlugin:80 - create IPUIPlugin
2023-11-11 21:35:02,414 [INFO] PluginManager:220 - loadIPPluginJar : add comp
2023-11-11 21:35:02,437 [INFO] IPUIPlugin:80 - create IPUIPlugin
2023-11-11 21:35:02,437 [INFO] PluginManager:220 - loadIPPluginJar : add cryp
2023-11-11 21:35:02,460 [INFO] IPUIPlugin:80 - create IPUIPlugin
2023-11-11 21:35:02,460 [INFO] PluginManager:220 - loadIPPluginJar : add dfsdm
2023-11-11 21:35:02,473 [INFO] IPUIPlugin:80 - create IPUIPlugin
2023-11-11 21:35:02,473 [INFO] PluginManager:220 - loadIPPluginJar : add dma
2023-11-11 21:35:02,508 [INFO] IPUIPlugin:80 - create IPUIPlugin
2023-11-11 21:35:02,509 [INFO] PluginManager:220 - loadIPPluginJar : add dma3
2023-11-11 21:35:02,528 [INFO] IPUIPlugin:80 - create IPUIPlugin
2023-11-11 21:35:02,528 [INFO] PluginManager:220 - loadIPPluginJar : add fatfs
2023-11-11 21:35:02,570 [INFO] IPUIPlugin:80 - create IPUIPlugin
2023-11-11 21:35:02,570 [INFO] PluginManager:220 - loadIPPluginJar : add fmc
2023-11-11 21:35:02,584 [INFO] IPUIPlugin:80 - create IPUIPlugin
2023-11-11 21:35:02,584 [INFO] PluginManager:220 - loadIPPluginJar : add freertos
2023-11-11 21:35:02,601 [INFO] IPUIPlugin:80 - create IPUIPlugin
2023-11-11 21:35:02,601 [INFO] PluginManager:220 - loadIPPluginJar : add genericplugin
2023-11-11 21:35:02,669 [INFO] IPUIPlugin:80 - create IPUIPlugin
2023-11-11 21:35:02,669 [INFO] PluginManager:220 - loadIPPluginJar : add gfxmmu
2023-11-11 21:35:02,763 [INFO] IPUIPlugin:80 - create IPUIPlugin
2023-11-11 21:35:02,763 [INFO] PluginManager:220 - loadIPPluginJar : add gic
2023-11-11 21:35:02,776 [INFO] IPUIPlugin:80 - create IPUIPlugin
2023-11-11 21:35:02,776 [INFO] PluginManager:220 - loadIPPluginJar : add gpio
2023-11-11 21:35:02,844 [INFO] IPUIPlugin:80 - create IPUIPlugin
2023-11-11 21:35:02,844 [INFO] PluginManager:220 - loadIPPluginJar : add gtzc
2023-11-11 21:35:02,868 [INFO] IPUIPlugin:80 - create IPUIPlugin
2023-11-11 21:35:02,869 [INFO] PluginManager:220 - loadIPPluginJar : add hash
2023-11-11 21:35:02,905 [INFO] IPUIPlugin:80 - create IPUIPlugin
2023-11-11 21:35:02,905 [INFO] PluginManager:220 - loadIPPluginJar : add i2c
2023-11-11 21:35:02,935 [INFO] IPUIPlugin:80 - create IPUIPlugin
2023-11-11 21:35:02,935 [INFO] PluginManager:220 - loadIPPluginJar : add i2s
2023-11-11 21:35:02,964 [INFO] IPUIPlugin:80 - create IPUIPlugin
2023-11-11 21:35:02,964 [INFO] PluginManager:220 - loadIPPluginJar : add i3c
2023-11-11 21:35:03,040 [INFO] IPUIPlugin:80 - create IPUIPlugin
2023-11-11 21:35:03,040 [INFO] PluginManager:220 - loadIPPluginJar : add ipddr
2023-11-11 21:35:03,109 [INFO] IPUIPlugin:80 - create IPUIPlugin
2023-11-11 21:35:03,109 [INFO] PluginManager:220 - loadIPPluginJar : add linkedlist
2023-11-11 21:35:03,141 [INFO] IPUIPlugin:80 - create IPUIPlugin
2023-11-11 21:35:03,142 [INFO] PluginManager:220 - loadIPPluginJar : add lorawan
2023-11-11 21:35:03,170 [INFO] IPUIPlugin:80 - create IPUIPlugin
2023-11-11 21:35:03,170 [INFO] PluginManager:220 - loadIPPluginJar : add ltdc
2023-11-11 21:35:03,184 [INFO] IPUIPlugin:80 - create IPUIPlugin
2023-11-11 21:35:03,184 [INFO] PluginManager:220 - loadIPPluginJar : add mdma
2023-11-11 21:35:03,197 [INFO] IPUIPlugin:80 - create IPUIPlugin
2023-11-11 21:35:03,197 [INFO] PluginManager:220 - loadIPPluginJar : add nvic
2023-11-11 21:35:03,223 [INFO] IPUIPlugin:80 - create IPUIPlugin
2023-11-11 21:35:03,223 [INFO] PluginManager:220 - loadIPPluginJar : add opamp
2023-11-11 21:35:03,273 [INFO] IPUIPlugin:80 - create IPUIPlugin
2023-11-11 21:35:03,273 [INFO] PluginManager:220 - loadIPPluginJar : add openamp
2023-11-11 21:35:03,355 [INFO] IPUIPlugin:80 - create IPUIPlugin
2023-11-11 21:35:03,355 [INFO] PluginManager:220 - loadIPPluginJar : add pdm2pcm
2023-11-11 21:35:03,367 [INFO] IPUIPlugin:80 - create IPUIPlugin
2023-11-11 21:35:03,369 [INFO] PluginManager:220 - loadIPPluginJar : add plateformsettings
2023-11-11 21:35:03,389 [INFO] IPUIPlugin:80 - create IPUIPlugin
2023-11-11 21:35:03,389 [INFO] PluginManager:220 - loadIPPluginJar : add quadspi
2023-11-11 21:35:03,404 [INFO] IPUIPlugin:80 - create IPUIPlugin
2023-11-11 21:35:03,404 [INFO] PluginManager:220 - loadIPPluginJar : add resmgrutility
2023-11-11 21:35:03,438 [INFO] IPUIPlugin:80 - create IPUIPlugin
2023-11-11 21:35:03,438 [INFO] PluginManager:220 - loadIPPluginJar : add sai
2023-11-11 21:35:03,466 [INFO] IPUIPlugin:80 - create IPUIPlugin
2023-11-11 21:35:03,466 [INFO] PluginManager:220 - loadIPPluginJar : add spi
2023-11-11 21:35:03,510 [INFO] IPUIPlugin:80 - create IPUIPlugin
2023-11-11 21:35:03,510 [INFO] PluginManager:220 - loadIPPluginJar : add stm32_wpan
2023-11-11 21:35:03,528 [INFO] IPUIPlugin:80 - create IPUIPlugin
2023-11-11 21:35:03,529 [INFO] PluginManager:220 - loadIPPluginJar : add tim
2023-11-11 21:35:03,570 [INFO] IPUIPlugin:80 - create IPUIPlugin
2023-11-11 21:35:03,571 [INFO] PluginManager:220 - loadIPPluginJar : add touchsensing
2023-11-11 21:35:03,587 [INFO] IPUIPlugin:80 - create IPUIPlugin
2023-11-11 21:35:03,588 [INFO] PluginManager:220 - loadIPPluginJar : add tracer_emb
2023-11-11 21:35:03,608 [INFO] IPUIPlugin:80 - create IPUIPlugin
2023-11-11 21:35:03,608 [INFO] PluginManager:220 - loadIPPluginJar : add ts
2023-11-11 21:35:03,624 [INFO] IPUIPlugin:80 - create IPUIPlugin
2023-11-11 21:35:03,624 [INFO] PluginManager:220 - loadIPPluginJar : add tsc
2023-11-11 21:35:03,646 [INFO] IPUIPlugin:80 - create IPUIPlugin
2023-11-11 21:35:03,646 [INFO] PluginManager:220 - loadIPPluginJar : add ucpd
2023-11-11 21:35:03,682 [INFO] IPUIPlugin:80 - create IPUIPlugin
2023-11-11 21:35:03,683 [INFO] PluginManager:220 - loadIPPluginJar : add usart
2023-11-11 21:35:03,716 [INFO] IPUIPlugin:80 - create IPUIPlugin
2023-11-11 21:35:03,716 [INFO] PluginManager:220 - loadIPPluginJar : add usbx
2023-11-11 21:35:03,830 [INFO] CADModel:165 - CPN selected for project level
2023-11-11 21:35:03,830 [INFO] CADModel:114 - Register for checkConnection events
2023-11-11 21:35:03,830 [FATAL] Updater:308 - Updater called before beeing initialized
2023-11-11 21:35:03,830 [ERROR] CADModel:125 - Updater not yet initialized, retry later 
2023-11-11 21:35:03,964 [INFO] CADModel:165 - CPN selected for project level
2023-11-11 21:35:03,965 [INFO] CADModel:114 - Register for checkConnection events
2023-11-11 21:35:03,965 [FATAL] Updater:308 - Updater called before beeing initialized
2023-11-11 21:35:03,965 [ERROR] CADModel:125 - Updater not yet initialized, retry later 
2023-11-11 21:35:03,968 [FATAL] Updater:308 - Updater called before beeing initialized
2023-11-11 21:35:04,059 [FATAL] Updater:308 - Updater called before beeing initialized
2023-11-11 21:35:04,067 [INFO] DbMcusAds:53 - JSON generation date=Tue Mar 07 09:50:55 CET 2023 (1678179055335)
2023-11-11 21:35:04,067 [FATAL] Updater:308 - Updater called before beeing initialized
2023-11-11 21:35:04,130 [WARN] DetailPanel:346 - Failed to get advertising image, set to default
2023-11-11 21:35:04,218 [FATAL] Updater:308 - Updater called before beeing initialized
2023-11-11 21:35:04,220 [FATAL] Updater:308 - Updater called before beeing initialized
2023-11-11 21:35:04,220 [FATAL] Updater:308 - Updater called before beeing initialized
2023-11-11 21:35:04,220 [WARN] DetailPanel:346 - Failed to get advertising image, set to default
2023-11-11 21:35:04,221 [FATAL] Updater:308 - Updater called before beeing initialized
2023-11-11 21:35:04,272 [ERROR] Updater:1120 - MainUpdater not yet initialized. External WinMGr cannot be set.
2023-11-11 21:35:04,280 [INFO] Updater:1056 - Updater Version found : 6.9.2
2023-11-11 21:35:04,296 [INFO] ApplicationProperties:184 - Using Application install path: C:\ST\STM32CubeIDE_1.11.2\STM32CubeIDE\plugins\com.st.stm32cube.common.mx_6.9.2.202309101412
2023-11-11 21:35:04,439 [INFO] MainUpdater:2868 - connection check result : 10
2023-11-11 21:35:04,440 [INFO] MainUpdater:285 - Updater Check For Update Now.
2023-11-11 21:35:04,440 [INFO] MicroXplorer:498 - Change Database Version : DB.6.0.92
2023-11-11 21:35:04,454 [INFO] McuFinderGlobals:63 - Set McuFinder mode to 2 (CubeIDE integrated)
2023-11-11 21:35:04,454 [INFO] UserAuth:179 - activating auth plugin
2023-11-11 21:35:04,457 [INFO] UserAuth:393 - Internet connection configuration mode: 1
2023-11-11 21:35:04,479 [INFO] JxBrowserEngine:151 - Initiate JxBrowser Engine with user profile folder
2023-11-11 21:35:04,634 [INFO] CheckServerUpdateThread:120 - End of CheckServer Thread
2023-11-11 21:35:04,897 [WARN] PackLoader:240 - Cannot read IP mode file for STMicroelectronics.X-CUBE-SMBUS.2.1.0
2023-11-11 21:35:04,936 [WARN] PackLoader:240 - Cannot read IP mode file for STMicroelectronics.X-CUBE-AZRTOS-F7.1.1.0
2023-11-11 21:35:04,970 [WARN] PackLoader:240 - Cannot read IP mode file for STMicroelectronics.FP-SNS-MOTENV1.4.3.2
2023-11-11 21:35:04,987 [WARN] PackLoader:240 - Cannot read IP mode file for STMicroelectronics.X-CUBE-BLE1.6.2.4
2023-11-11 21:35:04,999 [WARN] PackLoader:240 - Cannot read IP mode file for STMicroelectronics.FP-SNS-FLIGHT1.5.0.2
2023-11-11 21:35:05,014 [WARN] PackLoader:240 - Cannot read IP mode file for STMicroelectronics.X-CUBE-DISPLAY.3.0.0
2023-11-11 21:35:05,044 [WARN] PackLoader:240 - Cannot read IP mode file for STMicroelectronics.X-CUBE-BLE1.7.0.0
2023-11-11 21:35:05,058 [WARN] PackLoader:240 - Cannot read IP mode file for STMicroelectronics.X-CUBE-TOUCHGFX.4.22.1
2023-11-11 21:35:05,070 [WARN] PackLoader:240 - Cannot read IP mode file for STMicroelectronics.FP-SNS-SMARTAG2.1.2.0
2023-11-11 21:35:05,103 [INFO] LogOutputStream:77 - [STDOUT_REDIRECT] 1 : Invalid condition id : UX_CORESTACK_Condition cause : null
2023-11-11 21:35:05,103 [INFO] LogOutputStream:77 - [STDOUT_REDIRECT] 1 : Invalid condition id : UX_CORESTACK_Condition cause : null
2023-11-11 21:35:05,104 [INFO] LogOutputStream:77 - [STDOUT_REDIRECT] 1 : Invalid condition id : UX_CORESTACK_Condition cause : null
2023-11-11 21:35:05,106 [INFO] LogOutputStream:77 - [STDOUT_REDIRECT] 1 : Invalid condition id : UX_CORESTACK_Condition cause : null
2023-11-11 21:35:05,107 [INFO] LogOutputStream:77 - [STDOUT_REDIRECT] 1 : Invalid condition id : UX_CORESTACK_Condition cause : null
2023-11-11 21:35:05,110 [WARN] PackLoader:240 - Cannot read IP mode file for STMicroelectronics.X-CUBE-AZRTOS-WL.2.0.0
2023-11-11 21:35:05,127 [WARN] PackLoader:240 - Cannot read IP mode file for WES.I-CUBE-Cesium.1.3.0
2023-11-11 21:35:05,137 [WARN] PackLoader:240 - Cannot read IP mode file for STMicroelectronics.X-CUBE-BLE2.3.3.0
2023-11-11 21:35:05,156 [WARN] PackLoader:240 - Cannot read IP mode file for STMicroelectronics.X-CUBE-TOF1.3.2.0
2023-11-11 21:35:05,170 [WARN] PackLoader:240 - Cannot read IP mode file for STMicroelectronics.X-CUBE-TOUCHGFX.4.21.1
2023-11-11 21:35:05,179 [WARN] PackLoader:240 - Cannot read IP mode file for STMicroelectronics.X-CUBE-AI.7.3.0
2023-11-11 21:35:05,190 [WARN] PackLoader:240 - Cannot read IP mode file for STMicroelectronics.X-CUBE-ALGOBUILD.1.3.0
2023-11-11 21:35:05,216 [WARN] PackLoader:240 - Cannot read IP mode file for STMicroelectronics.X-CUBE-AZRTOS-G0.1.1.0
2023-11-11 21:35:05,233 [WARN] PackLoader:240 - Cannot read IP mode file for STMicroelectronics.X-CUBE-NFC4.3.0.0
2023-11-11 21:35:05,265 [WARN] PackLoader:240 - Cannot read IP mode file for STMicroelectronics.X-CUBE-BLEMGR.3.0.0
2023-11-11 21:35:05,297 [WARN] PackLoader:240 - Cannot read IP mode file for STMicroelectronics.X-CUBE-BLEMGR.1.3.0
2023-11-11 21:35:05,342 [WARN] PackLoader:240 - Cannot read IP mode file for STMicroelectronics.FP-ATR-SIGFOX1.3.2.0
2023-11-11 21:35:05,422 [WARN] PackLoader:240 - Cannot read IP mode file for STMicroelectronics.X-CUBE-MEMS1.9.5.0
2023-11-11 21:35:05,625 [WARN] PackLoader:240 - Cannot read IP mode file for SEGGER.I-CUBE-embOS.1.3.1
2023-11-11 21:35:05,719 [WARN] PackLoader:240 - Cannot read IP mode file for STMicroelectronics.X-CUBE-GNSS1.6.0.0
2023-11-11 21:35:05,800 [WARN] PackLoader:240 - Cannot read IP mode file for STMicroelectronics.X-CUBE-AZRTOS-F4.1.1.0
2023-11-11 21:35:05,831 [WARN] PackLoader:240 - Cannot read IP mode file for STMicroelectronics.X-CUBE-AZRTOS-L5.2.0.0
2023-11-11 21:35:05,880 [WARN] PackLoader:240 - Cannot read IP mode file for STMicroelectronics.X-CUBE-MEMS1.9.6.0
2023-11-11 21:35:06,099 [WARN] PackLoader:240 - Cannot read IP mode file for STMicroelectronics.X-CUBE-EEPRMA1.4.2.0
2023-11-11 21:35:06,128 [WARN] PackLoader:240 - Cannot read IP mode file for ITTIA_DB.I-CUBE-ITTIADB.8.8.0
2023-11-11 21:35:06,172 [WARN] PackLoader:240 - Cannot read IP mode file for emotas.I-CUBE-CANOPEN.1.1.3
2023-11-11 21:35:06,203 [WARN] PackLoader:240 - Cannot read IP mode file for STMicroelectronics.X-CUBE-BLEMGR.2.0.0
2023-11-11 21:35:06,253 [WARN] ConditionMgr:438 - getConditionDescription Invalid condition id : UX DEVICE CLASS RTOS Condition cause : null
2023-11-11 21:35:06,253 [WARN] ConditionMgr:438 - getConditionDescription Invalid condition id : UX DEVICE CLASS RTOS Condition cause : null
2023-11-11 21:35:06,255 [WARN] PackLoader:240 - Cannot read IP mode file for STMicroelectronics.X-CUBE-AZRTOS-H7.3.1.0
2023-11-11 21:35:06,256 [WARN] ConditionMgr:1039 - genDependencies : Invalid condition id : UX DEVICE CLASS RTOS Condition cause : null
2023-11-11 21:35:06,256 [WARN] ConditionMgr:1039 - genDependencies : Invalid condition id : UX DEVICE CLASS RTOS Condition cause : null
2023-11-11 21:35:06,257 [WARN] ConditionMgr:1039 - genDependencies : Invalid condition id : UX DEVICE CLASS RTOS Condition cause : null
2023-11-11 21:35:06,257 [WARN] ConditionMgr:1039 - genDependencies : Invalid condition id : UX DEVICE CLASS RTOS Condition cause : null
2023-11-11 21:35:06,257 [WARN] ConditionMgr:1039 - genDependencies : Invalid condition id : UX DEVICE CLASS RTOS Condition cause : null
2023-11-11 21:35:06,270 [WARN] PackLoader:240 - Cannot read IP mode file for wolfSSL.I-CUBE-wolfSSL.5.5.4
2023-11-11 21:35:06,283 [WARN] PackLoader:240 - Cannot read IP mode file for STMicroelectronics.X-CUBE-NFC7.1.0.1
2023-11-11 21:35:06,308 [WARN] PackLoader:240 - Cannot read IP mode file for STMicroelectronics.X-CUBE-NFC7.1.0.0
2023-11-11 21:35:06,337 [WARN] PackLoader:240 - Cannot read IP mode file for STMicroelectronics.X-CUBE-NFC6.3.0.0
2023-11-11 21:35:06,350 [WARN] PackLoader:240 - Cannot read IP mode file for STMicroelectronics.X-CUBE-EEPRMA1.4.1.0
2023-11-11 21:35:06,363 [WARN] PackLoader:240 - Cannot read IP mode file for STMicroelectronics.X-CUBE-AI.8.1.0
2023-11-11 21:35:06,390 [WARN] ConditionMgr:438 - getConditionDescription Invalid condition id : LAN8742 Phy interface Condition cause : null
2023-11-11 21:35:06,391 [WARN] PackLoader:240 - Cannot read IP mode file for STMicroelectronics.X-CUBE-AZRTOS-L4.2.0.0
2023-11-11 21:35:06,392 [WARN] ConditionMgr:1039 - genDependencies : Invalid condition id : LAN8742 Phy interface Condition cause : null
2023-11-11 21:35:06,392 [WARN] ConditionMgr:1039 - genDependencies : Invalid condition id : LAN8742 Phy interface Condition cause : null
2023-11-11 21:35:06,392 [WARN] ConditionMgr:1039 - genDependencies : Invalid condition id : LAN8742 Phy interface Condition cause : null
2023-11-11 21:35:06,407 [WARN] PackLoader:240 - Cannot read IP mode file for STMicroelectronics.X-CUBE-SFXS2LP1.4.0.0
2023-11-11 21:35:06,450 [WARN] PackLoader:240 - Cannot read IP mode file for STMicroelectronics.X-CUBE-AZRTOS-H7.3.0.0
2023-11-11 21:35:06,463 [WARN] PackLoader:240 - Cannot read IP mode file for STMicroelectronics.X-CUBE-ISPU.1.1.0
2023-11-11 21:35:06,478 [WARN] PackLoader:240 - Cannot read IP mode file for RoweBots.I-CUBE-UNISONRTOS.5.5.0-4
2023-11-11 21:35:06,509 [WARN] PackLoader:240 - Cannot read IP mode file for STMicroelectronics.X-CUBE-AI.8.0.0
2023-11-11 21:35:06,549 [WARN] ConditionMgr:438 - getConditionDescription Invalid condition id : UX DEVICE CLASS RTOS Condition cause : null
2023-11-11 21:35:06,549 [WARN] ConditionMgr:438 - getConditionDescription Invalid condition id : UX DEVICE CLASS RTOS Condition cause : null
2023-11-11 21:35:06,551 [WARN] PackLoader:240 - Cannot read IP mode file for STMicroelectronics.X-CUBE-AZRTOS-WB.2.0.0
2023-11-11 21:35:06,558 [WARN] ConditionMgr:1039 - genDependencies : Invalid condition id : UX DEVICE CLASS RTOS Condition cause : null
2023-11-11 21:35:06,560 [WARN] ConditionMgr:1039 - genDependencies : Invalid condition id : UX DEVICE CLASS RTOS Condition cause : null
2023-11-11 21:35:06,568 [WARN] ConditionMgr:1039 - genDependencies : Invalid condition id : UX DEVICE CLASS RTOS Condition cause : null
2023-11-11 21:35:06,568 [WARN] ConditionMgr:1039 - genDependencies : Invalid condition id : UX DEVICE CLASS RTOS Condition cause : null
2023-11-11 21:35:06,568 [WARN] ConditionMgr:1039 - genDependencies : Invalid condition id : UX DEVICE CLASS RTOS Condition cause : null
2023-11-11 21:35:06,597 [WARN] PackLoader:240 - Cannot read IP mode file for STMicroelectronics.X-CUBE-FREERTOS.1.0.0
2023-11-11 21:35:06,663 [WARN] PackLoader:240 - Cannot read IP mode file for STMicroelectronics.X-CUBE-AZRTOS-L5.1.1.0
2023-11-11 21:35:06,683 [WARN] PackLoader:240 - Cannot read IP mode file for STMicroelectronics.X-CUBE-SUBG2.5.0.0
2023-11-11 21:35:06,702 [WARN] PackLoader:240 - Cannot read IP mode file for STMicroelectronics.X-CUBE-TOF1.3.3.1
2023-11-11 21:35:06,730 [WARN] PackLoader:240 - Cannot read IP mode file for STMicroelectronics.X-CUBE-AZRTOS-G4.2.0.0
2023-11-11 21:35:06,757 [WARN] PackLoader:240 - Cannot read IP mode file for STMicroelectronics.FP-ATR-ASTRA1.1.1.1
2023-11-11 21:35:06,794 [WARN] PackLoader:240 - Cannot read IP mode file for Infineon.AIROC-Wi-Fi-Bluetooth-STM32.1.5.1
2023-11-11 21:35:06,821 [WARN] PackLoader:240 - Cannot read IP mode file for STMicroelectronics.X-CUBE-AZRTOS-G4.1.0.0
2023-11-11 21:35:06,865 [WARN] PackLoader:240 - Cannot read IP mode file for STMicroelectronics.X-CUBE-AZRTOS-L4.1.0.0
2023-11-11 21:35:06,924 [WARN] PackLoader:240 - Cannot read IP mode file for STMicroelectronics.X-CUBE-MEMS1.10.0.0
2023-11-11 21:35:07,031 [WARN] PackLoader:240 - Cannot read IP mode file for STMicroelectronics.X-CUBE-FREERTOS.1.1.0
2023-11-11 21:35:07,068 [WARN] PackLoader:240 - Cannot read IP mode file for STMicroelectronics.X-CUBE-AZRTOS-WL.1.0.0
2023-11-11 21:35:07,098 [WARN] PackLoader:240 - Cannot read IP mode file for portGmbH.I-Cube-SoM-uGOAL.1.1.0
2023-11-11 21:35:07,110 [WARN] PackLoader:240 - Cannot read IP mode file for STMicroelectronics.X-CUBE-ALS.1.0.1
2023-11-11 21:35:07,131 [WARN] PackLoader:240 - Cannot read IP mode file for STMicroelectronics.X-CUBE-AZRTOS-WB.1.1.0
2023-11-11 21:35:07,161 [WARN] PackLoader:240 - Cannot read IP mode file for STMicroelectronics.FP-ATR-ASTRA1.2.0.0
2023-11-11 21:35:07,170 [INFO] ThirdParty:978 - Integrity check success = true
2023-11-11 21:35:07,172 [INFO] IntegrityCheckThread:100 - exiting critical section [integrity check]
2023-11-11 21:35:07,174 [INFO] IntegrityCheckThread:103 - End integrity checks thread
2023-11-11 21:35:07,596 [INFO] WebApp:157 - Instantiating new browser for Auth
2023-11-11 21:35:08,135 [INFO] WebApp:753 - Register for checkConnection events
2023-11-11 21:35:08,135 [INFO] WebApp:390 - Apply proxy settings
2023-11-11 21:35:08,135 [INFO] WebApp:475 - Chromium requires no authentication
2023-11-11 21:35:08,142 [INFO] WebApp:418 - Direct internet connection detected
2023-11-11 21:35:08,276 [INFO] WebApp:188 - Starting web application
2023-11-11 21:35:08,276 [INFO] WebApp:520 - Web application path used C:\ST\STM32CubeIDE_1.11.2\STM32CubeIDE\plugins\com.st.stm32cube.common.mx_6.9.2.202309101412\db\plugins\mcufinder\reactClient1\index.html
2023-11-11 21:35:29,054 [ERROR] LogOutputStream:75 - [STDERR_REDIRECT] SLF4J: Failed to load class "org.slf4j.impl.StaticLoggerBinder".
2023-11-11 21:35:29,055 [ERROR] LogOutputStream:75 - [STDERR_REDIRECT] SLF4J: Defaulting to no-operation (NOP) logger implementation
2023-11-11 21:35:29,056 [ERROR] LogOutputStream:75 - [STDERR_REDIRECT] SLF4J: See http://www.slf4j.org/codes.html#StaticLoggerBinder for further details.
