2023-11-10 11:21:09,526 [ERROR] LogOutputStream:75 - [STDERR_REDIRECT] 
2023-11-10 11:21:38,269 [INFO] Activator:176 - 


2023-11-10 11:21:38,269 [INFO] Activator:177 - !SESSION log4j initialized
2023-11-10 11:21:41,488 [INFO] LogOutputStream:77 - [STDOUT_REDIRECT] 
2023-11-10 11:21:43,785 [INFO] ApplicationProperties:184 - Using Application install path: C:\ST\STM32CubeIDE_1.11.2\STM32CubeIDE\plugins\com.st.stm32cube.common.mx_6.9.2.202309101412
2023-11-10 11:21:43,805 [INFO] DbMcusXml:78 - Set database path to: C:\ST\STM32CubeIDE_1.11.2\STM32CubeIDE\plugins\com.st.stm32cube.common.mx_6.9.2.202309101412\\db\/mcu/
2023-11-10 11:21:43,806 [INFO] ApiDb:274 - Set plugin database path to: C:\ST\STM32CubeIDE_1.11.2\STM32CubeIDE\plugins\com.st.stm32cube.common.mx_6.9.2.202309101412\\db\/plugins/boardmanager/
2023-11-10 11:21:43,806 [WARN] ApiDb:259 - Overriding images path with different value:  => C:\ST\STM32CubeIDE_1.11.2\STM32CubeIDE\plugins\com.st.stm32cube.common.mx_6.9.2.202309101412\\db\/plugins/mcufinder/images/
2023-11-10 11:21:43,820 [INFO] ApiDb:250 - Set database path to: C:\Users\andep\.stmcufinder\plugins\mcufinder//mcu/
2023-11-10 11:21:43,822 [INFO] DbMcusAds:125 - Set database path to: C:\Users\andep\.stmcufinder\plugins\mcufinder//mcu/
2023-11-10 11:21:43,824 [INFO] CrossReferenceDbSqlite:203 - Set database path to: C:\Users\andep\.stmcufinder\plugins\mcufinder//mcu/cs/
2023-11-10 11:21:43,956 [INFO] RulesReader:64 - Compatibility file has been processed (293 Rules)
2023-11-10 11:21:44,037 [INFO] DbMcusXml:78 - Set database path to: C:\ST\STM32CubeIDE_1.11.2\STM32CubeIDE\plugins\com.st.stm32cube.common.mx_6.9.2.202309101412\\db\/mcu/
2023-11-10 11:21:44,037 [INFO] ApiDb:274 - Set plugin database path to: C:\ST\STM32CubeIDE_1.11.2\STM32CubeIDE\plugins\com.st.stm32cube.common.mx_6.9.2.202309101412\\db\/plugins/boardmanager/
2023-11-10 11:21:44,037 [INFO] ApiDb:261 - Set plugin images path to: C:\ST\STM32CubeIDE_1.11.2\STM32CubeIDE\plugins\com.st.stm32cube.common.mx_6.9.2.202309101412\\db\/plugins/mcufinder/images/
2023-11-10 11:21:44,037 [WARN] DbFile:41 - Overriding database path with different value: C:\Users\andep\.stmcufinder\plugins\mcufinder/ => C:\Users\andep\.stmcufinder\plugins\mcufinder
2023-11-10 11:21:44,037 [INFO] ApiDb:250 - Set database path to: C:\Users\andep\.stmcufinder\plugins\mcufinder//mcu/
2023-11-10 11:21:44,037 [WARN] DbFile:41 - Overriding database path with different value: C:\Users\andep\.stmcufinder\plugins\mcufinder/ => C:\Users\andep\.stmcufinder\plugins\mcufinder
2023-11-10 11:21:44,037 [INFO] DbMcusAds:125 - Set database path to: C:\Users\andep\.stmcufinder\plugins\mcufinder//mcu/
2023-11-10 11:21:44,038 [WARN] DbFile:41 - Overriding database path with different value: C:\Users\andep\.stmcufinder\plugins\mcufinder/ => C:\Users\andep\.stmcufinder\plugins\mcufinder
2023-11-10 11:21:44,038 [WARN] DbFile:41 - Overriding database path with different value: C:\Users\andep\.stmcufinder\plugins\mcufinder/ => C:\Users\andep\.stmcufinder\plugins\mcufinder
2023-11-10 11:21:44,038 [INFO] CrossReferenceDbSqlite:203 - Set database path to: C:\Users\andep\.stmcufinder\plugins\mcufinder//mcu/cs/
2023-11-10 11:21:44,113 [INFO] MainPanel:262 - HeapMemory: 268435456
2023-11-10 11:21:44,200 [INFO] DbMcusXml:78 - Set database path to: C:\ST\STM32CubeIDE_1.11.2\STM32CubeIDE\plugins\com.st.stm32cube.common.mx_6.9.2.202309101412\\db\/mcu/
2023-11-10 11:21:44,200 [INFO] ApiDb:274 - Set plugin database path to: C:\ST\STM32CubeIDE_1.11.2\STM32CubeIDE\plugins\com.st.stm32cube.common.mx_6.9.2.202309101412\\db\/plugins/boardmanager/
2023-11-10 11:21:44,200 [INFO] ApiDb:261 - Set plugin images path to: C:\ST\STM32CubeIDE_1.11.2\STM32CubeIDE\plugins\com.st.stm32cube.common.mx_6.9.2.202309101412\\db\/plugins/mcufinder/images/
2023-11-10 11:21:44,200 [WARN] DbFile:41 - Overriding database path with different value: C:\Users\andep\.stmcufinder\plugins\mcufinder/ => C:\Users\andep\.stmcufinder\plugins\mcufinder
2023-11-10 11:21:44,200 [INFO] ApiDb:250 - Set database path to: C:\Users\andep\.stmcufinder\plugins\mcufinder//mcu/
2023-11-10 11:21:44,201 [WARN] DbFile:41 - Overriding database path with different value: C:\Users\andep\.stmcufinder\plugins\mcufinder/ => C:\Users\andep\.stmcufinder\plugins\mcufinder
2023-11-10 11:21:44,201 [INFO] DbMcusAds:125 - Set database path to: C:\Users\andep\.stmcufinder\plugins\mcufinder//mcu/
2023-11-10 11:21:44,201 [WARN] DbFile:41 - Overriding database path with different value: C:\Users\andep\.stmcufinder\plugins\mcufinder/ => C:\Users\andep\.stmcufinder\plugins\mcufinder
2023-11-10 11:21:44,201 [WARN] DbFile:41 - Overriding database path with different value: C:\Users\andep\.stmcufinder\plugins\mcufinder/ => C:\Users\andep\.stmcufinder\plugins\mcufinder
2023-11-10 11:21:44,201 [INFO] CrossReferenceDbSqlite:203 - Set database path to: C:\Users\andep\.stmcufinder\plugins\mcufinder//mcu/cs/
2023-11-10 11:21:44,219 [INFO] ApplicationProperties:184 - Using Application install path: C:\ST\STM32CubeIDE_1.11.2\STM32CubeIDE\plugins\com.st.stm32cube.common.mx_6.9.2.202309101412
2023-11-10 11:21:44,220 [INFO] PluginManage:196 - Search for loadable plugins [exclusion list=, ]
2023-11-10 11:21:44,221 [INFO] PluginManage:310 - Check plugin analytics
2023-11-10 11:21:44,373 [INFO] AnalyticsPlugin:253 - Accepted Software Licenses: 
2023-11-10 11:21:44,374 [INFO] AnalyticsPlugin:255 - Accepted CMSIS Pack Licenses: 
2023-11-10 11:21:44,374 [INFO] AnalyticsPlugin:257 - Accepted Firmware Licenses: 
2023-11-10 11:21:44,376 [INFO] PluginManage:359 - Loaded plugin analytics (category:tool,tabindex:-1)
2023-11-10 11:21:44,376 [INFO] PluginManage:310 - Check plugin cadmodel
2023-11-10 11:21:44,391 [INFO] CADModel:105 - Init CAD model plugin
2023-11-10 11:21:44,391 [INFO] PluginManage:359 - Loaded plugin cadmodel (category:power,tabindex:5)
2023-11-10 11:21:44,392 [INFO] PluginManage:310 - Check plugin clock
2023-11-10 11:21:44,412 [INFO] PluginManage:359 - Loaded plugin clock (category:base,tabindex:2)
2023-11-10 11:21:44,412 [INFO] PluginManage:310 - Check plugin ddr
2023-11-10 11:21:44,415 [INFO] PluginManage:359 - Loaded plugin ddr (category:tool,tabindex:6)
2023-11-10 11:21:44,415 [INFO] PluginManage:310 - Check plugin filemanager
2023-11-10 11:21:44,548 [INFO] PluginManage:359 - Loaded plugin filemanager (category:base,tabindex:10)
2023-11-10 11:21:44,548 [INFO] PluginManage:310 - Check plugin ipmanager
2023-11-10 11:21:44,556 [INFO] PluginManage:359 - Loaded plugin ipmanager (category:base,tabindex:5)
2023-11-10 11:21:44,556 [INFO] PluginManage:310 - Check plugin lpbam
2023-11-10 11:21:44,575 [INFO] PluginManage:359 - Loaded plugin lpbam (category:base,tabindex:0)
2023-11-10 11:21:44,575 [INFO] PluginManage:310 - Check plugin memorymap
2023-11-10 11:21:44,598 [INFO] PluginManage:359 - Loaded plugin memorymap (category:base,tabindex:4)
2023-11-10 11:21:44,598 [INFO] PluginManage:310 - Check plugin pinoutandconfiguration
2023-11-10 11:21:44,617 [INFO] PluginManage:359 - Loaded plugin pinoutandconfiguration (category:base,tabindex:1)
2023-11-10 11:21:44,617 [INFO] PluginManage:310 - Check plugin pinoutconfig
2023-11-10 11:21:44,699 [WARN] SupportedApi:132 - Cannot load RTOS API schema: s4s-elt-must-match.1: The content of 'definitions' must match (annotation?, (simpleType | complexType)?, (unique | key | keyref)*)). A problem was found starting at: attribute.
2023-11-10 11:21:44,826 [INFO] PluginManage:359 - Loaded plugin pinoutconfig (category:base,tabindex:0)
2023-11-10 11:21:44,826 [INFO] PluginManage:310 - Check plugin power
2023-11-10 11:21:44,847 [INFO] PluginManage:359 - Loaded plugin power (category:power,tabindex:4)
2023-11-10 11:21:44,847 [INFO] PluginManage:310 - Check plugin projectmanager
2023-11-10 11:21:44,864 [INFO] PluginManage:359 - Loaded plugin projectmanager (category:projectmanager,tabindex:3)
2023-11-10 11:21:44,864 [INFO] PluginManage:310 - Check plugin thirdparty
2023-11-10 11:21:45,122 [INFO] PluginManage:359 - Loaded plugin thirdparty (category:base,tabindex:-1)
2023-11-10 11:21:45,122 [INFO] PluginManage:310 - Check plugin tools
2023-11-10 11:21:45,122 [WARN] IntegrityCheckThread:84 - waiting for thirdparty lock release [integrity check]
2023-11-10 11:21:45,122 [INFO] IntegrityCheckThread:86 - entering critical section [integrity check]
2023-11-10 11:21:45,123 [INFO] ThirdPartyUpdaterWithRetryManager:70 - Updater plugin not ready yet. [1/15]
2023-11-10 11:21:45,156 [INFO] PluginManage:359 - Loaded plugin tools (category:base,tabindex:7)
2023-11-10 11:21:45,156 [INFO] PluginManage:310 - Check plugin tutovideos
2023-11-10 11:21:45,337 [INFO] PluginManage:359 - Loaded plugin tutovideos (category:base,tabindex:-1)
2023-11-10 11:21:45,337 [INFO] PluginManage:310 - Check plugin updater
2023-11-10 11:21:45,349 [INFO] PluginManage:359 - Loaded plugin updater (category:base,tabindex:12)
2023-11-10 11:21:45,350 [INFO] PluginManage:310 - Check plugin userauth
2023-11-10 11:21:45,359 [INFO] UserAuth:113 - Init User Auth plugin
2023-11-10 11:21:45,359 [INFO] PluginManage:359 - Loaded plugin userauth (category:base,tabindex:14)
2023-11-10 11:21:45,359 [INFO] PluginManage:283 - PluginManage : Loaded plugins [17]
2023-11-10 11:21:45,606 [INFO] PinOutPanel:1499 - setPackage(No Configuration,No Configuration)
2023-11-10 11:21:45,710 [INFO] CADModel:165 - CPN selected for project level
2023-11-10 11:21:45,711 [INFO] CADModel:114 - Register for checkConnection events
2023-11-10 11:21:45,737 [INFO] IPUIPlugin:80 - create IPUIPlugin
2023-11-10 11:21:45,737 [INFO] PluginManager:220 - loadIPPluginJar : add adc
2023-11-10 11:21:45,783 [INFO] IPUIPlugin:80 - create IPUIPlugin
2023-11-10 11:21:45,783 [INFO] PluginManager:220 - loadIPPluginJar : add aes
2023-11-10 11:21:45,836 [INFO] IPUIPlugin:80 - create IPUIPlugin
2023-11-10 11:21:45,837 [INFO] PluginManager:220 - loadIPPluginJar : add can
2023-11-10 11:21:45,857 [INFO] IPUIPlugin:80 - create IPUIPlugin
2023-11-10 11:21:45,857 [INFO] PluginManager:220 - loadIPPluginJar : add comp
2023-11-10 11:21:45,885 [INFO] IPUIPlugin:80 - create IPUIPlugin
2023-11-10 11:21:45,885 [INFO] PluginManager:220 - loadIPPluginJar : add cryp
2023-11-10 11:21:45,909 [INFO] IPUIPlugin:80 - create IPUIPlugin
2023-11-10 11:21:45,909 [INFO] PluginManager:220 - loadIPPluginJar : add dfsdm
2023-11-10 11:21:45,923 [INFO] IPUIPlugin:80 - create IPUIPlugin
2023-11-10 11:21:45,923 [INFO] PluginManager:220 - loadIPPluginJar : add dma
2023-11-10 11:21:45,956 [INFO] IPUIPlugin:80 - create IPUIPlugin
2023-11-10 11:21:45,956 [INFO] PluginManager:220 - loadIPPluginJar : add dma3
2023-11-10 11:21:45,974 [INFO] IPUIPlugin:80 - create IPUIPlugin
2023-11-10 11:21:45,975 [INFO] PluginManager:220 - loadIPPluginJar : add fatfs
2023-11-10 11:21:46,015 [INFO] IPUIPlugin:80 - create IPUIPlugin
2023-11-10 11:21:46,015 [INFO] PluginManager:220 - loadIPPluginJar : add fmc
2023-11-10 11:21:46,030 [INFO] IPUIPlugin:80 - create IPUIPlugin
2023-11-10 11:21:46,030 [INFO] PluginManager:220 - loadIPPluginJar : add freertos
2023-11-10 11:21:46,047 [INFO] IPUIPlugin:80 - create IPUIPlugin
2023-11-10 11:21:46,047 [INFO] PluginManager:220 - loadIPPluginJar : add genericplugin
2023-11-10 11:21:46,118 [INFO] IPUIPlugin:80 - create IPUIPlugin
2023-11-10 11:21:46,118 [INFO] PluginManager:220 - loadIPPluginJar : add gfxmmu
2023-11-10 11:21:46,245 [INFO] IPUIPlugin:80 - create IPUIPlugin
2023-11-10 11:21:46,246 [INFO] PluginManager:220 - loadIPPluginJar : add gic
2023-11-10 11:21:46,258 [INFO] IPUIPlugin:80 - create IPUIPlugin
2023-11-10 11:21:46,258 [INFO] PluginManager:220 - loadIPPluginJar : add gpio
2023-11-10 11:21:46,361 [INFO] IPUIPlugin:80 - create IPUIPlugin
2023-11-10 11:21:46,362 [INFO] PluginManager:220 - loadIPPluginJar : add gtzc
2023-11-10 11:21:46,411 [INFO] IPUIPlugin:80 - create IPUIPlugin
2023-11-10 11:21:46,411 [INFO] PluginManager:220 - loadIPPluginJar : add hash
2023-11-10 11:21:46,469 [INFO] IPUIPlugin:80 - create IPUIPlugin
2023-11-10 11:21:46,469 [INFO] PluginManager:220 - loadIPPluginJar : add i2c
2023-11-10 11:21:46,506 [INFO] IPUIPlugin:80 - create IPUIPlugin
2023-11-10 11:21:46,506 [INFO] PluginManager:220 - loadIPPluginJar : add i2s
2023-11-10 11:21:46,548 [INFO] IPUIPlugin:80 - create IPUIPlugin
2023-11-10 11:21:46,548 [INFO] PluginManager:220 - loadIPPluginJar : add i3c
2023-11-10 11:21:46,655 [INFO] IPUIPlugin:80 - create IPUIPlugin
2023-11-10 11:21:46,655 [INFO] PluginManager:220 - loadIPPluginJar : add ipddr
2023-11-10 11:21:46,758 [INFO] IPUIPlugin:80 - create IPUIPlugin
2023-11-10 11:21:46,758 [INFO] PluginManager:220 - loadIPPluginJar : add linkedlist
2023-11-10 11:21:46,796 [INFO] IPUIPlugin:80 - create IPUIPlugin
2023-11-10 11:21:46,796 [INFO] PluginManager:220 - loadIPPluginJar : add lorawan
2023-11-10 11:21:46,830 [INFO] IPUIPlugin:80 - create IPUIPlugin
2023-11-10 11:21:46,830 [INFO] PluginManager:220 - loadIPPluginJar : add ltdc
2023-11-10 11:21:46,846 [INFO] IPUIPlugin:80 - create IPUIPlugin
2023-11-10 11:21:46,846 [INFO] PluginManager:220 - loadIPPluginJar : add mdma
2023-11-10 11:21:46,859 [INFO] IPUIPlugin:80 - create IPUIPlugin
2023-11-10 11:21:46,860 [INFO] PluginManager:220 - loadIPPluginJar : add nvic
2023-11-10 11:21:46,894 [INFO] IPUIPlugin:80 - create IPUIPlugin
2023-11-10 11:21:46,894 [INFO] PluginManager:220 - loadIPPluginJar : add opamp
2023-11-10 11:21:46,949 [INFO] IPUIPlugin:80 - create IPUIPlugin
2023-11-10 11:21:46,950 [INFO] PluginManager:220 - loadIPPluginJar : add openamp
2023-11-10 11:21:46,988 [INFO] IPUIPlugin:80 - create IPUIPlugin
2023-11-10 11:21:46,989 [INFO] PluginManager:220 - loadIPPluginJar : add pdm2pcm
2023-11-10 11:21:47,001 [INFO] IPUIPlugin:80 - create IPUIPlugin
2023-11-10 11:21:47,003 [INFO] PluginManager:220 - loadIPPluginJar : add plateformsettings
2023-11-10 11:21:47,026 [INFO] IPUIPlugin:80 - create IPUIPlugin
2023-11-10 11:21:47,027 [INFO] PluginManager:220 - loadIPPluginJar : add quadspi
2023-11-10 11:21:47,039 [INFO] IPUIPlugin:80 - create IPUIPlugin
2023-11-10 11:21:47,039 [INFO] PluginManager:220 - loadIPPluginJar : add resmgrutility
2023-11-10 11:21:47,086 [INFO] IPUIPlugin:80 - create IPUIPlugin
2023-11-10 11:21:47,086 [INFO] PluginManager:220 - loadIPPluginJar : add sai
2023-11-10 11:21:47,149 [INFO] IPUIPlugin:80 - create IPUIPlugin
2023-11-10 11:21:47,150 [INFO] PluginManager:220 - loadIPPluginJar : add spi
2023-11-10 11:21:47,205 [INFO] IPUIPlugin:80 - create IPUIPlugin
2023-11-10 11:21:47,205 [INFO] PluginManager:220 - loadIPPluginJar : add stm32_wpan
2023-11-10 11:21:47,227 [INFO] IPUIPlugin:80 - create IPUIPlugin
2023-11-10 11:21:47,227 [INFO] PluginManager:220 - loadIPPluginJar : add tim
2023-11-10 11:21:47,290 [INFO] IPUIPlugin:80 - create IPUIPlugin
2023-11-10 11:21:47,290 [INFO] PluginManager:220 - loadIPPluginJar : add touchsensing
2023-11-10 11:21:47,310 [INFO] IPUIPlugin:80 - create IPUIPlugin
2023-11-10 11:21:47,310 [INFO] PluginManager:220 - loadIPPluginJar : add tracer_emb
2023-11-10 11:21:47,332 [INFO] IPUIPlugin:80 - create IPUIPlugin
2023-11-10 11:21:47,332 [INFO] PluginManager:220 - loadIPPluginJar : add ts
2023-11-10 11:21:47,354 [INFO] IPUIPlugin:80 - create IPUIPlugin
2023-11-10 11:21:47,354 [INFO] PluginManager:220 - loadIPPluginJar : add tsc
2023-11-10 11:21:47,378 [INFO] IPUIPlugin:80 - create IPUIPlugin
2023-11-10 11:21:47,379 [INFO] PluginManager:220 - loadIPPluginJar : add ucpd
2023-11-10 11:21:47,417 [INFO] IPUIPlugin:80 - create IPUIPlugin
2023-11-10 11:21:47,417 [INFO] PluginManager:220 - loadIPPluginJar : add usart
2023-11-10 11:21:47,452 [INFO] IPUIPlugin:80 - create IPUIPlugin
2023-11-10 11:21:47,452 [INFO] PluginManager:220 - loadIPPluginJar : add usbx
2023-11-10 11:21:47,576 [INFO] CADModel:165 - CPN selected for project level
2023-11-10 11:21:47,576 [INFO] CADModel:114 - Register for checkConnection events
2023-11-10 11:21:47,576 [FATAL] Updater:308 - Updater called before beeing initialized
2023-11-10 11:21:47,576 [ERROR] CADModel:125 - Updater not yet initialized, retry later 
2023-11-10 11:21:47,696 [INFO] CADModel:165 - CPN selected for project level
2023-11-10 11:21:47,696 [INFO] CADModel:114 - Register for checkConnection events
2023-11-10 11:21:47,696 [FATAL] Updater:308 - Updater called before beeing initialized
2023-11-10 11:21:47,697 [ERROR] CADModel:125 - Updater not yet initialized, retry later 
2023-11-10 11:21:47,700 [FATAL] Updater:308 - Updater called before beeing initialized
2023-11-10 11:21:47,819 [FATAL] Updater:308 - Updater called before beeing initialized
2023-11-10 11:21:47,830 [INFO] DbMcusAds:53 - JSON generation date=Tue Mar 07 09:50:55 CET 2023 (1678179055335)
2023-11-10 11:21:47,830 [FATAL] Updater:308 - Updater called before beeing initialized
2023-11-10 11:21:47,899 [WARN] DetailPanel:346 - Failed to get advertising image, set to default
2023-11-10 11:21:47,984 [FATAL] Updater:308 - Updater called before beeing initialized
2023-11-10 11:21:47,986 [FATAL] Updater:308 - Updater called before beeing initialized
2023-11-10 11:21:47,986 [FATAL] Updater:308 - Updater called before beeing initialized
2023-11-10 11:21:47,986 [WARN] DetailPanel:346 - Failed to get advertising image, set to default
2023-11-10 11:21:47,986 [FATAL] Updater:308 - Updater called before beeing initialized
2023-11-10 11:21:48,043 [ERROR] Updater:1120 - MainUpdater not yet initialized. External WinMGr cannot be set.
2023-11-10 11:21:48,053 [INFO] Updater:1056 - Updater Version found : 6.9.2
2023-11-10 11:21:48,071 [INFO] ApplicationProperties:184 - Using Application install path: C:\ST\STM32CubeIDE_1.11.2\STM32CubeIDE\plugins\com.st.stm32cube.common.mx_6.9.2.202309101412
2023-11-10 11:21:48,124 [INFO] ThirdPartyUpdaterWithRetryManager:70 - Updater plugin not ready yet. [2/15]
2023-11-10 11:21:48,257 [INFO] MainUpdater:2868 - connection check result : 10
2023-11-10 11:21:48,258 [INFO] MainUpdater:285 - Updater Check For Update Now.
2023-11-10 11:21:48,259 [INFO] MicroXplorer:498 - Change Database Version : DB.6.0.92
2023-11-10 11:21:48,282 [INFO] McuFinderGlobals:63 - Set McuFinder mode to 2 (CubeIDE integrated)
2023-11-10 11:21:48,282 [INFO] UserAuth:179 - activating auth plugin
2023-11-10 11:21:48,286 [INFO] UserAuth:393 - Internet connection configuration mode: 1
2023-11-10 11:21:48,339 [INFO] JxBrowserEngine:151 - Initiate JxBrowser Engine with user profile folder
2023-11-10 11:21:48,482 [INFO] CheckServerUpdateThread:120 - End of CheckServer Thread
2023-11-10 11:21:50,752 [INFO] WebApp:157 - Instantiating new browser for Auth
2023-11-10 11:21:51,546 [WARN] PackLoader:240 - Cannot read IP mode file for STMicroelectronics.X-CUBE-SMBUS.2.1.0
2023-11-10 11:21:51,643 [WARN] PackLoader:240 - Cannot read IP mode file for STMicroelectronics.X-CUBE-AZRTOS-F7.1.1.0
2023-11-10 11:21:51,691 [WARN] PackLoader:240 - Cannot read IP mode file for STMicroelectronics.FP-SNS-MOTENV1.4.3.2
2023-11-10 11:21:51,701 [INFO] WebApp:753 - Register for checkConnection events
2023-11-10 11:21:51,701 [INFO] WebApp:390 - Apply proxy settings
2023-11-10 11:21:51,702 [INFO] WebApp:475 - Chromium requires no authentication
2023-11-10 11:21:51,724 [INFO] WebApp:418 - Direct internet connection detected
2023-11-10 11:21:51,730 [WARN] PackLoader:240 - Cannot read IP mode file for STMicroelectronics.X-CUBE-BLE1.6.2.4
2023-11-10 11:21:51,754 [WARN] PackLoader:240 - Cannot read IP mode file for STMicroelectronics.FP-SNS-FLIGHT1.5.0.2
2023-11-10 11:21:51,782 [WARN] PackLoader:240 - Cannot read IP mode file for STMicroelectronics.X-CUBE-DISPLAY.3.0.0
2023-11-10 11:21:51,816 [WARN] PackLoader:240 - Cannot read IP mode file for STMicroelectronics.X-CUBE-BLE1.7.0.0
2023-11-10 11:21:51,837 [WARN] PackLoader:240 - Cannot read IP mode file for STMicroelectronics.X-CUBE-TOUCHGFX.4.22.1
2023-11-10 11:21:51,857 [WARN] PackLoader:240 - Cannot read IP mode file for STMicroelectronics.FP-SNS-SMARTAG2.1.2.0
2023-11-10 11:21:51,899 [INFO] LogOutputStream:77 - [STDOUT_REDIRECT] 1 : Invalid condition id : UX_CORESTACK_Condition cause : null
2023-11-10 11:21:51,900 [INFO] LogOutputStream:77 - [STDOUT_REDIRECT] 1 : Invalid condition id : UX_CORESTACK_Condition cause : null
2023-11-10 11:21:51,903 [INFO] LogOutputStream:77 - [STDOUT_REDIRECT] 1 : Invalid condition id : UX_CORESTACK_Condition cause : null
2023-11-10 11:21:51,905 [INFO] LogOutputStream:77 - [STDOUT_REDIRECT] 1 : Invalid condition id : UX_CORESTACK_Condition cause : null
2023-11-10 11:21:51,907 [INFO] LogOutputStream:77 - [STDOUT_REDIRECT] 1 : Invalid condition id : UX_CORESTACK_Condition cause : null
2023-11-10 11:21:51,941 [WARN] PackLoader:240 - Cannot read IP mode file for STMicroelectronics.X-CUBE-AZRTOS-WL.2.0.0
2023-11-10 11:21:51,971 [WARN] PackLoader:240 - Cannot read IP mode file for WES.I-CUBE-Cesium.1.3.0
2023-11-10 11:21:52,001 [WARN] PackLoader:240 - Cannot read IP mode file for STMicroelectronics.X-CUBE-BLE2.3.3.0
2023-11-10 11:21:52,041 [WARN] PackLoader:240 - Cannot read IP mode file for STMicroelectronics.X-CUBE-TOF1.3.2.0
2023-11-10 11:21:52,082 [WARN] PackLoader:240 - Cannot read IP mode file for STMicroelectronics.X-CUBE-TOUCHGFX.4.21.1
2023-11-10 11:21:52,105 [WARN] PackLoader:240 - Cannot read IP mode file for STMicroelectronics.X-CUBE-AI.7.3.0
2023-11-10 11:21:52,127 [INFO] WebApp:188 - Starting web application
2023-11-10 11:21:52,128 [INFO] WebApp:520 - Web application path used C:\ST\STM32CubeIDE_1.11.2\STM32CubeIDE\plugins\com.st.stm32cube.common.mx_6.9.2.202309101412\db\plugins\mcufinder\reactClient1\index.html
2023-11-10 11:21:52,135 [WARN] PackLoader:240 - Cannot read IP mode file for STMicroelectronics.X-CUBE-ALGOBUILD.1.3.0
2023-11-10 11:21:52,197 [WARN] PackLoader:240 - Cannot read IP mode file for STMicroelectronics.X-CUBE-AZRTOS-G0.1.1.0
2023-11-10 11:21:52,226 [WARN] PackLoader:240 - Cannot read IP mode file for STMicroelectronics.X-CUBE-NFC4.3.0.0
2023-11-10 11:21:52,261 [WARN] PackLoader:240 - Cannot read IP mode file for STMicroelectronics.X-CUBE-BLEMGR.3.0.0
2023-11-10 11:21:52,285 [WARN] PackLoader:240 - Cannot read IP mode file for STMicroelectronics.X-CUBE-BLEMGR.1.3.0
2023-11-10 11:21:52,304 [WARN] PackLoader:240 - Cannot read IP mode file for STMicroelectronics.FP-ATR-SIGFOX1.3.2.0
2023-11-10 11:21:52,393 [WARN] PackLoader:240 - Cannot read IP mode file for STMicroelectronics.X-CUBE-MEMS1.9.5.0
2023-11-10 11:21:52,821 [WARN] PackLoader:240 - Cannot read IP mode file for SEGGER.I-CUBE-embOS.1.3.1
2023-11-10 11:21:52,938 [WARN] PackLoader:240 - Cannot read IP mode file for STMicroelectronics.X-CUBE-GNSS1.6.0.0
2023-11-10 11:21:52,980 [WARN] PackLoader:240 - Cannot read IP mode file for STMicroelectronics.X-CUBE-AZRTOS-F4.1.1.0
2023-11-10 11:21:53,047 [WARN] PackLoader:240 - Cannot read IP mode file for STMicroelectronics.X-CUBE-AZRTOS-L5.2.0.0
2023-11-10 11:21:53,145 [WARN] PackLoader:240 - Cannot read IP mode file for STMicroelectronics.X-CUBE-MEMS1.9.6.0
2023-11-10 11:21:53,414 [WARN] PackLoader:240 - Cannot read IP mode file for STMicroelectronics.X-CUBE-EEPRMA1.4.2.0
2023-11-10 11:21:53,439 [WARN] PackLoader:240 - Cannot read IP mode file for ITTIA_DB.I-CUBE-ITTIADB.8.8.0
2023-11-10 11:21:53,466 [WARN] PackLoader:240 - Cannot read IP mode file for emotas.I-CUBE-CANOPEN.1.1.3
2023-11-10 11:21:53,494 [WARN] PackLoader:240 - Cannot read IP mode file for STMicroelectronics.X-CUBE-BLEMGR.2.0.0
2023-11-10 11:21:53,555 [WARN] ConditionMgr:438 - getConditionDescription Invalid condition id : UX DEVICE CLASS RTOS Condition cause : null
2023-11-10 11:21:53,555 [WARN] ConditionMgr:438 - getConditionDescription Invalid condition id : UX DEVICE CLASS RTOS Condition cause : null
2023-11-10 11:21:53,561 [WARN] PackLoader:240 - Cannot read IP mode file for STMicroelectronics.X-CUBE-AZRTOS-H7.3.1.0
2023-11-10 11:21:53,563 [WARN] ConditionMgr:1039 - genDependencies : Invalid condition id : UX DEVICE CLASS RTOS Condition cause : null
2023-11-10 11:21:53,563 [WARN] ConditionMgr:1039 - genDependencies : Invalid condition id : UX DEVICE CLASS RTOS Condition cause : null
2023-11-10 11:21:53,564 [WARN] ConditionMgr:1039 - genDependencies : Invalid condition id : UX DEVICE CLASS RTOS Condition cause : null
2023-11-10 11:21:53,565 [WARN] ConditionMgr:1039 - genDependencies : Invalid condition id : UX DEVICE CLASS RTOS Condition cause : null
2023-11-10 11:21:53,565 [WARN] ConditionMgr:1039 - genDependencies : Invalid condition id : UX DEVICE CLASS RTOS Condition cause : null
2023-11-10 11:21:53,588 [WARN] PackLoader:240 - Cannot read IP mode file for wolfSSL.I-CUBE-wolfSSL.5.5.4
2023-11-10 11:21:53,613 [WARN] PackLoader:240 - Cannot read IP mode file for STMicroelectronics.X-CUBE-NFC7.1.0.1
2023-11-10 11:21:53,630 [WARN] PackLoader:240 - Cannot read IP mode file for STMicroelectronics.X-CUBE-NFC7.1.0.0
2023-11-10 11:21:53,654 [WARN] PackLoader:240 - Cannot read IP mode file for STMicroelectronics.X-CUBE-NFC6.3.0.0
2023-11-10 11:21:53,671 [WARN] PackLoader:240 - Cannot read IP mode file for STMicroelectronics.X-CUBE-EEPRMA1.4.1.0
2023-11-10 11:21:53,688 [WARN] PackLoader:240 - Cannot read IP mode file for STMicroelectronics.X-CUBE-AI.8.1.0
2023-11-10 11:21:53,733 [WARN] ConditionMgr:438 - getConditionDescription Invalid condition id : LAN8742 Phy interface Condition cause : null
2023-11-10 11:21:53,734 [WARN] PackLoader:240 - Cannot read IP mode file for STMicroelectronics.X-CUBE-AZRTOS-L4.2.0.0
2023-11-10 11:21:53,736 [WARN] ConditionMgr:1039 - genDependencies : Invalid condition id : LAN8742 Phy interface Condition cause : null
2023-11-10 11:21:53,736 [WARN] ConditionMgr:1039 - genDependencies : Invalid condition id : LAN8742 Phy interface Condition cause : null
2023-11-10 11:21:53,737 [WARN] ConditionMgr:1039 - genDependencies : Invalid condition id : LAN8742 Phy interface Condition cause : null
2023-11-10 11:21:53,761 [WARN] PackLoader:240 - Cannot read IP mode file for STMicroelectronics.X-CUBE-SFXS2LP1.4.0.0
2023-11-10 11:21:53,829 [WARN] PackLoader:240 - Cannot read IP mode file for STMicroelectronics.X-CUBE-AZRTOS-H7.3.0.0
2023-11-10 11:21:53,858 [WARN] PackLoader:240 - Cannot read IP mode file for STMicroelectronics.X-CUBE-ISPU.1.1.0
2023-11-10 11:21:53,886 [WARN] PackLoader:240 - Cannot read IP mode file for RoweBots.I-CUBE-UNISONRTOS.5.5.0-4
2023-11-10 11:21:53,911 [WARN] PackLoader:240 - Cannot read IP mode file for STMicroelectronics.X-CUBE-AI.8.0.0
2023-11-10 11:21:53,962 [WARN] ConditionMgr:438 - getConditionDescription Invalid condition id : UX DEVICE CLASS RTOS Condition cause : null
2023-11-10 11:21:53,963 [WARN] ConditionMgr:438 - getConditionDescription Invalid condition id : UX DEVICE CLASS RTOS Condition cause : null
2023-11-10 11:21:53,970 [WARN] PackLoader:240 - Cannot read IP mode file for STMicroelectronics.X-CUBE-AZRTOS-WB.2.0.0
2023-11-10 11:21:53,972 [WARN] ConditionMgr:1039 - genDependencies : Invalid condition id : UX DEVICE CLASS RTOS Condition cause : null
2023-11-10 11:21:53,972 [WARN] ConditionMgr:1039 - genDependencies : Invalid condition id : UX DEVICE CLASS RTOS Condition cause : null
2023-11-10 11:21:53,973 [WARN] ConditionMgr:1039 - genDependencies : Invalid condition id : UX DEVICE CLASS RTOS Condition cause : null
2023-11-10 11:21:53,974 [WARN] ConditionMgr:1039 - genDependencies : Invalid condition id : UX DEVICE CLASS RTOS Condition cause : null
2023-11-10 11:21:53,975 [WARN] ConditionMgr:1039 - genDependencies : Invalid condition id : UX DEVICE CLASS RTOS Condition cause : null
2023-11-10 11:21:54,011 [WARN] PackLoader:240 - Cannot read IP mode file for STMicroelectronics.X-CUBE-FREERTOS.1.0.0
2023-11-10 11:21:54,058 [WARN] PackLoader:240 - Cannot read IP mode file for STMicroelectronics.X-CUBE-AZRTOS-L5.1.1.0
2023-11-10 11:21:54,109 [WARN] PackLoader:240 - Cannot read IP mode file for STMicroelectronics.X-CUBE-SUBG2.5.0.0
2023-11-10 11:21:54,159 [WARN] PackLoader:240 - Cannot read IP mode file for STMicroelectronics.X-CUBE-TOF1.3.3.1
2023-11-10 11:21:54,227 [WARN] PackLoader:240 - Cannot read IP mode file for STMicroelectronics.X-CUBE-AZRTOS-G4.2.0.0
2023-11-10 11:21:54,250 [WARN] PackLoader:240 - Cannot read IP mode file for STMicroelectronics.FP-ATR-ASTRA1.1.1.1
2023-11-10 11:21:54,293 [WARN] PackLoader:240 - Cannot read IP mode file for Infineon.AIROC-Wi-Fi-Bluetooth-STM32.1.5.1
2023-11-10 11:21:54,336 [WARN] PackLoader:240 - Cannot read IP mode file for STMicroelectronics.X-CUBE-AZRTOS-G4.1.0.0
2023-11-10 11:21:54,376 [WARN] PackLoader:240 - Cannot read IP mode file for STMicroelectronics.X-CUBE-AZRTOS-L4.1.0.0
2023-11-10 11:21:54,477 [WARN] PackLoader:240 - Cannot read IP mode file for STMicroelectronics.X-CUBE-MEMS1.10.0.0
2023-11-10 11:21:54,747 [WARN] PackLoader:240 - Cannot read IP mode file for STMicroelectronics.X-CUBE-FREERTOS.1.1.0
2023-11-10 11:21:54,778 [WARN] PackLoader:240 - Cannot read IP mode file for STMicroelectronics.X-CUBE-AZRTOS-WL.1.0.0
2023-11-10 11:21:54,799 [WARN] PackLoader:240 - Cannot read IP mode file for portGmbH.I-Cube-SoM-uGOAL.1.1.0
2023-11-10 11:21:54,813 [WARN] PackLoader:240 - Cannot read IP mode file for STMicroelectronics.X-CUBE-ALS.1.0.1
2023-11-10 11:21:54,844 [WARN] PackLoader:240 - Cannot read IP mode file for STMicroelectronics.X-CUBE-AZRTOS-WB.1.1.0
2023-11-10 11:21:54,861 [WARN] PackLoader:240 - Cannot read IP mode file for STMicroelectronics.FP-ATR-ASTRA1.2.0.0
2023-11-10 11:21:54,863 [INFO] ThirdParty:978 - Integrity check success = true
2023-11-10 11:21:54,863 [INFO] IntegrityCheckThread:100 - exiting critical section [integrity check]
2023-11-10 11:21:54,864 [INFO] IntegrityCheckThread:103 - End integrity checks thread
2023-11-10 11:22:13,107 [ERROR] LogOutputStream:75 - [STDERR_REDIRECT] SLF4J: Failed to load class "org.slf4j.impl.StaticLoggerBinder".
2023-11-10 11:22:13,107 [ERROR] LogOutputStream:75 - [STDERR_REDIRECT] SLF4J: Defaulting to no-operation (NOP) logger implementation
2023-11-10 11:22:13,109 [ERROR] LogOutputStream:75 - [STDERR_REDIRECT] SLF4J: See http://www.slf4j.org/codes.html#StaticLoggerBinder for further details.
2023-11-10 13:11:06,040 [ERROR] LogOutputStream:75 - [STDERR_REDIRECT] 
