2023-12-11 11:41:55,149 [INFO] Activator:176 - 


2023-12-11 11:41:55,155 [INFO] Activator:177 - !SESSION log4j initialized
2023-12-11 11:41:58,340 [INFO] LogOutputStream:77 - [STDOUT_REDIRECT] 
2023-12-11 11:42:00,628 [INFO] ApplicationProperties:184 - Using Application install path: C:\ST\STM32CubeIDE_1.11.2\STM32CubeIDE\plugins\com.st.stm32cube.common.mx_6.9.2.202309101412
2023-12-11 11:42:00,646 [INFO] DbMcusXml:78 - Set database path to: C:\ST\STM32CubeIDE_1.11.2\STM32CubeIDE\plugins\com.st.stm32cube.common.mx_6.9.2.202309101412\\db\/mcu/
2023-12-11 11:42:00,647 [INFO] ApiDb:274 - Set plugin database path to: C:\ST\STM32CubeIDE_1.11.2\STM32CubeIDE\plugins\com.st.stm32cube.common.mx_6.9.2.202309101412\\db\/plugins/boardmanager/
2023-12-11 11:42:00,647 [WARN] ApiDb:259 - Overriding images path with different value:  => C:\ST\STM32CubeIDE_1.11.2\STM32CubeIDE\plugins\com.st.stm32cube.common.mx_6.9.2.202309101412\\db\/plugins/mcufinder/images/
2023-12-11 11:42:00,660 [INFO] ApiDb:250 - Set database path to: C:\Users\andep\.stmcufinder\plugins\mcufinder//mcu/
2023-12-11 11:42:00,661 [INFO] DbMcusAds:125 - Set database path to: C:\Users\andep\.stmcufinder\plugins\mcufinder//mcu/
2023-12-11 11:42:00,662 [INFO] CrossReferenceDbSqlite:203 - Set database path to: C:\Users\andep\.stmcufinder\plugins\mcufinder//mcu/cs/
2023-12-11 11:42:00,766 [INFO] RulesReader:64 - Compatibility file has been processed (293 Rules)
2023-12-11 11:42:00,855 [INFO] DbMcusXml:78 - Set database path to: C:\ST\STM32CubeIDE_1.11.2\STM32CubeIDE\plugins\com.st.stm32cube.common.mx_6.9.2.202309101412\\db\/mcu/
2023-12-11 11:42:00,855 [INFO] ApiDb:274 - Set plugin database path to: C:\ST\STM32CubeIDE_1.11.2\STM32CubeIDE\plugins\com.st.stm32cube.common.mx_6.9.2.202309101412\\db\/plugins/boardmanager/
2023-12-11 11:42:00,855 [INFO] ApiDb:261 - Set plugin images path to: C:\ST\STM32CubeIDE_1.11.2\STM32CubeIDE\plugins\com.st.stm32cube.common.mx_6.9.2.202309101412\\db\/plugins/mcufinder/images/
2023-12-11 11:42:00,855 [WARN] DbFile:41 - Overriding database path with different value: C:\Users\andep\.stmcufinder\plugins\mcufinder/ => C:\Users\andep\.stmcufinder\plugins\mcufinder
2023-12-11 11:42:00,855 [INFO] ApiDb:250 - Set database path to: C:\Users\andep\.stmcufinder\plugins\mcufinder//mcu/
2023-12-11 11:42:00,855 [WARN] DbFile:41 - Overriding database path with different value: C:\Users\andep\.stmcufinder\plugins\mcufinder/ => C:\Users\andep\.stmcufinder\plugins\mcufinder
2023-12-11 11:42:00,855 [INFO] DbMcusAds:125 - Set database path to: C:\Users\andep\.stmcufinder\plugins\mcufinder//mcu/
2023-12-11 11:42:00,855 [WARN] DbFile:41 - Overriding database path with different value: C:\Users\andep\.stmcufinder\plugins\mcufinder/ => C:\Users\andep\.stmcufinder\plugins\mcufinder
2023-12-11 11:42:00,856 [WARN] DbFile:41 - Overriding database path with different value: C:\Users\andep\.stmcufinder\plugins\mcufinder/ => C:\Users\andep\.stmcufinder\plugins\mcufinder
2023-12-11 11:42:00,856 [INFO] CrossReferenceDbSqlite:203 - Set database path to: C:\Users\andep\.stmcufinder\plugins\mcufinder//mcu/cs/
2023-12-11 11:42:00,928 [INFO] MainPanel:262 - HeapMemory: 268435456
2023-12-11 11:42:01,019 [INFO] DbMcusXml:78 - Set database path to: C:\ST\STM32CubeIDE_1.11.2\STM32CubeIDE\plugins\com.st.stm32cube.common.mx_6.9.2.202309101412\\db\/mcu/
2023-12-11 11:42:01,019 [INFO] ApiDb:274 - Set plugin database path to: C:\ST\STM32CubeIDE_1.11.2\STM32CubeIDE\plugins\com.st.stm32cube.common.mx_6.9.2.202309101412\\db\/plugins/boardmanager/
2023-12-11 11:42:01,019 [INFO] ApiDb:261 - Set plugin images path to: C:\ST\STM32CubeIDE_1.11.2\STM32CubeIDE\plugins\com.st.stm32cube.common.mx_6.9.2.202309101412\\db\/plugins/mcufinder/images/
2023-12-11 11:42:01,020 [WARN] DbFile:41 - Overriding database path with different value: C:\Users\andep\.stmcufinder\plugins\mcufinder/ => C:\Users\andep\.stmcufinder\plugins\mcufinder
2023-12-11 11:42:01,020 [INFO] ApiDb:250 - Set database path to: C:\Users\andep\.stmcufinder\plugins\mcufinder//mcu/
2023-12-11 11:42:01,020 [WARN] DbFile:41 - Overriding database path with different value: C:\Users\andep\.stmcufinder\plugins\mcufinder/ => C:\Users\andep\.stmcufinder\plugins\mcufinder
2023-12-11 11:42:01,020 [INFO] DbMcusAds:125 - Set database path to: C:\Users\andep\.stmcufinder\plugins\mcufinder//mcu/
2023-12-11 11:42:01,020 [WARN] DbFile:41 - Overriding database path with different value: C:\Users\andep\.stmcufinder\plugins\mcufinder/ => C:\Users\andep\.stmcufinder\plugins\mcufinder
2023-12-11 11:42:01,020 [WARN] DbFile:41 - Overriding database path with different value: C:\Users\andep\.stmcufinder\plugins\mcufinder/ => C:\Users\andep\.stmcufinder\plugins\mcufinder
2023-12-11 11:42:01,020 [INFO] CrossReferenceDbSqlite:203 - Set database path to: C:\Users\andep\.stmcufinder\plugins\mcufinder//mcu/cs/
2023-12-11 11:42:01,038 [INFO] ApplicationProperties:184 - Using Application install path: C:\ST\STM32CubeIDE_1.11.2\STM32CubeIDE\plugins\com.st.stm32cube.common.mx_6.9.2.202309101412
2023-12-11 11:42:01,039 [INFO] PluginManage:196 - Search for loadable plugins [exclusion list=, ]
2023-12-11 11:42:01,041 [INFO] PluginManage:310 - Check plugin analytics
2023-12-11 11:42:01,196 [INFO] AnalyticsPlugin:253 - Accepted Software Licenses: 
2023-12-11 11:42:01,196 [INFO] AnalyticsPlugin:255 - Accepted CMSIS Pack Licenses: 
2023-12-11 11:42:01,196 [INFO] AnalyticsPlugin:257 - Accepted Firmware Licenses: 
2023-12-11 11:42:01,198 [INFO] PluginManage:359 - Loaded plugin analytics (category:tool,tabindex:-1)
2023-12-11 11:42:01,199 [INFO] PluginManage:310 - Check plugin cadmodel
2023-12-11 11:42:01,216 [INFO] CADModel:105 - Init CAD model plugin
2023-12-11 11:42:01,216 [INFO] PluginManage:359 - Loaded plugin cadmodel (category:power,tabindex:5)
2023-12-11 11:42:01,217 [INFO] PluginManage:310 - Check plugin clock
2023-12-11 11:42:01,239 [INFO] PluginManage:359 - Loaded plugin clock (category:base,tabindex:2)
2023-12-11 11:42:01,240 [INFO] PluginManage:310 - Check plugin ddr
2023-12-11 11:42:01,242 [INFO] PluginManage:359 - Loaded plugin ddr (category:tool,tabindex:6)
2023-12-11 11:42:01,242 [INFO] PluginManage:310 - Check plugin filemanager
2023-12-11 11:42:01,379 [INFO] PluginManage:359 - Loaded plugin filemanager (category:base,tabindex:10)
2023-12-11 11:42:01,379 [INFO] PluginManage:310 - Check plugin ipmanager
2023-12-11 11:42:01,389 [INFO] PluginManage:359 - Loaded plugin ipmanager (category:base,tabindex:5)
2023-12-11 11:42:01,389 [INFO] PluginManage:310 - Check plugin lpbam
2023-12-11 11:42:01,408 [INFO] PluginManage:359 - Loaded plugin lpbam (category:base,tabindex:0)
2023-12-11 11:42:01,409 [INFO] PluginManage:310 - Check plugin memorymap
2023-12-11 11:42:01,438 [INFO] PluginManage:359 - Loaded plugin memorymap (category:base,tabindex:4)
2023-12-11 11:42:01,438 [INFO] PluginManage:310 - Check plugin pinoutandconfiguration
2023-12-11 11:42:01,460 [INFO] PluginManage:359 - Loaded plugin pinoutandconfiguration (category:base,tabindex:1)
2023-12-11 11:42:01,461 [INFO] PluginManage:310 - Check plugin pinoutconfig
2023-12-11 11:42:01,569 [WARN] SupportedApi:132 - Cannot load RTOS API schema: s4s-elt-must-match.1: The content of 'definitions' must match (annotation?, (simpleType | complexType)?, (unique | key | keyref)*)). A problem was found starting at: attribute.
2023-12-11 11:42:01,690 [INFO] PluginManage:359 - Loaded plugin pinoutconfig (category:base,tabindex:0)
2023-12-11 11:42:01,690 [INFO] PluginManage:310 - Check plugin power
2023-12-11 11:42:01,720 [INFO] PluginManage:359 - Loaded plugin power (category:power,tabindex:4)
2023-12-11 11:42:01,720 [INFO] PluginManage:310 - Check plugin projectmanager
2023-12-11 11:42:01,733 [INFO] PluginManage:359 - Loaded plugin projectmanager (category:projectmanager,tabindex:3)
2023-12-11 11:42:01,734 [INFO] PluginManage:310 - Check plugin thirdparty
2023-12-11 11:42:01,992 [INFO] PluginManage:359 - Loaded plugin thirdparty (category:base,tabindex:-1)
2023-12-11 11:42:01,992 [INFO] PluginManage:310 - Check plugin tools
2023-12-11 11:42:01,992 [WARN] IntegrityCheckThread:84 - waiting for thirdparty lock release [integrity check]
2023-12-11 11:42:01,992 [INFO] IntegrityCheckThread:86 - entering critical section [integrity check]
2023-12-11 11:42:01,992 [INFO] ThirdPartyUpdaterWithRetryManager:70 - Updater plugin not ready yet. [1/15]
2023-12-11 11:42:02,049 [INFO] PluginManage:359 - Loaded plugin tools (category:base,tabindex:7)
2023-12-11 11:42:02,050 [INFO] PluginManage:310 - Check plugin tutovideos
2023-12-11 11:42:02,241 [INFO] PluginManage:359 - Loaded plugin tutovideos (category:base,tabindex:-1)
2023-12-11 11:42:02,242 [INFO] PluginManage:310 - Check plugin updater
2023-12-11 11:42:02,252 [INFO] PluginManage:359 - Loaded plugin updater (category:base,tabindex:12)
2023-12-11 11:42:02,252 [INFO] PluginManage:310 - Check plugin userauth
2023-12-11 11:42:02,257 [INFO] UserAuth:113 - Init User Auth plugin
2023-12-11 11:42:02,257 [INFO] PluginManage:359 - Loaded plugin userauth (category:base,tabindex:14)
2023-12-11 11:42:02,257 [INFO] PluginManage:283 - PluginManage : Loaded plugins [17]
2023-12-11 11:42:02,454 [INFO] PinOutPanel:1499 - setPackage(No Configuration,No Configuration)
2023-12-11 11:42:02,543 [INFO] CADModel:165 - CPN selected for project level
2023-12-11 11:42:02,543 [INFO] CADModel:114 - Register for checkConnection events
2023-12-11 11:42:02,569 [INFO] IPUIPlugin:80 - create IPUIPlugin
2023-12-11 11:42:02,569 [INFO] PluginManager:220 - loadIPPluginJar : add adc
2023-12-11 11:42:02,632 [INFO] IPUIPlugin:80 - create IPUIPlugin
2023-12-11 11:42:02,632 [INFO] PluginManager:220 - loadIPPluginJar : add aes
2023-12-11 11:42:02,709 [INFO] IPUIPlugin:80 - create IPUIPlugin
2023-12-11 11:42:02,709 [INFO] PluginManager:220 - loadIPPluginJar : add can
2023-12-11 11:42:02,744 [INFO] IPUIPlugin:80 - create IPUIPlugin
2023-12-11 11:42:02,745 [INFO] PluginManager:220 - loadIPPluginJar : add comp
2023-12-11 11:42:02,804 [INFO] IPUIPlugin:80 - create IPUIPlugin
2023-12-11 11:42:02,805 [INFO] PluginManager:220 - loadIPPluginJar : add cryp
2023-12-11 11:42:02,859 [INFO] IPUIPlugin:80 - create IPUIPlugin
2023-12-11 11:42:02,859 [INFO] PluginManager:220 - loadIPPluginJar : add dfsdm
2023-12-11 11:42:02,876 [INFO] IPUIPlugin:80 - create IPUIPlugin
2023-12-11 11:42:02,876 [INFO] PluginManager:220 - loadIPPluginJar : add dma
2023-12-11 11:42:02,945 [INFO] IPUIPlugin:80 - create IPUIPlugin
2023-12-11 11:42:02,945 [INFO] PluginManager:220 - loadIPPluginJar : add dma3
2023-12-11 11:42:02,978 [INFO] IPUIPlugin:80 - create IPUIPlugin
2023-12-11 11:42:02,978 [INFO] PluginManager:220 - loadIPPluginJar : add fatfs
2023-12-11 11:42:03,059 [INFO] IPUIPlugin:80 - create IPUIPlugin
2023-12-11 11:42:03,059 [INFO] PluginManager:220 - loadIPPluginJar : add fmc
2023-12-11 11:42:03,077 [INFO] IPUIPlugin:80 - create IPUIPlugin
2023-12-11 11:42:03,077 [INFO] PluginManager:220 - loadIPPluginJar : add freertos
2023-12-11 11:42:03,111 [INFO] IPUIPlugin:80 - create IPUIPlugin
2023-12-11 11:42:03,111 [INFO] PluginManager:220 - loadIPPluginJar : add genericplugin
2023-12-11 11:42:03,290 [INFO] IPUIPlugin:80 - create IPUIPlugin
2023-12-11 11:42:03,291 [INFO] PluginManager:220 - loadIPPluginJar : add gfxmmu
2023-12-11 11:42:03,582 [INFO] IPUIPlugin:80 - create IPUIPlugin
2023-12-11 11:42:03,582 [INFO] PluginManager:220 - loadIPPluginJar : add gic
2023-12-11 11:42:03,604 [INFO] IPUIPlugin:80 - create IPUIPlugin
2023-12-11 11:42:03,604 [INFO] PluginManager:220 - loadIPPluginJar : add gpio
2023-12-11 11:42:03,814 [INFO] IPUIPlugin:80 - create IPUIPlugin
2023-12-11 11:42:03,814 [INFO] PluginManager:220 - loadIPPluginJar : add gtzc
2023-12-11 11:42:03,871 [INFO] IPUIPlugin:80 - create IPUIPlugin
2023-12-11 11:42:03,871 [INFO] PluginManager:220 - loadIPPluginJar : add hash
2023-12-11 11:42:03,972 [INFO] IPUIPlugin:80 - create IPUIPlugin
2023-12-11 11:42:03,972 [INFO] PluginManager:220 - loadIPPluginJar : add i2c
2023-12-11 11:42:04,047 [INFO] IPUIPlugin:80 - create IPUIPlugin
2023-12-11 11:42:04,047 [INFO] PluginManager:220 - loadIPPluginJar : add i2s
2023-12-11 11:42:04,126 [INFO] IPUIPlugin:80 - create IPUIPlugin
2023-12-11 11:42:04,126 [INFO] PluginManager:220 - loadIPPluginJar : add i3c
2023-12-11 11:42:04,366 [INFO] IPUIPlugin:80 - create IPUIPlugin
2023-12-11 11:42:04,366 [INFO] PluginManager:220 - loadIPPluginJar : add ipddr
2023-12-11 11:42:04,586 [INFO] IPUIPlugin:80 - create IPUIPlugin
2023-12-11 11:42:04,586 [INFO] PluginManager:220 - loadIPPluginJar : add linkedlist
2023-12-11 11:42:04,650 [INFO] IPUIPlugin:80 - create IPUIPlugin
2023-12-11 11:42:04,650 [INFO] PluginManager:220 - loadIPPluginJar : add lorawan
2023-12-11 11:42:04,720 [INFO] IPUIPlugin:80 - create IPUIPlugin
2023-12-11 11:42:04,721 [INFO] PluginManager:220 - loadIPPluginJar : add ltdc
2023-12-11 11:42:04,748 [INFO] IPUIPlugin:80 - create IPUIPlugin
2023-12-11 11:42:04,749 [INFO] PluginManager:220 - loadIPPluginJar : add mdma
2023-12-11 11:42:04,765 [INFO] IPUIPlugin:80 - create IPUIPlugin
2023-12-11 11:42:04,765 [INFO] PluginManager:220 - loadIPPluginJar : add nvic
2023-12-11 11:42:04,823 [INFO] IPUIPlugin:80 - create IPUIPlugin
2023-12-11 11:42:04,823 [INFO] PluginManager:220 - loadIPPluginJar : add opamp
2023-12-11 11:42:04,943 [INFO] IPUIPlugin:80 - create IPUIPlugin
2023-12-11 11:42:04,943 [INFO] PluginManager:220 - loadIPPluginJar : add openamp
2023-12-11 11:42:04,996 [INFO] ThirdPartyUpdaterWithRetryManager:70 - Updater plugin not ready yet. [2/15]
2023-12-11 11:42:05,057 [INFO] IPUIPlugin:80 - create IPUIPlugin
2023-12-11 11:42:05,057 [INFO] PluginManager:220 - loadIPPluginJar : add pdm2pcm
2023-12-11 11:42:05,081 [INFO] IPUIPlugin:80 - create IPUIPlugin
2023-12-11 11:42:05,085 [INFO] PluginManager:220 - loadIPPluginJar : add plateformsettings
2023-12-11 11:42:05,125 [INFO] IPUIPlugin:80 - create IPUIPlugin
2023-12-11 11:42:05,125 [INFO] PluginManager:220 - loadIPPluginJar : add quadspi
2023-12-11 11:42:05,142 [INFO] IPUIPlugin:80 - create IPUIPlugin
2023-12-11 11:42:05,142 [INFO] PluginManager:220 - loadIPPluginJar : add resmgrutility
2023-12-11 11:42:05,242 [INFO] IPUIPlugin:80 - create IPUIPlugin
2023-12-11 11:42:05,242 [INFO] PluginManager:220 - loadIPPluginJar : add sai
2023-12-11 11:42:05,313 [INFO] IPUIPlugin:80 - create IPUIPlugin
2023-12-11 11:42:05,313 [INFO] PluginManager:220 - loadIPPluginJar : add spi
2023-12-11 11:42:05,424 [INFO] IPUIPlugin:80 - create IPUIPlugin
2023-12-11 11:42:05,424 [INFO] PluginManager:220 - loadIPPluginJar : add stm32_wpan
2023-12-11 11:42:05,502 [INFO] IPUIPlugin:80 - create IPUIPlugin
2023-12-11 11:42:05,502 [INFO] PluginManager:220 - loadIPPluginJar : add tim
2023-12-11 11:42:05,607 [INFO] IPUIPlugin:80 - create IPUIPlugin
2023-12-11 11:42:05,608 [INFO] PluginManager:220 - loadIPPluginJar : add touchsensing
2023-12-11 11:42:05,652 [INFO] IPUIPlugin:80 - create IPUIPlugin
2023-12-11 11:42:05,653 [INFO] PluginManager:220 - loadIPPluginJar : add tracer_emb
2023-12-11 11:42:05,694 [INFO] IPUIPlugin:80 - create IPUIPlugin
2023-12-11 11:42:05,694 [INFO] PluginManager:220 - loadIPPluginJar : add ts
2023-12-11 11:42:05,735 [INFO] IPUIPlugin:80 - create IPUIPlugin
2023-12-11 11:42:05,736 [INFO] PluginManager:220 - loadIPPluginJar : add tsc
2023-12-11 11:42:05,777 [INFO] IPUIPlugin:80 - create IPUIPlugin
2023-12-11 11:42:05,777 [INFO] PluginManager:220 - loadIPPluginJar : add ucpd
2023-12-11 11:42:05,858 [INFO] IPUIPlugin:80 - create IPUIPlugin
2023-12-11 11:42:05,858 [INFO] PluginManager:220 - loadIPPluginJar : add usart
2023-12-11 11:42:05,974 [INFO] IPUIPlugin:80 - create IPUIPlugin
2023-12-11 11:42:05,974 [INFO] PluginManager:220 - loadIPPluginJar : add usbx
2023-12-11 11:42:06,199 [INFO] CADModel:165 - CPN selected for project level
2023-12-11 11:42:06,199 [INFO] CADModel:114 - Register for checkConnection events
2023-12-11 11:42:06,200 [FATAL] Updater:308 - Updater called before beeing initialized
2023-12-11 11:42:06,201 [ERROR] CADModel:125 - Updater not yet initialized, retry later 
2023-12-11 11:42:06,477 [INFO] CADModel:165 - CPN selected for project level
2023-12-11 11:42:06,478 [INFO] CADModel:114 - Register for checkConnection events
2023-12-11 11:42:06,478 [FATAL] Updater:308 - Updater called before beeing initialized
2023-12-11 11:42:06,478 [ERROR] CADModel:125 - Updater not yet initialized, retry later 
2023-12-11 11:42:06,485 [FATAL] Updater:308 - Updater called before beeing initialized
2023-12-11 11:42:06,741 [FATAL] Updater:308 - Updater called before beeing initialized
2023-12-11 11:42:06,768 [INFO] DbMcusAds:53 - JSON generation date=Tue Mar 07 09:50:55 CET 2023 (1678179055335)
2023-12-11 11:42:06,768 [FATAL] Updater:308 - Updater called before beeing initialized
2023-12-11 11:42:06,911 [WARN] DetailPanel:346 - Failed to get advertising image, set to default
2023-12-11 11:42:07,134 [FATAL] Updater:308 - Updater called before beeing initialized
2023-12-11 11:42:07,137 [FATAL] Updater:308 - Updater called before beeing initialized
2023-12-11 11:42:07,138 [FATAL] Updater:308 - Updater called before beeing initialized
2023-12-11 11:42:07,138 [WARN] DetailPanel:346 - Failed to get advertising image, set to default
2023-12-11 11:42:07,139 [FATAL] Updater:308 - Updater called before beeing initialized
2023-12-11 11:42:07,260 [ERROR] Updater:1120 - MainUpdater not yet initialized. External WinMGr cannot be set.
2023-12-11 11:42:07,272 [INFO] Updater:1056 - Updater Version found : 6.9.2
2023-12-11 11:42:07,300 [INFO] ApplicationProperties:184 - Using Application install path: C:\ST\STM32CubeIDE_1.11.2\STM32CubeIDE\plugins\com.st.stm32cube.common.mx_6.9.2.202309101412
2023-12-11 11:42:07,553 [INFO] MainUpdater:2868 - connection check result : 10
2023-12-11 11:42:07,554 [INFO] MainUpdater:3562 - Updater definition file requires update
2023-12-11 11:42:07,556 [INFO] MainUpdater:285 - Updater Check For Update Now.
2023-12-11 11:42:07,556 [INFO] MicroXplorer:498 - Change Database Version : DB.6.0.92
2023-12-11 11:42:07,589 [INFO] McuFinderGlobals:63 - Set McuFinder mode to 2 (CubeIDE integrated)
2023-12-11 11:42:07,589 [INFO] UserAuth:179 - activating auth plugin
2023-12-11 11:42:07,593 [INFO] UserAuth:393 - Internet connection configuration mode: 1
2023-12-11 11:42:07,624 [INFO] JxBrowserEngine:151 - Initiate JxBrowser Engine with user profile folder
2023-12-11 11:42:07,636 [INFO] ServerAccessManage:473 - Download File updaters.zip
2023-12-11 11:42:07,821 [INFO] FileExtend:240 - Unzip File : updaters.zip
2023-12-11 11:42:07,822 [INFO] FileExtend:255 - Standard Zip Deflate
2023-12-11 11:42:07,998 [WARN] MainUpdater:1189 - Updater busy. Cannot search thirdparties
2023-12-11 11:42:07,999 [INFO] ThirdPartyUpdaterWithRetryManager:96 - Updater plugin is busy. [1/15]
2023-12-11 11:42:08,350 [INFO] ServerAccessManage:473 - Download File PacksControlFlags.xml
2023-12-11 11:42:08,556 [INFO] ServerAccessManage:473 - Download File cubemx.pidx
2023-12-11 11:42:09,585 [INFO] ServerAccessManage:473 - Download File STMicroelectronics.X-CUBE-ISPU.pdsc
2023-12-11 11:42:10,583 [INFO] ServerAccessManage:473 - Download File STMicroelectronics.X-CUBE-AZRTOS-H7.pdsc
2023-12-11 11:42:10,999 [WARN] MainUpdater:1189 - Updater busy. Cannot search thirdparties
2023-12-11 11:42:10,999 [INFO] ThirdPartyUpdaterWithRetryManager:96 - Updater plugin is busy. [2/15]
2023-12-11 11:42:11,471 [INFO] WebApp:157 - Instantiating new browser for Auth
2023-12-11 11:42:12,125 [WARN] PackLoader:240 - Cannot read IP mode file for STMicroelectronics.X-CUBE-ISPU.2.0.0
2023-12-11 11:42:12,209 [WARN] PackLoader:240 - Cannot read IP mode file for STMicroelectronics.X-CUBE-AZRTOS-H7.3.2.0
2023-12-11 11:42:12,223 [INFO] PopulateThirdPartyThread:66 - Ending populate Thread
2023-12-11 11:42:12,226 [INFO] ThirdParty:1030 - CMSIS Pack Vendor :STMicroelectronics X-CUBE-AZRTOS-H7 3.2.0
2023-12-11 11:42:12,226 [INFO] ThirdParty:1030 - CMSIS Pack Vendor :STMicroelectronics X-CUBE-ISPU 2.0.0
2023-12-11 11:42:12,227 [INFO] LoadServerUpdatesThread:373 - End of LoadServerUpdate Thread
2023-12-11 11:42:12,306 [INFO] CheckServerUpdateThread:120 - End of CheckServer Thread
2023-12-11 11:42:12,405 [INFO] WebApp:753 - Register for checkConnection events
2023-12-11 11:42:12,405 [INFO] WebApp:390 - Apply proxy settings
2023-12-11 11:42:12,406 [INFO] WebApp:475 - Chromium requires no authentication
2023-12-11 11:42:12,421 [INFO] WebApp:418 - Direct internet connection detected
2023-12-11 11:42:12,713 [INFO] WebApp:188 - Starting web application
2023-12-11 11:42:12,713 [INFO] WebApp:520 - Web application path used C:\ST\STM32CubeIDE_1.11.2\STM32CubeIDE\plugins\com.st.stm32cube.common.mx_6.9.2.202309101412\db\plugins\mcufinder\reactClient1\index.html
2023-12-11 11:42:14,399 [WARN] PackLoader:240 - Cannot read IP mode file for STMicroelectronics.X-CUBE-SMBUS.2.1.0
2023-12-11 11:42:14,467 [WARN] PackLoader:240 - Cannot read IP mode file for STMicroelectronics.X-CUBE-AZRTOS-F7.1.1.0
2023-12-11 11:42:14,499 [WARN] PackLoader:240 - Cannot read IP mode file for STMicroelectronics.FP-SNS-MOTENV1.4.3.2
2023-12-11 11:42:14,526 [WARN] PackLoader:240 - Cannot read IP mode file for STMicroelectronics.X-CUBE-BLE1.6.2.4
2023-12-11 11:42:14,538 [WARN] PackLoader:240 - Cannot read IP mode file for STMicroelectronics.FP-SNS-FLIGHT1.5.0.2
2023-12-11 11:42:14,564 [WARN] PackLoader:240 - Cannot read IP mode file for STMicroelectronics.X-CUBE-DISPLAY.3.0.0
2023-12-11 11:42:14,597 [WARN] PackLoader:240 - Cannot read IP mode file for STMicroelectronics.X-CUBE-BLE1.7.0.0
2023-12-11 11:42:14,622 [WARN] PackLoader:240 - Cannot read IP mode file for STMicroelectronics.X-CUBE-TOUCHGFX.4.22.1
2023-12-11 11:42:14,637 [WARN] PackLoader:240 - Cannot read IP mode file for STMicroelectronics.FP-SNS-SMARTAG2.1.2.0
2023-12-11 11:42:14,668 [INFO] LogOutputStream:77 - [STDOUT_REDIRECT] 1 : Invalid condition id : UX_CORESTACK_Condition cause : null
2023-12-11 11:42:14,669 [INFO] LogOutputStream:77 - [STDOUT_REDIRECT] 1 : Invalid condition id : UX_CORESTACK_Condition cause : null
2023-12-11 11:42:14,670 [INFO] LogOutputStream:77 - [STDOUT_REDIRECT] 1 : Invalid condition id : UX_CORESTACK_Condition cause : null
2023-12-11 11:42:14,672 [INFO] LogOutputStream:77 - [STDOUT_REDIRECT] 1 : Invalid condition id : UX_CORESTACK_Condition cause : null
2023-12-11 11:42:14,675 [INFO] LogOutputStream:77 - [STDOUT_REDIRECT] 1 : Invalid condition id : UX_CORESTACK_Condition cause : null
2023-12-11 11:42:14,687 [WARN] PackLoader:240 - Cannot read IP mode file for STMicroelectronics.X-CUBE-AZRTOS-WL.2.0.0
2023-12-11 11:42:14,714 [WARN] PackLoader:240 - Cannot read IP mode file for WES.I-CUBE-Cesium.1.3.0
2023-12-11 11:42:14,733 [WARN] PackLoader:240 - Cannot read IP mode file for STMicroelectronics.X-CUBE-BLE2.3.3.0
2023-12-11 11:42:14,770 [WARN] PackLoader:240 - Cannot read IP mode file for STMicroelectronics.X-CUBE-TOF1.3.2.0
2023-12-11 11:42:14,806 [WARN] PackLoader:240 - Cannot read IP mode file for STMicroelectronics.X-CUBE-TOUCHGFX.4.21.1
2023-12-11 11:42:14,830 [WARN] PackLoader:240 - Cannot read IP mode file for STMicroelectronics.X-CUBE-AI.7.3.0
2023-12-11 11:42:14,858 [WARN] PackLoader:240 - Cannot read IP mode file for STMicroelectronics.X-CUBE-ALGOBUILD.1.3.0
2023-12-11 11:42:14,917 [WARN] PackLoader:240 - Cannot read IP mode file for STMicroelectronics.X-CUBE-AZRTOS-G0.1.1.0
2023-12-11 11:42:14,948 [WARN] PackLoader:240 - Cannot read IP mode file for STMicroelectronics.X-CUBE-NFC4.3.0.0
2023-12-11 11:42:14,982 [WARN] PackLoader:240 - Cannot read IP mode file for STMicroelectronics.X-CUBE-BLEMGR.3.0.0
2023-12-11 11:42:15,006 [WARN] PackLoader:240 - Cannot read IP mode file for STMicroelectronics.X-CUBE-BLEMGR.1.3.0
2023-12-11 11:42:15,016 [WARN] PackLoader:240 - Cannot read IP mode file for STMicroelectronics.FP-ATR-SIGFOX1.3.2.0
2023-12-11 11:42:15,116 [WARN] PackLoader:240 - Cannot read IP mode file for STMicroelectronics.X-CUBE-MEMS1.9.5.0
2023-12-11 11:42:15,461 [WARN] PackLoader:240 - Cannot read IP mode file for SEGGER.I-CUBE-embOS.1.3.1
2023-12-11 11:42:15,582 [WARN] PackLoader:240 - Cannot read IP mode file for STMicroelectronics.X-CUBE-GNSS1.6.0.0
2023-12-11 11:42:15,632 [WARN] PackLoader:240 - Cannot read IP mode file for STMicroelectronics.X-CUBE-AZRTOS-F4.1.1.0
2023-12-11 11:42:15,691 [WARN] PackLoader:240 - Cannot read IP mode file for STMicroelectronics.X-CUBE-AZRTOS-L5.2.0.0
2023-12-11 11:42:15,782 [WARN] PackLoader:240 - Cannot read IP mode file for STMicroelectronics.X-CUBE-MEMS1.9.6.0
2023-12-11 11:42:16,023 [WARN] PackLoader:240 - Cannot read IP mode file for STMicroelectronics.X-CUBE-EEPRMA1.4.2.0
2023-12-11 11:42:16,045 [WARN] PackLoader:240 - Cannot read IP mode file for ITTIA_DB.I-CUBE-ITTIADB.8.8.0
2023-12-11 11:42:16,072 [WARN] PackLoader:240 - Cannot read IP mode file for emotas.I-CUBE-CANOPEN.1.1.3
2023-12-11 11:42:16,093 [WARN] PackLoader:240 - Cannot read IP mode file for STMicroelectronics.X-CUBE-BLEMGR.2.0.0
2023-12-11 11:42:16,138 [WARN] ConditionMgr:438 - getConditionDescription Invalid condition id : UX DEVICE CLASS RTOS Condition cause : null
2023-12-11 11:42:16,138 [WARN] ConditionMgr:438 - getConditionDescription Invalid condition id : UX DEVICE CLASS RTOS Condition cause : null
2023-12-11 11:42:16,141 [WARN] PackLoader:240 - Cannot read IP mode file for STMicroelectronics.X-CUBE-AZRTOS-H7.3.1.0
2023-12-11 11:42:16,144 [WARN] ConditionMgr:1039 - genDependencies : Invalid condition id : UX DEVICE CLASS RTOS Condition cause : null
2023-12-11 11:42:16,144 [WARN] ConditionMgr:1039 - genDependencies : Invalid condition id : UX DEVICE CLASS RTOS Condition cause : null
2023-12-11 11:42:16,145 [WARN] ConditionMgr:1039 - genDependencies : Invalid condition id : UX DEVICE CLASS RTOS Condition cause : null
2023-12-11 11:42:16,148 [WARN] ConditionMgr:1039 - genDependencies : Invalid condition id : UX DEVICE CLASS RTOS Condition cause : null
2023-12-11 11:42:16,148 [WARN] ConditionMgr:1039 - genDependencies : Invalid condition id : UX DEVICE CLASS RTOS Condition cause : null
2023-12-11 11:42:16,178 [WARN] PackLoader:240 - Cannot read IP mode file for wolfSSL.I-CUBE-wolfSSL.5.5.4
2023-12-11 11:42:16,198 [WARN] PackLoader:240 - Cannot read IP mode file for STMicroelectronics.X-CUBE-NFC7.1.0.1
2023-12-11 11:42:16,218 [WARN] PackLoader:240 - Cannot read IP mode file for STMicroelectronics.X-CUBE-NFC7.1.0.0
2023-12-11 11:42:16,249 [WARN] PackLoader:240 - Cannot read IP mode file for STMicroelectronics.X-CUBE-NFC6.3.0.0
2023-12-11 11:42:16,275 [WARN] PackLoader:240 - Cannot read IP mode file for STMicroelectronics.X-CUBE-EEPRMA1.4.1.0
2023-12-11 11:42:16,294 [WARN] PackLoader:240 - Cannot read IP mode file for STMicroelectronics.X-CUBE-AI.8.1.0
2023-12-11 11:42:16,344 [WARN] ConditionMgr:438 - getConditionDescription Invalid condition id : LAN8742 Phy interface Condition cause : null
2023-12-11 11:42:16,344 [WARN] PackLoader:240 - Cannot read IP mode file for STMicroelectronics.X-CUBE-AZRTOS-L4.2.0.0
2023-12-11 11:42:16,346 [WARN] ConditionMgr:1039 - genDependencies : Invalid condition id : LAN8742 Phy interface Condition cause : null
2023-12-11 11:42:16,346 [WARN] ConditionMgr:1039 - genDependencies : Invalid condition id : LAN8742 Phy interface Condition cause : null
2023-12-11 11:42:16,346 [WARN] ConditionMgr:1039 - genDependencies : Invalid condition id : LAN8742 Phy interface Condition cause : null
2023-12-11 11:42:16,374 [WARN] PackLoader:240 - Cannot read IP mode file for STMicroelectronics.X-CUBE-SFXS2LP1.4.0.0
2023-12-11 11:42:16,433 [WARN] PackLoader:240 - Cannot read IP mode file for STMicroelectronics.X-CUBE-AZRTOS-H7.3.0.0
2023-12-11 11:42:16,459 [WARN] PackLoader:240 - Cannot read IP mode file for STMicroelectronics.X-CUBE-ISPU.1.1.0
2023-12-11 11:42:16,488 [WARN] PackLoader:240 - Cannot read IP mode file for RoweBots.I-CUBE-UNISONRTOS.5.5.0-4
2023-12-11 11:42:16,510 [WARN] PackLoader:240 - Cannot read IP mode file for STMicroelectronics.X-CUBE-AI.8.0.0
2023-12-11 11:42:16,544 [WARN] ConditionMgr:438 - getConditionDescription Invalid condition id : UX DEVICE CLASS RTOS Condition cause : null
2023-12-11 11:42:16,544 [WARN] ConditionMgr:438 - getConditionDescription Invalid condition id : UX DEVICE CLASS RTOS Condition cause : null
2023-12-11 11:42:16,550 [WARN] PackLoader:240 - Cannot read IP mode file for STMicroelectronics.X-CUBE-AZRTOS-WB.2.0.0
2023-12-11 11:42:16,550 [WARN] ConditionMgr:1039 - genDependencies : Invalid condition id : UX DEVICE CLASS RTOS Condition cause : null
2023-12-11 11:42:16,550 [WARN] ConditionMgr:1039 - genDependencies : Invalid condition id : UX DEVICE CLASS RTOS Condition cause : null
2023-12-11 11:42:16,551 [WARN] ConditionMgr:1039 - genDependencies : Invalid condition id : UX DEVICE CLASS RTOS Condition cause : null
2023-12-11 11:42:16,551 [WARN] ConditionMgr:1039 - genDependencies : Invalid condition id : UX DEVICE CLASS RTOS Condition cause : null
2023-12-11 11:42:16,551 [WARN] ConditionMgr:1039 - genDependencies : Invalid condition id : UX DEVICE CLASS RTOS Condition cause : null
2023-12-11 11:42:16,574 [WARN] PackLoader:240 - Cannot read IP mode file for STMicroelectronics.X-CUBE-FREERTOS.1.0.0
2023-12-11 11:42:16,632 [WARN] PackLoader:240 - Cannot read IP mode file for STMicroelectronics.X-CUBE-AZRTOS-L5.1.1.0
2023-12-11 11:42:16,671 [WARN] PackLoader:240 - Cannot read IP mode file for STMicroelectronics.X-CUBE-SUBG2.5.0.0
2023-12-11 11:42:16,711 [WARN] PackLoader:240 - Cannot read IP mode file for STMicroelectronics.X-CUBE-TOF1.3.3.1
2023-12-11 11:42:16,788 [WARN] PackLoader:240 - Cannot read IP mode file for STMicroelectronics.X-CUBE-AZRTOS-G4.2.0.0
2023-12-11 11:42:16,804 [WARN] PackLoader:240 - Cannot read IP mode file for STMicroelectronics.FP-ATR-ASTRA1.1.1.1
2023-12-11 11:42:16,849 [WARN] PackLoader:240 - Cannot read IP mode file for Infineon.AIROC-Wi-Fi-Bluetooth-STM32.1.5.1
2023-12-11 11:42:16,879 [WARN] PackLoader:240 - Cannot read IP mode file for STMicroelectronics.FP-SNS-MOTENVWB1.1.3.0
2023-12-11 11:42:16,888 [WARN] PackLoader:240 - Cannot read IP mode file for STMicroelectronics.FP-SNS-MOTENVWB1.1.3.1
2023-12-11 11:42:16,935 [WARN] PackLoader:240 - Cannot read IP mode file for STMicroelectronics.X-CUBE-AZRTOS-G4.1.0.0
2023-12-11 11:42:16,997 [WARN] PackLoader:240 - Cannot read IP mode file for STMicroelectronics.X-CUBE-AZRTOS-L4.1.0.0
2023-12-11 11:42:17,005 [WARN] PackLoader:240 - Cannot read IP mode file for STMicroelectronics.X-CUBE-ISPU.2.0.0
2023-12-11 11:42:17,080 [WARN] PackLoader:240 - Cannot read IP mode file for STMicroelectronics.X-CUBE-MEMS1.10.0.0
2023-12-11 11:42:17,291 [WARN] PackLoader:240 - Cannot read IP mode file for STMicroelectronics.X-CUBE-FREERTOS.1.1.0
2023-12-11 11:42:17,326 [WARN] PackLoader:240 - Cannot read IP mode file for STMicroelectronics.X-CUBE-AZRTOS-WL.1.0.0
2023-12-11 11:42:17,352 [WARN] PackLoader:240 - Cannot read IP mode file for portGmbH.I-Cube-SoM-uGOAL.1.1.0
2023-12-11 11:42:17,374 [WARN] PackLoader:240 - Cannot read IP mode file for STMicroelectronics.X-CUBE-ALS.1.0.1
2023-12-11 11:42:17,413 [WARN] PackLoader:240 - Cannot read IP mode file for STMicroelectronics.X-CUBE-AZRTOS-WB.1.1.0
2023-12-11 11:42:17,434 [WARN] PackLoader:240 - Cannot read IP mode file for STMicroelectronics.FP-ATR-ASTRA1.2.0.0
2023-12-11 11:42:17,463 [WARN] PackLoader:240 - Cannot read IP mode file for STMicroelectronics.X-CUBE-TOF1.3.4.0
2023-12-11 11:42:17,497 [WARN] PackLoader:240 - Cannot read IP mode file for STMicroelectronics.X-CUBE-AZRTOS-H7.3.2.0
2023-12-11 11:42:17,500 [INFO] ThirdParty:978 - Integrity check success = true
2023-12-11 11:42:17,501 [INFO] IntegrityCheckThread:100 - exiting critical section [integrity check]
2023-12-11 11:42:17,501 [INFO] IntegrityCheckThread:103 - End integrity checks thread
2023-12-11 11:42:34,383 [ERROR] LogOutputStream:75 - [STDERR_REDIRECT] SLF4J: Failed to load class "org.slf4j.impl.StaticLoggerBinder".
2023-12-11 11:42:34,384 [ERROR] LogOutputStream:75 - [STDERR_REDIRECT] SLF4J: Defaulting to no-operation (NOP) logger implementation
2023-12-11 11:42:34,387 [ERROR] LogOutputStream:75 - [STDERR_REDIRECT] SLF4J: See http://www.slf4j.org/codes.html#StaticLoggerBinder for further details.
