2023-12-22 10:17:57,295 [INFO] Activator:176 - 


2023-12-22 10:17:57,301 [INFO] Activator:177 - !SESSION log4j initialized
2023-12-22 10:18:00,383 [INFO] LogOutputStream:77 - [STDOUT_REDIRECT] 
2023-12-22 10:18:02,931 [INFO] ApplicationProperties:184 - Using Application install path: C:\ST\STM32CubeIDE_1.11.2\STM32CubeIDE\plugins\com.st.stm32cube.common.mx_6.9.2.202309101412
2023-12-22 10:18:02,946 [INFO] DbMcusXml:78 - Set database path to: C:\ST\STM32CubeIDE_1.11.2\STM32CubeIDE\plugins\com.st.stm32cube.common.mx_6.9.2.202309101412\\db\/mcu/
2023-12-22 10:18:02,947 [INFO] ApiDb:274 - Set plugin database path to: C:\ST\STM32CubeIDE_1.11.2\STM32CubeIDE\plugins\com.st.stm32cube.common.mx_6.9.2.202309101412\\db\/plugins/boardmanager/
2023-12-22 10:18:02,947 [WARN] ApiDb:259 - Overriding images path with different value:  => C:\ST\STM32CubeIDE_1.11.2\STM32CubeIDE\plugins\com.st.stm32cube.common.mx_6.9.2.202309101412\\db\/plugins/mcufinder/images/
2023-12-22 10:18:02,958 [INFO] ApiDb:250 - Set database path to: C:\Users\andep\.stmcufinder\plugins\mcufinder//mcu/
2023-12-22 10:18:02,959 [INFO] DbMcusAds:125 - Set database path to: C:\Users\andep\.stmcufinder\plugins\mcufinder//mcu/
2023-12-22 10:18:02,961 [INFO] CrossReferenceDbSqlite:203 - Set database path to: C:\Users\andep\.stmcufinder\plugins\mcufinder//mcu/cs/
2023-12-22 10:18:03,058 [INFO] RulesReader:64 - Compatibility file has been processed (293 Rules)
2023-12-22 10:18:03,152 [INFO] DbMcusXml:78 - Set database path to: C:\ST\STM32CubeIDE_1.11.2\STM32CubeIDE\plugins\com.st.stm32cube.common.mx_6.9.2.202309101412\\db\/mcu/
2023-12-22 10:18:03,152 [INFO] ApiDb:274 - Set plugin database path to: C:\ST\STM32CubeIDE_1.11.2\STM32CubeIDE\plugins\com.st.stm32cube.common.mx_6.9.2.202309101412\\db\/plugins/boardmanager/
2023-12-22 10:18:03,152 [INFO] ApiDb:261 - Set plugin images path to: C:\ST\STM32CubeIDE_1.11.2\STM32CubeIDE\plugins\com.st.stm32cube.common.mx_6.9.2.202309101412\\db\/plugins/mcufinder/images/
2023-12-22 10:18:03,152 [WARN] DbFile:41 - Overriding database path with different value: C:\Users\andep\.stmcufinder\plugins\mcufinder/ => C:\Users\andep\.stmcufinder\plugins\mcufinder
2023-12-22 10:18:03,152 [INFO] ApiDb:250 - Set database path to: C:\Users\andep\.stmcufinder\plugins\mcufinder//mcu/
2023-12-22 10:18:03,152 [WARN] DbFile:41 - Overriding database path with different value: C:\Users\andep\.stmcufinder\plugins\mcufinder/ => C:\Users\andep\.stmcufinder\plugins\mcufinder
2023-12-22 10:18:03,152 [INFO] DbMcusAds:125 - Set database path to: C:\Users\andep\.stmcufinder\plugins\mcufinder//mcu/
2023-12-22 10:18:03,152 [WARN] DbFile:41 - Overriding database path with different value: C:\Users\andep\.stmcufinder\plugins\mcufinder/ => C:\Users\andep\.stmcufinder\plugins\mcufinder
2023-12-22 10:18:03,152 [WARN] DbFile:41 - Overriding database path with different value: C:\Users\andep\.stmcufinder\plugins\mcufinder/ => C:\Users\andep\.stmcufinder\plugins\mcufinder
2023-12-22 10:18:03,152 [INFO] CrossReferenceDbSqlite:203 - Set database path to: C:\Users\andep\.stmcufinder\plugins\mcufinder//mcu/cs/
2023-12-22 10:18:03,227 [INFO] MainPanel:262 - HeapMemory: 268435456
2023-12-22 10:18:03,306 [INFO] DbMcusXml:78 - Set database path to: C:\ST\STM32CubeIDE_1.11.2\STM32CubeIDE\plugins\com.st.stm32cube.common.mx_6.9.2.202309101412\\db\/mcu/
2023-12-22 10:18:03,306 [INFO] ApiDb:274 - Set plugin database path to: C:\ST\STM32CubeIDE_1.11.2\STM32CubeIDE\plugins\com.st.stm32cube.common.mx_6.9.2.202309101412\\db\/plugins/boardmanager/
2023-12-22 10:18:03,306 [INFO] ApiDb:261 - Set plugin images path to: C:\ST\STM32CubeIDE_1.11.2\STM32CubeIDE\plugins\com.st.stm32cube.common.mx_6.9.2.202309101412\\db\/plugins/mcufinder/images/
2023-12-22 10:18:03,307 [WARN] DbFile:41 - Overriding database path with different value: C:\Users\andep\.stmcufinder\plugins\mcufinder/ => C:\Users\andep\.stmcufinder\plugins\mcufinder
2023-12-22 10:18:03,307 [INFO] ApiDb:250 - Set database path to: C:\Users\andep\.stmcufinder\plugins\mcufinder//mcu/
2023-12-22 10:18:03,307 [WARN] DbFile:41 - Overriding database path with different value: C:\Users\andep\.stmcufinder\plugins\mcufinder/ => C:\Users\andep\.stmcufinder\plugins\mcufinder
2023-12-22 10:18:03,307 [INFO] DbMcusAds:125 - Set database path to: C:\Users\andep\.stmcufinder\plugins\mcufinder//mcu/
2023-12-22 10:18:03,307 [WARN] DbFile:41 - Overriding database path with different value: C:\Users\andep\.stmcufinder\plugins\mcufinder/ => C:\Users\andep\.stmcufinder\plugins\mcufinder
2023-12-22 10:18:03,307 [WARN] DbFile:41 - Overriding database path with different value: C:\Users\andep\.stmcufinder\plugins\mcufinder/ => C:\Users\andep\.stmcufinder\plugins\mcufinder
2023-12-22 10:18:03,307 [INFO] CrossReferenceDbSqlite:203 - Set database path to: C:\Users\andep\.stmcufinder\plugins\mcufinder//mcu/cs/
2023-12-22 10:18:03,323 [INFO] ApplicationProperties:184 - Using Application install path: C:\ST\STM32CubeIDE_1.11.2\STM32CubeIDE\plugins\com.st.stm32cube.common.mx_6.9.2.202309101412
2023-12-22 10:18:03,324 [INFO] PluginManage:196 - Search for loadable plugins [exclusion list=, ]
2023-12-22 10:18:03,325 [INFO] PluginManage:310 - Check plugin analytics
2023-12-22 10:18:03,555 [INFO] AnalyticsPlugin:253 - Accepted Software Licenses: 
2023-12-22 10:18:03,562 [INFO] AnalyticsPlugin:255 - Accepted CMSIS Pack Licenses: 
2023-12-22 10:18:03,566 [INFO] AnalyticsPlugin:257 - Accepted Firmware Licenses: 
2023-12-22 10:18:03,573 [INFO] PluginManage:359 - Loaded plugin analytics (category:tool,tabindex:-1)
2023-12-22 10:18:03,574 [INFO] PluginManage:310 - Check plugin cadmodel
2023-12-22 10:18:03,579 [INFO] CADModel:105 - Init CAD model plugin
2023-12-22 10:18:03,579 [INFO] PluginManage:359 - Loaded plugin cadmodel (category:power,tabindex:5)
2023-12-22 10:18:03,579 [INFO] PluginManage:310 - Check plugin clock
2023-12-22 10:18:03,587 [INFO] PluginManage:359 - Loaded plugin clock (category:base,tabindex:2)
2023-12-22 10:18:03,588 [INFO] PluginManage:310 - Check plugin ddr
2023-12-22 10:18:03,590 [INFO] PluginManage:359 - Loaded plugin ddr (category:tool,tabindex:6)
2023-12-22 10:18:03,590 [INFO] PluginManage:310 - Check plugin filemanager
2023-12-22 10:18:03,711 [INFO] PluginManage:359 - Loaded plugin filemanager (category:base,tabindex:10)
2023-12-22 10:18:03,712 [INFO] PluginManage:310 - Check plugin ipmanager
2023-12-22 10:18:03,720 [INFO] PluginManage:359 - Loaded plugin ipmanager (category:base,tabindex:5)
2023-12-22 10:18:03,721 [INFO] PluginManage:310 - Check plugin lpbam
2023-12-22 10:18:03,728 [INFO] PluginManage:359 - Loaded plugin lpbam (category:base,tabindex:0)
2023-12-22 10:18:03,729 [INFO] PluginManage:310 - Check plugin memorymap
2023-12-22 10:18:03,740 [INFO] PluginManage:359 - Loaded plugin memorymap (category:base,tabindex:4)
2023-12-22 10:18:03,740 [INFO] PluginManage:310 - Check plugin pinoutandconfiguration
2023-12-22 10:18:03,748 [INFO] PluginManage:359 - Loaded plugin pinoutandconfiguration (category:base,tabindex:1)
2023-12-22 10:18:03,749 [INFO] PluginManage:310 - Check plugin pinoutconfig
2023-12-22 10:18:03,823 [WARN] SupportedApi:132 - Cannot load RTOS API schema: s4s-elt-must-match.1: The content of 'definitions' must match (annotation?, (simpleType | complexType)?, (unique | key | keyref)*)). A problem was found starting at: attribute.
2023-12-22 10:18:03,927 [INFO] PluginManage:359 - Loaded plugin pinoutconfig (category:base,tabindex:0)
2023-12-22 10:18:03,927 [INFO] PluginManage:310 - Check plugin power
2023-12-22 10:18:03,938 [INFO] PluginManage:359 - Loaded plugin power (category:power,tabindex:4)
2023-12-22 10:18:03,938 [INFO] PluginManage:310 - Check plugin projectmanager
2023-12-22 10:18:03,950 [INFO] PluginManage:359 - Loaded plugin projectmanager (category:projectmanager,tabindex:3)
2023-12-22 10:18:03,950 [INFO] PluginManage:310 - Check plugin thirdparty
2023-12-22 10:18:04,107 [INFO] PluginManage:359 - Loaded plugin thirdparty (category:base,tabindex:-1)
2023-12-22 10:18:04,107 [WARN] IntegrityCheckThread:84 - waiting for thirdparty lock release [integrity check]
2023-12-22 10:18:04,108 [INFO] IntegrityCheckThread:86 - entering critical section [integrity check]
2023-12-22 10:18:04,109 [INFO] PluginManage:310 - Check plugin tools
2023-12-22 10:18:04,114 [INFO] ThirdPartyUpdaterWithRetryManager:70 - Updater plugin not ready yet. [1/15]
2023-12-22 10:18:04,125 [INFO] PluginManage:359 - Loaded plugin tools (category:base,tabindex:7)
2023-12-22 10:18:04,126 [INFO] PluginManage:310 - Check plugin tutovideos
2023-12-22 10:18:04,268 [INFO] PluginManage:359 - Loaded plugin tutovideos (category:base,tabindex:-1)
2023-12-22 10:18:04,268 [INFO] PluginManage:310 - Check plugin updater
2023-12-22 10:18:04,278 [INFO] PluginManage:359 - Loaded plugin updater (category:base,tabindex:12)
2023-12-22 10:18:04,278 [INFO] PluginManage:310 - Check plugin userauth
2023-12-22 10:18:04,283 [INFO] UserAuth:113 - Init User Auth plugin
2023-12-22 10:18:04,283 [INFO] PluginManage:359 - Loaded plugin userauth (category:base,tabindex:14)
2023-12-22 10:18:04,284 [INFO] PluginManage:283 - PluginManage : Loaded plugins [17]
2023-12-22 10:18:04,463 [INFO] PinOutPanel:1499 - setPackage(No Configuration,No Configuration)
2023-12-22 10:18:04,554 [INFO] CADModel:165 - CPN selected for project level
2023-12-22 10:18:04,555 [INFO] CADModel:114 - Register for checkConnection events
2023-12-22 10:18:04,571 [INFO] IPUIPlugin:80 - create IPUIPlugin
2023-12-22 10:18:04,571 [INFO] PluginManager:220 - loadIPPluginJar : add adc
2023-12-22 10:18:04,573 [INFO] IPUIPlugin:80 - create IPUIPlugin
2023-12-22 10:18:04,574 [INFO] PluginManager:220 - loadIPPluginJar : add aes
2023-12-22 10:18:04,576 [INFO] IPUIPlugin:80 - create IPUIPlugin
2023-12-22 10:18:04,576 [INFO] PluginManager:220 - loadIPPluginJar : add can
2023-12-22 10:18:04,577 [INFO] IPUIPlugin:80 - create IPUIPlugin
2023-12-22 10:18:04,577 [INFO] PluginManager:220 - loadIPPluginJar : add comp
2023-12-22 10:18:04,579 [INFO] IPUIPlugin:80 - create IPUIPlugin
2023-12-22 10:18:04,579 [INFO] PluginManager:220 - loadIPPluginJar : add cryp
2023-12-22 10:18:04,582 [INFO] IPUIPlugin:80 - create IPUIPlugin
2023-12-22 10:18:04,582 [INFO] PluginManager:220 - loadIPPluginJar : add dfsdm
2023-12-22 10:18:04,586 [INFO] IPUIPlugin:80 - create IPUIPlugin
2023-12-22 10:18:04,586 [INFO] PluginManager:220 - loadIPPluginJar : add dma
2023-12-22 10:18:04,588 [INFO] IPUIPlugin:80 - create IPUIPlugin
2023-12-22 10:18:04,588 [INFO] PluginManager:220 - loadIPPluginJar : add dma3
2023-12-22 10:18:04,589 [INFO] IPUIPlugin:80 - create IPUIPlugin
2023-12-22 10:18:04,590 [INFO] PluginManager:220 - loadIPPluginJar : add fatfs
2023-12-22 10:18:04,594 [INFO] IPUIPlugin:80 - create IPUIPlugin
2023-12-22 10:18:04,594 [INFO] PluginManager:220 - loadIPPluginJar : add fmc
2023-12-22 10:18:04,599 [INFO] IPUIPlugin:80 - create IPUIPlugin
2023-12-22 10:18:04,599 [INFO] PluginManager:220 - loadIPPluginJar : add freertos
2023-12-22 10:18:04,601 [INFO] IPUIPlugin:80 - create IPUIPlugin
2023-12-22 10:18:04,601 [INFO] PluginManager:220 - loadIPPluginJar : add genericplugin
2023-12-22 10:18:04,602 [INFO] IPUIPlugin:80 - create IPUIPlugin
2023-12-22 10:18:04,602 [INFO] PluginManager:220 - loadIPPluginJar : add gfxmmu
2023-12-22 10:18:04,606 [INFO] IPUIPlugin:80 - create IPUIPlugin
2023-12-22 10:18:04,607 [INFO] PluginManager:220 - loadIPPluginJar : add gic
2023-12-22 10:18:04,610 [INFO] IPUIPlugin:80 - create IPUIPlugin
2023-12-22 10:18:04,610 [INFO] PluginManager:220 - loadIPPluginJar : add gpio
2023-12-22 10:18:04,613 [INFO] IPUIPlugin:80 - create IPUIPlugin
2023-12-22 10:18:04,613 [INFO] PluginManager:220 - loadIPPluginJar : add gtzc
2023-12-22 10:18:04,615 [INFO] IPUIPlugin:80 - create IPUIPlugin
2023-12-22 10:18:04,615 [INFO] PluginManager:220 - loadIPPluginJar : add hash
2023-12-22 10:18:04,616 [INFO] IPUIPlugin:80 - create IPUIPlugin
2023-12-22 10:18:04,617 [INFO] PluginManager:220 - loadIPPluginJar : add i2c
2023-12-22 10:18:04,618 [INFO] IPUIPlugin:80 - create IPUIPlugin
2023-12-22 10:18:04,618 [INFO] PluginManager:220 - loadIPPluginJar : add i2s
2023-12-22 10:18:04,619 [INFO] IPUIPlugin:80 - create IPUIPlugin
2023-12-22 10:18:04,619 [INFO] PluginManager:220 - loadIPPluginJar : add i3c
2023-12-22 10:18:04,622 [INFO] IPUIPlugin:80 - create IPUIPlugin
2023-12-22 10:18:04,622 [INFO] PluginManager:220 - loadIPPluginJar : add ipddr
2023-12-22 10:18:04,628 [INFO] IPUIPlugin:80 - create IPUIPlugin
2023-12-22 10:18:04,628 [INFO] PluginManager:220 - loadIPPluginJar : add linkedlist
2023-12-22 10:18:04,630 [INFO] IPUIPlugin:80 - create IPUIPlugin
2023-12-22 10:18:04,630 [INFO] PluginManager:220 - loadIPPluginJar : add lorawan
2023-12-22 10:18:04,631 [INFO] IPUIPlugin:80 - create IPUIPlugin
2023-12-22 10:18:04,632 [INFO] PluginManager:220 - loadIPPluginJar : add ltdc
2023-12-22 10:18:04,636 [INFO] IPUIPlugin:80 - create IPUIPlugin
2023-12-22 10:18:04,636 [INFO] PluginManager:220 - loadIPPluginJar : add mdma
2023-12-22 10:18:04,639 [INFO] IPUIPlugin:80 - create IPUIPlugin
2023-12-22 10:18:04,639 [INFO] PluginManager:220 - loadIPPluginJar : add nvic
2023-12-22 10:18:04,641 [INFO] IPUIPlugin:80 - create IPUIPlugin
2023-12-22 10:18:04,641 [INFO] PluginManager:220 - loadIPPluginJar : add opamp
2023-12-22 10:18:04,646 [INFO] IPUIPlugin:80 - create IPUIPlugin
2023-12-22 10:18:04,646 [INFO] PluginManager:220 - loadIPPluginJar : add openamp
2023-12-22 10:18:04,648 [INFO] IPUIPlugin:80 - create IPUIPlugin
2023-12-22 10:18:04,649 [INFO] PluginManager:220 - loadIPPluginJar : add pdm2pcm
2023-12-22 10:18:04,654 [INFO] IPUIPlugin:80 - create IPUIPlugin
2023-12-22 10:18:04,655 [INFO] PluginManager:220 - loadIPPluginJar : add plateformsettings
2023-12-22 10:18:04,657 [INFO] IPUIPlugin:80 - create IPUIPlugin
2023-12-22 10:18:04,657 [INFO] PluginManager:220 - loadIPPluginJar : add quadspi
2023-12-22 10:18:04,661 [INFO] IPUIPlugin:80 - create IPUIPlugin
2023-12-22 10:18:04,661 [INFO] PluginManager:220 - loadIPPluginJar : add resmgrutility
2023-12-22 10:18:04,664 [INFO] IPUIPlugin:80 - create IPUIPlugin
2023-12-22 10:18:04,665 [INFO] PluginManager:220 - loadIPPluginJar : add sai
2023-12-22 10:18:04,667 [INFO] IPUIPlugin:80 - create IPUIPlugin
2023-12-22 10:18:04,667 [INFO] PluginManager:220 - loadIPPluginJar : add spi
2023-12-22 10:18:04,671 [INFO] IPUIPlugin:80 - create IPUIPlugin
2023-12-22 10:18:04,671 [INFO] PluginManager:220 - loadIPPluginJar : add stm32_wpan
2023-12-22 10:18:04,673 [INFO] IPUIPlugin:80 - create IPUIPlugin
2023-12-22 10:18:04,673 [INFO] PluginManager:220 - loadIPPluginJar : add tim
2023-12-22 10:18:04,677 [INFO] IPUIPlugin:80 - create IPUIPlugin
2023-12-22 10:18:04,677 [INFO] PluginManager:220 - loadIPPluginJar : add touchsensing
2023-12-22 10:18:04,679 [INFO] IPUIPlugin:80 - create IPUIPlugin
2023-12-22 10:18:04,679 [INFO] PluginManager:220 - loadIPPluginJar : add tracer_emb
2023-12-22 10:18:04,681 [INFO] IPUIPlugin:80 - create IPUIPlugin
2023-12-22 10:18:04,681 [INFO] PluginManager:220 - loadIPPluginJar : add ts
2023-12-22 10:18:04,683 [INFO] IPUIPlugin:80 - create IPUIPlugin
2023-12-22 10:18:04,683 [INFO] PluginManager:220 - loadIPPluginJar : add tsc
2023-12-22 10:18:04,684 [INFO] IPUIPlugin:80 - create IPUIPlugin
2023-12-22 10:18:04,685 [INFO] PluginManager:220 - loadIPPluginJar : add ucpd
2023-12-22 10:18:04,687 [INFO] IPUIPlugin:80 - create IPUIPlugin
2023-12-22 10:18:04,687 [INFO] PluginManager:220 - loadIPPluginJar : add usart
2023-12-22 10:18:04,689 [INFO] IPUIPlugin:80 - create IPUIPlugin
2023-12-22 10:18:04,689 [INFO] PluginManager:220 - loadIPPluginJar : add usbx
2023-12-22 10:18:04,804 [INFO] CADModel:165 - CPN selected for project level
2023-12-22 10:18:04,805 [INFO] CADModel:114 - Register for checkConnection events
2023-12-22 10:18:04,805 [FATAL] Updater:308 - Updater called before beeing initialized
2023-12-22 10:18:04,805 [ERROR] CADModel:125 - Updater not yet initialized, retry later 
2023-12-22 10:18:04,942 [INFO] CADModel:165 - CPN selected for project level
2023-12-22 10:18:04,942 [INFO] CADModel:114 - Register for checkConnection events
2023-12-22 10:18:04,942 [FATAL] Updater:308 - Updater called before beeing initialized
2023-12-22 10:18:04,942 [ERROR] CADModel:125 - Updater not yet initialized, retry later 
2023-12-22 10:18:04,945 [FATAL] Updater:308 - Updater called before beeing initialized
2023-12-22 10:18:05,064 [FATAL] Updater:308 - Updater called before beeing initialized
2023-12-22 10:18:05,071 [INFO] DbMcusAds:53 - JSON generation date=Tue Mar 07 09:50:55 CET 2023 (1678179055335)
2023-12-22 10:18:05,071 [FATAL] Updater:308 - Updater called before beeing initialized
2023-12-22 10:18:05,113 [WARN] DetailPanel:346 - Failed to get advertising image, set to default
2023-12-22 10:18:05,193 [FATAL] Updater:308 - Updater called before beeing initialized
2023-12-22 10:18:05,195 [FATAL] Updater:308 - Updater called before beeing initialized
2023-12-22 10:18:05,195 [FATAL] Updater:308 - Updater called before beeing initialized
2023-12-22 10:18:05,195 [WARN] DetailPanel:346 - Failed to get advertising image, set to default
2023-12-22 10:18:05,196 [FATAL] Updater:308 - Updater called before beeing initialized
2023-12-22 10:18:05,232 [ERROR] Updater:1120 - MainUpdater not yet initialized. External WinMGr cannot be set.
2023-12-22 10:18:05,233 [INFO] Updater:1056 - Updater Version found : 6.9.2
2023-12-22 10:18:05,251 [INFO] ApplicationProperties:184 - Using Application install path: C:\ST\STM32CubeIDE_1.11.2\STM32CubeIDE\plugins\com.st.stm32cube.common.mx_6.9.2.202309101412
2023-12-22 10:18:05,386 [INFO] MainUpdater:2868 - connection check result : 10
2023-12-22 10:18:05,386 [INFO] MainUpdater:3562 - Updater definition file requires update
2023-12-22 10:18:05,387 [INFO] MainUpdater:285 - Updater Check For Update Now.
2023-12-22 10:18:05,387 [INFO] MicroXplorer:498 - Change Database Version : DB.6.0.92
2023-12-22 10:18:05,399 [INFO] McuFinderGlobals:63 - Set McuFinder mode to 2 (CubeIDE integrated)
2023-12-22 10:18:05,400 [INFO] UserAuth:179 - activating auth plugin
2023-12-22 10:18:05,402 [INFO] UserAuth:393 - Internet connection configuration mode: 1
2023-12-22 10:18:05,415 [INFO] JxBrowserEngine:151 - Initiate JxBrowser Engine with user profile folder
2023-12-22 10:18:05,445 [INFO] ServerAccessManage:473 - Download File updaters.zip
2023-12-22 10:18:05,629 [INFO] FileExtend:240 - Unzip File : updaters.zip
2023-12-22 10:18:05,630 [INFO] FileExtend:255 - Standard Zip Deflate
2023-12-22 10:18:06,498 [INFO] ServerAccessManage:473 - Download File PacksControlFlags.xml
2023-12-22 10:18:06,624 [INFO] ServerAccessManage:473 - Download File cubemx.pidx
2023-12-22 10:18:06,824 [INFO] LoadServerUpdatesThread:373 - End of LoadServerUpdate Thread
2023-12-22 10:18:07,012 [INFO] WebApp:157 - Instantiating new browser for Auth
2023-12-22 10:18:07,104 [INFO] CheckServerUpdateThread:120 - End of CheckServer Thread
2023-12-22 10:18:07,364 [WARN] PackLoader:240 - Cannot read IP mode file for STMicroelectronics.X-CUBE-SMBUS.2.1.0
2023-12-22 10:18:07,373 [WARN] PackLoader:240 - Cannot read IP mode file for STMicroelectronics.X-CUBE-TOUCHGFX.4.23.0
2023-12-22 10:18:07,409 [WARN] PackLoader:240 - Cannot read IP mode file for STMicroelectronics.X-CUBE-AZRTOS-F7.1.1.0
2023-12-22 10:18:07,424 [WARN] PackLoader:240 - Cannot read IP mode file for STMicroelectronics.FP-SNS-MOTENV1.4.3.2
2023-12-22 10:18:07,437 [WARN] PackLoader:240 - Cannot read IP mode file for STMicroelectronics.X-CUBE-BLE1.6.2.4
2023-12-22 10:18:07,444 [WARN] PackLoader:240 - Cannot read IP mode file for STMicroelectronics.FP-SNS-FLIGHT1.5.0.2
2023-12-22 10:18:07,455 [WARN] PackLoader:240 - Cannot read IP mode file for STMicroelectronics.X-CUBE-DISPLAY.3.0.0
2023-12-22 10:18:07,468 [WARN] PackLoader:240 - Cannot read IP mode file for STMicroelectronics.X-CUBE-BLE1.7.0.0
2023-12-22 10:18:07,472 [WARN] PackLoader:240 - Cannot read IP mode file for STMicroelectronics.X-CUBE-TOUCHGFX.4.22.1
2023-12-22 10:18:07,478 [WARN] PackLoader:240 - Cannot read IP mode file for STMicroelectronics.FP-SNS-SMARTAG2.1.2.0
2023-12-22 10:18:07,492 [INFO] LogOutputStream:77 - [STDOUT_REDIRECT] 1 : Invalid condition id : UX_CORESTACK_Condition cause : null
2023-12-22 10:18:07,492 [INFO] LogOutputStream:77 - [STDOUT_REDIRECT] 1 : Invalid condition id : UX_CORESTACK_Condition cause : null
2023-12-22 10:18:07,493 [INFO] LogOutputStream:77 - [STDOUT_REDIRECT] 1 : Invalid condition id : UX_CORESTACK_Condition cause : null
2023-12-22 10:18:07,494 [INFO] LogOutputStream:77 - [STDOUT_REDIRECT] 1 : Invalid condition id : UX_CORESTACK_Condition cause : null
2023-12-22 10:18:07,495 [INFO] LogOutputStream:77 - [STDOUT_REDIRECT] 1 : Invalid condition id : UX_CORESTACK_Condition cause : null
2023-12-22 10:18:07,503 [WARN] PackLoader:240 - Cannot read IP mode file for STMicroelectronics.X-CUBE-AZRTOS-WL.2.0.0
2023-12-22 10:18:07,532 [WARN] PackLoader:240 - Cannot read IP mode file for WES.I-CUBE-Cesium.1.3.0
2023-12-22 10:18:07,538 [WARN] PackLoader:240 - Cannot read IP mode file for STMicroelectronics.X-CUBE-BLE2.3.3.0
2023-12-22 10:18:07,569 [WARN] PackLoader:240 - Cannot read IP mode file for STMicroelectronics.X-CUBE-TOF1.3.2.0
2023-12-22 10:18:07,582 [WARN] PackLoader:240 - Cannot read IP mode file for STMicroelectronics.X-CUBE-TOUCHGFX.4.21.1
2023-12-22 10:18:07,587 [WARN] PackLoader:240 - Cannot read IP mode file for STMicroelectronics.X-CUBE-AI.7.3.0
2023-12-22 10:18:07,594 [WARN] PackLoader:240 - Cannot read IP mode file for STMicroelectronics.X-CUBE-ALGOBUILD.1.3.0
2023-12-22 10:18:07,615 [WARN] PackLoader:240 - Cannot read IP mode file for STMicroelectronics.X-CUBE-AZRTOS-G0.1.1.0
2023-12-22 10:18:07,625 [WARN] PackLoader:240 - Cannot read IP mode file for STMicroelectronics.X-CUBE-NFC4.3.0.0
2023-12-22 10:18:07,637 [WARN] PackLoader:240 - Cannot read IP mode file for STMicroelectronics.X-CUBE-BLEMGR.3.0.0
2023-12-22 10:18:07,648 [WARN] PackLoader:240 - Cannot read IP mode file for STMicroelectronics.X-CUBE-BLEMGR.1.3.0
2023-12-22 10:18:07,655 [WARN] PackLoader:240 - Cannot read IP mode file for STMicroelectronics.FP-ATR-SIGFOX1.3.2.0
2023-12-22 10:18:07,701 [WARN] PackLoader:240 - Cannot read IP mode file for STMicroelectronics.X-CUBE-MEMS1.9.5.0
2023-12-22 10:18:07,789 [INFO] WebApp:753 - Register for checkConnection events
2023-12-22 10:18:07,789 [INFO] WebApp:390 - Apply proxy settings
2023-12-22 10:18:07,790 [INFO] WebApp:475 - Chromium requires no authentication
2023-12-22 10:18:07,799 [INFO] WebApp:418 - Direct internet connection detected
2023-12-22 10:18:07,945 [WARN] PackLoader:240 - Cannot read IP mode file for SEGGER.I-CUBE-embOS.1.3.1
2023-12-22 10:18:07,989 [WARN] PackLoader:240 - Cannot read IP mode file for STMicroelectronics.X-CUBE-GNSS1.6.0.0
2023-12-22 10:18:08,007 [WARN] PackLoader:240 - Cannot read IP mode file for STMicroelectronics.X-CUBE-AZRTOS-F4.1.1.0
2023-12-22 10:18:08,025 [WARN] PackLoader:240 - Cannot read IP mode file for STMicroelectronics.X-CUBE-AZRTOS-L5.2.0.0
2023-12-22 10:18:08,055 [INFO] WebApp:188 - Starting web application
2023-12-22 10:18:08,055 [INFO] WebApp:520 - Web application path used C:\ST\STM32CubeIDE_1.11.2\STM32CubeIDE\plugins\com.st.stm32cube.common.mx_6.9.2.202309101412\db\plugins\mcufinder\reactClient1\index.html
2023-12-22 10:18:08,078 [WARN] PackLoader:240 - Cannot read IP mode file for STMicroelectronics.X-CUBE-MEMS1.9.6.0
2023-12-22 10:18:08,249 [WARN] PackLoader:240 - Cannot read IP mode file for STMicroelectronics.X-CUBE-EEPRMA1.4.2.0
2023-12-22 10:18:08,255 [WARN] PackLoader:240 - Cannot read IP mode file for ITTIA_DB.I-CUBE-ITTIADB.8.8.0
2023-12-22 10:18:08,263 [WARN] PackLoader:240 - Cannot read IP mode file for emotas.I-CUBE-CANOPEN.1.1.3
2023-12-22 10:18:08,272 [WARN] PackLoader:240 - Cannot read IP mode file for STMicroelectronics.X-CUBE-BLEMGR.2.0.0
2023-12-22 10:18:08,293 [WARN] ConditionMgr:438 - getConditionDescription Invalid condition id : UX DEVICE CLASS RTOS Condition cause : null
2023-12-22 10:18:08,294 [WARN] ConditionMgr:438 - getConditionDescription Invalid condition id : UX DEVICE CLASS RTOS Condition cause : null
2023-12-22 10:18:08,297 [WARN] PackLoader:240 - Cannot read IP mode file for STMicroelectronics.X-CUBE-AZRTOS-H7.3.1.0
2023-12-22 10:18:08,299 [WARN] ConditionMgr:1039 - genDependencies : Invalid condition id : UX DEVICE CLASS RTOS Condition cause : null
2023-12-22 10:18:08,299 [WARN] ConditionMgr:1039 - genDependencies : Invalid condition id : UX DEVICE CLASS RTOS Condition cause : null
2023-12-22 10:18:08,301 [WARN] ConditionMgr:1039 - genDependencies : Invalid condition id : UX DEVICE CLASS RTOS Condition cause : null
2023-12-22 10:18:08,302 [WARN] ConditionMgr:1039 - genDependencies : Invalid condition id : UX DEVICE CLASS RTOS Condition cause : null
2023-12-22 10:18:08,302 [WARN] ConditionMgr:1039 - genDependencies : Invalid condition id : UX DEVICE CLASS RTOS Condition cause : null
2023-12-22 10:18:08,309 [WARN] PackLoader:240 - Cannot read IP mode file for wolfSSL.I-CUBE-wolfSSL.5.5.4
2023-12-22 10:18:08,315 [WARN] PackLoader:240 - Cannot read IP mode file for STMicroelectronics.X-CUBE-NFC7.1.0.1
2023-12-22 10:18:08,321 [WARN] PackLoader:240 - Cannot read IP mode file for STMicroelectronics.X-CUBE-NFC7.1.0.0
2023-12-22 10:18:08,329 [WARN] PackLoader:240 - Cannot read IP mode file for STMicroelectronics.X-CUBE-NFC6.3.0.0
2023-12-22 10:18:08,336 [WARN] PackLoader:240 - Cannot read IP mode file for STMicroelectronics.X-CUBE-EEPRMA1.4.1.0
2023-12-22 10:18:08,342 [WARN] PackLoader:240 - Cannot read IP mode file for STMicroelectronics.X-CUBE-AI.8.1.0
2023-12-22 10:18:08,359 [WARN] ConditionMgr:438 - getConditionDescription Invalid condition id : LAN8742 Phy interface Condition cause : null
2023-12-22 10:18:08,360 [WARN] PackLoader:240 - Cannot read IP mode file for STMicroelectronics.X-CUBE-AZRTOS-L4.2.0.0
2023-12-22 10:18:08,361 [WARN] ConditionMgr:1039 - genDependencies : Invalid condition id : LAN8742 Phy interface Condition cause : null
2023-12-22 10:18:08,361 [WARN] ConditionMgr:1039 - genDependencies : Invalid condition id : LAN8742 Phy interface Condition cause : null
2023-12-22 10:18:08,362 [WARN] ConditionMgr:1039 - genDependencies : Invalid condition id : LAN8742 Phy interface Condition cause : null
2023-12-22 10:18:08,370 [WARN] PackLoader:240 - Cannot read IP mode file for STMicroelectronics.X-CUBE-SFXS2LP1.4.0.0
2023-12-22 10:18:08,389 [WARN] PackLoader:240 - Cannot read IP mode file for STMicroelectronics.X-CUBE-AZRTOS-H7.3.0.0
2023-12-22 10:18:08,397 [WARN] PackLoader:240 - Cannot read IP mode file for STMicroelectronics.X-CUBE-ISPU.1.1.0
2023-12-22 10:18:08,404 [WARN] PackLoader:240 - Cannot read IP mode file for RoweBots.I-CUBE-UNISONRTOS.5.5.0-4
2023-12-22 10:18:08,412 [WARN] PackLoader:240 - Cannot read IP mode file for STMicroelectronics.X-CUBE-AI.8.0.0
2023-12-22 10:18:08,427 [WARN] ConditionMgr:438 - getConditionDescription Invalid condition id : UX DEVICE CLASS RTOS Condition cause : null
2023-12-22 10:18:08,428 [WARN] ConditionMgr:438 - getConditionDescription Invalid condition id : UX DEVICE CLASS RTOS Condition cause : null
2023-12-22 10:18:08,430 [WARN] PackLoader:240 - Cannot read IP mode file for STMicroelectronics.X-CUBE-AZRTOS-WB.2.0.0
2023-12-22 10:18:08,431 [WARN] ConditionMgr:1039 - genDependencies : Invalid condition id : UX DEVICE CLASS RTOS Condition cause : null
2023-12-22 10:18:08,431 [WARN] ConditionMgr:1039 - genDependencies : Invalid condition id : UX DEVICE CLASS RTOS Condition cause : null
2023-12-22 10:18:08,432 [WARN] ConditionMgr:1039 - genDependencies : Invalid condition id : UX DEVICE CLASS RTOS Condition cause : null
2023-12-22 10:18:08,432 [WARN] ConditionMgr:1039 - genDependencies : Invalid condition id : UX DEVICE CLASS RTOS Condition cause : null
2023-12-22 10:18:08,432 [WARN] ConditionMgr:1039 - genDependencies : Invalid condition id : UX DEVICE CLASS RTOS Condition cause : null
2023-12-22 10:18:08,438 [WARN] PackLoader:240 - Cannot read IP mode file for STMicroelectronics.X-CUBE-FREERTOS.1.0.0
2023-12-22 10:18:08,452 [WARN] PackLoader:240 - Cannot read IP mode file for STMicroelectronics.X-CUBE-AZRTOS-L5.1.1.0
2023-12-22 10:18:08,464 [WARN] PackLoader:240 - Cannot read IP mode file for STMicroelectronics.X-CUBE-SUBG2.5.0.0
2023-12-22 10:18:08,478 [WARN] PackLoader:240 - Cannot read IP mode file for STMicroelectronics.X-CUBE-TOF1.3.3.1
2023-12-22 10:18:08,501 [WARN] PackLoader:240 - Cannot read IP mode file for STMicroelectronics.X-CUBE-AZRTOS-G4.2.0.0
2023-12-22 10:18:08,508 [WARN] PackLoader:240 - Cannot read IP mode file for STMicroelectronics.FP-ATR-ASTRA1.1.1.1
2023-12-22 10:18:08,520 [WARN] PackLoader:240 - Cannot read IP mode file for Infineon.AIROC-Wi-Fi-Bluetooth-STM32.1.5.1
2023-12-22 10:18:08,529 [WARN] PackLoader:240 - Cannot read IP mode file for STMicroelectronics.FP-SNS-MOTENVWB1.1.3.0
2023-12-22 10:18:08,533 [WARN] PackLoader:240 - Cannot read IP mode file for STMicroelectronics.FP-SNS-MOTENVWB1.1.3.1
2023-12-22 10:18:08,545 [WARN] PackLoader:240 - Cannot read IP mode file for STMicroelectronics.X-CUBE-AZRTOS-G4.1.0.0
2023-12-22 10:18:08,562 [WARN] PackLoader:240 - Cannot read IP mode file for STMicroelectronics.X-CUBE-AZRTOS-L4.1.0.0
2023-12-22 10:18:08,567 [WARN] PackLoader:240 - Cannot read IP mode file for STMicroelectronics.X-CUBE-ISPU.2.0.0
2023-12-22 10:18:08,604 [WARN] PackLoader:240 - Cannot read IP mode file for STMicroelectronics.X-CUBE-MEMS1.10.0.0
2023-12-22 10:18:08,752 [WARN] PackLoader:240 - Cannot read IP mode file for STMicroelectronics.X-CUBE-FREERTOS.1.1.0
2023-12-22 10:18:08,761 [WARN] PackLoader:240 - Cannot read IP mode file for STMicroelectronics.X-CUBE-AZRTOS-WL.1.0.0
2023-12-22 10:18:08,768 [WARN] PackLoader:240 - Cannot read IP mode file for portGmbH.I-Cube-SoM-uGOAL.1.1.0
2023-12-22 10:18:08,773 [WARN] PackLoader:240 - Cannot read IP mode file for STMicroelectronics.X-CUBE-ALS.1.0.1
2023-12-22 10:18:08,785 [WARN] PackLoader:240 - Cannot read IP mode file for STMicroelectronics.X-CUBE-AZRTOS-WB.1.1.0
2023-12-22 10:18:08,790 [WARN] PackLoader:240 - Cannot read IP mode file for STMicroelectronics.FP-ATR-ASTRA1.2.0.0
2023-12-22 10:18:08,799 [WARN] PackLoader:240 - Cannot read IP mode file for STMicroelectronics.X-CUBE-TOF1.3.4.0
2023-12-22 10:18:08,828 [WARN] PackLoader:240 - Cannot read IP mode file for STMicroelectronics.X-CUBE-AZRTOS-H7.3.2.0
2023-12-22 10:18:08,831 [INFO] ThirdParty:978 - Integrity check success = true
2023-12-22 10:18:08,831 [INFO] IntegrityCheckThread:100 - exiting critical section [integrity check]
2023-12-22 10:18:08,831 [INFO] IntegrityCheckThread:103 - End integrity checks thread
2023-12-22 10:18:28,801 [ERROR] LogOutputStream:75 - [STDERR_REDIRECT] SLF4J: Failed to load class "org.slf4j.impl.StaticLoggerBinder".
2023-12-22 10:18:28,801 [ERROR] LogOutputStream:75 - [STDERR_REDIRECT] SLF4J: Defaulting to no-operation (NOP) logger implementation
2023-12-22 10:18:28,802 [ERROR] LogOutputStream:75 - [STDERR_REDIRECT] SLF4J: See http://www.slf4j.org/codes.html#StaticLoggerBinder for further details.
2023-12-22 10:23:55,773 [ERROR] LogOutputStream:75 - [STDERR_REDIRECT] 
2023-12-22 19:13:09,481 [INFO] Activator:176 - 


2023-12-22 19:13:09,483 [INFO] Activator:177 - !SESSION log4j initialized
2023-12-22 19:13:15,831 [INFO] LogOutputStream:77 - [STDOUT_REDIRECT] 
2023-12-22 19:13:19,112 [INFO] ApplicationProperties:184 - Using Application install path: C:\ST\STM32CubeIDE_1.11.2\STM32CubeIDE\plugins\com.st.stm32cube.common.mx_6.9.2.202309101412
2023-12-22 19:13:19,146 [INFO] DbMcusXml:78 - Set database path to: C:\ST\STM32CubeIDE_1.11.2\STM32CubeIDE\plugins\com.st.stm32cube.common.mx_6.9.2.202309101412\\db\/mcu/
2023-12-22 19:13:19,147 [INFO] ApiDb:274 - Set plugin database path to: C:\ST\STM32CubeIDE_1.11.2\STM32CubeIDE\plugins\com.st.stm32cube.common.mx_6.9.2.202309101412\\db\/plugins/boardmanager/
2023-12-22 19:13:19,148 [WARN] ApiDb:259 - Overriding images path with different value:  => C:\ST\STM32CubeIDE_1.11.2\STM32CubeIDE\plugins\com.st.stm32cube.common.mx_6.9.2.202309101412\\db\/plugins/mcufinder/images/
2023-12-22 19:13:19,168 [INFO] ApiDb:250 - Set database path to: C:\Users\andep\.stmcufinder\plugins\mcufinder//mcu/
2023-12-22 19:13:19,170 [INFO] DbMcusAds:125 - Set database path to: C:\Users\andep\.stmcufinder\plugins\mcufinder//mcu/
2023-12-22 19:13:19,173 [INFO] CrossReferenceDbSqlite:203 - Set database path to: C:\Users\andep\.stmcufinder\plugins\mcufinder//mcu/cs/
2023-12-22 19:13:19,405 [INFO] RulesReader:64 - Compatibility file has been processed (293 Rules)
2023-12-22 19:13:19,643 [INFO] DbMcusXml:78 - Set database path to: C:\ST\STM32CubeIDE_1.11.2\STM32CubeIDE\plugins\com.st.stm32cube.common.mx_6.9.2.202309101412\\db\/mcu/
2023-12-22 19:13:19,643 [INFO] ApiDb:274 - Set plugin database path to: C:\ST\STM32CubeIDE_1.11.2\STM32CubeIDE\plugins\com.st.stm32cube.common.mx_6.9.2.202309101412\\db\/plugins/boardmanager/
2023-12-22 19:13:19,643 [INFO] ApiDb:261 - Set plugin images path to: C:\ST\STM32CubeIDE_1.11.2\STM32CubeIDE\plugins\com.st.stm32cube.common.mx_6.9.2.202309101412\\db\/plugins/mcufinder/images/
2023-12-22 19:13:19,644 [WARN] DbFile:41 - Overriding database path with different value: C:\Users\andep\.stmcufinder\plugins\mcufinder/ => C:\Users\andep\.stmcufinder\plugins\mcufinder
2023-12-22 19:13:19,644 [INFO] ApiDb:250 - Set database path to: C:\Users\andep\.stmcufinder\plugins\mcufinder//mcu/
2023-12-22 19:13:19,644 [WARN] DbFile:41 - Overriding database path with different value: C:\Users\andep\.stmcufinder\plugins\mcufinder/ => C:\Users\andep\.stmcufinder\plugins\mcufinder
2023-12-22 19:13:19,644 [INFO] DbMcusAds:125 - Set database path to: C:\Users\andep\.stmcufinder\plugins\mcufinder//mcu/
2023-12-22 19:13:19,644 [WARN] DbFile:41 - Overriding database path with different value: C:\Users\andep\.stmcufinder\plugins\mcufinder/ => C:\Users\andep\.stmcufinder\plugins\mcufinder
2023-12-22 19:13:19,645 [WARN] DbFile:41 - Overriding database path with different value: C:\Users\andep\.stmcufinder\plugins\mcufinder/ => C:\Users\andep\.stmcufinder\plugins\mcufinder
2023-12-22 19:13:19,645 [INFO] CrossReferenceDbSqlite:203 - Set database path to: C:\Users\andep\.stmcufinder\plugins\mcufinder//mcu/cs/
2023-12-22 19:13:19,848 [INFO] MainPanel:262 - HeapMemory: 268435456
2023-12-22 19:13:20,023 [INFO] DbMcusXml:78 - Set database path to: C:\ST\STM32CubeIDE_1.11.2\STM32CubeIDE\plugins\com.st.stm32cube.common.mx_6.9.2.202309101412\\db\/mcu/
2023-12-22 19:13:20,024 [INFO] ApiDb:274 - Set plugin database path to: C:\ST\STM32CubeIDE_1.11.2\STM32CubeIDE\plugins\com.st.stm32cube.common.mx_6.9.2.202309101412\\db\/plugins/boardmanager/
2023-12-22 19:13:20,024 [INFO] ApiDb:261 - Set plugin images path to: C:\ST\STM32CubeIDE_1.11.2\STM32CubeIDE\plugins\com.st.stm32cube.common.mx_6.9.2.202309101412\\db\/plugins/mcufinder/images/
2023-12-22 19:13:20,025 [WARN] DbFile:41 - Overriding database path with different value: C:\Users\andep\.stmcufinder\plugins\mcufinder/ => C:\Users\andep\.stmcufinder\plugins\mcufinder
2023-12-22 19:13:20,025 [INFO] ApiDb:250 - Set database path to: C:\Users\andep\.stmcufinder\plugins\mcufinder//mcu/
2023-12-22 19:13:20,026 [WARN] DbFile:41 - Overriding database path with different value: C:\Users\andep\.stmcufinder\plugins\mcufinder/ => C:\Users\andep\.stmcufinder\plugins\mcufinder
2023-12-22 19:13:20,026 [INFO] DbMcusAds:125 - Set database path to: C:\Users\andep\.stmcufinder\plugins\mcufinder//mcu/
2023-12-22 19:13:20,026 [WARN] DbFile:41 - Overriding database path with different value: C:\Users\andep\.stmcufinder\plugins\mcufinder/ => C:\Users\andep\.stmcufinder\plugins\mcufinder
2023-12-22 19:13:20,026 [WARN] DbFile:41 - Overriding database path with different value: C:\Users\andep\.stmcufinder\plugins\mcufinder/ => C:\Users\andep\.stmcufinder\plugins\mcufinder
2023-12-22 19:13:20,027 [INFO] CrossReferenceDbSqlite:203 - Set database path to: C:\Users\andep\.stmcufinder\plugins\mcufinder//mcu/cs/
2023-12-22 19:13:20,068 [INFO] ApplicationProperties:184 - Using Application install path: C:\ST\STM32CubeIDE_1.11.2\STM32CubeIDE\plugins\com.st.stm32cube.common.mx_6.9.2.202309101412
2023-12-22 19:13:20,072 [INFO] PluginManage:196 - Search for loadable plugins [exclusion list=, ]
2023-12-22 19:13:20,074 [INFO] PluginManage:310 - Check plugin analytics
2023-12-22 19:13:20,400 [INFO] AnalyticsPlugin:253 - Accepted Software Licenses: 
2023-12-22 19:13:20,401 [INFO] AnalyticsPlugin:255 - Accepted CMSIS Pack Licenses: 
2023-12-22 19:13:20,402 [INFO] AnalyticsPlugin:257 - Accepted Firmware Licenses: 
2023-12-22 19:13:20,406 [INFO] PluginManage:359 - Loaded plugin analytics (category:tool,tabindex:-1)
2023-12-22 19:13:20,406 [INFO] PluginManage:310 - Check plugin cadmodel
2023-12-22 19:13:20,430 [INFO] CADModel:105 - Init CAD model plugin
2023-12-22 19:13:20,431 [INFO] PluginManage:359 - Loaded plugin cadmodel (category:power,tabindex:5)
2023-12-22 19:13:20,431 [INFO] PluginManage:310 - Check plugin clock
2023-12-22 19:13:20,473 [INFO] PluginManage:359 - Loaded plugin clock (category:base,tabindex:2)
2023-12-22 19:13:20,473 [INFO] PluginManage:310 - Check plugin ddr
2023-12-22 19:13:20,478 [INFO] PluginManage:359 - Loaded plugin ddr (category:tool,tabindex:6)
2023-12-22 19:13:20,479 [INFO] PluginManage:310 - Check plugin filemanager
2023-12-22 19:13:20,754 [INFO] PluginManage:359 - Loaded plugin filemanager (category:base,tabindex:10)
2023-12-22 19:13:20,754 [INFO] PluginManage:310 - Check plugin ipmanager
2023-12-22 19:13:20,797 [INFO] PluginManage:359 - Loaded plugin ipmanager (category:base,tabindex:5)
2023-12-22 19:13:20,797 [INFO] PluginManage:310 - Check plugin lpbam
2023-12-22 19:13:20,830 [INFO] PluginManage:359 - Loaded plugin lpbam (category:base,tabindex:0)
2023-12-22 19:13:20,830 [INFO] PluginManage:310 - Check plugin memorymap
2023-12-22 19:13:20,880 [INFO] PluginManage:359 - Loaded plugin memorymap (category:base,tabindex:4)
2023-12-22 19:13:20,880 [INFO] PluginManage:310 - Check plugin pinoutandconfiguration
2023-12-22 19:13:20,909 [INFO] PluginManage:359 - Loaded plugin pinoutandconfiguration (category:base,tabindex:1)
2023-12-22 19:13:20,910 [INFO] PluginManage:310 - Check plugin pinoutconfig
2023-12-22 19:13:21,126 [WARN] SupportedApi:132 - Cannot load RTOS API schema: s4s-elt-must-match.1: The content of 'definitions' must match (annotation?, (simpleType | complexType)?, (unique | key | keyref)*)). A problem was found starting at: attribute.
2023-12-22 19:13:21,404 [INFO] PluginManage:359 - Loaded plugin pinoutconfig (category:base,tabindex:0)
2023-12-22 19:13:21,405 [INFO] PluginManage:310 - Check plugin power
2023-12-22 19:13:21,439 [INFO] PluginManage:359 - Loaded plugin power (category:power,tabindex:4)
2023-12-22 19:13:21,439 [INFO] PluginManage:310 - Check plugin projectmanager
2023-12-22 19:13:21,466 [INFO] PluginManage:359 - Loaded plugin projectmanager (category:projectmanager,tabindex:3)
2023-12-22 19:13:21,466 [INFO] PluginManage:310 - Check plugin thirdparty
2023-12-22 19:13:21,888 [INFO] PluginManage:359 - Loaded plugin thirdparty (category:base,tabindex:-1)
2023-12-22 19:13:21,887 [WARN] IntegrityCheckThread:84 - waiting for thirdparty lock release [integrity check]
2023-12-22 19:13:21,888 [INFO] PluginManage:310 - Check plugin tools
2023-12-22 19:13:21,888 [INFO] IntegrityCheckThread:86 - entering critical section [integrity check]
2023-12-22 19:13:21,889 [INFO] ThirdPartyUpdaterWithRetryManager:70 - Updater plugin not ready yet. [1/15]
2023-12-22 19:13:21,959 [INFO] PluginManage:359 - Loaded plugin tools (category:base,tabindex:7)
2023-12-22 19:13:21,959 [INFO] PluginManage:310 - Check plugin tutovideos
2023-12-22 19:13:22,336 [INFO] PluginManage:359 - Loaded plugin tutovideos (category:base,tabindex:-1)
2023-12-22 19:13:22,336 [INFO] PluginManage:310 - Check plugin updater
2023-12-22 19:13:22,355 [INFO] PluginManage:359 - Loaded plugin updater (category:base,tabindex:12)
2023-12-22 19:13:22,355 [INFO] PluginManage:310 - Check plugin userauth
2023-12-22 19:13:22,365 [INFO] UserAuth:113 - Init User Auth plugin
2023-12-22 19:13:22,365 [INFO] PluginManage:359 - Loaded plugin userauth (category:base,tabindex:14)
2023-12-22 19:13:22,366 [INFO] PluginManage:283 - PluginManage : Loaded plugins [17]
2023-12-22 19:13:22,896 [INFO] PinOutPanel:1499 - setPackage(No Configuration,No Configuration)
2023-12-22 19:13:23,241 [INFO] CADModel:165 - CPN selected for project level
2023-12-22 19:13:23,241 [INFO] CADModel:114 - Register for checkConnection events
2023-12-22 19:13:23,285 [INFO] IPUIPlugin:80 - create IPUIPlugin
2023-12-22 19:13:23,286 [INFO] PluginManager:220 - loadIPPluginJar : add adc
2023-12-22 19:13:23,364 [INFO] IPUIPlugin:80 - create IPUIPlugin
2023-12-22 19:13:23,365 [INFO] PluginManager:220 - loadIPPluginJar : add aes
2023-12-22 19:13:23,455 [INFO] IPUIPlugin:80 - create IPUIPlugin
2023-12-22 19:13:23,455 [INFO] PluginManager:220 - loadIPPluginJar : add can
2023-12-22 19:13:23,497 [INFO] IPUIPlugin:80 - create IPUIPlugin
2023-12-22 19:13:23,498 [INFO] PluginManager:220 - loadIPPluginJar : add comp
2023-12-22 19:13:23,563 [INFO] IPUIPlugin:80 - create IPUIPlugin
2023-12-22 19:13:23,563 [INFO] PluginManager:220 - loadIPPluginJar : add cryp
2023-12-22 19:13:23,619 [INFO] IPUIPlugin:80 - create IPUIPlugin
2023-12-22 19:13:23,619 [INFO] PluginManager:220 - loadIPPluginJar : add dfsdm
2023-12-22 19:13:23,645 [INFO] IPUIPlugin:80 - create IPUIPlugin
2023-12-22 19:13:23,646 [INFO] PluginManager:220 - loadIPPluginJar : add dma
2023-12-22 19:13:23,726 [INFO] IPUIPlugin:80 - create IPUIPlugin
2023-12-22 19:13:23,727 [INFO] PluginManager:220 - loadIPPluginJar : add dma3
2023-12-22 19:13:23,765 [INFO] IPUIPlugin:80 - create IPUIPlugin
2023-12-22 19:13:23,765 [INFO] PluginManager:220 - loadIPPluginJar : add fatfs
2023-12-22 19:13:23,857 [INFO] IPUIPlugin:80 - create IPUIPlugin
2023-12-22 19:13:23,857 [INFO] PluginManager:220 - loadIPPluginJar : add fmc
2023-12-22 19:13:23,893 [INFO] IPUIPlugin:80 - create IPUIPlugin
2023-12-22 19:13:23,893 [INFO] PluginManager:220 - loadIPPluginJar : add freertos
2023-12-22 19:13:23,940 [INFO] IPUIPlugin:80 - create IPUIPlugin
2023-12-22 19:13:23,940 [INFO] PluginManager:220 - loadIPPluginJar : add genericplugin
2023-12-22 19:13:24,139 [INFO] IPUIPlugin:80 - create IPUIPlugin
2023-12-22 19:13:24,139 [INFO] PluginManager:220 - loadIPPluginJar : add gfxmmu
2023-12-22 19:13:24,424 [INFO] IPUIPlugin:80 - create IPUIPlugin
2023-12-22 19:13:24,424 [INFO] PluginManager:220 - loadIPPluginJar : add gic
2023-12-22 19:13:24,486 [INFO] IPUIPlugin:80 - create IPUIPlugin
2023-12-22 19:13:24,486 [INFO] PluginManager:220 - loadIPPluginJar : add gpio
2023-12-22 19:13:24,663 [INFO] IPUIPlugin:80 - create IPUIPlugin
2023-12-22 19:13:24,664 [INFO] PluginManager:220 - loadIPPluginJar : add gtzc
2023-12-22 19:13:24,757 [INFO] IPUIPlugin:80 - create IPUIPlugin
2023-12-22 19:13:24,757 [INFO] PluginManager:220 - loadIPPluginJar : add hash
2023-12-22 19:13:24,855 [INFO] IPUIPlugin:80 - create IPUIPlugin
2023-12-22 19:13:24,855 [INFO] PluginManager:220 - loadIPPluginJar : add i2c
2023-12-22 19:13:24,890 [INFO] ThirdPartyUpdaterWithRetryManager:70 - Updater plugin not ready yet. [2/15]
2023-12-22 19:13:24,929 [INFO] IPUIPlugin:80 - create IPUIPlugin
2023-12-22 19:13:24,929 [INFO] PluginManager:220 - loadIPPluginJar : add i2s
2023-12-22 19:13:24,992 [INFO] IPUIPlugin:80 - create IPUIPlugin
2023-12-22 19:13:24,992 [INFO] PluginManager:220 - loadIPPluginJar : add i3c
2023-12-22 19:13:25,239 [INFO] IPUIPlugin:80 - create IPUIPlugin
2023-12-22 19:13:25,239 [INFO] PluginManager:220 - loadIPPluginJar : add ipddr
2023-12-22 19:13:25,449 [INFO] IPUIPlugin:80 - create IPUIPlugin
2023-12-22 19:13:25,450 [INFO] PluginManager:220 - loadIPPluginJar : add linkedlist
2023-12-22 19:13:25,512 [INFO] IPUIPlugin:80 - create IPUIPlugin
2023-12-22 19:13:25,512 [INFO] PluginManager:220 - loadIPPluginJar : add lorawan
2023-12-22 19:13:25,580 [INFO] IPUIPlugin:80 - create IPUIPlugin
2023-12-22 19:13:25,580 [INFO] PluginManager:220 - loadIPPluginJar : add ltdc
2023-12-22 19:13:25,608 [INFO] IPUIPlugin:80 - create IPUIPlugin
2023-12-22 19:13:25,608 [INFO] PluginManager:220 - loadIPPluginJar : add mdma
2023-12-22 19:13:25,625 [INFO] IPUIPlugin:80 - create IPUIPlugin
2023-12-22 19:13:25,625 [INFO] PluginManager:220 - loadIPPluginJar : add nvic
2023-12-22 19:13:25,713 [INFO] IPUIPlugin:80 - create IPUIPlugin
2023-12-22 19:13:25,714 [INFO] PluginManager:220 - loadIPPluginJar : add opamp
2023-12-22 19:13:25,820 [INFO] IPUIPlugin:80 - create IPUIPlugin
2023-12-22 19:13:25,821 [INFO] PluginManager:220 - loadIPPluginJar : add openamp
2023-12-22 19:13:25,902 [INFO] IPUIPlugin:80 - create IPUIPlugin
2023-12-22 19:13:25,902 [INFO] PluginManager:220 - loadIPPluginJar : add pdm2pcm
2023-12-22 19:13:25,923 [INFO] IPUIPlugin:80 - create IPUIPlugin
2023-12-22 19:13:25,927 [INFO] PluginManager:220 - loadIPPluginJar : add plateformsettings
2023-12-22 19:13:25,961 [INFO] IPUIPlugin:80 - create IPUIPlugin
2023-12-22 19:13:25,962 [INFO] PluginManager:220 - loadIPPluginJar : add quadspi
2023-12-22 19:13:25,995 [INFO] IPUIPlugin:80 - create IPUIPlugin
2023-12-22 19:13:25,995 [INFO] PluginManager:220 - loadIPPluginJar : add resmgrutility
2023-12-22 19:13:26,096 [INFO] IPUIPlugin:80 - create IPUIPlugin
2023-12-22 19:13:26,096 [INFO] PluginManager:220 - loadIPPluginJar : add sai
2023-12-22 19:13:26,164 [INFO] IPUIPlugin:80 - create IPUIPlugin
2023-12-22 19:13:26,164 [INFO] PluginManager:220 - loadIPPluginJar : add spi
2023-12-22 19:13:26,271 [INFO] IPUIPlugin:80 - create IPUIPlugin
2023-12-22 19:13:26,272 [INFO] PluginManager:220 - loadIPPluginJar : add stm32_wpan
2023-12-22 19:13:26,311 [INFO] IPUIPlugin:80 - create IPUIPlugin
2023-12-22 19:13:26,311 [INFO] PluginManager:220 - loadIPPluginJar : add tim
2023-12-22 19:13:26,419 [INFO] IPUIPlugin:80 - create IPUIPlugin
2023-12-22 19:13:26,420 [INFO] PluginManager:220 - loadIPPluginJar : add touchsensing
2023-12-22 19:13:26,461 [INFO] IPUIPlugin:80 - create IPUIPlugin
2023-12-22 19:13:26,461 [INFO] PluginManager:220 - loadIPPluginJar : add tracer_emb
2023-12-22 19:13:26,506 [INFO] IPUIPlugin:80 - create IPUIPlugin
2023-12-22 19:13:26,506 [INFO] PluginManager:220 - loadIPPluginJar : add ts
2023-12-22 19:13:26,545 [INFO] IPUIPlugin:80 - create IPUIPlugin
2023-12-22 19:13:26,546 [INFO] PluginManager:220 - loadIPPluginJar : add tsc
2023-12-22 19:13:26,587 [INFO] IPUIPlugin:80 - create IPUIPlugin
2023-12-22 19:13:26,588 [INFO] PluginManager:220 - loadIPPluginJar : add ucpd
2023-12-22 19:13:26,660 [INFO] IPUIPlugin:80 - create IPUIPlugin
2023-12-22 19:13:26,661 [INFO] PluginManager:220 - loadIPPluginJar : add usart
2023-12-22 19:13:26,742 [INFO] IPUIPlugin:80 - create IPUIPlugin
2023-12-22 19:13:26,742 [INFO] PluginManager:220 - loadIPPluginJar : add usbx
2023-12-22 19:13:26,948 [INFO] CADModel:165 - CPN selected for project level
2023-12-22 19:13:26,948 [INFO] CADModel:114 - Register for checkConnection events
2023-12-22 19:13:26,949 [FATAL] Updater:308 - Updater called before beeing initialized
2023-12-22 19:13:26,949 [ERROR] CADModel:125 - Updater not yet initialized, retry later 
2023-12-22 19:13:27,260 [INFO] CADModel:165 - CPN selected for project level
2023-12-22 19:13:27,260 [INFO] CADModel:114 - Register for checkConnection events
2023-12-22 19:13:27,261 [FATAL] Updater:308 - Updater called before beeing initialized
2023-12-22 19:13:27,261 [ERROR] CADModel:125 - Updater not yet initialized, retry later 
2023-12-22 19:13:27,268 [FATAL] Updater:308 - Updater called before beeing initialized
2023-12-22 19:13:27,556 [FATAL] Updater:308 - Updater called before beeing initialized
2023-12-22 19:13:27,578 [INFO] DbMcusAds:53 - JSON generation date=Tue Mar 07 09:50:55 CET 2023 (1678179055335)
2023-12-22 19:13:27,578 [FATAL] Updater:308 - Updater called before beeing initialized
2023-12-22 19:13:27,720 [WARN] DetailPanel:346 - Failed to get advertising image, set to default
2023-12-22 19:13:27,892 [INFO] ThirdPartyUpdaterWithRetryManager:70 - Updater plugin not ready yet. [3/15]
2023-12-22 19:13:27,949 [FATAL] Updater:308 - Updater called before beeing initialized
2023-12-22 19:13:27,954 [FATAL] Updater:308 - Updater called before beeing initialized
2023-12-22 19:13:27,954 [FATAL] Updater:308 - Updater called before beeing initialized
2023-12-22 19:13:27,954 [WARN] DetailPanel:346 - Failed to get advertising image, set to default
2023-12-22 19:13:27,956 [FATAL] Updater:308 - Updater called before beeing initialized
2023-12-22 19:13:28,085 [ERROR] Updater:1120 - MainUpdater not yet initialized. External WinMGr cannot be set.
2023-12-22 19:13:28,107 [INFO] Updater:1056 - Updater Version found : 6.9.2
2023-12-22 19:13:28,149 [INFO] ApplicationProperties:184 - Using Application install path: C:\ST\STM32CubeIDE_1.11.2\STM32CubeIDE\plugins\com.st.stm32cube.common.mx_6.9.2.202309101412
2023-12-22 19:13:28,493 [INFO] MainUpdater:2868 - connection check result : 10
2023-12-22 19:13:28,494 [INFO] MainUpdater:285 - Updater Check For Update Now.
2023-12-22 19:13:28,495 [INFO] MicroXplorer:498 - Change Database Version : DB.6.0.92
2023-12-22 19:13:28,550 [INFO] McuFinderGlobals:63 - Set McuFinder mode to 2 (CubeIDE integrated)
2023-12-22 19:13:28,551 [INFO] UserAuth:179 - activating auth plugin
2023-12-22 19:13:28,555 [INFO] UserAuth:393 - Internet connection configuration mode: 1
2023-12-22 19:13:28,591 [INFO] JxBrowserEngine:151 - Initiate JxBrowser Engine with user profile folder
2023-12-22 19:13:28,817 [INFO] CheckServerUpdateThread:120 - End of CheckServer Thread
2023-12-22 19:13:31,311 [WARN] PackLoader:240 - Cannot read IP mode file for STMicroelectronics.X-CUBE-SMBUS.2.1.0
2023-12-22 19:13:31,335 [WARN] PackLoader:240 - Cannot read IP mode file for STMicroelectronics.X-CUBE-TOUCHGFX.4.23.0
2023-12-22 19:13:31,410 [WARN] PackLoader:240 - Cannot read IP mode file for STMicroelectronics.X-CUBE-AZRTOS-F7.1.1.0
2023-12-22 19:13:31,445 [WARN] PackLoader:240 - Cannot read IP mode file for STMicroelectronics.FP-SNS-MOTENV1.4.3.2
2023-12-22 19:13:31,476 [WARN] PackLoader:240 - Cannot read IP mode file for STMicroelectronics.X-CUBE-BLE1.6.2.4
2023-12-22 19:13:31,495 [WARN] PackLoader:240 - Cannot read IP mode file for STMicroelectronics.FP-SNS-FLIGHT1.5.0.2
2023-12-22 19:13:31,523 [WARN] PackLoader:240 - Cannot read IP mode file for STMicroelectronics.X-CUBE-DISPLAY.3.0.0
2023-12-22 19:13:31,551 [WARN] PackLoader:240 - Cannot read IP mode file for STMicroelectronics.X-CUBE-BLE1.7.0.0
2023-12-22 19:13:31,567 [WARN] PackLoader:240 - Cannot read IP mode file for STMicroelectronics.X-CUBE-TOUCHGFX.4.22.1
2023-12-22 19:13:31,583 [WARN] PackLoader:240 - Cannot read IP mode file for STMicroelectronics.FP-SNS-SMARTAG2.1.2.0
2023-12-22 19:13:31,615 [INFO] LogOutputStream:77 - [STDOUT_REDIRECT] 1 : Invalid condition id : UX_CORESTACK_Condition cause : null
2023-12-22 19:13:31,616 [INFO] LogOutputStream:77 - [STDOUT_REDIRECT] 1 : Invalid condition id : UX_CORESTACK_Condition cause : null
2023-12-22 19:13:31,619 [INFO] LogOutputStream:77 - [STDOUT_REDIRECT] 1 : Invalid condition id : UX_CORESTACK_Condition cause : null
2023-12-22 19:13:31,622 [INFO] LogOutputStream:77 - [STDOUT_REDIRECT] 1 : Invalid condition id : UX_CORESTACK_Condition cause : null
2023-12-22 19:13:31,625 [INFO] LogOutputStream:77 - [STDOUT_REDIRECT] 1 : Invalid condition id : UX_CORESTACK_Condition cause : null
2023-12-22 19:13:31,634 [WARN] PackLoader:240 - Cannot read IP mode file for STMicroelectronics.X-CUBE-AZRTOS-WL.2.0.0
2023-12-22 19:13:31,661 [WARN] PackLoader:240 - Cannot read IP mode file for WES.I-CUBE-Cesium.1.3.0
2023-12-22 19:13:31,686 [WARN] PackLoader:240 - Cannot read IP mode file for STMicroelectronics.X-CUBE-BLE2.3.3.0
2023-12-22 19:13:31,727 [WARN] PackLoader:240 - Cannot read IP mode file for STMicroelectronics.X-CUBE-TOF1.3.2.0
2023-12-22 19:13:31,761 [WARN] PackLoader:240 - Cannot read IP mode file for STMicroelectronics.X-CUBE-TOUCHGFX.4.21.1
2023-12-22 19:13:31,778 [WARN] PackLoader:240 - Cannot read IP mode file for STMicroelectronics.X-CUBE-AI.7.3.0
2023-12-22 19:13:31,804 [WARN] PackLoader:240 - Cannot read IP mode file for STMicroelectronics.X-CUBE-ALGOBUILD.1.3.0
2023-12-22 19:13:31,872 [WARN] PackLoader:240 - Cannot read IP mode file for STMicroelectronics.X-CUBE-AZRTOS-G0.1.1.0
2023-12-22 19:13:31,905 [WARN] PackLoader:240 - Cannot read IP mode file for STMicroelectronics.X-CUBE-NFC4.3.0.0
2023-12-22 19:13:31,979 [WARN] PackLoader:240 - Cannot read IP mode file for STMicroelectronics.X-CUBE-BLEMGR.3.0.0
2023-12-22 19:13:32,012 [WARN] PackLoader:240 - Cannot read IP mode file for STMicroelectronics.X-CUBE-BLEMGR.1.3.0
2023-12-22 19:13:32,040 [WARN] PackLoader:240 - Cannot read IP mode file for STMicroelectronics.FP-ATR-SIGFOX1.3.2.0
2023-12-22 19:13:32,148 [WARN] PackLoader:240 - Cannot read IP mode file for STMicroelectronics.X-CUBE-MEMS1.9.5.0
2023-12-22 19:13:32,477 [INFO] WebApp:157 - Instantiating new browser for Auth
2023-12-22 19:13:32,561 [WARN] PackLoader:240 - Cannot read IP mode file for SEGGER.I-CUBE-embOS.1.3.1
2023-12-22 19:13:32,694 [WARN] PackLoader:240 - Cannot read IP mode file for STMicroelectronics.X-CUBE-GNSS1.6.0.0
2023-12-22 19:13:32,740 [WARN] PackLoader:240 - Cannot read IP mode file for STMicroelectronics.X-CUBE-AZRTOS-F4.1.1.0
2023-12-22 19:13:32,795 [WARN] PackLoader:240 - Cannot read IP mode file for STMicroelectronics.X-CUBE-AZRTOS-L5.2.0.0
2023-12-22 19:13:32,899 [WARN] PackLoader:240 - Cannot read IP mode file for STMicroelectronics.X-CUBE-MEMS1.9.6.0
2023-12-22 19:13:33,143 [WARN] PackLoader:240 - Cannot read IP mode file for STMicroelectronics.X-CUBE-EEPRMA1.4.2.0
2023-12-22 19:13:33,163 [WARN] PackLoader:240 - Cannot read IP mode file for ITTIA_DB.I-CUBE-ITTIADB.8.8.0
2023-12-22 19:13:33,191 [WARN] PackLoader:240 - Cannot read IP mode file for emotas.I-CUBE-CANOPEN.1.1.3
2023-12-22 19:13:33,290 [WARN] PackLoader:240 - Cannot read IP mode file for STMicroelectronics.X-CUBE-BLEMGR.2.0.0
2023-12-22 19:13:33,348 [WARN] ConditionMgr:438 - getConditionDescription Invalid condition id : UX DEVICE CLASS RTOS Condition cause : null
2023-12-22 19:13:33,349 [WARN] ConditionMgr:438 - getConditionDescription Invalid condition id : UX DEVICE CLASS RTOS Condition cause : null
2023-12-22 19:13:33,354 [WARN] PackLoader:240 - Cannot read IP mode file for STMicroelectronics.X-CUBE-AZRTOS-H7.3.1.0
2023-12-22 19:13:33,356 [WARN] ConditionMgr:1039 - genDependencies : Invalid condition id : UX DEVICE CLASS RTOS Condition cause : null
2023-12-22 19:13:33,356 [WARN] ConditionMgr:1039 - genDependencies : Invalid condition id : UX DEVICE CLASS RTOS Condition cause : null
2023-12-22 19:13:33,357 [WARN] ConditionMgr:1039 - genDependencies : Invalid condition id : UX DEVICE CLASS RTOS Condition cause : null
2023-12-22 19:13:33,361 [WARN] ConditionMgr:1039 - genDependencies : Invalid condition id : UX DEVICE CLASS RTOS Condition cause : null
2023-12-22 19:13:33,361 [WARN] ConditionMgr:1039 - genDependencies : Invalid condition id : UX DEVICE CLASS RTOS Condition cause : null
2023-12-22 19:13:33,387 [WARN] PackLoader:240 - Cannot read IP mode file for wolfSSL.I-CUBE-wolfSSL.5.5.4
2023-12-22 19:13:33,403 [WARN] PackLoader:240 - Cannot read IP mode file for STMicroelectronics.X-CUBE-NFC7.1.0.1
2023-12-22 19:13:33,420 [WARN] PackLoader:240 - Cannot read IP mode file for STMicroelectronics.X-CUBE-NFC7.1.0.0
2023-12-22 19:13:33,442 [WARN] PackLoader:240 - Cannot read IP mode file for STMicroelectronics.X-CUBE-NFC6.3.0.0
2023-12-22 19:13:33,461 [WARN] PackLoader:240 - Cannot read IP mode file for STMicroelectronics.X-CUBE-EEPRMA1.4.1.0
2023-12-22 19:13:33,476 [WARN] PackLoader:240 - Cannot read IP mode file for STMicroelectronics.X-CUBE-AI.8.1.0
2023-12-22 19:13:33,519 [WARN] ConditionMgr:438 - getConditionDescription Invalid condition id : LAN8742 Phy interface Condition cause : null
2023-12-22 19:13:33,521 [WARN] PackLoader:240 - Cannot read IP mode file for STMicroelectronics.X-CUBE-AZRTOS-L4.2.0.0
2023-12-22 19:13:33,523 [WARN] ConditionMgr:1039 - genDependencies : Invalid condition id : LAN8742 Phy interface Condition cause : null
2023-12-22 19:13:33,523 [WARN] ConditionMgr:1039 - genDependencies : Invalid condition id : LAN8742 Phy interface Condition cause : null
2023-12-22 19:13:33,524 [WARN] ConditionMgr:1039 - genDependencies : Invalid condition id : LAN8742 Phy interface Condition cause : null
2023-12-22 19:13:33,549 [WARN] PackLoader:240 - Cannot read IP mode file for STMicroelectronics.X-CUBE-SFXS2LP1.4.0.0
2023-12-22 19:13:33,590 [INFO] WebApp:753 - Register for checkConnection events
2023-12-22 19:13:33,590 [INFO] WebApp:390 - Apply proxy settings
2023-12-22 19:13:33,591 [INFO] WebApp:475 - Chromium requires no authentication
2023-12-22 19:13:33,592 [WARN] PackLoader:240 - Cannot read IP mode file for STMicroelectronics.X-CUBE-AZRTOS-H7.3.0.0
2023-12-22 19:13:33,608 [INFO] WebApp:418 - Direct internet connection detected
2023-12-22 19:13:33,618 [WARN] PackLoader:240 - Cannot read IP mode file for STMicroelectronics.X-CUBE-ISPU.1.1.0
2023-12-22 19:13:33,641 [WARN] PackLoader:240 - Cannot read IP mode file for RoweBots.I-CUBE-UNISONRTOS.5.5.0-4
2023-12-22 19:13:33,656 [WARN] PackLoader:240 - Cannot read IP mode file for STMicroelectronics.X-CUBE-AI.8.0.0
2023-12-22 19:13:33,689 [WARN] ConditionMgr:438 - getConditionDescription Invalid condition id : UX DEVICE CLASS RTOS Condition cause : null
2023-12-22 19:13:33,689 [WARN] ConditionMgr:438 - getConditionDescription Invalid condition id : UX DEVICE CLASS RTOS Condition cause : null
2023-12-22 19:13:33,694 [WARN] PackLoader:240 - Cannot read IP mode file for STMicroelectronics.X-CUBE-AZRTOS-WB.2.0.0
2023-12-22 19:13:33,695 [WARN] ConditionMgr:1039 - genDependencies : Invalid condition id : UX DEVICE CLASS RTOS Condition cause : null
2023-12-22 19:13:33,696 [WARN] ConditionMgr:1039 - genDependencies : Invalid condition id : UX DEVICE CLASS RTOS Condition cause : null
2023-12-22 19:13:33,696 [WARN] ConditionMgr:1039 - genDependencies : Invalid condition id : UX DEVICE CLASS RTOS Condition cause : null
2023-12-22 19:13:33,697 [WARN] ConditionMgr:1039 - genDependencies : Invalid condition id : UX DEVICE CLASS RTOS Condition cause : null
2023-12-22 19:13:33,697 [WARN] ConditionMgr:1039 - genDependencies : Invalid condition id : UX DEVICE CLASS RTOS Condition cause : null
2023-12-22 19:13:33,717 [WARN] PackLoader:240 - Cannot read IP mode file for STMicroelectronics.X-CUBE-FREERTOS.1.0.0
2023-12-22 19:13:33,760 [WARN] PackLoader:240 - Cannot read IP mode file for STMicroelectronics.X-CUBE-AZRTOS-L5.1.1.0
2023-12-22 19:13:33,807 [WARN] PackLoader:240 - Cannot read IP mode file for STMicroelectronics.X-CUBE-SUBG2.5.0.0
2023-12-22 19:13:33,834 [WARN] PackLoader:240 - Cannot read IP mode file for STMicroelectronics.X-CUBE-TOF1.3.3.1
2023-12-22 19:13:33,890 [WARN] PackLoader:240 - Cannot read IP mode file for STMicroelectronics.X-CUBE-AZRTOS-G4.2.0.0
2023-12-22 19:13:33,914 [WARN] PackLoader:240 - Cannot read IP mode file for STMicroelectronics.FP-ATR-ASTRA1.1.1.1
2023-12-22 19:13:33,954 [WARN] PackLoader:240 - Cannot read IP mode file for Infineon.AIROC-Wi-Fi-Bluetooth-STM32.1.5.1
2023-12-22 19:13:33,964 [INFO] WebApp:188 - Starting web application
2023-12-22 19:13:33,965 [INFO] WebApp:520 - Web application path used C:\ST\STM32CubeIDE_1.11.2\STM32CubeIDE\plugins\com.st.stm32cube.common.mx_6.9.2.202309101412\db\plugins\mcufinder\reactClient1\index.html
2023-12-22 19:13:33,973 [WARN] PackLoader:240 - Cannot read IP mode file for STMicroelectronics.FP-SNS-MOTENVWB1.1.3.0
2023-12-22 19:13:33,988 [WARN] PackLoader:240 - Cannot read IP mode file for STMicroelectronics.FP-SNS-MOTENVWB1.1.3.1
2023-12-22 19:13:34,023 [WARN] PackLoader:240 - Cannot read IP mode file for STMicroelectronics.X-CUBE-AZRTOS-G4.1.0.0
2023-12-22 19:13:34,063 [WARN] PackLoader:240 - Cannot read IP mode file for STMicroelectronics.X-CUBE-AZRTOS-L4.1.0.0
2023-12-22 19:13:34,083 [WARN] PackLoader:240 - Cannot read IP mode file for STMicroelectronics.X-CUBE-ISPU.2.0.0
2023-12-22 19:13:34,182 [WARN] PackLoader:240 - Cannot read IP mode file for STMicroelectronics.X-CUBE-MEMS1.10.0.0
2023-12-22 19:13:34,443 [WARN] PackLoader:240 - Cannot read IP mode file for STMicroelectronics.X-CUBE-FREERTOS.1.1.0
2023-12-22 19:13:34,504 [WARN] PackLoader:240 - Cannot read IP mode file for STMicroelectronics.X-CUBE-AZRTOS-WL.1.0.0
2023-12-22 19:13:34,527 [WARN] PackLoader:240 - Cannot read IP mode file for portGmbH.I-Cube-SoM-uGOAL.1.1.0
2023-12-22 19:13:34,546 [WARN] PackLoader:240 - Cannot read IP mode file for STMicroelectronics.X-CUBE-ALS.1.0.1
2023-12-22 19:13:34,590 [WARN] PackLoader:240 - Cannot read IP mode file for STMicroelectronics.X-CUBE-AZRTOS-WB.1.1.0
2023-12-22 19:13:34,612 [WARN] PackLoader:240 - Cannot read IP mode file for STMicroelectronics.FP-ATR-ASTRA1.2.0.0
2023-12-22 19:13:34,647 [WARN] PackLoader:240 - Cannot read IP mode file for STMicroelectronics.X-CUBE-TOF1.3.4.0
2023-12-22 19:13:34,714 [WARN] PackLoader:240 - Cannot read IP mode file for STMicroelectronics.X-CUBE-AZRTOS-H7.3.2.0
2023-12-22 19:13:34,719 [INFO] ThirdParty:978 - Integrity check success = true
2023-12-22 19:13:34,719 [INFO] IntegrityCheckThread:100 - exiting critical section [integrity check]
2023-12-22 19:13:34,719 [INFO] IntegrityCheckThread:103 - End integrity checks thread
2023-12-22 19:13:55,957 [ERROR] LogOutputStream:75 - [STDERR_REDIRECT] SLF4J: Failed to load class "org.slf4j.impl.StaticLoggerBinder".
2023-12-22 19:13:55,958 [ERROR] LogOutputStream:75 - [STDERR_REDIRECT] SLF4J: Defaulting to no-operation (NOP) logger implementation
2023-12-22 19:13:55,960 [ERROR] LogOutputStream:75 - [STDERR_REDIRECT] SLF4J: See http://www.slf4j.org/codes.html#StaticLoggerBinder for further details.
2023-12-22 19:15:50,953 [INFO] McuFinderGlobals:63 - Set McuFinder mode to 2 (CubeIDE integrated)
2023-12-22 19:15:50,974 [INFO] MainUpdater:2868 - connection check result : 10
2023-12-22 19:15:50,979 [INFO] MainUpdater:2868 - connection check result : 10
2023-12-22 19:15:51,124 [INFO] MicroXplorer:468 - Change Database Path : 
2023-12-22 19:15:51,124 [INFO] MicroXplorer:498 - Change Database Version : DB.6.0.92
2023-12-22 19:15:51,128 [WARN] ThirdParty:871 - waiting for thirdparty lock release [close project]
2023-12-22 19:15:51,128 [INFO] ThirdParty:873 - entering critical section [close project]
2023-12-22 19:15:51,128 [INFO] ThirdParty:883 - exiting critical section [close project]
2023-12-22 19:15:51,130 [INFO] PinOutPanel:1499 - setPackage(No Configuration,No Configuration)
2023-12-22 19:15:51,133 [INFO] UtilMem:75 - Begin LoadConfig() Used Memory: 591900744 Bytes (1011875840)
2023-12-22 19:15:51,134 [INFO] MicroXplorer:468 - Change Database Path : 
2023-12-22 19:15:51,134 [INFO] MicroXplorer:498 - Change Database Version : DB.6.0.92
2023-12-22 19:15:51,135 [INFO] OpenFileManager:308 - Change cursor
2023-12-22 19:15:51,163 [INFO] Mcu:1946 - Initializing MCU STM32F446R(C-E)Tx STM32F446RETx STM32F446RET6
2023-12-22 19:15:52,690 [INFO] Context:659 - Trying to add GPIOservice into a context  which must be forbidden
2023-12-22 19:15:53,217 [INFO] RtosManager:555 - Registered RTOS mode: class=CMSIS, group=RTOS, mode=CMSIS_V1, owner=FREERTOS
2023-12-22 19:15:53,218 [INFO] RtosManager:555 - Registered RTOS mode: class=CMSIS, group=RTOS2, mode=CMSIS_V2, owner=FREERTOS
2023-12-22 19:15:53,218 [INFO] RtosManager:555 - Registered RTOS mode: class=RTOS, group=Core, mode=CMSIS_V1, owner=FREERTOS
2023-12-22 19:15:53,218 [INFO] RtosManager:555 - Registered RTOS mode: class=RTOS, group=Core, mode=CMSIS_V2, owner=FREERTOS
2023-12-22 19:15:53,218 [WARN] ModelIntegratedComponent:184 - Missing modes for component STMicroelectronics:FreeRTOS:0.0.1:STMicroelectronics:RTOS:FreeRTOS:Core:::10.2.0:
2023-12-22 19:15:53,232 [WARN] ModelIntegratedComponent:63 - No mode defined for component null
2023-12-22 19:15:53,233 [WARN] ModelIntegratedComponent:63 - No mode defined for component null
2023-12-22 19:15:53,233 [WARN] ModelIntegratedComponent:63 - No mode defined for component null
2023-12-22 19:15:53,233 [WARN] ModelIntegratedComponent:63 - No mode defined for component null
2023-12-22 19:15:53,233 [WARN] ModelIntegratedComponent:63 - No mode defined for component null
2023-12-22 19:15:53,233 [WARN] ModelIntegratedComponent:63 - No mode defined for component null
2023-12-22 19:15:53,233 [WARN] ModelIntegratedComponent:63 - No mode defined for component null
2023-12-22 19:15:53,233 [WARN] ModelIntegratedComponent:63 - No mode defined for component null
2023-12-22 19:15:53,233 [WARN] ModelIntegratedComponent:63 - No mode defined for component null
2023-12-22 19:15:53,233 [WARN] ModelIntegratedComponent:63 - No mode defined for component null
2023-12-22 19:15:53,233 [WARN] ModelIntegratedComponent:63 - No mode defined for component null
2023-12-22 19:15:53,233 [WARN] ModelIntegratedComponent:63 - No mode defined for component null
2023-12-22 19:15:53,233 [WARN] ModelIntegratedComponent:63 - No mode defined for component null
2023-12-22 19:15:53,233 [WARN] ModelIntegratedComponent:63 - No mode defined for component null
2023-12-22 19:15:53,233 [WARN] ModelIntegratedComponent:63 - No mode defined for component null
2023-12-22 19:15:53,233 [WARN] ModelIntegratedComponent:63 - No mode defined for component null
2023-12-22 19:15:53,233 [WARN] ModelIntegratedComponent:63 - No mode defined for component null
2023-12-22 19:15:53,233 [WARN] ModelIntegratedComponent:63 - No mode defined for component null
2023-12-22 19:15:53,233 [WARN] ModelIntegratedComponent:63 - No mode defined for component null
2023-12-22 19:15:53,233 [WARN] ModelIntegratedComponent:63 - No mode defined for component null
2023-12-22 19:15:53,233 [WARN] ModelIntegratedComponent:63 - No mode defined for component null
2023-12-22 19:15:53,233 [WARN] ModelIntegratedComponent:63 - No mode defined for component null
2023-12-22 19:15:53,233 [WARN] ModelIntegratedComponent:63 - No mode defined for component null
2023-12-22 19:15:53,233 [WARN] ModelIntegratedComponent:63 - No mode defined for component null
2023-12-22 19:15:53,233 [WARN] ModelIntegratedComponent:63 - No mode defined for component null
2023-12-22 19:15:53,233 [WARN] ModelIntegratedComponent:63 - No mode defined for component null
2023-12-22 19:15:53,234 [WARN] ModelIntegratedComponent:63 - No mode defined for component null
2023-12-22 19:15:53,234 [WARN] ModelIntegratedComponent:63 - No mode defined for component null
2023-12-22 19:15:53,234 [WARN] ModelIntegratedComponent:63 - No mode defined for component null
2023-12-22 19:15:53,234 [WARN] ModelIntegratedComponent:63 - No mode defined for component null
2023-12-22 19:15:53,234 [WARN] ModelIntegratedComponent:63 - No mode defined for component null
2023-12-22 19:15:53,234 [WARN] ModelIntegratedComponent:63 - No mode defined for component null
2023-12-22 19:15:53,234 [WARN] ModelIntegratedComponent:63 - No mode defined for component null
2023-12-22 19:15:53,353 [INFO] ThirdPartyModel:298 - Start build external matchings
2023-12-22 19:15:54,312 [INFO] ThirdPartyModel:316 - End build external matchings
2023-12-22 19:15:54,333 [INFO] ImportTextPane:194 - (OptionalMessage_ERROR) IP (RCC) : Invalid parameter (48MHZClocksFreq_Value)
2023-12-22 19:15:54,333 [INFO] ImportTextPane:194 - (OptionalMessage_ERROR) IP (RCC) : Invalid parameter (EthernetFreq_Value)
2023-12-22 19:15:54,334 [INFO] ImportTextPane:194 - (OptionalMessage_ERROR) IP (RCC) : Parameter (FLatency) has Id (AdvancedSettings) currently not set
2023-12-22 19:15:54,334 [INFO] ImportTextPane:194 - (OptionalMessage_ERROR) IP (RCC) : Invalid parameter (FamilyName)
2023-12-22 19:15:54,334 [INFO] ImportTextPane:194 - (OptionalMessage_ERROR) IP (RCC) : Invalid parameter (I2SClocksFreq_Value)
2023-12-22 19:15:54,335 [INFO] ImportTextPane:194 - (OptionalMessage_ERROR) IP (RCC) : Parameter (SDIOFreq_Value) has invalid value (84000000)
2023-12-22 19:15:54,335 [INFO] ImportTextPane:194 - (OptionalMessage_ERROR) IP (RCC) : Parameter (USBFreq_Value) has invalid value (84000000)
2023-12-22 19:15:54,335 [INFO] ImportTextPane:194 - (OptionalMessage_ERROR) IP (RCC) : Invalid parameter (VCOInputMFreq_Value)
2023-12-22 19:15:54,335 [INFO] ImportTextPane:194 - (OptionalMessage_ERROR) IP (RCC) : Invalid parameter (VcooutputI2S)
2023-12-22 19:15:54,633 [INFO] UtilMem:75 - End LoadConfig() Used Memory: 587936680 Bytes (1073741824)
2023-12-22 19:15:54,767 [INFO] ApiDb:581 - Connected to CubeFinder SQLite database (C:\Users\andep\.stmcufinder\plugins\mcufinder\mcu\cube-finder-db.db)
2023-12-22 19:15:54,842 [INFO] ApiDb:668 - CubeFinder database Data Model version=2.1
2023-12-22 19:15:54,842 [INFO] ApiDb:669 - CubeFinder database Configuration version=3.0.37
2023-12-22 19:15:54,842 [INFO] ApiDb:670 - CubeFinder database generation date=2023-10-13 (1697197505)
2023-12-22 19:15:54,842 [INFO] ApiDb:671 - CubeFinder database FW Pack versions=[FP-ATR-ASTRA1_V2.0.0, FP-SNS-FLIGHT1_V5.0.1, FP-SNS-FLIGHT1_V5.0.2, FP-SNS-MOTENV1_V4.3.1, FP-SNS-MOTENV1_V4.3.2, FP-SNS-SMARTAG2_V1.2.0, I-CUBE-ITTIADB_V8.6.3-1, STM32Cube_FW_C0_V1.1.0, STM32Cube_FW_F4_V1.27.1, STM32Cube_FW_F7_V1.17.0, STM32Cube_FW_G0_V1.6.1, STM32Cube_FW_G4_V1.5.1, STM32Cube_FW_H5_V0.5.1, STM32Cube_FW_H5_V1.1.1, STM32Cube_FW_H7_V1.11.0, STM32Cube_FW_L0_V1.12.2, STM32Cube_FW_L5_V1.5.0, STM32Cube_FW_U5_V1.3.0, STM32Cube_FW_U5_V1.3.0RC4, STM32Cube_FW_WBA_V1.0.0RC1, STM32Cube_FW_WBA_V1.1.0RC1, STM32Cube_FW_WBA_V1.1.1, STM32Cube_FW_WB_V1.15.0RC1, STM32Cube_FW_WB_V1.16.0, STM32Cube_FW_WB_V1.16.0RC2, STM32Cube_FW_WB_V1.17.3, STM32Cube_FW_WL_V1.3.0, X-CUBE-ALGOBUILD_V1.3.0, X-CUBE-ALS_V1.0.1, X-CUBE-AZRTOS-F4_V1.1.0, X-CUBE-AZRTOS-F7_V1.1.0, X-CUBE-AZRTOS-G0_V1.1.0, X-CUBE-AZRTOS-G4_V2.0.0, X-CUBE-AZRTOS-H7_V3.1.0, X-CUBE-AZRTOS-L4_V1.0.0, X-CUBE-AZRTOS-L4_V2.0.0, X-CUBE-AZRTOS-L5_V1.1.0, X-CUBE-AZRTOS-WB_V2.0.0, X-CUBE-AZRTOS-WL_V2.0.0, X-CUBE-BLE1_V7.0.0, X-CUBE-BLE2_V3.3.0, X-CUBE-BLEMGR_V2.0.0, X-CUBE-EEPRMA1_V4.1.0, X-CUBE-FREERTOS_V1.1.0, X-CUBE-GNSS1_V6.0.0, X-CUBE-MEMS1_V10.0.0, X-CUBE-MEMS1_V9.1.0, X-CUBE-MEMS1_V9.4.0, X-CUBE-MEMS1_V9.6.0, X-CUBE-NFC4_V3.0.0, X-CUBE-NFC7_V1.0.1, X-CUBE-SFXS2LP1_V4.0.0, X-CUBE-SUBG2_V5.0.0, X-CUBE-TOF1_V3.3.1]
2023-12-22 19:15:56,365 [INFO] ApiDb:240 - Found 323 in-development CPN: [B-G473E-ZEST1S, B-WB1M-WPAN1, B-WL5M-SUBG1, NUCLEO-C031C6, NUCLEO-H503RB, NUCLEO-H563ZI, NUCLEO-U545RE-Q, NUCLEO-U5A5ZJ-Q, NUCLEO-WBA52CG, STEVAL-PROTEUS1, STEVAL-SMARTAG2, STEVAL-STWINBX1, STM320518-EVAL, STM32C0116-DK, STM32C011D6Y3TR, STM32C011D6Y6TR, STM32C011F4P3, STM32C011F4P6, STM32C011F4U3, STM32C011F4U6TR, STM32C011F6P3, STM32C011F6P6, STM32C011F6U3, STM32C011F6U6TR, STM32C011J4M3, STM32C011J4M6, STM32C011J6M3, STM32C011J6M6, STM32C0316-DK, STM32C031C4T3, STM32C031C4T6, STM32C031C4U3, STM32C031C4U6, STM32C031C6T3, STM32C031C6T6, STM32C031C6U3, STM32C031C6U6, STM32C031F4P3, STM32C031F4P6, STM32C031F6P3, STM32C031F6P6, STM32C031G4U3, STM32C031G4U6, STM32C031G6U3, STM32C031G6U6, STM32C031K4T3, STM32C031K4T6, STM32C031K4U3, STM32C031K4U6, STM32C031K6T3, STM32C031K6T6, STM32C031K6U3, STM32C031K6U6, STM32G071K8TXN, STM32G071K8UXN, STM32G081GBU6N, STM32G081KBT6N, STM32G081KBUXN, STM32G0B1CCT6N, STM32G0B1KCT6, STM32G0B1NEY6TR, STM32G0B1RCT6N, STM32G0C1CCT6, STM32G0C1CCT6N, STM32G0C1CCU6N, STM32G0C1CET6N, STM32G0C1CEU6N, STM32G0C1KCT6, STM32G0C1NEY6TR, STM32G0C1RCI6N, STM32G0C1RCT6N, STM32G0C1REI6N, STM32G0C1RET6N, STM32G0C1VCI6, STM32G0C1VEI6, STM32G471CCT6, STM32G471CCU6, STM32G471CET3, STM32G471CET6, STM32G471CEU3, STM32G471CEU6, STM32G471MCT6, STM32G471MET3, STM32G471MET6, STM32G471MEY6TR, STM32G471QCT6, STM32G471QET3, STM32G471RCT6, STM32G471RET3, STM32G471RET6, STM32G471VCH6, STM32G471VCI6, STM32G471VCT6, STM32G471VEH3, STM32G471VEH6, STM32G471VEI3, STM32G471VEI6, STM32G471VET3, STM32G471VET6, STM32G474CCT6, STM32H503CBT6, STM32H503CBU6, STM32H503EBY6TR, STM32H503KBU6, STM32H503RBT6, STM32H562AGI6, STM32H562AII6, STM32H562IGK6, STM32H562IGT6, STM32H562IIK6, STM32H562IIT6, STM32H562RGT6, STM32H562RGV6, STM32H562RIT6, STM32H562RIV6, STM32H562VGT6, STM32H562VIT6, STM32H562ZGT6, STM32H562ZIT6, STM32H563AGI6, STM32H563AII3Q, STM32H563AII6, STM32H563IGK6, STM32H563IGT6, STM32H563IIK3Q, STM32H563IIK6, STM32H563IIT3Q, STM32H563IIT6, STM32H563MIY3QTR, STM32H563RGT6, STM32H563RGV6, STM32H563RIT6, STM32H563RIV6, STM32H563VGT6, STM32H563VIT3Q, STM32H563VIT6, STM32H563ZGT6, STM32H563ZIT3Q, STM32H563ZIT6, STM32H573AII3Q, STM32H573AII6, STM32H573I-DK, STM32H573IIK3Q, STM32H573IIK6, STM32H573IIT3Q, STM32H573IIT6, STM32H573MIY3QTR, STM32H573RIT6, STM32H573RIV6, STM32H573VIT3Q, STM32H573VIT6, STM32H573ZIT3Q, STM32H573ZIT6, STM32L4R5QGI6STR, STM32MP131AAE3, STM32MP131AAF3, STM32MP131AAG3, STM32MP131CAE3, STM32MP131CAF3, STM32MP131CAG3, STM32MP131DAE7, STM32MP131DAF7, STM32MP131DAG7, STM32MP131FAE7, STM32MP131FAF7, STM32MP131FAG7, STM32MP133AAE3, STM32MP133AAF3, STM32MP133AAG3, STM32MP133CAE3, STM32MP133CAF3, STM32MP133CAG3, STM32MP133DAE7, STM32MP133DAF7, STM32MP133DAG7, STM32MP133FAE7, STM32MP133FAF7, STM32MP133FAG7, STM32MP135AAE3, STM32MP135AAF3, STM32MP135AAG3, STM32MP135CAE3, STM32MP135CAF3, STM32MP135CAG3, STM32MP135DAE7, STM32MP135DAF7, STM32MP135DAG7, STM32MP135F-DK, STM32MP135FAE7, STM32MP135FAF7, STM32MP135FAF7T, STM32MP135FAF7U, STM32MP135FAG7, STM32U535CBT6, STM32U535CBT6Q, STM32U535CBU6, STM32U535CBU6Q, STM32U535CCT6, STM32U535CCT6Q, STM32U535CCU6, STM32U535CCU6Q, STM32U535CET6, STM32U535CET6Q, STM32U535CEU6, STM32U535CEU6Q, STM32U535JEY6QTR, STM32U535NCY6QTR, STM32U535NEY6QTR, STM32U535RBI6, STM32U535RBI6Q, STM32U535RBT6, STM32U535RBT6Q, STM32U535RCI6, STM32U535RCI6Q, STM32U535RCT6, STM32U535RCT6Q, STM32U535REI6, STM32U535REI6Q, STM32U535RET6, STM32U535RET6Q, STM32U535VCI6, STM32U535VCI6Q, STM32U535VCT6, STM32U535VCT6Q, STM32U535VEI6, STM32U535VEI6Q, STM32U535VET6, STM32U535VET6Q, STM32U545CET6, STM32U545CET6Q, STM32U545CEU6, STM32U545CEU6Q, STM32U545JEY6QTR, STM32U545NEY6QTR, STM32U545REI6, STM32U545REI6Q, STM32U545RET6, STM32U545RET6Q, STM32U545VEI6, STM32U545VEI6Q, STM32U545VET6, STM32U545VET6Q, STM32U595AIH6, STM32U595AIH6Q, STM32U595AJH6, STM32U595AJH6Q, STM32U595QII6, STM32U595QII6Q, STM32U595QJI6, STM32U595QJI6Q, STM32U595RIT6, STM32U595RIT6Q, STM32U595RJT6, STM32U595RJT6Q, STM32U595VIT6, STM32U595VIT6Q, STM32U595VJT6, STM32U595VJT6Q, STM32U595ZIT6, STM32U595ZIT6Q, STM32U595ZIY6QTR, STM32U595ZJT6, STM32U595ZJT6Q, STM32U595ZJY6QTR, STM32U599BJY6QTR, STM32U599NIH6Q, STM32U599NJH6Q, STM32U599VIT6Q, STM32U599VJT6, STM32U599VJT6Q, STM32U599ZIT6Q, STM32U599ZIY6QTR, STM32U599ZJT6Q, STM32U599ZJY6QTR, STM32U5A5AJH6, STM32U5A5AJH6Q, STM32U5A5QJI6, STM32U5A5QJI6Q, STM32U5A5RJT6, STM32U5A5RJT6Q, STM32U5A5VJT6, STM32U5A5VJT6Q, STM32U5A5ZJT6, STM32U5A5ZJT6Q, STM32U5A5ZJY6QTR, STM32U5A9BJY6QTR, STM32U5A9J-DK, STM32U5A9NJH6Q, STM32U5A9VJT6Q, STM32U5A9ZJT6Q, STM32U5A9ZJY6QTR, STM32U5F7VIT6, STM32U5F7VIT6Q, STM32U5F7VJT6, STM32U5F7VJT6Q, STM32U5F9BJY6QTR, STM32U5F9NJH6Q, STM32U5F9VIT6Q, STM32U5F9VJT6Q, STM32U5F9ZIJ6QTR, STM32U5F9ZIT6Q, STM32U5F9ZJJ6QTR, STM32U5F9ZJT6Q, STM32U5G7VJT6, STM32U5G7VJT6Q, STM32U5G9BJY6QTR, STM32U5G9J-DK1, STM32U5G9J-DK2, STM32U5G9NJH6Q, STM32U5G9VJT6Q, STM32U5G9ZJJ6QTR, STM32U5G9ZJT6Q, STM32WB1MMCH6, STM32WBA52CEU6, STM32WBA52CEU6T, STM32WBA52CGU6, STM32WBA52CGU6T, STM32WBA52KEU6, STM32WBA52KEU6T, STM32WBA52KGU6, STM32WBA52KGU6T, STM32WL5MOCH6, STM32WL5MOCH6TR]
2023-12-22 19:15:56,370 [INFO] DbMcus:217 - Found 3848 MCUs, 3848 are supported
2023-12-22 19:15:56,371 [INFO] ApiDb:423 - Load user favorites file C:\Users\andep/.stm32cubeide/favorites.mcus.txt: 0 item(s)
2023-12-22 19:15:56,371 [INFO] ApiDb:427 - User favorites MCUs=[]
2023-12-22 19:15:56,372 [INFO] DbMcus:223 - Set 0 / 0 favorites MCUs
2023-12-22 19:15:56,648 [WARN] ThirdParty:833 - waiting for thirdparty lock release [change project]
2023-12-22 19:15:56,648 [INFO] ThirdParty:835 - entering critical section [change project]
2023-12-22 19:15:56,648 [INFO] ThirdParty:1030 - CMSIS Pack Vendor :STMicroelectronics X-CUBE-ISPU 1.1.0
2023-12-22 19:15:56,648 [INFO] ThirdParty:1030 - CMSIS Pack Vendor :STMicroelectronics USBPD 4.1
2023-12-22 19:15:56,648 [INFO] ThirdParty:1030 - CMSIS Pack Vendor :RoweBots I-CUBE-UNISONRTOS 5.5.0-4
2023-12-22 19:15:56,648 [INFO] ThirdParty:1030 - CMSIS Pack Vendor :STMicroelectronics X-CUBE-GNSS1 6.0.0
2023-12-22 19:15:56,649 [INFO] ThirdParty:1030 - CMSIS Pack Vendor :STMicroelectronics USB_HOST 2.0.0
2023-12-22 19:15:56,649 [INFO] ThirdParty:1030 - CMSIS Pack Vendor :STMicroelectronics X-CUBE-AZRTOS-F4 1.1.0
2023-12-22 19:15:56,649 [INFO] ThirdParty:1030 - CMSIS Pack Vendor :STMicroelectronics LIBJPEG 8.0.0
2023-12-22 19:15:56,649 [INFO] ThirdParty:1030 - CMSIS Pack Vendor :STMicroelectronics X-CUBE-SMBUS 2.1.0
2023-12-22 19:15:56,649 [INFO] ThirdParty:1030 - CMSIS Pack Vendor :STMicroelectronics USB_DEVICE 3.0.0
2023-12-22 19:15:56,649 [INFO] ThirdParty:1030 - CMSIS Pack Vendor :STMicroelectronics X-CUBE-AI 8.0.0
2023-12-22 19:15:56,649 [INFO] ThirdParty:1030 - CMSIS Pack Vendor :STMicroelectronics X-CUBE-AZRTOS-WB 2.0.0
2023-12-22 19:15:56,649 [INFO] ThirdParty:1030 - CMSIS Pack Vendor :STMicroelectronics X-CUBE-FREERTOS 1.0.0
2023-12-22 19:15:56,649 [INFO] ThirdParty:1030 - CMSIS Pack Vendor :STMicroelectronics X-CUBE-TOUCHGFX 4.21.1
2023-12-22 19:15:56,649 [INFO] ThirdParty:1030 - CMSIS Pack Vendor :STMicroelectronics X-CUBE-TOUCHGFX 4.23.0
2023-12-22 19:15:56,649 [INFO] ThirdParty:1030 - CMSIS Pack Vendor :STMicroelectronics X-CUBE-AZRTOS-F7 1.1.0
2023-12-22 19:15:56,649 [INFO] ThirdParty:1030 - CMSIS Pack Vendor :STMicroelectronics X-CUBE-AZRTOS-L5 2.0.0
2023-12-22 19:15:56,649 [INFO] ThirdParty:1030 - CMSIS Pack Vendor :STMicroelectronics USB_DEVICE 2.0.0
2023-12-22 19:15:56,649 [INFO] ThirdParty:1030 - CMSIS Pack Vendor :STMicroelectronics X-CUBE-AI 7.3.0
2023-12-22 19:15:56,649 [INFO] ThirdParty:1030 - CMSIS Pack Vendor :STMicroelectronics X-CUBE-MEMS1 9.6.0
2023-12-22 19:15:56,649 [INFO] ThirdParty:1030 - CMSIS Pack Vendor :STMicroelectronics X-CUBE-EEPRMA1 4.2.0
2023-12-22 19:15:56,649 [INFO] ThirdParty:1030 - CMSIS Pack Vendor :ITTIA_DB I-CUBE-ITTIADB 8.8.0
2023-12-22 19:15:56,649 [INFO] ThirdParty:1030 - CMSIS Pack Vendor :STMicroelectronics FP-SNS-MOTENV1 4.3.2
2023-12-22 19:15:56,649 [INFO] ThirdParty:1030 - CMSIS Pack Vendor :STMicroelectronics X-CUBE-ALGOBUILD 1.3.0
2023-12-22 19:15:56,649 [INFO] ThirdParty:1030 - CMSIS Pack Vendor :STMicroelectronics X-CUBE-BLE1 6.2.4
2023-12-22 19:15:56,650 [INFO] ThirdParty:1030 - CMSIS Pack Vendor :STMicroelectronics X-CUBE-AZRTOS-L5 1.1.0
2023-12-22 19:15:56,650 [INFO] ThirdParty:1030 - CMSIS Pack Vendor :STMicroelectronics FreeRTOS 0.0.1
2023-12-22 19:15:56,650 [INFO] ThirdParty:1030 - CMSIS Pack Vendor :STMicroelectronics X-CUBE-AZRTOS-G0 1.1.0
2023-12-22 19:15:56,650 [INFO] ThirdParty:1030 - CMSIS Pack Vendor :emotas I-CUBE-CANOPEN 1.1.3
2023-12-22 19:15:56,650 [INFO] ThirdParty:1030 - CMSIS Pack Vendor :STMicroelectronics X-CUBE-BLEMGR 2.0.0
2023-12-22 19:15:56,650 [INFO] ThirdParty:1030 - CMSIS Pack Vendor :STMicroelectronics X-CUBE-NFC4 3.0.0
2023-12-22 19:15:56,650 [INFO] ThirdParty:1030 - CMSIS Pack Vendor :STMicroelectronics X-CUBE-SUBG2 5.0.0
2023-12-22 19:15:56,650 [INFO] ThirdParty:1030 - CMSIS Pack Vendor :STMicroelectronics STM32_WPAN 1.0.0
2023-12-22 19:15:56,650 [INFO] ThirdParty:1030 - CMSIS Pack Vendor :STMicroelectronics lwIP 2.0.3
2023-12-22 19:15:56,650 [INFO] ThirdParty:1030 - CMSIS Pack Vendor :STMicroelectronics FP-SNS-FLIGHT1 5.0.2
2023-12-22 19:15:56,650 [INFO] ThirdParty:1030 - CMSIS Pack Vendor :STMicroelectronics USB_HOST 1.0.0
2023-12-22 19:15:56,650 [INFO] ThirdParty:1030 - CMSIS Pack Vendor :STMicroelectronics X-CUBE-TOF1 3.3.1
2023-12-22 19:15:56,650 [INFO] ThirdParty:1030 - CMSIS Pack Vendor :STMicroelectronics X-CUBE-AZRTOS-G4 2.0.0
2023-12-22 19:15:56,650 [INFO] ThirdParty:1030 - CMSIS Pack Vendor :STMicroelectronics PDM2PCM 3.1.0
2023-12-22 19:15:56,650 [INFO] ThirdParty:1030 - CMSIS Pack Vendor :STMicroelectronics X-CUBE-AZRTOS-H7 3.1.0
2023-12-22 19:15:56,650 [INFO] ThirdParty:1030 - CMSIS Pack Vendor :STMicroelectronics FP-ATR-ASTRA1 1.1.1
2023-12-22 19:15:56,650 [INFO] ThirdParty:1030 - CMSIS Pack Vendor :Infineon AIROC-Wi-Fi-Bluetooth-STM32 1.5.1
2023-12-22 19:15:56,650 [INFO] ThirdParty:1030 - CMSIS Pack Vendor :STMicroelectronics X-CUBE-BLEMGR 3.0.0
2023-12-22 19:15:56,650 [INFO] ThirdParty:1030 - CMSIS Pack Vendor :STMicroelectronics PDM2PCM 3.3.0
2023-12-22 19:15:56,650 [INFO] ThirdParty:1030 - CMSIS Pack Vendor :STMicroelectronics X-CUBE-DISPLAY 3.0.0
2023-12-22 19:15:56,650 [INFO] ThirdParty:1030 - CMSIS Pack Vendor :STMicroelectronics X-CUBE-BLEMGR 1.3.0
2023-12-22 19:15:56,650 [INFO] ThirdParty:1030 - CMSIS Pack Vendor :STMicroelectronics FP-SNS-MOTENVWB1 1.3.0
2023-12-22 19:15:56,650 [INFO] ThirdParty:1030 - CMSIS Pack Vendor :STMicroelectronics FP-SNS-MOTENVWB1 1.3.1
2023-12-22 19:15:56,650 [INFO] ThirdParty:1030 - CMSIS Pack Vendor :STMicroelectronics X-CUBE-BLE1 7.0.0
2023-12-22 19:15:56,650 [INFO] ThirdParty:1030 - CMSIS Pack Vendor :STMicroelectronics FP-ATR-SIGFOX1 3.2.0
2023-12-22 19:15:56,650 [INFO] ThirdParty:1030 - CMSIS Pack Vendor :STMicroelectronics X-CUBE-AZRTOS-G4 1.0.0
2023-12-22 19:15:56,651 [INFO] ThirdParty:1030 - CMSIS Pack Vendor :wolfSSL I-CUBE-wolfSSL 5.5.4
2023-12-22 19:15:56,651 [INFO] ThirdParty:1030 - CMSIS Pack Vendor :STMicroelectronics X-CUBE-AZRTOS-L4 1.0.0
2023-12-22 19:15:56,651 [INFO] ThirdParty:1030 - CMSIS Pack Vendor :STMicroelectronics X-CUBE-ISPU 2.0.0
2023-12-22 19:15:56,651 [INFO] ThirdParty:1030 - CMSIS Pack Vendor :STMicroelectronics HAL Drivers 0.0.0
2023-12-22 19:15:56,651 [INFO] ThirdParty:1030 - CMSIS Pack Vendor :STMicroelectronics MBEDTLS 2.16.2
2023-12-22 19:15:56,651 [INFO] ThirdParty:1030 - CMSIS Pack Vendor :STMicroelectronics X-CUBE-MEMS1 10.0.0
2023-12-22 19:15:56,651 [INFO] ThirdParty:1030 - CMSIS Pack Vendor :STMicroelectronics X-CUBE-FREERTOS 1.1.0
2023-12-22 19:15:56,651 [INFO] ThirdParty:1030 - CMSIS Pack Vendor :STMicroelectronics X-CUBE-NFC7 1.0.1
2023-12-22 19:15:56,651 [INFO] ThirdParty:1030 - CMSIS Pack Vendor :STMicroelectronics MBEDTLS 2.14.1
2023-12-22 19:15:56,651 [INFO] ThirdParty:1030 - CMSIS Pack Vendor :STMicroelectronics X-CUBE-NFC7 1.0.0
2023-12-22 19:15:56,651 [INFO] ThirdParty:1030 - CMSIS Pack Vendor :STMicroelectronics X-CUBE-TOUCHGFX 4.22.1
2023-12-22 19:15:56,651 [INFO] ThirdParty:1030 - CMSIS Pack Vendor :STMicroelectronics X-CUBE-AZRTOS-WL 1.0.0
2023-12-22 19:15:56,651 [INFO] ThirdParty:1030 - CMSIS Pack Vendor :STMicroelectronics X-CUBE-NFC6 3.0.0
2023-12-22 19:15:56,651 [INFO] ThirdParty:1030 - CMSIS Pack Vendor :STMicroelectronics X-CUBE-EEPRMA1 4.1.0
2023-12-22 19:15:56,651 [INFO] ThirdParty:1030 - CMSIS Pack Vendor :portGmbH I-Cube-SoM-uGOAL 1.1.0
2023-12-22 19:15:56,651 [INFO] ThirdParty:1030 - CMSIS Pack Vendor :STMicroelectronics X-CUBE-ALS 1.0.1
2023-12-22 19:15:56,651 [INFO] ThirdParty:1030 - CMSIS Pack Vendor :STMicroelectronics X-CUBE-MEMS1 9.5.0
2023-12-22 19:15:56,651 [INFO] ThirdParty:1030 - CMSIS Pack Vendor :STMicroelectronics ThreadX 1.0.0
2023-12-22 19:15:56,651 [INFO] ThirdParty:1030 - CMSIS Pack Vendor :STMicroelectronics FP-SNS-SMARTAG2 1.2.0
2023-12-22 19:15:56,651 [INFO] ThirdParty:1030 - CMSIS Pack Vendor :STMicroelectronics X-CUBE-AZRTOS-WB 1.1.0
2023-12-22 19:15:56,651 [INFO] ThirdParty:1030 - CMSIS Pack Vendor :STMicroelectronics X-CUBE-AZRTOS-WL 2.0.0
2023-12-22 19:15:56,651 [INFO] ThirdParty:1030 - CMSIS Pack Vendor :SEGGER I-CUBE-embOS 1.3.1
2023-12-22 19:15:56,651 [INFO] ThirdParty:1030 - CMSIS Pack Vendor :STMicroelectronics USB_DEVICE 1.0.0
2023-12-22 19:15:56,651 [INFO] ThirdParty:1030 - CMSIS Pack Vendor :STMicroelectronics X-CUBE-AI 8.1.0
2023-12-22 19:15:56,651 [INFO] ThirdParty:1030 - CMSIS Pack Vendor :STMicroelectronics X-CUBE-AZRTOS-L4 2.0.0
2023-12-22 19:15:56,651 [INFO] ThirdParty:1030 - CMSIS Pack Vendor :STMicroelectronics ThreadX 0.0.2
2023-12-22 19:15:56,651 [INFO] ThirdParty:1030 - CMSIS Pack Vendor :WES I-CUBE-Cesium 1.3.0
2023-12-22 19:15:56,651 [INFO] ThirdParty:1030 - CMSIS Pack Vendor :STMicroelectronics FP-ATR-ASTRA1 2.0.0
2023-12-22 19:15:56,652 [INFO] ThirdParty:1030 - CMSIS Pack Vendor :STMicroelectronics lwIP 2.1.2
2023-12-22 19:15:56,652 [INFO] ThirdParty:1030 - CMSIS Pack Vendor :STMicroelectronics X-CUBE-SFXS2LP1 4.0.0
2023-12-22 19:15:56,652 [INFO] ThirdParty:1030 - CMSIS Pack Vendor :STMicroelectronics X-CUBE-BLE2 3.3.0
2023-12-22 19:15:56,652 [INFO] ThirdParty:1030 - CMSIS Pack Vendor :STMicroelectronics X-CUBE-TOF1 3.4.0
2023-12-22 19:15:56,652 [INFO] ThirdParty:1030 - CMSIS Pack Vendor :STMicroelectronics X-CUBE-TOF1 3.2.0
2023-12-22 19:15:56,652 [INFO] ThirdParty:1030 - CMSIS Pack Vendor :STMicroelectronics X-CUBE-AZRTOS-H7 3.2.0
2023-12-22 19:15:56,652 [INFO] ThirdParty:1030 - CMSIS Pack Vendor :STMicroelectronics PDM2PCM 3.2.0
2023-12-22 19:15:56,652 [INFO] ThirdParty:1030 - CMSIS Pack Vendor :STMicroelectronics X-CUBE-AZRTOS-H7 3.0.0
2023-12-22 19:15:56,652 [INFO] ThirdParty:841 - exiting critical section [change project]
2023-12-22 19:15:56,951 [INFO] PinOutPanel:1499 - setPackage(No Configuration,No Configuration)
2023-12-22 19:15:56,952 [INFO] PinOutPanel:1499 - setPackage(STM32F446RETx,LQFP64)
2023-12-22 19:15:57,511 [INFO] UtilMem:75 - Before build in PCC Used Memory: 578556080 Bytes (1073741824)
2023-12-22 19:15:58,240 [INFO] UtilMem:75 - After build in PCC Used Memory: 659771392 Bytes (1073741824)
2023-12-22 19:15:58,265 [INFO] IPUIPlugin:80 - create IPUIPlugin
2023-12-22 19:15:58,266 [INFO] IPUIPlugin:80 - create IPUIPlugin
2023-12-22 19:15:58,266 [INFO] IPUIPlugin:80 - create IPUIPlugin
2023-12-22 19:15:58,266 [INFO] IPUIPlugin:80 - create IPUIPlugin
2023-12-22 19:15:58,266 [INFO] IPUIPlugin:80 - create IPUIPlugin
2023-12-22 19:15:58,266 [INFO] IPUIPlugin:80 - create IPUIPlugin
2023-12-22 19:15:58,266 [INFO] IPUIPlugin:80 - create IPUIPlugin
2023-12-22 19:15:58,266 [INFO] IPUIPlugin:80 - create IPUIPlugin
2023-12-22 19:15:58,266 [INFO] IPUIPlugin:80 - create IPUIPlugin
2023-12-22 19:15:58,266 [INFO] IPUIPlugin:80 - create IPUIPlugin
2023-12-22 19:15:58,267 [INFO] IPUIPlugin:80 - create IPUIPlugin
2023-12-22 19:15:58,267 [INFO] IPUIPlugin:80 - create IPUIPlugin
2023-12-22 19:15:58,267 [INFO] IPUIPlugin:80 - create IPUIPlugin
2023-12-22 19:15:58,267 [INFO] IPUIPlugin:80 - create IPUIPlugin
2023-12-22 19:15:58,267 [INFO] IPUIPlugin:80 - create IPUIPlugin
2023-12-22 19:15:58,267 [INFO] IPUIPlugin:80 - create IPUIPlugin
2023-12-22 19:15:58,267 [INFO] IPUIPlugin:80 - create IPUIPlugin
2023-12-22 19:15:58,268 [INFO] IPUIPlugin:80 - create IPUIPlugin
2023-12-22 19:15:58,268 [INFO] IPUIPlugin:80 - create IPUIPlugin
2023-12-22 19:15:58,268 [INFO] IPUIPlugin:80 - create IPUIPlugin
2023-12-22 19:15:58,268 [INFO] IPUIPlugin:80 - create IPUIPlugin
2023-12-22 19:15:58,268 [INFO] IPUIPlugin:80 - create IPUIPlugin
2023-12-22 19:15:58,269 [INFO] IPUIPlugin:80 - create IPUIPlugin
2023-12-22 19:15:58,269 [INFO] IPUIPlugin:80 - create IPUIPlugin
2023-12-22 19:15:58,269 [INFO] IPUIPlugin:80 - create IPUIPlugin
2023-12-22 19:15:58,269 [INFO] IPUIPlugin:80 - create IPUIPlugin
2023-12-22 19:15:58,269 [INFO] IPUIPlugin:80 - create IPUIPlugin
2023-12-22 19:15:58,270 [INFO] IPUIPlugin:80 - create IPUIPlugin
2023-12-22 19:15:58,270 [INFO] IPUIPlugin:80 - create IPUIPlugin
2023-12-22 19:15:58,270 [INFO] IPUIPlugin:80 - create IPUIPlugin
2023-12-22 19:15:58,270 [INFO] IPUIPlugin:80 - create IPUIPlugin
2023-12-22 19:15:58,271 [INFO] IPUIPlugin:80 - create IPUIPlugin
2023-12-22 19:15:58,271 [INFO] IPUIPlugin:80 - create IPUIPlugin
2023-12-22 19:15:58,271 [INFO] IPUIPlugin:80 - create IPUIPlugin
2023-12-22 19:15:58,271 [INFO] IPUIPlugin:80 - create IPUIPlugin
2023-12-22 19:15:58,271 [INFO] IPUIPlugin:80 - create IPUIPlugin
2023-12-22 19:15:58,271 [INFO] IPUIPlugin:80 - create IPUIPlugin
2023-12-22 19:15:58,272 [INFO] IPUIPlugin:80 - create IPUIPlugin
2023-12-22 19:15:58,272 [INFO] IPUIPlugin:80 - create IPUIPlugin
2023-12-22 19:15:58,272 [INFO] IPUIPlugin:80 - create IPUIPlugin
2023-12-22 19:15:58,272 [INFO] IPUIPlugin:80 - create IPUIPlugin
2023-12-22 19:15:58,273 [INFO] IPUIPlugin:80 - create IPUIPlugin
2023-12-22 19:15:58,274 [INFO] IPUIPlugin:80 - create IPUIPlugin
2023-12-22 19:15:58,274 [INFO] IPUIPlugin:80 - create IPUIPlugin
2023-12-22 19:15:58,274 [INFO] IPUIPlugin:80 - create IPUIPlugin
2023-12-22 19:15:58,275 [INFO] IPUIPlugin:80 - create IPUIPlugin
2023-12-22 19:15:58,275 [INFO] IPUIPlugin:80 - create IPUIPlugin
2023-12-22 19:15:58,275 [INFO] IPUIPlugin:80 - create IPUIPlugin
2023-12-22 19:15:58,276 [INFO] IPUIPlugin:80 - create IPUIPlugin
2023-12-22 19:15:58,276 [INFO] IPUIPlugin:80 - create IPUIPlugin
2023-12-22 19:15:58,277 [INFO] IPUIPlugin:80 - create IPUIPlugin
2023-12-22 19:15:58,277 [INFO] IPUIPlugin:80 - create IPUIPlugin
2023-12-22 19:15:58,277 [INFO] IPUIPlugin:80 - create IPUIPlugin
2023-12-22 19:15:58,278 [INFO] IPUIPlugin:80 - create IPUIPlugin
2023-12-22 19:15:58,279 [INFO] IPUIPlugin:80 - create IPUIPlugin
2023-12-22 19:15:58,279 [INFO] IPUIPlugin:80 - create IPUIPlugin
2023-12-22 19:15:58,280 [INFO] IPUIPlugin:80 - create IPUIPlugin
2023-12-22 19:15:58,281 [INFO] IPUIPlugin:80 - create IPUIPlugin
2023-12-22 19:15:58,281 [INFO] IPUIPlugin:80 - create IPUIPlugin
2023-12-22 19:15:58,281 [INFO] IPUIPlugin:80 - create IPUIPlugin
2023-12-22 19:15:58,347 [INFO] ApiDbMcu:507 - Load IP Config File for PDM2PCM
2023-12-22 19:15:58,549 [INFO] CADModel:165 - CPN selected for project levelSTM32F446RET6
2023-12-22 19:15:58,549 [INFO] CADModel:114 - Register for checkConnection events
2023-12-22 19:15:58,599 [INFO] OpenFileManager:328 - Restore cursor
2023-12-22 19:16:13,046 [INFO] Gpio:273 - dependency for GPIO [RCC, SYS, USART2, USART3]
2023-12-22 20:44:26,006 [INFO] Gpio:273 - dependency for GPIO [RCC, SYS, USART2, USART3]
