2023-11-14 17:28:39,479 [INFO] Activator:176 - 


2023-11-14 17:28:39,485 [INFO] Activator:177 - !SESSION log4j initialized
2023-11-14 17:28:42,313 [INFO] LogOutputStream:77 - [STDOUT_REDIRECT] 
2023-11-14 17:28:44,871 [INFO] ApplicationProperties:184 - Using Application install path: C:\ST\STM32CubeIDE_1.11.2\STM32CubeIDE\plugins\com.st.stm32cube.common.mx_6.9.2.202309101412
2023-11-14 17:28:44,890 [INFO] DbMcusXml:78 - Set database path to: C:\ST\STM32CubeIDE_1.11.2\STM32CubeIDE\plugins\com.st.stm32cube.common.mx_6.9.2.202309101412\\db\/mcu/
2023-11-14 17:28:44,891 [INFO] ApiDb:274 - Set plugin database path to: C:\ST\STM32CubeIDE_1.11.2\STM32CubeIDE\plugins\com.st.stm32cube.common.mx_6.9.2.202309101412\\db\/plugins/boardmanager/
2023-11-14 17:28:44,891 [WARN] ApiDb:259 - Overriding images path with different value:  => C:\ST\STM32CubeIDE_1.11.2\STM32CubeIDE\plugins\com.st.stm32cube.common.mx_6.9.2.202309101412\\db\/plugins/mcufinder/images/
2023-11-14 17:28:44,906 [INFO] ApiDb:250 - Set database path to: C:\Users\andep\.stmcufinder\plugins\mcufinder//mcu/
2023-11-14 17:28:44,908 [INFO] DbMcusAds:125 - Set database path to: C:\Users\andep\.stmcufinder\plugins\mcufinder//mcu/
2023-11-14 17:28:44,910 [INFO] CrossReferenceDbSqlite:203 - Set database path to: C:\Users\andep\.stmcufinder\plugins\mcufinder//mcu/cs/
2023-11-14 17:28:45,020 [INFO] RulesReader:64 - Compatibility file has been processed (293 Rules)
2023-11-14 17:28:45,110 [INFO] DbMcusXml:78 - Set database path to: C:\ST\STM32CubeIDE_1.11.2\STM32CubeIDE\plugins\com.st.stm32cube.common.mx_6.9.2.202309101412\\db\/mcu/
2023-11-14 17:28:45,110 [INFO] ApiDb:274 - Set plugin database path to: C:\ST\STM32CubeIDE_1.11.2\STM32CubeIDE\plugins\com.st.stm32cube.common.mx_6.9.2.202309101412\\db\/plugins/boardmanager/
2023-11-14 17:28:45,111 [INFO] ApiDb:261 - Set plugin images path to: C:\ST\STM32CubeIDE_1.11.2\STM32CubeIDE\plugins\com.st.stm32cube.common.mx_6.9.2.202309101412\\db\/plugins/mcufinder/images/
2023-11-14 17:28:45,111 [WARN] DbFile:41 - Overriding database path with different value: C:\Users\andep\.stmcufinder\plugins\mcufinder/ => C:\Users\andep\.stmcufinder\plugins\mcufinder
2023-11-14 17:28:45,111 [INFO] ApiDb:250 - Set database path to: C:\Users\andep\.stmcufinder\plugins\mcufinder//mcu/
2023-11-14 17:28:45,112 [WARN] DbFile:41 - Overriding database path with different value: C:\Users\andep\.stmcufinder\plugins\mcufinder/ => C:\Users\andep\.stmcufinder\plugins\mcufinder
2023-11-14 17:28:45,112 [INFO] DbMcusAds:125 - Set database path to: C:\Users\andep\.stmcufinder\plugins\mcufinder//mcu/
2023-11-14 17:28:45,112 [WARN] DbFile:41 - Overriding database path with different value: C:\Users\andep\.stmcufinder\plugins\mcufinder/ => C:\Users\andep\.stmcufinder\plugins\mcufinder
2023-11-14 17:28:45,112 [WARN] DbFile:41 - Overriding database path with different value: C:\Users\andep\.stmcufinder\plugins\mcufinder/ => C:\Users\andep\.stmcufinder\plugins\mcufinder
2023-11-14 17:28:45,112 [INFO] CrossReferenceDbSqlite:203 - Set database path to: C:\Users\andep\.stmcufinder\plugins\mcufinder//mcu/cs/
2023-11-14 17:28:45,191 [INFO] MainPanel:262 - HeapMemory: 268435456
2023-11-14 17:28:45,285 [INFO] DbMcusXml:78 - Set database path to: C:\ST\STM32CubeIDE_1.11.2\STM32CubeIDE\plugins\com.st.stm32cube.common.mx_6.9.2.202309101412\\db\/mcu/
2023-11-14 17:28:45,285 [INFO] ApiDb:274 - Set plugin database path to: C:\ST\STM32CubeIDE_1.11.2\STM32CubeIDE\plugins\com.st.stm32cube.common.mx_6.9.2.202309101412\\db\/plugins/boardmanager/
2023-11-14 17:28:45,285 [INFO] ApiDb:261 - Set plugin images path to: C:\ST\STM32CubeIDE_1.11.2\STM32CubeIDE\plugins\com.st.stm32cube.common.mx_6.9.2.202309101412\\db\/plugins/mcufinder/images/
2023-11-14 17:28:45,286 [WARN] DbFile:41 - Overriding database path with different value: C:\Users\andep\.stmcufinder\plugins\mcufinder/ => C:\Users\andep\.stmcufinder\plugins\mcufinder
2023-11-14 17:28:45,286 [INFO] ApiDb:250 - Set database path to: C:\Users\andep\.stmcufinder\plugins\mcufinder//mcu/
2023-11-14 17:28:45,286 [WARN] DbFile:41 - Overriding database path with different value: C:\Users\andep\.stmcufinder\plugins\mcufinder/ => C:\Users\andep\.stmcufinder\plugins\mcufinder
2023-11-14 17:28:45,286 [INFO] DbMcusAds:125 - Set database path to: C:\Users\andep\.stmcufinder\plugins\mcufinder//mcu/
2023-11-14 17:28:45,286 [WARN] DbFile:41 - Overriding database path with different value: C:\Users\andep\.stmcufinder\plugins\mcufinder/ => C:\Users\andep\.stmcufinder\plugins\mcufinder
2023-11-14 17:28:45,286 [WARN] DbFile:41 - Overriding database path with different value: C:\Users\andep\.stmcufinder\plugins\mcufinder/ => C:\Users\andep\.stmcufinder\plugins\mcufinder
2023-11-14 17:28:45,286 [INFO] CrossReferenceDbSqlite:203 - Set database path to: C:\Users\andep\.stmcufinder\plugins\mcufinder//mcu/cs/
2023-11-14 17:28:45,302 [INFO] ApplicationProperties:184 - Using Application install path: C:\ST\STM32CubeIDE_1.11.2\STM32CubeIDE\plugins\com.st.stm32cube.common.mx_6.9.2.202309101412
2023-11-14 17:28:45,303 [INFO] PluginManage:196 - Search for loadable plugins [exclusion list=, ]
2023-11-14 17:28:45,304 [INFO] PluginManage:310 - Check plugin analytics
2023-11-14 17:28:45,483 [INFO] AnalyticsPlugin:253 - Accepted Software Licenses: 
2023-11-14 17:28:45,483 [INFO] AnalyticsPlugin:255 - Accepted CMSIS Pack Licenses: 
2023-11-14 17:28:45,483 [INFO] AnalyticsPlugin:257 - Accepted Firmware Licenses: 
2023-11-14 17:28:45,485 [INFO] PluginManage:359 - Loaded plugin analytics (category:tool,tabindex:-1)
2023-11-14 17:28:45,486 [INFO] PluginManage:310 - Check plugin cadmodel
2023-11-14 17:28:45,502 [INFO] CADModel:105 - Init CAD model plugin
2023-11-14 17:28:45,502 [INFO] PluginManage:359 - Loaded plugin cadmodel (category:power,tabindex:5)
2023-11-14 17:28:45,503 [INFO] PluginManage:310 - Check plugin clock
2023-11-14 17:28:45,522 [INFO] PluginManage:359 - Loaded plugin clock (category:base,tabindex:2)
2023-11-14 17:28:45,522 [INFO] PluginManage:310 - Check plugin ddr
2023-11-14 17:28:45,525 [INFO] PluginManage:359 - Loaded plugin ddr (category:tool,tabindex:6)
2023-11-14 17:28:45,525 [INFO] PluginManage:310 - Check plugin filemanager
2023-11-14 17:28:45,666 [INFO] PluginManage:359 - Loaded plugin filemanager (category:base,tabindex:10)
2023-11-14 17:28:45,666 [INFO] PluginManage:310 - Check plugin ipmanager
2023-11-14 17:28:45,676 [INFO] PluginManage:359 - Loaded plugin ipmanager (category:base,tabindex:5)
2023-11-14 17:28:45,676 [INFO] PluginManage:310 - Check plugin lpbam
2023-11-14 17:28:45,695 [INFO] PluginManage:359 - Loaded plugin lpbam (category:base,tabindex:0)
2023-11-14 17:28:45,695 [INFO] PluginManage:310 - Check plugin memorymap
2023-11-14 17:28:45,719 [INFO] PluginManage:359 - Loaded plugin memorymap (category:base,tabindex:4)
2023-11-14 17:28:45,720 [INFO] PluginManage:310 - Check plugin pinoutandconfiguration
2023-11-14 17:28:45,736 [INFO] PluginManage:359 - Loaded plugin pinoutandconfiguration (category:base,tabindex:1)
2023-11-14 17:28:45,736 [INFO] PluginManage:310 - Check plugin pinoutconfig
2023-11-14 17:28:45,852 [WARN] SupportedApi:132 - Cannot load RTOS API schema: s4s-elt-must-match.1: The content of 'definitions' must match (annotation?, (simpleType | complexType)?, (unique | key | keyref)*)). A problem was found starting at: attribute.
2023-11-14 17:28:46,008 [INFO] PluginManage:359 - Loaded plugin pinoutconfig (category:base,tabindex:0)
2023-11-14 17:28:46,009 [INFO] PluginManage:310 - Check plugin power
2023-11-14 17:28:46,029 [INFO] PluginManage:359 - Loaded plugin power (category:power,tabindex:4)
2023-11-14 17:28:46,029 [INFO] PluginManage:310 - Check plugin projectmanager
2023-11-14 17:28:46,041 [INFO] PluginManage:359 - Loaded plugin projectmanager (category:projectmanager,tabindex:3)
2023-11-14 17:28:46,042 [INFO] PluginManage:310 - Check plugin thirdparty
2023-11-14 17:28:46,271 [INFO] PluginManage:359 - Loaded plugin thirdparty (category:base,tabindex:-1)
2023-11-14 17:28:46,271 [WARN] IntegrityCheckThread:84 - waiting for thirdparty lock release [integrity check]
2023-11-14 17:28:46,271 [INFO] PluginManage:310 - Check plugin tools
2023-11-14 17:28:46,271 [INFO] IntegrityCheckThread:86 - entering critical section [integrity check]
2023-11-14 17:28:46,272 [INFO] ThirdPartyUpdaterWithRetryManager:70 - Updater plugin not ready yet. [1/15]
2023-11-14 17:28:46,303 [INFO] PluginManage:359 - Loaded plugin tools (category:base,tabindex:7)
2023-11-14 17:28:46,303 [INFO] PluginManage:310 - Check plugin tutovideos
2023-11-14 17:28:46,569 [INFO] PluginManage:359 - Loaded plugin tutovideos (category:base,tabindex:-1)
2023-11-14 17:28:46,569 [INFO] PluginManage:310 - Check plugin updater
2023-11-14 17:28:46,587 [INFO] PluginManage:359 - Loaded plugin updater (category:base,tabindex:12)
2023-11-14 17:28:46,587 [INFO] PluginManage:310 - Check plugin userauth
2023-11-14 17:28:46,595 [INFO] UserAuth:113 - Init User Auth plugin
2023-11-14 17:28:46,595 [INFO] PluginManage:359 - Loaded plugin userauth (category:base,tabindex:14)
2023-11-14 17:28:46,595 [INFO] PluginManage:283 - PluginManage : Loaded plugins [17]
2023-11-14 17:28:46,867 [INFO] PinOutPanel:1499 - setPackage(No Configuration,No Configuration)
2023-11-14 17:28:47,005 [INFO] CADModel:165 - CPN selected for project level
2023-11-14 17:28:47,006 [INFO] CADModel:114 - Register for checkConnection events
2023-11-14 17:28:47,033 [INFO] IPUIPlugin:80 - create IPUIPlugin
2023-11-14 17:28:47,033 [INFO] PluginManager:220 - loadIPPluginJar : add adc
2023-11-14 17:28:47,088 [INFO] IPUIPlugin:80 - create IPUIPlugin
2023-11-14 17:28:47,088 [INFO] PluginManager:220 - loadIPPluginJar : add aes
2023-11-14 17:28:47,164 [INFO] IPUIPlugin:80 - create IPUIPlugin
2023-11-14 17:28:47,164 [INFO] PluginManager:220 - loadIPPluginJar : add can
2023-11-14 17:28:47,209 [INFO] IPUIPlugin:80 - create IPUIPlugin
2023-11-14 17:28:47,209 [INFO] PluginManager:220 - loadIPPluginJar : add comp
2023-11-14 17:28:47,281 [INFO] IPUIPlugin:80 - create IPUIPlugin
2023-11-14 17:28:47,281 [INFO] PluginManager:220 - loadIPPluginJar : add cryp
2023-11-14 17:28:47,333 [INFO] IPUIPlugin:80 - create IPUIPlugin
2023-11-14 17:28:47,334 [INFO] PluginManager:220 - loadIPPluginJar : add dfsdm
2023-11-14 17:28:47,365 [INFO] IPUIPlugin:80 - create IPUIPlugin
2023-11-14 17:28:47,366 [INFO] PluginManager:220 - loadIPPluginJar : add dma
2023-11-14 17:28:47,442 [INFO] IPUIPlugin:80 - create IPUIPlugin
2023-11-14 17:28:47,442 [INFO] PluginManager:220 - loadIPPluginJar : add dma3
2023-11-14 17:28:47,460 [INFO] IPUIPlugin:80 - create IPUIPlugin
2023-11-14 17:28:47,461 [INFO] PluginManager:220 - loadIPPluginJar : add fatfs
2023-11-14 17:28:47,533 [INFO] IPUIPlugin:80 - create IPUIPlugin
2023-11-14 17:28:47,533 [INFO] PluginManager:220 - loadIPPluginJar : add fmc
2023-11-14 17:28:47,565 [INFO] IPUIPlugin:80 - create IPUIPlugin
2023-11-14 17:28:47,565 [INFO] PluginManager:220 - loadIPPluginJar : add freertos
2023-11-14 17:28:47,605 [INFO] IPUIPlugin:80 - create IPUIPlugin
2023-11-14 17:28:47,606 [INFO] PluginManager:220 - loadIPPluginJar : add genericplugin
2023-11-14 17:28:47,739 [INFO] IPUIPlugin:80 - create IPUIPlugin
2023-11-14 17:28:47,739 [INFO] PluginManager:220 - loadIPPluginJar : add gfxmmu
2023-11-14 17:28:47,911 [INFO] IPUIPlugin:80 - create IPUIPlugin
2023-11-14 17:28:47,911 [INFO] PluginManager:220 - loadIPPluginJar : add gic
2023-11-14 17:28:47,937 [INFO] IPUIPlugin:80 - create IPUIPlugin
2023-11-14 17:28:47,937 [INFO] PluginManager:220 - loadIPPluginJar : add gpio
2023-11-14 17:28:48,058 [INFO] IPUIPlugin:80 - create IPUIPlugin
2023-11-14 17:28:48,058 [INFO] PluginManager:220 - loadIPPluginJar : add gtzc
2023-11-14 17:28:48,105 [INFO] IPUIPlugin:80 - create IPUIPlugin
2023-11-14 17:28:48,106 [INFO] PluginManager:220 - loadIPPluginJar : add hash
2023-11-14 17:28:48,172 [INFO] IPUIPlugin:80 - create IPUIPlugin
2023-11-14 17:28:48,172 [INFO] PluginManager:220 - loadIPPluginJar : add i2c
2023-11-14 17:28:48,246 [INFO] IPUIPlugin:80 - create IPUIPlugin
2023-11-14 17:28:48,246 [INFO] PluginManager:220 - loadIPPluginJar : add i2s
2023-11-14 17:28:48,303 [INFO] IPUIPlugin:80 - create IPUIPlugin
2023-11-14 17:28:48,303 [INFO] PluginManager:220 - loadIPPluginJar : add i3c
2023-11-14 17:28:48,500 [INFO] IPUIPlugin:80 - create IPUIPlugin
2023-11-14 17:28:48,500 [INFO] PluginManager:220 - loadIPPluginJar : add ipddr
2023-11-14 17:28:48,636 [INFO] IPUIPlugin:80 - create IPUIPlugin
2023-11-14 17:28:48,636 [INFO] PluginManager:220 - loadIPPluginJar : add linkedlist
2023-11-14 17:28:48,675 [INFO] IPUIPlugin:80 - create IPUIPlugin
2023-11-14 17:28:48,676 [INFO] PluginManager:220 - loadIPPluginJar : add lorawan
2023-11-14 17:28:48,717 [INFO] IPUIPlugin:80 - create IPUIPlugin
2023-11-14 17:28:48,718 [INFO] PluginManager:220 - loadIPPluginJar : add ltdc
2023-11-14 17:28:48,741 [INFO] IPUIPlugin:80 - create IPUIPlugin
2023-11-14 17:28:48,741 [INFO] PluginManager:220 - loadIPPluginJar : add mdma
2023-11-14 17:28:48,756 [INFO] IPUIPlugin:80 - create IPUIPlugin
2023-11-14 17:28:48,756 [INFO] PluginManager:220 - loadIPPluginJar : add nvic
2023-11-14 17:28:48,812 [INFO] IPUIPlugin:80 - create IPUIPlugin
2023-11-14 17:28:48,812 [INFO] PluginManager:220 - loadIPPluginJar : add opamp
2023-11-14 17:28:48,900 [INFO] IPUIPlugin:80 - create IPUIPlugin
2023-11-14 17:28:48,900 [INFO] PluginManager:220 - loadIPPluginJar : add openamp
2023-11-14 17:28:48,955 [INFO] IPUIPlugin:80 - create IPUIPlugin
2023-11-14 17:28:48,955 [INFO] PluginManager:220 - loadIPPluginJar : add pdm2pcm
2023-11-14 17:28:48,969 [INFO] IPUIPlugin:80 - create IPUIPlugin
2023-11-14 17:28:48,971 [INFO] PluginManager:220 - loadIPPluginJar : add plateformsettings
2023-11-14 17:28:49,002 [INFO] IPUIPlugin:80 - create IPUIPlugin
2023-11-14 17:28:49,003 [INFO] PluginManager:220 - loadIPPluginJar : add quadspi
2023-11-14 17:28:49,025 [INFO] IPUIPlugin:80 - create IPUIPlugin
2023-11-14 17:28:49,025 [INFO] PluginManager:220 - loadIPPluginJar : add resmgrutility
2023-11-14 17:28:49,081 [INFO] IPUIPlugin:80 - create IPUIPlugin
2023-11-14 17:28:49,081 [INFO] PluginManager:220 - loadIPPluginJar : add sai
2023-11-14 17:28:49,152 [INFO] IPUIPlugin:80 - create IPUIPlugin
2023-11-14 17:28:49,152 [INFO] PluginManager:220 - loadIPPluginJar : add spi
2023-11-14 17:28:49,249 [INFO] IPUIPlugin:80 - create IPUIPlugin
2023-11-14 17:28:49,249 [INFO] PluginManager:220 - loadIPPluginJar : add stm32_wpan
2023-11-14 17:28:49,273 [INFO] ThirdPartyUpdaterWithRetryManager:70 - Updater plugin not ready yet. [2/15]
2023-11-14 17:28:49,280 [INFO] IPUIPlugin:80 - create IPUIPlugin
2023-11-14 17:28:49,281 [INFO] PluginManager:220 - loadIPPluginJar : add tim
2023-11-14 17:28:49,376 [INFO] IPUIPlugin:80 - create IPUIPlugin
2023-11-14 17:28:49,376 [INFO] PluginManager:220 - loadIPPluginJar : add touchsensing
2023-11-14 17:28:49,411 [INFO] IPUIPlugin:80 - create IPUIPlugin
2023-11-14 17:28:49,411 [INFO] PluginManager:220 - loadIPPluginJar : add tracer_emb
2023-11-14 17:28:49,446 [INFO] IPUIPlugin:80 - create IPUIPlugin
2023-11-14 17:28:49,446 [INFO] PluginManager:220 - loadIPPluginJar : add ts
2023-11-14 17:28:49,487 [INFO] IPUIPlugin:80 - create IPUIPlugin
2023-11-14 17:28:49,488 [INFO] PluginManager:220 - loadIPPluginJar : add tsc
2023-11-14 17:28:49,527 [INFO] IPUIPlugin:80 - create IPUIPlugin
2023-11-14 17:28:49,527 [INFO] PluginManager:220 - loadIPPluginJar : add ucpd
2023-11-14 17:28:49,571 [INFO] IPUIPlugin:80 - create IPUIPlugin
2023-11-14 17:28:49,572 [INFO] PluginManager:220 - loadIPPluginJar : add usart
2023-11-14 17:28:49,615 [INFO] IPUIPlugin:80 - create IPUIPlugin
2023-11-14 17:28:49,615 [INFO] PluginManager:220 - loadIPPluginJar : add usbx
2023-11-14 17:28:49,801 [INFO] CADModel:165 - CPN selected for project level
2023-11-14 17:28:49,801 [INFO] CADModel:114 - Register for checkConnection events
2023-11-14 17:28:49,801 [FATAL] Updater:308 - Updater called before beeing initialized
2023-11-14 17:28:49,801 [ERROR] CADModel:125 - Updater not yet initialized, retry later 
2023-11-14 17:28:49,930 [INFO] CADModel:165 - CPN selected for project level
2023-11-14 17:28:49,930 [INFO] CADModel:114 - Register for checkConnection events
2023-11-14 17:28:49,930 [FATAL] Updater:308 - Updater called before beeing initialized
2023-11-14 17:28:49,931 [ERROR] CADModel:125 - Updater not yet initialized, retry later 
2023-11-14 17:28:49,935 [FATAL] Updater:308 - Updater called before beeing initialized
2023-11-14 17:28:50,067 [FATAL] Updater:308 - Updater called before beeing initialized
2023-11-14 17:28:50,078 [INFO] DbMcusAds:53 - JSON generation date=Tue Mar 07 09:50:55 CET 2023 (1678179055335)
2023-11-14 17:28:50,079 [FATAL] Updater:308 - Updater called before beeing initialized
2023-11-14 17:28:50,213 [WARN] DetailPanel:346 - Failed to get advertising image, set to default
2023-11-14 17:28:50,391 [FATAL] Updater:308 - Updater called before beeing initialized
2023-11-14 17:28:50,393 [FATAL] Updater:308 - Updater called before beeing initialized
2023-11-14 17:28:50,393 [FATAL] Updater:308 - Updater called before beeing initialized
2023-11-14 17:28:50,393 [WARN] DetailPanel:346 - Failed to get advertising image, set to default
2023-11-14 17:28:50,394 [FATAL] Updater:308 - Updater called before beeing initialized
2023-11-14 17:28:50,457 [ERROR] Updater:1120 - MainUpdater not yet initialized. External WinMGr cannot be set.
2023-11-14 17:28:50,467 [INFO] Updater:1056 - Updater Version found : 6.9.2
2023-11-14 17:28:50,490 [INFO] ApplicationProperties:184 - Using Application install path: C:\ST\STM32CubeIDE_1.11.2\STM32CubeIDE\plugins\com.st.stm32cube.common.mx_6.9.2.202309101412
2023-11-14 17:28:50,720 [INFO] MainUpdater:2868 - connection check result : 10
2023-11-14 17:28:50,721 [INFO] MainUpdater:285 - Updater Check For Update Now.
2023-11-14 17:28:50,721 [INFO] MicroXplorer:498 - Change Database Version : DB.6.0.92
2023-11-14 17:28:50,737 [INFO] McuFinderGlobals:63 - Set McuFinder mode to 2 (CubeIDE integrated)
2023-11-14 17:28:50,737 [INFO] UserAuth:179 - activating auth plugin
2023-11-14 17:28:50,739 [INFO] UserAuth:393 - Internet connection configuration mode: 1
2023-11-14 17:28:50,767 [INFO] JxBrowserEngine:151 - Initiate JxBrowser Engine with user profile folder
2023-11-14 17:28:50,929 [INFO] CheckServerUpdateThread:120 - End of CheckServer Thread
2023-11-14 17:28:52,534 [WARN] PackLoader:240 - Cannot read IP mode file for STMicroelectronics.X-CUBE-SMBUS.2.1.0
2023-11-14 17:28:52,614 [WARN] PackLoader:240 - Cannot read IP mode file for STMicroelectronics.X-CUBE-AZRTOS-F7.1.1.0
2023-11-14 17:28:52,638 [WARN] PackLoader:240 - Cannot read IP mode file for STMicroelectronics.FP-SNS-MOTENV1.4.3.2
2023-11-14 17:28:52,660 [WARN] PackLoader:240 - Cannot read IP mode file for STMicroelectronics.X-CUBE-BLE1.6.2.4
2023-11-14 17:28:52,673 [WARN] PackLoader:240 - Cannot read IP mode file for STMicroelectronics.FP-SNS-FLIGHT1.5.0.2
2023-11-14 17:28:52,693 [WARN] PackLoader:240 - Cannot read IP mode file for STMicroelectronics.X-CUBE-DISPLAY.3.0.0
2023-11-14 17:28:52,709 [WARN] PackLoader:240 - Cannot read IP mode file for STMicroelectronics.X-CUBE-BLE1.7.0.0
2023-11-14 17:28:52,722 [WARN] PackLoader:240 - Cannot read IP mode file for STMicroelectronics.X-CUBE-TOUCHGFX.4.22.1
2023-11-14 17:28:52,733 [WARN] PackLoader:240 - Cannot read IP mode file for STMicroelectronics.FP-SNS-SMARTAG2.1.2.0
2023-11-14 17:28:52,759 [INFO] LogOutputStream:77 - [STDOUT_REDIRECT] 1 : Invalid condition id : UX_CORESTACK_Condition cause : null
2023-11-14 17:28:52,759 [INFO] LogOutputStream:77 - [STDOUT_REDIRECT] 1 : Invalid condition id : UX_CORESTACK_Condition cause : null
2023-11-14 17:28:52,760 [INFO] LogOutputStream:77 - [STDOUT_REDIRECT] 1 : Invalid condition id : UX_CORESTACK_Condition cause : null
2023-11-14 17:28:52,762 [INFO] LogOutputStream:77 - [STDOUT_REDIRECT] 1 : Invalid condition id : UX_CORESTACK_Condition cause : null
2023-11-14 17:28:52,763 [INFO] LogOutputStream:77 - [STDOUT_REDIRECT] 1 : Invalid condition id : UX_CORESTACK_Condition cause : null
2023-11-14 17:28:52,770 [WARN] PackLoader:240 - Cannot read IP mode file for STMicroelectronics.X-CUBE-AZRTOS-WL.2.0.0
2023-11-14 17:28:52,792 [WARN] PackLoader:240 - Cannot read IP mode file for WES.I-CUBE-Cesium.1.3.0
2023-11-14 17:28:52,804 [WARN] PackLoader:240 - Cannot read IP mode file for STMicroelectronics.X-CUBE-BLE2.3.3.0
2023-11-14 17:28:52,828 [WARN] PackLoader:240 - Cannot read IP mode file for STMicroelectronics.X-CUBE-TOF1.3.2.0
2023-11-14 17:28:52,855 [WARN] PackLoader:240 - Cannot read IP mode file for STMicroelectronics.X-CUBE-TOUCHGFX.4.21.1
2023-11-14 17:28:52,872 [WARN] PackLoader:240 - Cannot read IP mode file for STMicroelectronics.X-CUBE-AI.7.3.0
2023-11-14 17:28:52,894 [WARN] PackLoader:240 - Cannot read IP mode file for STMicroelectronics.X-CUBE-ALGOBUILD.1.3.0
2023-11-14 17:28:52,950 [WARN] PackLoader:240 - Cannot read IP mode file for STMicroelectronics.X-CUBE-AZRTOS-G0.1.1.0
2023-11-14 17:28:52,968 [WARN] PackLoader:240 - Cannot read IP mode file for STMicroelectronics.X-CUBE-NFC4.3.0.0
2023-11-14 17:28:52,988 [WARN] PackLoader:240 - Cannot read IP mode file for STMicroelectronics.X-CUBE-BLEMGR.3.0.0
2023-11-14 17:28:53,007 [WARN] PackLoader:240 - Cannot read IP mode file for STMicroelectronics.X-CUBE-BLEMGR.1.3.0
2023-11-14 17:28:53,021 [WARN] PackLoader:240 - Cannot read IP mode file for STMicroelectronics.FP-ATR-SIGFOX1.3.2.0
2023-11-14 17:28:53,077 [WARN] PackLoader:240 - Cannot read IP mode file for STMicroelectronics.X-CUBE-MEMS1.9.5.0
2023-11-14 17:28:53,305 [WARN] PackLoader:240 - Cannot read IP mode file for SEGGER.I-CUBE-embOS.1.3.1
2023-11-14 17:28:53,366 [WARN] PackLoader:240 - Cannot read IP mode file for STMicroelectronics.X-CUBE-GNSS1.6.0.0
2023-11-14 17:28:53,400 [WARN] PackLoader:240 - Cannot read IP mode file for STMicroelectronics.X-CUBE-AZRTOS-F4.1.1.0
2023-11-14 17:28:53,433 [WARN] PackLoader:240 - Cannot read IP mode file for STMicroelectronics.X-CUBE-AZRTOS-L5.2.0.0
2023-11-14 17:28:53,488 [WARN] PackLoader:240 - Cannot read IP mode file for STMicroelectronics.X-CUBE-MEMS1.9.6.0
2023-11-14 17:28:53,659 [WARN] PackLoader:240 - Cannot read IP mode file for STMicroelectronics.X-CUBE-EEPRMA1.4.2.0
2023-11-14 17:28:53,676 [WARN] PackLoader:240 - Cannot read IP mode file for ITTIA_DB.I-CUBE-ITTIADB.8.8.0
2023-11-14 17:28:53,701 [WARN] PackLoader:240 - Cannot read IP mode file for emotas.I-CUBE-CANOPEN.1.1.3
2023-11-14 17:28:53,772 [WARN] PackLoader:240 - Cannot read IP mode file for STMicroelectronics.X-CUBE-BLEMGR.2.0.0
2023-11-14 17:28:53,813 [WARN] ConditionMgr:438 - getConditionDescription Invalid condition id : UX DEVICE CLASS RTOS Condition cause : null
2023-11-14 17:28:53,814 [WARN] ConditionMgr:438 - getConditionDescription Invalid condition id : UX DEVICE CLASS RTOS Condition cause : null
2023-11-14 17:28:53,817 [WARN] PackLoader:240 - Cannot read IP mode file for STMicroelectronics.X-CUBE-AZRTOS-H7.3.1.0
2023-11-14 17:28:53,818 [WARN] ConditionMgr:1039 - genDependencies : Invalid condition id : UX DEVICE CLASS RTOS Condition cause : null
2023-11-14 17:28:53,818 [WARN] ConditionMgr:1039 - genDependencies : Invalid condition id : UX DEVICE CLASS RTOS Condition cause : null
2023-11-14 17:28:53,819 [WARN] ConditionMgr:1039 - genDependencies : Invalid condition id : UX DEVICE CLASS RTOS Condition cause : null
2023-11-14 17:28:53,820 [WARN] ConditionMgr:1039 - genDependencies : Invalid condition id : UX DEVICE CLASS RTOS Condition cause : null
2023-11-14 17:28:53,820 [WARN] ConditionMgr:1039 - genDependencies : Invalid condition id : UX DEVICE CLASS RTOS Condition cause : null
2023-11-14 17:28:53,835 [WARN] PackLoader:240 - Cannot read IP mode file for wolfSSL.I-CUBE-wolfSSL.5.5.4
2023-11-14 17:28:53,849 [WARN] PackLoader:240 - Cannot read IP mode file for STMicroelectronics.X-CUBE-NFC7.1.0.1
2023-11-14 17:28:53,861 [WARN] PackLoader:240 - Cannot read IP mode file for STMicroelectronics.X-CUBE-NFC7.1.0.0
2023-11-14 17:28:53,879 [WARN] PackLoader:240 - Cannot read IP mode file for STMicroelectronics.X-CUBE-NFC6.3.0.0
2023-11-14 17:28:53,897 [WARN] PackLoader:240 - Cannot read IP mode file for STMicroelectronics.X-CUBE-EEPRMA1.4.1.0
2023-11-14 17:28:53,911 [WARN] PackLoader:240 - Cannot read IP mode file for STMicroelectronics.X-CUBE-AI.8.1.0
2023-11-14 17:28:53,933 [INFO] WebApp:157 - Instantiating new browser for Auth
2023-11-14 17:28:53,940 [WARN] ConditionMgr:438 - getConditionDescription Invalid condition id : LAN8742 Phy interface Condition cause : null
2023-11-14 17:28:53,941 [WARN] PackLoader:240 - Cannot read IP mode file for STMicroelectronics.X-CUBE-AZRTOS-L4.2.0.0
2023-11-14 17:28:53,942 [WARN] ConditionMgr:1039 - genDependencies : Invalid condition id : LAN8742 Phy interface Condition cause : null
2023-11-14 17:28:53,943 [WARN] ConditionMgr:1039 - genDependencies : Invalid condition id : LAN8742 Phy interface Condition cause : null
2023-11-14 17:28:53,943 [WARN] ConditionMgr:1039 - genDependencies : Invalid condition id : LAN8742 Phy interface Condition cause : null
2023-11-14 17:28:53,982 [WARN] PackLoader:240 - Cannot read IP mode file for STMicroelectronics.X-CUBE-SFXS2LP1.4.0.0
2023-11-14 17:28:54,023 [WARN] PackLoader:240 - Cannot read IP mode file for STMicroelectronics.X-CUBE-AZRTOS-H7.3.0.0
2023-11-14 17:28:54,039 [WARN] PackLoader:240 - Cannot read IP mode file for STMicroelectronics.X-CUBE-ISPU.1.1.0
2023-11-14 17:28:54,082 [WARN] PackLoader:240 - Cannot read IP mode file for RoweBots.I-CUBE-UNISONRTOS.5.5.0-4
2023-11-14 17:28:54,099 [WARN] PackLoader:240 - Cannot read IP mode file for STMicroelectronics.X-CUBE-AI.8.0.0
2023-11-14 17:28:54,126 [WARN] ConditionMgr:438 - getConditionDescription Invalid condition id : UX DEVICE CLASS RTOS Condition cause : null
2023-11-14 17:28:54,126 [WARN] ConditionMgr:438 - getConditionDescription Invalid condition id : UX DEVICE CLASS RTOS Condition cause : null
2023-11-14 17:28:54,129 [WARN] PackLoader:240 - Cannot read IP mode file for STMicroelectronics.X-CUBE-AZRTOS-WB.2.0.0
2023-11-14 17:28:54,129 [WARN] ConditionMgr:1039 - genDependencies : Invalid condition id : UX DEVICE CLASS RTOS Condition cause : null
2023-11-14 17:28:54,130 [WARN] ConditionMgr:1039 - genDependencies : Invalid condition id : UX DEVICE CLASS RTOS Condition cause : null
2023-11-14 17:28:54,130 [WARN] ConditionMgr:1039 - genDependencies : Invalid condition id : UX DEVICE CLASS RTOS Condition cause : null
2023-11-14 17:28:54,131 [WARN] ConditionMgr:1039 - genDependencies : Invalid condition id : UX DEVICE CLASS RTOS Condition cause : null
2023-11-14 17:28:54,131 [WARN] ConditionMgr:1039 - genDependencies : Invalid condition id : UX DEVICE CLASS RTOS Condition cause : null
2023-11-14 17:28:54,153 [WARN] PackLoader:240 - Cannot read IP mode file for STMicroelectronics.X-CUBE-FREERTOS.1.0.0
2023-11-14 17:28:54,188 [WARN] PackLoader:240 - Cannot read IP mode file for STMicroelectronics.X-CUBE-AZRTOS-L5.1.1.0
2023-11-14 17:28:54,216 [WARN] PackLoader:240 - Cannot read IP mode file for STMicroelectronics.X-CUBE-SUBG2.5.0.0
2023-11-14 17:28:54,236 [WARN] PackLoader:240 - Cannot read IP mode file for STMicroelectronics.X-CUBE-TOF1.3.3.1
2023-11-14 17:28:54,272 [WARN] PackLoader:240 - Cannot read IP mode file for STMicroelectronics.X-CUBE-AZRTOS-G4.2.0.0
2023-11-14 17:28:54,285 [WARN] PackLoader:240 - Cannot read IP mode file for STMicroelectronics.FP-ATR-ASTRA1.1.1.1
2023-11-14 17:28:54,305 [WARN] PackLoader:240 - Cannot read IP mode file for Infineon.AIROC-Wi-Fi-Bluetooth-STM32.1.5.1
2023-11-14 17:28:54,318 [WARN] PackLoader:240 - Cannot read IP mode file for STMicroelectronics.FP-SNS-MOTENVWB1.1.3.0
2023-11-14 17:28:54,341 [WARN] PackLoader:240 - Cannot read IP mode file for STMicroelectronics.X-CUBE-AZRTOS-G4.1.0.0
2023-11-14 17:28:54,370 [WARN] PackLoader:240 - Cannot read IP mode file for STMicroelectronics.X-CUBE-AZRTOS-L4.1.0.0
2023-11-14 17:28:54,463 [WARN] PackLoader:240 - Cannot read IP mode file for STMicroelectronics.X-CUBE-MEMS1.10.0.0
2023-11-14 17:28:54,585 [WARN] PackLoader:240 - Cannot read IP mode file for STMicroelectronics.X-CUBE-FREERTOS.1.1.0
2023-11-14 17:28:54,602 [WARN] PackLoader:240 - Cannot read IP mode file for STMicroelectronics.X-CUBE-AZRTOS-WL.1.0.0
2023-11-14 17:28:54,616 [WARN] PackLoader:240 - Cannot read IP mode file for portGmbH.I-Cube-SoM-uGOAL.1.1.0
2023-11-14 17:28:54,630 [WARN] PackLoader:240 - Cannot read IP mode file for STMicroelectronics.X-CUBE-ALS.1.0.1
2023-11-14 17:28:54,657 [WARN] PackLoader:240 - Cannot read IP mode file for STMicroelectronics.X-CUBE-AZRTOS-WB.1.1.0
2023-11-14 17:28:54,671 [WARN] PackLoader:240 - Cannot read IP mode file for STMicroelectronics.FP-ATR-ASTRA1.2.0.0
2023-11-14 17:28:54,672 [INFO] ThirdParty:978 - Integrity check success = true
2023-11-14 17:28:54,672 [INFO] IntegrityCheckThread:100 - exiting critical section [integrity check]
2023-11-14 17:28:54,672 [INFO] IntegrityCheckThread:103 - End integrity checks thread
2023-11-14 17:28:54,682 [INFO] WebApp:753 - Register for checkConnection events
2023-11-14 17:28:54,682 [INFO] WebApp:390 - Apply proxy settings
2023-11-14 17:28:54,682 [INFO] WebApp:475 - Chromium requires no authentication
2023-11-14 17:28:54,691 [INFO] WebApp:418 - Direct internet connection detected
2023-11-14 17:28:54,889 [INFO] WebApp:188 - Starting web application
2023-11-14 17:28:54,889 [INFO] WebApp:520 - Web application path used C:\ST\STM32CubeIDE_1.11.2\STM32CubeIDE\plugins\com.st.stm32cube.common.mx_6.9.2.202309101412\db\plugins\mcufinder\reactClient1\index.html
2023-11-14 17:29:16,133 [ERROR] LogOutputStream:75 - [STDERR_REDIRECT] SLF4J: Failed to load class "org.slf4j.impl.StaticLoggerBinder".
2023-11-14 17:29:16,133 [ERROR] LogOutputStream:75 - [STDERR_REDIRECT] SLF4J: Defaulting to no-operation (NOP) logger implementation
2023-11-14 17:29:16,135 [ERROR] LogOutputStream:75 - [STDERR_REDIRECT] SLF4J: See http://www.slf4j.org/codes.html#StaticLoggerBinder for further details.
2023-11-14 17:41:54,255 [ERROR] LogOutputStream:75 - [STDERR_REDIRECT] 
2023-11-14 18:20:01,132 [INFO] Activator:176 - 


2023-11-14 18:20:01,133 [INFO] Activator:177 - !SESSION log4j initialized
2023-11-14 18:20:03,322 [INFO] LogOutputStream:77 - [STDOUT_REDIRECT] 
2023-11-14 18:20:04,825 [INFO] ApplicationProperties:184 - Using Application install path: C:\ST\STM32CubeIDE_1.11.2\STM32CubeIDE\plugins\com.st.stm32cube.common.mx_6.9.2.202309101412
2023-11-14 18:20:04,837 [INFO] DbMcusXml:78 - Set database path to: C:\ST\STM32CubeIDE_1.11.2\STM32CubeIDE\plugins\com.st.stm32cube.common.mx_6.9.2.202309101412\\db\/mcu/
2023-11-14 18:20:04,837 [INFO] ApiDb:274 - Set plugin database path to: C:\ST\STM32CubeIDE_1.11.2\STM32CubeIDE\plugins\com.st.stm32cube.common.mx_6.9.2.202309101412\\db\/plugins/boardmanager/
2023-11-14 18:20:04,837 [WARN] ApiDb:259 - Overriding images path with different value:  => C:\ST\STM32CubeIDE_1.11.2\STM32CubeIDE\plugins\com.st.stm32cube.common.mx_6.9.2.202309101412\\db\/plugins/mcufinder/images/
2023-11-14 18:20:04,845 [INFO] ApiDb:250 - Set database path to: C:\Users\andep\.stmcufinder\plugins\mcufinder//mcu/
2023-11-14 18:20:04,847 [INFO] DbMcusAds:125 - Set database path to: C:\Users\andep\.stmcufinder\plugins\mcufinder//mcu/
2023-11-14 18:20:04,849 [INFO] CrossReferenceDbSqlite:203 - Set database path to: C:\Users\andep\.stmcufinder\plugins\mcufinder//mcu/cs/
2023-11-14 18:20:04,937 [INFO] RulesReader:64 - Compatibility file has been processed (293 Rules)
2023-11-14 18:20:05,034 [INFO] DbMcusXml:78 - Set database path to: C:\ST\STM32CubeIDE_1.11.2\STM32CubeIDE\plugins\com.st.stm32cube.common.mx_6.9.2.202309101412\\db\/mcu/
2023-11-14 18:20:05,034 [INFO] ApiDb:274 - Set plugin database path to: C:\ST\STM32CubeIDE_1.11.2\STM32CubeIDE\plugins\com.st.stm32cube.common.mx_6.9.2.202309101412\\db\/plugins/boardmanager/
2023-11-14 18:20:05,034 [INFO] ApiDb:261 - Set plugin images path to: C:\ST\STM32CubeIDE_1.11.2\STM32CubeIDE\plugins\com.st.stm32cube.common.mx_6.9.2.202309101412\\db\/plugins/mcufinder/images/
2023-11-14 18:20:05,034 [WARN] DbFile:41 - Overriding database path with different value: C:\Users\andep\.stmcufinder\plugins\mcufinder/ => C:\Users\andep\.stmcufinder\plugins\mcufinder
2023-11-14 18:20:05,034 [INFO] ApiDb:250 - Set database path to: C:\Users\andep\.stmcufinder\plugins\mcufinder//mcu/
2023-11-14 18:20:05,034 [WARN] DbFile:41 - Overriding database path with different value: C:\Users\andep\.stmcufinder\plugins\mcufinder/ => C:\Users\andep\.stmcufinder\plugins\mcufinder
2023-11-14 18:20:05,034 [INFO] DbMcusAds:125 - Set database path to: C:\Users\andep\.stmcufinder\plugins\mcufinder//mcu/
2023-11-14 18:20:05,035 [WARN] DbFile:41 - Overriding database path with different value: C:\Users\andep\.stmcufinder\plugins\mcufinder/ => C:\Users\andep\.stmcufinder\plugins\mcufinder
2023-11-14 18:20:05,035 [WARN] DbFile:41 - Overriding database path with different value: C:\Users\andep\.stmcufinder\plugins\mcufinder/ => C:\Users\andep\.stmcufinder\plugins\mcufinder
2023-11-14 18:20:05,035 [INFO] CrossReferenceDbSqlite:203 - Set database path to: C:\Users\andep\.stmcufinder\plugins\mcufinder//mcu/cs/
2023-11-14 18:20:05,099 [INFO] MainPanel:262 - HeapMemory: 268435456
2023-11-14 18:20:05,150 [INFO] DbMcusXml:78 - Set database path to: C:\ST\STM32CubeIDE_1.11.2\STM32CubeIDE\plugins\com.st.stm32cube.common.mx_6.9.2.202309101412\\db\/mcu/
2023-11-14 18:20:05,151 [INFO] ApiDb:274 - Set plugin database path to: C:\ST\STM32CubeIDE_1.11.2\STM32CubeIDE\plugins\com.st.stm32cube.common.mx_6.9.2.202309101412\\db\/plugins/boardmanager/
2023-11-14 18:20:05,151 [INFO] ApiDb:261 - Set plugin images path to: C:\ST\STM32CubeIDE_1.11.2\STM32CubeIDE\plugins\com.st.stm32cube.common.mx_6.9.2.202309101412\\db\/plugins/mcufinder/images/
2023-11-14 18:20:05,151 [WARN] DbFile:41 - Overriding database path with different value: C:\Users\andep\.stmcufinder\plugins\mcufinder/ => C:\Users\andep\.stmcufinder\plugins\mcufinder
2023-11-14 18:20:05,151 [INFO] ApiDb:250 - Set database path to: C:\Users\andep\.stmcufinder\plugins\mcufinder//mcu/
2023-11-14 18:20:05,151 [WARN] DbFile:41 - Overriding database path with different value: C:\Users\andep\.stmcufinder\plugins\mcufinder/ => C:\Users\andep\.stmcufinder\plugins\mcufinder
2023-11-14 18:20:05,151 [INFO] DbMcusAds:125 - Set database path to: C:\Users\andep\.stmcufinder\plugins\mcufinder//mcu/
2023-11-14 18:20:05,151 [WARN] DbFile:41 - Overriding database path with different value: C:\Users\andep\.stmcufinder\plugins\mcufinder/ => C:\Users\andep\.stmcufinder\plugins\mcufinder
2023-11-14 18:20:05,151 [WARN] DbFile:41 - Overriding database path with different value: C:\Users\andep\.stmcufinder\plugins\mcufinder/ => C:\Users\andep\.stmcufinder\plugins\mcufinder
2023-11-14 18:20:05,151 [INFO] CrossReferenceDbSqlite:203 - Set database path to: C:\Users\andep\.stmcufinder\plugins\mcufinder//mcu/cs/
2023-11-14 18:20:05,164 [INFO] ApplicationProperties:184 - Using Application install path: C:\ST\STM32CubeIDE_1.11.2\STM32CubeIDE\plugins\com.st.stm32cube.common.mx_6.9.2.202309101412
2023-11-14 18:20:05,165 [INFO] PluginManage:196 - Search for loadable plugins [exclusion list=, ]
2023-11-14 18:20:05,166 [INFO] PluginManage:310 - Check plugin analytics
2023-11-14 18:20:05,301 [INFO] AnalyticsPlugin:253 - Accepted Software Licenses: 
2023-11-14 18:20:05,301 [INFO] AnalyticsPlugin:255 - Accepted CMSIS Pack Licenses: 
2023-11-14 18:20:05,301 [INFO] AnalyticsPlugin:257 - Accepted Firmware Licenses: 
2023-11-14 18:20:05,303 [INFO] PluginManage:359 - Loaded plugin analytics (category:tool,tabindex:-1)
2023-11-14 18:20:05,304 [INFO] PluginManage:310 - Check plugin cadmodel
2023-11-14 18:20:05,307 [INFO] CADModel:105 - Init CAD model plugin
2023-11-14 18:20:05,307 [INFO] PluginManage:359 - Loaded plugin cadmodel (category:power,tabindex:5)
2023-11-14 18:20:05,307 [INFO] PluginManage:310 - Check plugin clock
2023-11-14 18:20:05,314 [INFO] PluginManage:359 - Loaded plugin clock (category:base,tabindex:2)
2023-11-14 18:20:05,314 [INFO] PluginManage:310 - Check plugin ddr
2023-11-14 18:20:05,315 [INFO] PluginManage:359 - Loaded plugin ddr (category:tool,tabindex:6)
2023-11-14 18:20:05,315 [INFO] PluginManage:310 - Check plugin filemanager
2023-11-14 18:20:05,412 [INFO] PluginManage:359 - Loaded plugin filemanager (category:base,tabindex:10)
2023-11-14 18:20:05,412 [INFO] PluginManage:310 - Check plugin ipmanager
2023-11-14 18:20:05,418 [INFO] PluginManage:359 - Loaded plugin ipmanager (category:base,tabindex:5)
2023-11-14 18:20:05,418 [INFO] PluginManage:310 - Check plugin lpbam
2023-11-14 18:20:05,427 [INFO] PluginManage:359 - Loaded plugin lpbam (category:base,tabindex:0)
2023-11-14 18:20:05,427 [INFO] PluginManage:310 - Check plugin memorymap
2023-11-14 18:20:05,438 [INFO] PluginManage:359 - Loaded plugin memorymap (category:base,tabindex:4)
2023-11-14 18:20:05,438 [INFO] PluginManage:310 - Check plugin pinoutandconfiguration
2023-11-14 18:20:05,444 [INFO] PluginManage:359 - Loaded plugin pinoutandconfiguration (category:base,tabindex:1)
2023-11-14 18:20:05,444 [INFO] PluginManage:310 - Check plugin pinoutconfig
2023-11-14 18:20:05,523 [WARN] SupportedApi:132 - Cannot load RTOS API schema: s4s-elt-must-match.1: The content of 'definitions' must match (annotation?, (simpleType | complexType)?, (unique | key | keyref)*)). A problem was found starting at: attribute.
2023-11-14 18:20:05,632 [INFO] PluginManage:359 - Loaded plugin pinoutconfig (category:base,tabindex:0)
2023-11-14 18:20:05,632 [INFO] PluginManage:310 - Check plugin power
2023-11-14 18:20:05,638 [INFO] PluginManage:359 - Loaded plugin power (category:power,tabindex:4)
2023-11-14 18:20:05,638 [INFO] PluginManage:310 - Check plugin projectmanager
2023-11-14 18:20:05,649 [INFO] PluginManage:359 - Loaded plugin projectmanager (category:projectmanager,tabindex:3)
2023-11-14 18:20:05,649 [INFO] PluginManage:310 - Check plugin thirdparty
2023-11-14 18:20:05,735 [INFO] PluginManage:359 - Loaded plugin thirdparty (category:base,tabindex:-1)
2023-11-14 18:20:05,736 [INFO] PluginManage:310 - Check plugin tools
2023-11-14 18:20:05,735 [WARN] IntegrityCheckThread:84 - waiting for thirdparty lock release [integrity check]
2023-11-14 18:20:05,736 [INFO] IntegrityCheckThread:86 - entering critical section [integrity check]
2023-11-14 18:20:05,736 [INFO] ThirdPartyUpdaterWithRetryManager:70 - Updater plugin not ready yet. [1/15]
2023-11-14 18:20:05,738 [INFO] PluginManage:359 - Loaded plugin tools (category:base,tabindex:7)
2023-11-14 18:20:05,738 [INFO] PluginManage:310 - Check plugin tutovideos
2023-11-14 18:20:05,852 [INFO] PluginManage:359 - Loaded plugin tutovideos (category:base,tabindex:-1)
2023-11-14 18:20:05,852 [INFO] PluginManage:310 - Check plugin updater
2023-11-14 18:20:05,860 [INFO] PluginManage:359 - Loaded plugin updater (category:base,tabindex:12)
2023-11-14 18:20:05,860 [INFO] PluginManage:310 - Check plugin userauth
2023-11-14 18:20:05,863 [INFO] UserAuth:113 - Init User Auth plugin
2023-11-14 18:20:05,863 [INFO] PluginManage:359 - Loaded plugin userauth (category:base,tabindex:14)
2023-11-14 18:20:05,864 [INFO] PluginManage:283 - PluginManage : Loaded plugins [17]
2023-11-14 18:20:06,050 [INFO] PinOutPanel:1499 - setPackage(No Configuration,No Configuration)
2023-11-14 18:20:06,138 [INFO] CADModel:165 - CPN selected for project level
2023-11-14 18:20:06,138 [INFO] CADModel:114 - Register for checkConnection events
2023-11-14 18:20:06,150 [INFO] IPUIPlugin:80 - create IPUIPlugin
2023-11-14 18:20:06,150 [INFO] PluginManager:220 - loadIPPluginJar : add adc
2023-11-14 18:20:06,152 [INFO] IPUIPlugin:80 - create IPUIPlugin
2023-11-14 18:20:06,152 [INFO] PluginManager:220 - loadIPPluginJar : add aes
2023-11-14 18:20:06,154 [INFO] IPUIPlugin:80 - create IPUIPlugin
2023-11-14 18:20:06,154 [INFO] PluginManager:220 - loadIPPluginJar : add can
2023-11-14 18:20:06,155 [INFO] IPUIPlugin:80 - create IPUIPlugin
2023-11-14 18:20:06,155 [INFO] PluginManager:220 - loadIPPluginJar : add comp
2023-11-14 18:20:06,156 [INFO] IPUIPlugin:80 - create IPUIPlugin
2023-11-14 18:20:06,156 [INFO] PluginManager:220 - loadIPPluginJar : add cryp
2023-11-14 18:20:06,158 [INFO] IPUIPlugin:80 - create IPUIPlugin
2023-11-14 18:20:06,158 [INFO] PluginManager:220 - loadIPPluginJar : add dfsdm
2023-11-14 18:20:06,162 [INFO] IPUIPlugin:80 - create IPUIPlugin
2023-11-14 18:20:06,162 [INFO] PluginManager:220 - loadIPPluginJar : add dma
2023-11-14 18:20:06,164 [INFO] IPUIPlugin:80 - create IPUIPlugin
2023-11-14 18:20:06,164 [INFO] PluginManager:220 - loadIPPluginJar : add dma3
2023-11-14 18:20:06,165 [INFO] IPUIPlugin:80 - create IPUIPlugin
2023-11-14 18:20:06,165 [INFO] PluginManager:220 - loadIPPluginJar : add fatfs
2023-11-14 18:20:06,167 [INFO] IPUIPlugin:80 - create IPUIPlugin
2023-11-14 18:20:06,167 [INFO] PluginManager:220 - loadIPPluginJar : add fmc
2023-11-14 18:20:06,172 [INFO] IPUIPlugin:80 - create IPUIPlugin
2023-11-14 18:20:06,172 [INFO] PluginManager:220 - loadIPPluginJar : add freertos
2023-11-14 18:20:06,174 [INFO] IPUIPlugin:80 - create IPUIPlugin
2023-11-14 18:20:06,174 [INFO] PluginManager:220 - loadIPPluginJar : add genericplugin
2023-11-14 18:20:06,175 [INFO] IPUIPlugin:80 - create IPUIPlugin
2023-11-14 18:20:06,176 [INFO] PluginManager:220 - loadIPPluginJar : add gfxmmu
2023-11-14 18:20:06,180 [INFO] IPUIPlugin:80 - create IPUIPlugin
2023-11-14 18:20:06,180 [INFO] PluginManager:220 - loadIPPluginJar : add gic
2023-11-14 18:20:06,183 [INFO] IPUIPlugin:80 - create IPUIPlugin
2023-11-14 18:20:06,183 [INFO] PluginManager:220 - loadIPPluginJar : add gpio
2023-11-14 18:20:06,185 [INFO] IPUIPlugin:80 - create IPUIPlugin
2023-11-14 18:20:06,186 [INFO] PluginManager:220 - loadIPPluginJar : add gtzc
2023-11-14 18:20:06,187 [INFO] IPUIPlugin:80 - create IPUIPlugin
2023-11-14 18:20:06,187 [INFO] PluginManager:220 - loadIPPluginJar : add hash
2023-11-14 18:20:06,190 [INFO] IPUIPlugin:80 - create IPUIPlugin
2023-11-14 18:20:06,190 [INFO] PluginManager:220 - loadIPPluginJar : add i2c
2023-11-14 18:20:06,191 [INFO] IPUIPlugin:80 - create IPUIPlugin
2023-11-14 18:20:06,192 [INFO] PluginManager:220 - loadIPPluginJar : add i2s
2023-11-14 18:20:06,194 [INFO] IPUIPlugin:80 - create IPUIPlugin
2023-11-14 18:20:06,194 [INFO] PluginManager:220 - loadIPPluginJar : add i3c
2023-11-14 18:20:06,196 [INFO] IPUIPlugin:80 - create IPUIPlugin
2023-11-14 18:20:06,197 [INFO] PluginManager:220 - loadIPPluginJar : add ipddr
2023-11-14 18:20:06,203 [INFO] IPUIPlugin:80 - create IPUIPlugin
2023-11-14 18:20:06,203 [INFO] PluginManager:220 - loadIPPluginJar : add linkedlist
2023-11-14 18:20:06,206 [INFO] IPUIPlugin:80 - create IPUIPlugin
2023-11-14 18:20:06,206 [INFO] PluginManager:220 - loadIPPluginJar : add lorawan
2023-11-14 18:20:06,207 [INFO] IPUIPlugin:80 - create IPUIPlugin
2023-11-14 18:20:06,207 [INFO] PluginManager:220 - loadIPPluginJar : add ltdc
2023-11-14 18:20:06,212 [INFO] IPUIPlugin:80 - create IPUIPlugin
2023-11-14 18:20:06,212 [INFO] PluginManager:220 - loadIPPluginJar : add mdma
2023-11-14 18:20:06,215 [INFO] IPUIPlugin:80 - create IPUIPlugin
2023-11-14 18:20:06,215 [INFO] PluginManager:220 - loadIPPluginJar : add nvic
2023-11-14 18:20:06,218 [INFO] IPUIPlugin:80 - create IPUIPlugin
2023-11-14 18:20:06,218 [INFO] PluginManager:220 - loadIPPluginJar : add opamp
2023-11-14 18:20:06,221 [INFO] IPUIPlugin:80 - create IPUIPlugin
2023-11-14 18:20:06,221 [INFO] PluginManager:220 - loadIPPluginJar : add openamp
2023-11-14 18:20:06,224 [INFO] IPUIPlugin:80 - create IPUIPlugin
2023-11-14 18:20:06,224 [INFO] PluginManager:220 - loadIPPluginJar : add pdm2pcm
2023-11-14 18:20:06,230 [INFO] IPUIPlugin:80 - create IPUIPlugin
2023-11-14 18:20:06,233 [INFO] PluginManager:220 - loadIPPluginJar : add plateformsettings
2023-11-14 18:20:06,234 [INFO] IPUIPlugin:80 - create IPUIPlugin
2023-11-14 18:20:06,234 [INFO] PluginManager:220 - loadIPPluginJar : add quadspi
2023-11-14 18:20:06,237 [INFO] IPUIPlugin:80 - create IPUIPlugin
2023-11-14 18:20:06,237 [INFO] PluginManager:220 - loadIPPluginJar : add resmgrutility
2023-11-14 18:20:06,240 [INFO] IPUIPlugin:80 - create IPUIPlugin
2023-11-14 18:20:06,240 [INFO] PluginManager:220 - loadIPPluginJar : add sai
2023-11-14 18:20:06,242 [INFO] IPUIPlugin:80 - create IPUIPlugin
2023-11-14 18:20:06,243 [INFO] PluginManager:220 - loadIPPluginJar : add spi
2023-11-14 18:20:06,247 [INFO] IPUIPlugin:80 - create IPUIPlugin
2023-11-14 18:20:06,247 [INFO] PluginManager:220 - loadIPPluginJar : add stm32_wpan
2023-11-14 18:20:06,249 [INFO] IPUIPlugin:80 - create IPUIPlugin
2023-11-14 18:20:06,249 [INFO] PluginManager:220 - loadIPPluginJar : add tim
2023-11-14 18:20:06,252 [INFO] IPUIPlugin:80 - create IPUIPlugin
2023-11-14 18:20:06,252 [INFO] PluginManager:220 - loadIPPluginJar : add touchsensing
2023-11-14 18:20:06,254 [INFO] IPUIPlugin:80 - create IPUIPlugin
2023-11-14 18:20:06,254 [INFO] PluginManager:220 - loadIPPluginJar : add tracer_emb
2023-11-14 18:20:06,255 [INFO] IPUIPlugin:80 - create IPUIPlugin
2023-11-14 18:20:06,255 [INFO] PluginManager:220 - loadIPPluginJar : add ts
2023-11-14 18:20:06,256 [INFO] IPUIPlugin:80 - create IPUIPlugin
2023-11-14 18:20:06,256 [INFO] PluginManager:220 - loadIPPluginJar : add tsc
2023-11-14 18:20:06,258 [INFO] IPUIPlugin:80 - create IPUIPlugin
2023-11-14 18:20:06,258 [INFO] PluginManager:220 - loadIPPluginJar : add ucpd
2023-11-14 18:20:06,260 [INFO] IPUIPlugin:80 - create IPUIPlugin
2023-11-14 18:20:06,260 [INFO] PluginManager:220 - loadIPPluginJar : add usart
2023-11-14 18:20:06,262 [INFO] IPUIPlugin:80 - create IPUIPlugin
2023-11-14 18:20:06,262 [INFO] PluginManager:220 - loadIPPluginJar : add usbx
2023-11-14 18:20:06,382 [INFO] CADModel:165 - CPN selected for project level
2023-11-14 18:20:06,382 [INFO] CADModel:114 - Register for checkConnection events
2023-11-14 18:20:06,382 [FATAL] Updater:308 - Updater called before beeing initialized
2023-11-14 18:20:06,382 [ERROR] CADModel:125 - Updater not yet initialized, retry later 
2023-11-14 18:20:06,537 [INFO] CADModel:165 - CPN selected for project level
2023-11-14 18:20:06,537 [INFO] CADModel:114 - Register for checkConnection events
2023-11-14 18:20:06,537 [FATAL] Updater:308 - Updater called before beeing initialized
2023-11-14 18:20:06,538 [ERROR] CADModel:125 - Updater not yet initialized, retry later 
2023-11-14 18:20:06,540 [FATAL] Updater:308 - Updater called before beeing initialized
2023-11-14 18:20:06,639 [FATAL] Updater:308 - Updater called before beeing initialized
2023-11-14 18:20:06,643 [INFO] DbMcusAds:53 - JSON generation date=Tue Mar 07 09:50:55 CET 2023 (1678179055335)
2023-11-14 18:20:06,643 [FATAL] Updater:308 - Updater called before beeing initialized
2023-11-14 18:20:06,673 [WARN] DetailPanel:346 - Failed to get advertising image, set to default
2023-11-14 18:20:06,748 [FATAL] Updater:308 - Updater called before beeing initialized
2023-11-14 18:20:06,750 [FATAL] Updater:308 - Updater called before beeing initialized
2023-11-14 18:20:06,750 [FATAL] Updater:308 - Updater called before beeing initialized
2023-11-14 18:20:06,750 [WARN] DetailPanel:346 - Failed to get advertising image, set to default
2023-11-14 18:20:06,750 [FATAL] Updater:308 - Updater called before beeing initialized
2023-11-14 18:20:06,788 [ERROR] Updater:1120 - MainUpdater not yet initialized. External WinMGr cannot be set.
2023-11-14 18:20:06,789 [INFO] Updater:1056 - Updater Version found : 6.9.2
2023-11-14 18:20:06,804 [INFO] ApplicationProperties:184 - Using Application install path: C:\ST\STM32CubeIDE_1.11.2\STM32CubeIDE\plugins\com.st.stm32cube.common.mx_6.9.2.202309101412
2023-11-14 18:20:06,912 [INFO] MainUpdater:2868 - connection check result : 10
2023-11-14 18:20:06,912 [INFO] MainUpdater:285 - Updater Check For Update Now.
2023-11-14 18:20:06,913 [INFO] MicroXplorer:498 - Change Database Version : DB.6.0.92
2023-11-14 18:20:06,917 [INFO] McuFinderGlobals:63 - Set McuFinder mode to 2 (CubeIDE integrated)
2023-11-14 18:20:06,917 [INFO] UserAuth:179 - activating auth plugin
2023-11-14 18:20:06,919 [INFO] UserAuth:393 - Internet connection configuration mode: 1
2023-11-14 18:20:06,931 [INFO] JxBrowserEngine:151 - Initiate JxBrowser Engine with user profile folder
2023-11-14 18:20:07,078 [INFO] CheckServerUpdateThread:120 - End of CheckServer Thread
2023-11-14 18:20:07,381 [INFO] WebApp:157 - Instantiating new browser for Auth
2023-11-14 18:20:07,747 [INFO] WebApp:753 - Register for checkConnection events
2023-11-14 18:20:07,747 [INFO] WebApp:390 - Apply proxy settings
2023-11-14 18:20:07,749 [INFO] WebApp:475 - Chromium requires no authentication
2023-11-14 18:20:07,754 [INFO] WebApp:418 - Direct internet connection detected
2023-11-14 18:20:07,848 [INFO] WebApp:188 - Starting web application
2023-11-14 18:20:07,848 [INFO] WebApp:520 - Web application path used C:\ST\STM32CubeIDE_1.11.2\STM32CubeIDE\plugins\com.st.stm32cube.common.mx_6.9.2.202309101412\db\plugins\mcufinder\reactClient1\index.html
2023-11-14 18:20:08,864 [WARN] PackLoader:240 - Cannot read IP mode file for STMicroelectronics.X-CUBE-SMBUS.2.1.0
2023-11-14 18:20:08,893 [WARN] PackLoader:240 - Cannot read IP mode file for STMicroelectronics.X-CUBE-AZRTOS-F7.1.1.0
2023-11-14 18:20:08,940 [WARN] PackLoader:240 - Cannot read IP mode file for STMicroelectronics.FP-SNS-MOTENV1.4.3.2
2023-11-14 18:20:08,951 [WARN] PackLoader:240 - Cannot read IP mode file for STMicroelectronics.X-CUBE-BLE1.6.2.4
2023-11-14 18:20:08,957 [WARN] PackLoader:240 - Cannot read IP mode file for STMicroelectronics.FP-SNS-FLIGHT1.5.0.2
2023-11-14 18:20:08,968 [WARN] PackLoader:240 - Cannot read IP mode file for STMicroelectronics.X-CUBE-DISPLAY.3.0.0
2023-11-14 18:20:08,977 [WARN] PackLoader:240 - Cannot read IP mode file for STMicroelectronics.X-CUBE-BLE1.7.0.0
2023-11-14 18:20:08,981 [WARN] PackLoader:240 - Cannot read IP mode file for STMicroelectronics.X-CUBE-TOUCHGFX.4.22.1
2023-11-14 18:20:08,985 [WARN] PackLoader:240 - Cannot read IP mode file for STMicroelectronics.FP-SNS-SMARTAG2.1.2.0
2023-11-14 18:20:08,993 [INFO] LogOutputStream:77 - [STDOUT_REDIRECT] 1 : Invalid condition id : UX_CORESTACK_Condition cause : null
2023-11-14 18:20:08,993 [INFO] LogOutputStream:77 - [STDOUT_REDIRECT] 1 : Invalid condition id : UX_CORESTACK_Condition cause : null
2023-11-14 18:20:08,994 [INFO] LogOutputStream:77 - [STDOUT_REDIRECT] 1 : Invalid condition id : UX_CORESTACK_Condition cause : null
2023-11-14 18:20:08,995 [INFO] LogOutputStream:77 - [STDOUT_REDIRECT] 1 : Invalid condition id : UX_CORESTACK_Condition cause : null
2023-11-14 18:20:08,996 [INFO] LogOutputStream:77 - [STDOUT_REDIRECT] 1 : Invalid condition id : UX_CORESTACK_Condition cause : null
2023-11-14 18:20:09,001 [WARN] PackLoader:240 - Cannot read IP mode file for STMicroelectronics.X-CUBE-AZRTOS-WL.2.0.0
2023-11-14 18:20:09,009 [WARN] PackLoader:240 - Cannot read IP mode file for WES.I-CUBE-Cesium.1.3.0
2023-11-14 18:20:09,018 [WARN] PackLoader:240 - Cannot read IP mode file for STMicroelectronics.X-CUBE-BLE2.3.3.0
2023-11-14 18:20:09,029 [WARN] PackLoader:240 - Cannot read IP mode file for STMicroelectronics.X-CUBE-TOF1.3.2.0
2023-11-14 18:20:09,039 [WARN] PackLoader:240 - Cannot read IP mode file for STMicroelectronics.X-CUBE-TOUCHGFX.4.21.1
2023-11-14 18:20:09,043 [WARN] PackLoader:240 - Cannot read IP mode file for STMicroelectronics.X-CUBE-AI.7.3.0
2023-11-14 18:20:09,049 [WARN] PackLoader:240 - Cannot read IP mode file for STMicroelectronics.X-CUBE-ALGOBUILD.1.3.0
2023-11-14 18:20:09,076 [WARN] PackLoader:240 - Cannot read IP mode file for STMicroelectronics.X-CUBE-AZRTOS-G0.1.1.0
2023-11-14 18:20:09,083 [WARN] PackLoader:240 - Cannot read IP mode file for STMicroelectronics.X-CUBE-NFC4.3.0.0
2023-11-14 18:20:09,093 [WARN] PackLoader:240 - Cannot read IP mode file for STMicroelectronics.X-CUBE-BLEMGR.3.0.0
2023-11-14 18:20:09,101 [WARN] PackLoader:240 - Cannot read IP mode file for STMicroelectronics.X-CUBE-BLEMGR.1.3.0
2023-11-14 18:20:09,115 [WARN] PackLoader:240 - Cannot read IP mode file for STMicroelectronics.FP-ATR-SIGFOX1.3.2.0
2023-11-14 18:20:09,150 [WARN] PackLoader:240 - Cannot read IP mode file for STMicroelectronics.X-CUBE-MEMS1.9.5.0
2023-11-14 18:20:09,273 [WARN] PackLoader:240 - Cannot read IP mode file for SEGGER.I-CUBE-embOS.1.3.1
2023-11-14 18:20:09,337 [WARN] PackLoader:240 - Cannot read IP mode file for STMicroelectronics.X-CUBE-GNSS1.6.0.0
2023-11-14 18:20:09,349 [WARN] PackLoader:240 - Cannot read IP mode file for STMicroelectronics.X-CUBE-AZRTOS-F4.1.1.0
2023-11-14 18:20:09,360 [WARN] PackLoader:240 - Cannot read IP mode file for STMicroelectronics.X-CUBE-AZRTOS-L5.2.0.0
2023-11-14 18:20:09,393 [WARN] PackLoader:240 - Cannot read IP mode file for STMicroelectronics.X-CUBE-MEMS1.9.6.0
2023-11-14 18:20:09,486 [WARN] PackLoader:240 - Cannot read IP mode file for STMicroelectronics.X-CUBE-EEPRMA1.4.2.0
2023-11-14 18:20:09,490 [WARN] PackLoader:240 - Cannot read IP mode file for ITTIA_DB.I-CUBE-ITTIADB.8.8.0
2023-11-14 18:20:09,494 [WARN] PackLoader:240 - Cannot read IP mode file for emotas.I-CUBE-CANOPEN.1.1.3
2023-11-14 18:20:09,499 [WARN] PackLoader:240 - Cannot read IP mode file for STMicroelectronics.X-CUBE-BLEMGR.2.0.0
2023-11-14 18:20:09,515 [WARN] ConditionMgr:438 - getConditionDescription Invalid condition id : UX DEVICE CLASS RTOS Condition cause : null
2023-11-14 18:20:09,516 [WARN] ConditionMgr:438 - getConditionDescription Invalid condition id : UX DEVICE CLASS RTOS Condition cause : null
2023-11-14 18:20:09,517 [WARN] PackLoader:240 - Cannot read IP mode file for STMicroelectronics.X-CUBE-AZRTOS-H7.3.1.0
2023-11-14 18:20:09,518 [WARN] ConditionMgr:1039 - genDependencies : Invalid condition id : UX DEVICE CLASS RTOS Condition cause : null
2023-11-14 18:20:09,518 [WARN] ConditionMgr:1039 - genDependencies : Invalid condition id : UX DEVICE CLASS RTOS Condition cause : null
2023-11-14 18:20:09,519 [WARN] ConditionMgr:1039 - genDependencies : Invalid condition id : UX DEVICE CLASS RTOS Condition cause : null
2023-11-14 18:20:09,519 [WARN] ConditionMgr:1039 - genDependencies : Invalid condition id : UX DEVICE CLASS RTOS Condition cause : null
2023-11-14 18:20:09,519 [WARN] ConditionMgr:1039 - genDependencies : Invalid condition id : UX DEVICE CLASS RTOS Condition cause : null
2023-11-14 18:20:09,522 [WARN] PackLoader:240 - Cannot read IP mode file for wolfSSL.I-CUBE-wolfSSL.5.5.4
2023-11-14 18:20:09,526 [WARN] PackLoader:240 - Cannot read IP mode file for STMicroelectronics.X-CUBE-NFC7.1.0.1
2023-11-14 18:20:09,529 [WARN] PackLoader:240 - Cannot read IP mode file for STMicroelectronics.X-CUBE-NFC7.1.0.0
2023-11-14 18:20:09,537 [WARN] PackLoader:240 - Cannot read IP mode file for STMicroelectronics.X-CUBE-NFC6.3.0.0
2023-11-14 18:20:09,541 [WARN] PackLoader:240 - Cannot read IP mode file for STMicroelectronics.X-CUBE-EEPRMA1.4.1.0
2023-11-14 18:20:09,544 [WARN] PackLoader:240 - Cannot read IP mode file for STMicroelectronics.X-CUBE-AI.8.1.0
2023-11-14 18:20:09,553 [WARN] ConditionMgr:438 - getConditionDescription Invalid condition id : LAN8742 Phy interface Condition cause : null
2023-11-14 18:20:09,553 [WARN] PackLoader:240 - Cannot read IP mode file for STMicroelectronics.X-CUBE-AZRTOS-L4.2.0.0
2023-11-14 18:20:09,554 [WARN] ConditionMgr:1039 - genDependencies : Invalid condition id : LAN8742 Phy interface Condition cause : null
2023-11-14 18:20:09,554 [WARN] ConditionMgr:1039 - genDependencies : Invalid condition id : LAN8742 Phy interface Condition cause : null
2023-11-14 18:20:09,555 [WARN] ConditionMgr:1039 - genDependencies : Invalid condition id : LAN8742 Phy interface Condition cause : null
2023-11-14 18:20:09,559 [WARN] PackLoader:240 - Cannot read IP mode file for STMicroelectronics.X-CUBE-SFXS2LP1.4.0.0
2023-11-14 18:20:09,569 [WARN] PackLoader:240 - Cannot read IP mode file for STMicroelectronics.X-CUBE-AZRTOS-H7.3.0.0
2023-11-14 18:20:09,573 [WARN] PackLoader:240 - Cannot read IP mode file for STMicroelectronics.X-CUBE-ISPU.1.1.0
2023-11-14 18:20:09,578 [WARN] PackLoader:240 - Cannot read IP mode file for RoweBots.I-CUBE-UNISONRTOS.5.5.0-4
2023-11-14 18:20:09,581 [WARN] PackLoader:240 - Cannot read IP mode file for STMicroelectronics.X-CUBE-AI.8.0.0
2023-11-14 18:20:09,588 [WARN] ConditionMgr:438 - getConditionDescription Invalid condition id : UX DEVICE CLASS RTOS Condition cause : null
2023-11-14 18:20:09,588 [WARN] ConditionMgr:438 - getConditionDescription Invalid condition id : UX DEVICE CLASS RTOS Condition cause : null
2023-11-14 18:20:09,590 [WARN] PackLoader:240 - Cannot read IP mode file for STMicroelectronics.X-CUBE-AZRTOS-WB.2.0.0
2023-11-14 18:20:09,590 [WARN] ConditionMgr:1039 - genDependencies : Invalid condition id : UX DEVICE CLASS RTOS Condition cause : null
2023-11-14 18:20:09,590 [WARN] ConditionMgr:1039 - genDependencies : Invalid condition id : UX DEVICE CLASS RTOS Condition cause : null
2023-11-14 18:20:09,590 [WARN] ConditionMgr:1039 - genDependencies : Invalid condition id : UX DEVICE CLASS RTOS Condition cause : null
2023-11-14 18:20:09,590 [WARN] ConditionMgr:1039 - genDependencies : Invalid condition id : UX DEVICE CLASS RTOS Condition cause : null
2023-11-14 18:20:09,590 [WARN] ConditionMgr:1039 - genDependencies : Invalid condition id : UX DEVICE CLASS RTOS Condition cause : null
2023-11-14 18:20:09,594 [WARN] PackLoader:240 - Cannot read IP mode file for STMicroelectronics.X-CUBE-FREERTOS.1.0.0
2023-11-14 18:20:09,600 [WARN] PackLoader:240 - Cannot read IP mode file for STMicroelectronics.X-CUBE-AZRTOS-L5.1.1.0
2023-11-14 18:20:09,607 [WARN] PackLoader:240 - Cannot read IP mode file for STMicroelectronics.X-CUBE-SUBG2.5.0.0
2023-11-14 18:20:09,614 [WARN] PackLoader:240 - Cannot read IP mode file for STMicroelectronics.X-CUBE-TOF1.3.3.1
2023-11-14 18:20:09,627 [WARN] PackLoader:240 - Cannot read IP mode file for STMicroelectronics.X-CUBE-AZRTOS-G4.2.0.0
2023-11-14 18:20:09,631 [WARN] PackLoader:240 - Cannot read IP mode file for STMicroelectronics.FP-ATR-ASTRA1.1.1.1
2023-11-14 18:20:09,637 [WARN] PackLoader:240 - Cannot read IP mode file for Infineon.AIROC-Wi-Fi-Bluetooth-STM32.1.5.1
2023-11-14 18:20:09,641 [WARN] PackLoader:240 - Cannot read IP mode file for STMicroelectronics.FP-SNS-MOTENVWB1.1.3.0
2023-11-14 18:20:09,646 [WARN] PackLoader:240 - Cannot read IP mode file for STMicroelectronics.X-CUBE-AZRTOS-G4.1.0.0
2023-11-14 18:20:09,655 [WARN] PackLoader:240 - Cannot read IP mode file for STMicroelectronics.X-CUBE-AZRTOS-L4.1.0.0
2023-11-14 18:20:09,684 [WARN] PackLoader:240 - Cannot read IP mode file for STMicroelectronics.X-CUBE-MEMS1.10.0.0
2023-11-14 18:20:09,747 [WARN] PackLoader:240 - Cannot read IP mode file for STMicroelectronics.X-CUBE-FREERTOS.1.1.0
2023-11-14 18:20:09,754 [WARN] PackLoader:240 - Cannot read IP mode file for STMicroelectronics.X-CUBE-AZRTOS-WL.1.0.0
2023-11-14 18:20:09,758 [WARN] PackLoader:240 - Cannot read IP mode file for portGmbH.I-Cube-SoM-uGOAL.1.1.0
2023-11-14 18:20:09,761 [WARN] PackLoader:240 - Cannot read IP mode file for STMicroelectronics.X-CUBE-ALS.1.0.1
2023-11-14 18:20:09,769 [WARN] PackLoader:240 - Cannot read IP mode file for STMicroelectronics.X-CUBE-AZRTOS-WB.1.1.0
2023-11-14 18:20:09,774 [WARN] PackLoader:240 - Cannot read IP mode file for STMicroelectronics.FP-ATR-ASTRA1.2.0.0
2023-11-14 18:20:09,775 [INFO] ThirdParty:978 - Integrity check success = true
2023-11-14 18:20:09,775 [INFO] IntegrityCheckThread:100 - exiting critical section [integrity check]
2023-11-14 18:20:09,775 [INFO] IntegrityCheckThread:103 - End integrity checks thread
2023-11-14 18:20:28,368 [ERROR] LogOutputStream:75 - [STDERR_REDIRECT] SLF4J: Failed to load class "org.slf4j.impl.StaticLoggerBinder".
2023-11-14 18:20:28,368 [ERROR] LogOutputStream:75 - [STDERR_REDIRECT] SLF4J: Defaulting to no-operation (NOP) logger implementation
2023-11-14 18:20:28,368 [ERROR] LogOutputStream:75 - [STDERR_REDIRECT] SLF4J: See http://www.slf4j.org/codes.html#StaticLoggerBinder for further details.
2023-11-14 18:20:43,247 [INFO] McuFinderGlobals:63 - Set McuFinder mode to 2 (CubeIDE integrated)
2023-11-14 18:20:43,272 [INFO] MainUpdater:2868 - connection check result : 10
2023-11-14 18:20:43,279 [INFO] MainUpdater:2868 - connection check result : 10
2023-11-14 18:20:43,433 [INFO] MicroXplorer:468 - Change Database Path : 
2023-11-14 18:20:43,433 [INFO] MicroXplorer:498 - Change Database Version : DB.6.0.92
2023-11-14 18:20:43,435 [WARN] ThirdParty:871 - waiting for thirdparty lock release [close project]
2023-11-14 18:20:43,435 [INFO] ThirdParty:873 - entering critical section [close project]
2023-11-14 18:20:43,436 [INFO] ThirdParty:883 - exiting critical section [close project]
2023-11-14 18:20:43,437 [INFO] PinOutPanel:1499 - setPackage(No Configuration,No Configuration)
2023-11-14 18:20:43,442 [INFO] UtilMem:75 - Begin LoadConfig() Used Memory: 396810784 Bytes (553648128)
2023-11-14 18:20:43,443 [INFO] MicroXplorer:468 - Change Database Path : 
2023-11-14 18:20:43,443 [INFO] MicroXplorer:498 - Change Database Version : DB.6.0.92
2023-11-14 18:20:43,443 [INFO] OpenFileManager:308 - Change cursor
2023-11-14 18:20:43,475 [INFO] Mcu:1946 - Initializing MCU STM32F446R(C-E)Tx STM32F446RETx STM32F446RET6
2023-11-14 18:20:44,945 [INFO] Context:659 - Trying to add GPIOservice into a context  which must be forbidden
2023-11-14 18:20:45,617 [INFO] RtosManager:555 - Registered RTOS mode: class=CMSIS, group=RTOS, mode=CMSIS_V1, owner=FREERTOS
2023-11-14 18:20:45,617 [INFO] RtosManager:555 - Registered RTOS mode: class=CMSIS, group=RTOS2, mode=CMSIS_V2, owner=FREERTOS
2023-11-14 18:20:45,617 [INFO] RtosManager:555 - Registered RTOS mode: class=RTOS, group=Core, mode=CMSIS_V1, owner=FREERTOS
2023-11-14 18:20:45,617 [INFO] RtosManager:555 - Registered RTOS mode: class=RTOS, group=Core, mode=CMSIS_V2, owner=FREERTOS
2023-11-14 18:20:45,618 [WARN] ModelIntegratedComponent:184 - Missing modes for component STMicroelectronics:FreeRTOS:0.0.1:STMicroelectronics:RTOS:FreeRTOS:Core:::10.2.0:
2023-11-14 18:20:45,640 [WARN] ModelIntegratedComponent:63 - No mode defined for component null
2023-11-14 18:20:45,640 [WARN] ModelIntegratedComponent:63 - No mode defined for component null
2023-11-14 18:20:45,640 [WARN] ModelIntegratedComponent:63 - No mode defined for component null
2023-11-14 18:20:45,640 [WARN] ModelIntegratedComponent:63 - No mode defined for component null
2023-11-14 18:20:45,640 [WARN] ModelIntegratedComponent:63 - No mode defined for component null
2023-11-14 18:20:45,640 [WARN] ModelIntegratedComponent:63 - No mode defined for component null
2023-11-14 18:20:45,640 [WARN] ModelIntegratedComponent:63 - No mode defined for component null
2023-11-14 18:20:45,640 [WARN] ModelIntegratedComponent:63 - No mode defined for component null
2023-11-14 18:20:45,640 [WARN] ModelIntegratedComponent:63 - No mode defined for component null
2023-11-14 18:20:45,640 [WARN] ModelIntegratedComponent:63 - No mode defined for component null
2023-11-14 18:20:45,640 [WARN] ModelIntegratedComponent:63 - No mode defined for component null
2023-11-14 18:20:45,640 [WARN] ModelIntegratedComponent:63 - No mode defined for component null
2023-11-14 18:20:45,640 [WARN] ModelIntegratedComponent:63 - No mode defined for component null
2023-11-14 18:20:45,640 [WARN] ModelIntegratedComponent:63 - No mode defined for component null
2023-11-14 18:20:45,641 [WARN] ModelIntegratedComponent:63 - No mode defined for component null
2023-11-14 18:20:45,641 [WARN] ModelIntegratedComponent:63 - No mode defined for component null
2023-11-14 18:20:45,641 [WARN] ModelIntegratedComponent:63 - No mode defined for component null
2023-11-14 18:20:45,641 [WARN] ModelIntegratedComponent:63 - No mode defined for component null
2023-11-14 18:20:45,641 [WARN] ModelIntegratedComponent:63 - No mode defined for component null
2023-11-14 18:20:45,641 [WARN] ModelIntegratedComponent:63 - No mode defined for component null
2023-11-14 18:20:45,641 [WARN] ModelIntegratedComponent:63 - No mode defined for component null
2023-11-14 18:20:45,641 [WARN] ModelIntegratedComponent:63 - No mode defined for component null
2023-11-14 18:20:45,641 [WARN] ModelIntegratedComponent:63 - No mode defined for component null
2023-11-14 18:20:45,641 [WARN] ModelIntegratedComponent:63 - No mode defined for component null
2023-11-14 18:20:45,641 [WARN] ModelIntegratedComponent:63 - No mode defined for component null
2023-11-14 18:20:45,641 [WARN] ModelIntegratedComponent:63 - No mode defined for component null
2023-11-14 18:20:45,641 [WARN] ModelIntegratedComponent:63 - No mode defined for component null
2023-11-14 18:20:45,641 [WARN] ModelIntegratedComponent:63 - No mode defined for component null
2023-11-14 18:20:45,641 [WARN] ModelIntegratedComponent:63 - No mode defined for component null
2023-11-14 18:20:45,641 [WARN] ModelIntegratedComponent:63 - No mode defined for component null
2023-11-14 18:20:45,641 [WARN] ModelIntegratedComponent:63 - No mode defined for component null
2023-11-14 18:20:45,641 [WARN] ModelIntegratedComponent:63 - No mode defined for component null
2023-11-14 18:20:45,642 [WARN] ModelIntegratedComponent:63 - No mode defined for component null
2023-11-14 18:20:45,791 [INFO] ThirdPartyModel:298 - Start build external matchings
2023-11-14 18:20:46,583 [INFO] ThirdPartyModel:316 - End build external matchings
2023-11-14 18:20:46,602 [INFO] ImportTextPane:194 - (OptionalMessage_ERROR) IP (RCC) : Invalid parameter (48MHZClocksFreq_Value)
2023-11-14 18:20:46,603 [INFO] ImportTextPane:194 - (OptionalMessage_ERROR) IP (RCC) : Invalid parameter (EthernetFreq_Value)
2023-11-14 18:20:46,604 [INFO] ImportTextPane:194 - (OptionalMessage_ERROR) IP (RCC) : Parameter (FLatency) has Id (AdvancedSettings) currently not set
2023-11-14 18:20:46,604 [INFO] ImportTextPane:194 - (OptionalMessage_ERROR) IP (RCC) : Invalid parameter (FamilyName)
2023-11-14 18:20:46,604 [INFO] ImportTextPane:194 - (OptionalMessage_ERROR) IP (RCC) : Invalid parameter (I2SClocksFreq_Value)
2023-11-14 18:20:46,606 [INFO] ImportTextPane:194 - (OptionalMessage_ERROR) IP (RCC) : Parameter (SDIOFreq_Value) has invalid value (168000000)
2023-11-14 18:20:46,606 [INFO] ImportTextPane:194 - (OptionalMessage_ERROR) IP (RCC) : Parameter (USBFreq_Value) has invalid value (168000000)
2023-11-14 18:20:46,606 [INFO] ImportTextPane:194 - (OptionalMessage_ERROR) IP (RCC) : Invalid parameter (VCOInputMFreq_Value)
2023-11-14 18:20:46,606 [INFO] ImportTextPane:194 - (OptionalMessage_ERROR) IP (RCC) : Invalid parameter (VcooutputI2S)
2023-11-14 18:20:46,868 [INFO] UtilMem:75 - End LoadConfig() Used Memory: 659414720 Bytes (1042284544)
2023-11-14 18:20:47,005 [INFO] ApiDb:581 - Connected to CubeFinder SQLite database (C:\Users\andep\.stmcufinder\plugins\mcufinder\mcu\cube-finder-db.db)
2023-11-14 18:20:47,090 [INFO] ApiDb:668 - CubeFinder database Data Model version=2.1
2023-11-14 18:20:47,091 [INFO] ApiDb:669 - CubeFinder database Configuration version=3.0.37
2023-11-14 18:20:47,091 [INFO] ApiDb:670 - CubeFinder database generation date=2023-10-13 (1697197505)
2023-11-14 18:20:47,091 [INFO] ApiDb:671 - CubeFinder database FW Pack versions=[FP-ATR-ASTRA1_V2.0.0, FP-SNS-FLIGHT1_V5.0.1, FP-SNS-FLIGHT1_V5.0.2, FP-SNS-MOTENV1_V4.3.1, FP-SNS-MOTENV1_V4.3.2, FP-SNS-SMARTAG2_V1.2.0, I-CUBE-ITTIADB_V8.6.3-1, STM32Cube_FW_C0_V1.1.0, STM32Cube_FW_F4_V1.27.1, STM32Cube_FW_F7_V1.17.0, STM32Cube_FW_G0_V1.6.1, STM32Cube_FW_G4_V1.5.1, STM32Cube_FW_H5_V0.5.1, STM32Cube_FW_H5_V1.1.1, STM32Cube_FW_H7_V1.11.0, STM32Cube_FW_L0_V1.12.2, STM32Cube_FW_L5_V1.5.0, STM32Cube_FW_U5_V1.3.0, STM32Cube_FW_U5_V1.3.0RC4, STM32Cube_FW_WBA_V1.0.0RC1, STM32Cube_FW_WBA_V1.1.0RC1, STM32Cube_FW_WBA_V1.1.1, STM32Cube_FW_WB_V1.15.0RC1, STM32Cube_FW_WB_V1.16.0, STM32Cube_FW_WB_V1.16.0RC2, STM32Cube_FW_WB_V1.17.3, STM32Cube_FW_WL_V1.3.0, X-CUBE-ALGOBUILD_V1.3.0, X-CUBE-ALS_V1.0.1, X-CUBE-AZRTOS-F4_V1.1.0, X-CUBE-AZRTOS-F7_V1.1.0, X-CUBE-AZRTOS-G0_V1.1.0, X-CUBE-AZRTOS-G4_V2.0.0, X-CUBE-AZRTOS-H7_V3.1.0, X-CUBE-AZRTOS-L4_V1.0.0, X-CUBE-AZRTOS-L4_V2.0.0, X-CUBE-AZRTOS-L5_V1.1.0, X-CUBE-AZRTOS-WB_V2.0.0, X-CUBE-AZRTOS-WL_V2.0.0, X-CUBE-BLE1_V7.0.0, X-CUBE-BLE2_V3.3.0, X-CUBE-BLEMGR_V2.0.0, X-CUBE-EEPRMA1_V4.1.0, X-CUBE-FREERTOS_V1.1.0, X-CUBE-GNSS1_V6.0.0, X-CUBE-MEMS1_V10.0.0, X-CUBE-MEMS1_V9.1.0, X-CUBE-MEMS1_V9.4.0, X-CUBE-MEMS1_V9.6.0, X-CUBE-NFC4_V3.0.0, X-CUBE-NFC7_V1.0.1, X-CUBE-SFXS2LP1_V4.0.0, X-CUBE-SUBG2_V5.0.0, X-CUBE-TOF1_V3.3.1]
2023-11-14 18:20:48,819 [INFO] ApiDb:240 - Found 323 in-development CPN: [B-G473E-ZEST1S, B-WB1M-WPAN1, B-WL5M-SUBG1, NUCLEO-C031C6, NUCLEO-H503RB, NUCLEO-H563ZI, NUCLEO-U545RE-Q, NUCLEO-U5A5ZJ-Q, NUCLEO-WBA52CG, STEVAL-PROTEUS1, STEVAL-SMARTAG2, STEVAL-STWINBX1, STM320518-EVAL, STM32C0116-DK, STM32C011D6Y3TR, STM32C011D6Y6TR, STM32C011F4P3, STM32C011F4P6, STM32C011F4U3, STM32C011F4U6TR, STM32C011F6P3, STM32C011F6P6, STM32C011F6U3, STM32C011F6U6TR, STM32C011J4M3, STM32C011J4M6, STM32C011J6M3, STM32C011J6M6, STM32C0316-DK, STM32C031C4T3, STM32C031C4T6, STM32C031C4U3, STM32C031C4U6, STM32C031C6T3, STM32C031C6T6, STM32C031C6U3, STM32C031C6U6, STM32C031F4P3, STM32C031F4P6, STM32C031F6P3, STM32C031F6P6, STM32C031G4U3, STM32C031G4U6, STM32C031G6U3, STM32C031G6U6, STM32C031K4T3, STM32C031K4T6, STM32C031K4U3, STM32C031K4U6, STM32C031K6T3, STM32C031K6T6, STM32C031K6U3, STM32C031K6U6, STM32G071K8TXN, STM32G071K8UXN, STM32G081GBU6N, STM32G081KBT6N, STM32G081KBUXN, STM32G0B1CCT6N, STM32G0B1KCT6, STM32G0B1NEY6TR, STM32G0B1RCT6N, STM32G0C1CCT6, STM32G0C1CCT6N, STM32G0C1CCU6N, STM32G0C1CET6N, STM32G0C1CEU6N, STM32G0C1KCT6, STM32G0C1NEY6TR, STM32G0C1RCI6N, STM32G0C1RCT6N, STM32G0C1REI6N, STM32G0C1RET6N, STM32G0C1VCI6, STM32G0C1VEI6, STM32G471CCT6, STM32G471CCU6, STM32G471CET3, STM32G471CET6, STM32G471CEU3, STM32G471CEU6, STM32G471MCT6, STM32G471MET3, STM32G471MET6, STM32G471MEY6TR, STM32G471QCT6, STM32G471QET3, STM32G471RCT6, STM32G471RET3, STM32G471RET6, STM32G471VCH6, STM32G471VCI6, STM32G471VCT6, STM32G471VEH3, STM32G471VEH6, STM32G471VEI3, STM32G471VEI6, STM32G471VET3, STM32G471VET6, STM32G474CCT6, STM32H503CBT6, STM32H503CBU6, STM32H503EBY6TR, STM32H503KBU6, STM32H503RBT6, STM32H562AGI6, STM32H562AII6, STM32H562IGK6, STM32H562IGT6, STM32H562IIK6, STM32H562IIT6, STM32H562RGT6, STM32H562RGV6, STM32H562RIT6, STM32H562RIV6, STM32H562VGT6, STM32H562VIT6, STM32H562ZGT6, STM32H562ZIT6, STM32H563AGI6, STM32H563AII3Q, STM32H563AII6, STM32H563IGK6, STM32H563IGT6, STM32H563IIK3Q, STM32H563IIK6, STM32H563IIT3Q, STM32H563IIT6, STM32H563MIY3QTR, STM32H563RGT6, STM32H563RGV6, STM32H563RIT6, STM32H563RIV6, STM32H563VGT6, STM32H563VIT3Q, STM32H563VIT6, STM32H563ZGT6, STM32H563ZIT3Q, STM32H563ZIT6, STM32H573AII3Q, STM32H573AII6, STM32H573I-DK, STM32H573IIK3Q, STM32H573IIK6, STM32H573IIT3Q, STM32H573IIT6, STM32H573MIY3QTR, STM32H573RIT6, STM32H573RIV6, STM32H573VIT3Q, STM32H573VIT6, STM32H573ZIT3Q, STM32H573ZIT6, STM32L4R5QGI6STR, STM32MP131AAE3, STM32MP131AAF3, STM32MP131AAG3, STM32MP131CAE3, STM32MP131CAF3, STM32MP131CAG3, STM32MP131DAE7, STM32MP131DAF7, STM32MP131DAG7, STM32MP131FAE7, STM32MP131FAF7, STM32MP131FAG7, STM32MP133AAE3, STM32MP133AAF3, STM32MP133AAG3, STM32MP133CAE3, STM32MP133CAF3, STM32MP133CAG3, STM32MP133DAE7, STM32MP133DAF7, STM32MP133DAG7, STM32MP133FAE7, STM32MP133FAF7, STM32MP133FAG7, STM32MP135AAE3, STM32MP135AAF3, STM32MP135AAG3, STM32MP135CAE3, STM32MP135CAF3, STM32MP135CAG3, STM32MP135DAE7, STM32MP135DAF7, STM32MP135DAG7, STM32MP135F-DK, STM32MP135FAE7, STM32MP135FAF7, STM32MP135FAF7T, STM32MP135FAF7U, STM32MP135FAG7, STM32U535CBT6, STM32U535CBT6Q, STM32U535CBU6, STM32U535CBU6Q, STM32U535CCT6, STM32U535CCT6Q, STM32U535CCU6, STM32U535CCU6Q, STM32U535CET6, STM32U535CET6Q, STM32U535CEU6, STM32U535CEU6Q, STM32U535JEY6QTR, STM32U535NCY6QTR, STM32U535NEY6QTR, STM32U535RBI6, STM32U535RBI6Q, STM32U535RBT6, STM32U535RBT6Q, STM32U535RCI6, STM32U535RCI6Q, STM32U535RCT6, STM32U535RCT6Q, STM32U535REI6, STM32U535REI6Q, STM32U535RET6, STM32U535RET6Q, STM32U535VCI6, STM32U535VCI6Q, STM32U535VCT6, STM32U535VCT6Q, STM32U535VEI6, STM32U535VEI6Q, STM32U535VET6, STM32U535VET6Q, STM32U545CET6, STM32U545CET6Q, STM32U545CEU6, STM32U545CEU6Q, STM32U545JEY6QTR, STM32U545NEY6QTR, STM32U545REI6, STM32U545REI6Q, STM32U545RET6, STM32U545RET6Q, STM32U545VEI6, STM32U545VEI6Q, STM32U545VET6, STM32U545VET6Q, STM32U595AIH6, STM32U595AIH6Q, STM32U595AJH6, STM32U595AJH6Q, STM32U595QII6, STM32U595QII6Q, STM32U595QJI6, STM32U595QJI6Q, STM32U595RIT6, STM32U595RIT6Q, STM32U595RJT6, STM32U595RJT6Q, STM32U595VIT6, STM32U595VIT6Q, STM32U595VJT6, STM32U595VJT6Q, STM32U595ZIT6, STM32U595ZIT6Q, STM32U595ZIY6QTR, STM32U595ZJT6, STM32U595ZJT6Q, STM32U595ZJY6QTR, STM32U599BJY6QTR, STM32U599NIH6Q, STM32U599NJH6Q, STM32U599VIT6Q, STM32U599VJT6, STM32U599VJT6Q, STM32U599ZIT6Q, STM32U599ZIY6QTR, STM32U599ZJT6Q, STM32U599ZJY6QTR, STM32U5A5AJH6, STM32U5A5AJH6Q, STM32U5A5QJI6, STM32U5A5QJI6Q, STM32U5A5RJT6, STM32U5A5RJT6Q, STM32U5A5VJT6, STM32U5A5VJT6Q, STM32U5A5ZJT6, STM32U5A5ZJT6Q, STM32U5A5ZJY6QTR, STM32U5A9BJY6QTR, STM32U5A9J-DK, STM32U5A9NJH6Q, STM32U5A9VJT6Q, STM32U5A9ZJT6Q, STM32U5A9ZJY6QTR, STM32U5F7VIT6, STM32U5F7VIT6Q, STM32U5F7VJT6, STM32U5F7VJT6Q, STM32U5F9BJY6QTR, STM32U5F9NJH6Q, STM32U5F9VIT6Q, STM32U5F9VJT6Q, STM32U5F9ZIJ6QTR, STM32U5F9ZIT6Q, STM32U5F9ZJJ6QTR, STM32U5F9ZJT6Q, STM32U5G7VJT6, STM32U5G7VJT6Q, STM32U5G9BJY6QTR, STM32U5G9J-DK1, STM32U5G9J-DK2, STM32U5G9NJH6Q, STM32U5G9VJT6Q, STM32U5G9ZJJ6QTR, STM32U5G9ZJT6Q, STM32WB1MMCH6, STM32WBA52CEU6, STM32WBA52CEU6T, STM32WBA52CGU6, STM32WBA52CGU6T, STM32WBA52KEU6, STM32WBA52KEU6T, STM32WBA52KGU6, STM32WBA52KGU6T, STM32WL5MOCH6, STM32WL5MOCH6TR]
2023-11-14 18:20:48,824 [INFO] DbMcus:217 - Found 3848 MCUs, 3848 are supported
2023-11-14 18:20:48,825 [INFO] ApiDb:423 - Load user favorites file C:\Users\andep/.stm32cubeide/favorites.mcus.txt: 0 item(s)
2023-11-14 18:20:48,825 [INFO] ApiDb:427 - User favorites MCUs=[]
2023-11-14 18:20:48,825 [INFO] DbMcus:223 - Set 0 / 0 favorites MCUs
2023-11-14 18:20:49,098 [WARN] ThirdParty:833 - waiting for thirdparty lock release [change project]
2023-11-14 18:20:49,098 [INFO] ThirdParty:835 - entering critical section [change project]
2023-11-14 18:20:49,098 [INFO] ThirdParty:1030 - CMSIS Pack Vendor :STMicroelectronics X-CUBE-ISPU 1.1.0
2023-11-14 18:20:49,098 [INFO] ThirdParty:1030 - CMSIS Pack Vendor :STMicroelectronics USBPD 4.1
2023-11-14 18:20:49,098 [INFO] ThirdParty:1030 - CMSIS Pack Vendor :RoweBots I-CUBE-UNISONRTOS 5.5.0-4
2023-11-14 18:20:49,098 [INFO] ThirdParty:1030 - CMSIS Pack Vendor :STMicroelectronics X-CUBE-GNSS1 6.0.0
2023-11-14 18:20:49,098 [INFO] ThirdParty:1030 - CMSIS Pack Vendor :STMicroelectronics USB_HOST 2.0.0
2023-11-14 18:20:49,098 [INFO] ThirdParty:1030 - CMSIS Pack Vendor :STMicroelectronics X-CUBE-AZRTOS-F4 1.1.0
2023-11-14 18:20:49,098 [INFO] ThirdParty:1030 - CMSIS Pack Vendor :STMicroelectronics LIBJPEG 8.0.0
2023-11-14 18:20:49,098 [INFO] ThirdParty:1030 - CMSIS Pack Vendor :STMicroelectronics X-CUBE-SMBUS 2.1.0
2023-11-14 18:20:49,098 [INFO] ThirdParty:1030 - CMSIS Pack Vendor :STMicroelectronics USB_DEVICE 3.0.0
2023-11-14 18:20:49,098 [INFO] ThirdParty:1030 - CMSIS Pack Vendor :STMicroelectronics X-CUBE-AI 8.0.0
2023-11-14 18:20:49,099 [INFO] ThirdParty:1030 - CMSIS Pack Vendor :STMicroelectronics X-CUBE-AZRTOS-WB 2.0.0
2023-11-14 18:20:49,099 [INFO] ThirdParty:1030 - CMSIS Pack Vendor :STMicroelectronics X-CUBE-FREERTOS 1.0.0
2023-11-14 18:20:49,099 [INFO] ThirdParty:1030 - CMSIS Pack Vendor :STMicroelectronics X-CUBE-TOUCHGFX 4.21.1
2023-11-14 18:20:49,099 [INFO] ThirdParty:1030 - CMSIS Pack Vendor :STMicroelectronics X-CUBE-AZRTOS-F7 1.1.0
2023-11-14 18:20:49,099 [INFO] ThirdParty:1030 - CMSIS Pack Vendor :STMicroelectronics X-CUBE-AZRTOS-L5 2.0.0
2023-11-14 18:20:49,099 [INFO] ThirdParty:1030 - CMSIS Pack Vendor :STMicroelectronics USB_DEVICE 2.0.0
2023-11-14 18:20:49,099 [INFO] ThirdParty:1030 - CMSIS Pack Vendor :STMicroelectronics X-CUBE-AI 7.3.0
2023-11-14 18:20:49,099 [INFO] ThirdParty:1030 - CMSIS Pack Vendor :STMicroelectronics X-CUBE-MEMS1 9.6.0
2023-11-14 18:20:49,099 [INFO] ThirdParty:1030 - CMSIS Pack Vendor :STMicroelectronics X-CUBE-EEPRMA1 4.2.0
2023-11-14 18:20:49,099 [INFO] ThirdParty:1030 - CMSIS Pack Vendor :ITTIA_DB I-CUBE-ITTIADB 8.8.0
2023-11-14 18:20:49,099 [INFO] ThirdParty:1030 - CMSIS Pack Vendor :STMicroelectronics FP-SNS-MOTENV1 4.3.2
2023-11-14 18:20:49,099 [INFO] ThirdParty:1030 - CMSIS Pack Vendor :STMicroelectronics X-CUBE-ALGOBUILD 1.3.0
2023-11-14 18:20:49,099 [INFO] ThirdParty:1030 - CMSIS Pack Vendor :STMicroelectronics X-CUBE-BLE1 6.2.4
2023-11-14 18:20:49,099 [INFO] ThirdParty:1030 - CMSIS Pack Vendor :STMicroelectronics X-CUBE-AZRTOS-L5 1.1.0
2023-11-14 18:20:49,099 [INFO] ThirdParty:1030 - CMSIS Pack Vendor :STMicroelectronics FreeRTOS 0.0.1
2023-11-14 18:20:49,099 [INFO] ThirdParty:1030 - CMSIS Pack Vendor :STMicroelectronics X-CUBE-AZRTOS-G0 1.1.0
2023-11-14 18:20:49,099 [INFO] ThirdParty:1030 - CMSIS Pack Vendor :emotas I-CUBE-CANOPEN 1.1.3
2023-11-14 18:20:49,099 [INFO] ThirdParty:1030 - CMSIS Pack Vendor :STMicroelectronics X-CUBE-BLEMGR 2.0.0
2023-11-14 18:20:49,099 [INFO] ThirdParty:1030 - CMSIS Pack Vendor :STMicroelectronics X-CUBE-NFC4 3.0.0
2023-11-14 18:20:49,099 [INFO] ThirdParty:1030 - CMSIS Pack Vendor :STMicroelectronics X-CUBE-SUBG2 5.0.0
2023-11-14 18:20:49,099 [INFO] ThirdParty:1030 - CMSIS Pack Vendor :STMicroelectronics STM32_WPAN 1.0.0
2023-11-14 18:20:49,099 [INFO] ThirdParty:1030 - CMSIS Pack Vendor :STMicroelectronics lwIP 2.0.3
2023-11-14 18:20:49,099 [INFO] ThirdParty:1030 - CMSIS Pack Vendor :STMicroelectronics FP-SNS-FLIGHT1 5.0.2
2023-11-14 18:20:49,099 [INFO] ThirdParty:1030 - CMSIS Pack Vendor :STMicroelectronics USB_HOST 1.0.0
2023-11-14 18:20:49,099 [INFO] ThirdParty:1030 - CMSIS Pack Vendor :STMicroelectronics X-CUBE-TOF1 3.3.1
2023-11-14 18:20:49,099 [INFO] ThirdParty:1030 - CMSIS Pack Vendor :STMicroelectronics X-CUBE-AZRTOS-G4 2.0.0
2023-11-14 18:20:49,099 [INFO] ThirdParty:1030 - CMSIS Pack Vendor :STMicroelectronics PDM2PCM 3.1.0
2023-11-14 18:20:49,099 [INFO] ThirdParty:1030 - CMSIS Pack Vendor :STMicroelectronics X-CUBE-AZRTOS-H7 3.1.0
2023-11-14 18:20:49,099 [INFO] ThirdParty:1030 - CMSIS Pack Vendor :STMicroelectronics FP-ATR-ASTRA1 1.1.1
2023-11-14 18:20:49,099 [INFO] ThirdParty:1030 - CMSIS Pack Vendor :Infineon AIROC-Wi-Fi-Bluetooth-STM32 1.5.1
2023-11-14 18:20:49,099 [INFO] ThirdParty:1030 - CMSIS Pack Vendor :STMicroelectronics X-CUBE-BLEMGR 3.0.0
2023-11-14 18:20:49,099 [INFO] ThirdParty:1030 - CMSIS Pack Vendor :STMicroelectronics PDM2PCM 3.3.0
2023-11-14 18:20:49,099 [INFO] ThirdParty:1030 - CMSIS Pack Vendor :STMicroelectronics X-CUBE-DISPLAY 3.0.0
2023-11-14 18:20:49,099 [INFO] ThirdParty:1030 - CMSIS Pack Vendor :STMicroelectronics X-CUBE-BLEMGR 1.3.0
2023-11-14 18:20:49,099 [INFO] ThirdParty:1030 - CMSIS Pack Vendor :STMicroelectronics FP-SNS-MOTENVWB1 1.3.0
2023-11-14 18:20:49,099 [INFO] ThirdParty:1030 - CMSIS Pack Vendor :STMicroelectronics X-CUBE-BLE1 7.0.0
2023-11-14 18:20:49,099 [INFO] ThirdParty:1030 - CMSIS Pack Vendor :STMicroelectronics FP-ATR-SIGFOX1 3.2.0
2023-11-14 18:20:49,100 [INFO] ThirdParty:1030 - CMSIS Pack Vendor :STMicroelectronics X-CUBE-AZRTOS-G4 1.0.0
2023-11-14 18:20:49,100 [INFO] ThirdParty:1030 - CMSIS Pack Vendor :wolfSSL I-CUBE-wolfSSL 5.5.4
2023-11-14 18:20:49,100 [INFO] ThirdParty:1030 - CMSIS Pack Vendor :STMicroelectronics X-CUBE-AZRTOS-L4 1.0.0
2023-11-14 18:20:49,100 [INFO] ThirdParty:1030 - CMSIS Pack Vendor :STMicroelectronics HAL Drivers 0.0.0
2023-11-14 18:20:49,100 [INFO] ThirdParty:1030 - CMSIS Pack Vendor :STMicroelectronics MBEDTLS 2.16.2
2023-11-14 18:20:49,100 [INFO] ThirdParty:1030 - CMSIS Pack Vendor :STMicroelectronics X-CUBE-MEMS1 10.0.0
2023-11-14 18:20:49,100 [INFO] ThirdParty:1030 - CMSIS Pack Vendor :STMicroelectronics X-CUBE-FREERTOS 1.1.0
2023-11-14 18:20:49,100 [INFO] ThirdParty:1030 - CMSIS Pack Vendor :STMicroelectronics X-CUBE-NFC7 1.0.1
2023-11-14 18:20:49,100 [INFO] ThirdParty:1030 - CMSIS Pack Vendor :STMicroelectronics MBEDTLS 2.14.1
2023-11-14 18:20:49,100 [INFO] ThirdParty:1030 - CMSIS Pack Vendor :STMicroelectronics X-CUBE-NFC7 1.0.0
2023-11-14 18:20:49,100 [INFO] ThirdParty:1030 - CMSIS Pack Vendor :STMicroelectronics X-CUBE-TOUCHGFX 4.22.1
2023-11-14 18:20:49,100 [INFO] ThirdParty:1030 - CMSIS Pack Vendor :STMicroelectronics X-CUBE-AZRTOS-WL 1.0.0
2023-11-14 18:20:49,100 [INFO] ThirdParty:1030 - CMSIS Pack Vendor :STMicroelectronics X-CUBE-NFC6 3.0.0
2023-11-14 18:20:49,100 [INFO] ThirdParty:1030 - CMSIS Pack Vendor :STMicroelectronics X-CUBE-EEPRMA1 4.1.0
2023-11-14 18:20:49,100 [INFO] ThirdParty:1030 - CMSIS Pack Vendor :portGmbH I-Cube-SoM-uGOAL 1.1.0
2023-11-14 18:20:49,100 [INFO] ThirdParty:1030 - CMSIS Pack Vendor :STMicroelectronics X-CUBE-ALS 1.0.1
2023-11-14 18:20:49,100 [INFO] ThirdParty:1030 - CMSIS Pack Vendor :STMicroelectronics X-CUBE-MEMS1 9.5.0
2023-11-14 18:20:49,100 [INFO] ThirdParty:1030 - CMSIS Pack Vendor :STMicroelectronics ThreadX 1.0.0
2023-11-14 18:20:49,100 [INFO] ThirdParty:1030 - CMSIS Pack Vendor :STMicroelectronics FP-SNS-SMARTAG2 1.2.0
2023-11-14 18:20:49,100 [INFO] ThirdParty:1030 - CMSIS Pack Vendor :STMicroelectronics X-CUBE-AZRTOS-WB 1.1.0
2023-11-14 18:20:49,100 [INFO] ThirdParty:1030 - CMSIS Pack Vendor :STMicroelectronics X-CUBE-AZRTOS-WL 2.0.0
2023-11-14 18:20:49,100 [INFO] ThirdParty:1030 - CMSIS Pack Vendor :SEGGER I-CUBE-embOS 1.3.1
2023-11-14 18:20:49,100 [INFO] ThirdParty:1030 - CMSIS Pack Vendor :STMicroelectronics USB_DEVICE 1.0.0
2023-11-14 18:20:49,100 [INFO] ThirdParty:1030 - CMSIS Pack Vendor :STMicroelectronics X-CUBE-AI 8.1.0
2023-11-14 18:20:49,100 [INFO] ThirdParty:1030 - CMSIS Pack Vendor :STMicroelectronics X-CUBE-AZRTOS-L4 2.0.0
2023-11-14 18:20:49,100 [INFO] ThirdParty:1030 - CMSIS Pack Vendor :STMicroelectronics ThreadX 0.0.2
2023-11-14 18:20:49,100 [INFO] ThirdParty:1030 - CMSIS Pack Vendor :WES I-CUBE-Cesium 1.3.0
2023-11-14 18:20:49,100 [INFO] ThirdParty:1030 - CMSIS Pack Vendor :STMicroelectronics FP-ATR-ASTRA1 2.0.0
2023-11-14 18:20:49,100 [INFO] ThirdParty:1030 - CMSIS Pack Vendor :STMicroelectronics lwIP 2.1.2
2023-11-14 18:20:49,100 [INFO] ThirdParty:1030 - CMSIS Pack Vendor :STMicroelectronics X-CUBE-SFXS2LP1 4.0.0
2023-11-14 18:20:49,100 [INFO] ThirdParty:1030 - CMSIS Pack Vendor :STMicroelectronics X-CUBE-BLE2 3.3.0
2023-11-14 18:20:49,100 [INFO] ThirdParty:1030 - CMSIS Pack Vendor :STMicroelectronics X-CUBE-TOF1 3.2.0
2023-11-14 18:20:49,100 [INFO] ThirdParty:1030 - CMSIS Pack Vendor :STMicroelectronics PDM2PCM 3.2.0
2023-11-14 18:20:49,100 [INFO] ThirdParty:1030 - CMSIS Pack Vendor :STMicroelectronics X-CUBE-AZRTOS-H7 3.0.0
2023-11-14 18:20:49,100 [INFO] ThirdParty:841 - exiting critical section [change project]
2023-11-14 18:20:49,418 [INFO] PinOutPanel:1499 - setPackage(No Configuration,No Configuration)
2023-11-14 18:20:49,419 [INFO] PinOutPanel:1499 - setPackage(STM32F446RETx,LQFP64)
2023-11-14 18:20:49,821 [INFO] UtilMem:75 - Before build in PCC Used Memory: 573976576 Bytes (1073741824)
2023-11-14 18:20:50,432 [INFO] UtilMem:75 - After build in PCC Used Memory: 677667832 Bytes (1073741824)
2023-11-14 18:20:50,458 [INFO] IPUIPlugin:80 - create IPUIPlugin
2023-11-14 18:20:50,458 [INFO] IPUIPlugin:80 - create IPUIPlugin
2023-11-14 18:20:50,458 [INFO] IPUIPlugin:80 - create IPUIPlugin
2023-11-14 18:20:50,458 [INFO] IPUIPlugin:80 - create IPUIPlugin
2023-11-14 18:20:50,458 [INFO] IPUIPlugin:80 - create IPUIPlugin
2023-11-14 18:20:50,458 [INFO] IPUIPlugin:80 - create IPUIPlugin
2023-11-14 18:20:50,458 [INFO] IPUIPlugin:80 - create IPUIPlugin
2023-11-14 18:20:50,459 [INFO] IPUIPlugin:80 - create IPUIPlugin
2023-11-14 18:20:50,459 [INFO] IPUIPlugin:80 - create IPUIPlugin
2023-11-14 18:20:50,459 [INFO] IPUIPlugin:80 - create IPUIPlugin
2023-11-14 18:20:50,459 [INFO] IPUIPlugin:80 - create IPUIPlugin
2023-11-14 18:20:50,459 [INFO] IPUIPlugin:80 - create IPUIPlugin
2023-11-14 18:20:50,459 [INFO] IPUIPlugin:80 - create IPUIPlugin
2023-11-14 18:20:50,459 [INFO] IPUIPlugin:80 - create IPUIPlugin
2023-11-14 18:20:50,459 [INFO] IPUIPlugin:80 - create IPUIPlugin
2023-11-14 18:20:50,459 [INFO] IPUIPlugin:80 - create IPUIPlugin
2023-11-14 18:20:50,460 [INFO] IPUIPlugin:80 - create IPUIPlugin
2023-11-14 18:20:50,460 [INFO] IPUIPlugin:80 - create IPUIPlugin
2023-11-14 18:20:50,460 [INFO] IPUIPlugin:80 - create IPUIPlugin
2023-11-14 18:20:50,460 [INFO] IPUIPlugin:80 - create IPUIPlugin
2023-11-14 18:20:50,460 [INFO] IPUIPlugin:80 - create IPUIPlugin
2023-11-14 18:20:50,460 [INFO] IPUIPlugin:80 - create IPUIPlugin
2023-11-14 18:20:50,461 [INFO] IPUIPlugin:80 - create IPUIPlugin
2023-11-14 18:20:50,461 [INFO] IPUIPlugin:80 - create IPUIPlugin
2023-11-14 18:20:50,461 [INFO] IPUIPlugin:80 - create IPUIPlugin
2023-11-14 18:20:50,461 [INFO] IPUIPlugin:80 - create IPUIPlugin
2023-11-14 18:20:50,461 [INFO] IPUIPlugin:80 - create IPUIPlugin
2023-11-14 18:20:50,461 [INFO] IPUIPlugin:80 - create IPUIPlugin
2023-11-14 18:20:50,462 [INFO] IPUIPlugin:80 - create IPUIPlugin
2023-11-14 18:20:50,462 [INFO] IPUIPlugin:80 - create IPUIPlugin
2023-11-14 18:20:50,462 [INFO] IPUIPlugin:80 - create IPUIPlugin
2023-11-14 18:20:50,462 [INFO] IPUIPlugin:80 - create IPUIPlugin
2023-11-14 18:20:50,462 [INFO] IPUIPlugin:80 - create IPUIPlugin
2023-11-14 18:20:50,462 [INFO] IPUIPlugin:80 - create IPUIPlugin
2023-11-14 18:20:50,462 [INFO] IPUIPlugin:80 - create IPUIPlugin
2023-11-14 18:20:50,463 [INFO] IPUIPlugin:80 - create IPUIPlugin
2023-11-14 18:20:50,463 [INFO] IPUIPlugin:80 - create IPUIPlugin
2023-11-14 18:20:50,463 [INFO] IPUIPlugin:80 - create IPUIPlugin
2023-11-14 18:20:50,463 [INFO] IPUIPlugin:80 - create IPUIPlugin
2023-11-14 18:20:50,463 [INFO] IPUIPlugin:80 - create IPUIPlugin
2023-11-14 18:20:50,463 [INFO] IPUIPlugin:80 - create IPUIPlugin
2023-11-14 18:20:50,463 [INFO] IPUIPlugin:80 - create IPUIPlugin
2023-11-14 18:20:50,463 [INFO] IPUIPlugin:80 - create IPUIPlugin
2023-11-14 18:20:50,464 [INFO] IPUIPlugin:80 - create IPUIPlugin
2023-11-14 18:20:50,464 [INFO] IPUIPlugin:80 - create IPUIPlugin
2023-11-14 18:20:50,464 [INFO] IPUIPlugin:80 - create IPUIPlugin
2023-11-14 18:20:50,464 [INFO] IPUIPlugin:80 - create IPUIPlugin
2023-11-14 18:20:50,465 [INFO] IPUIPlugin:80 - create IPUIPlugin
2023-11-14 18:20:50,465 [INFO] IPUIPlugin:80 - create IPUIPlugin
2023-11-14 18:20:50,465 [INFO] IPUIPlugin:80 - create IPUIPlugin
2023-11-14 18:20:50,465 [INFO] IPUIPlugin:80 - create IPUIPlugin
2023-11-14 18:20:50,465 [INFO] IPUIPlugin:80 - create IPUIPlugin
2023-11-14 18:20:50,466 [INFO] IPUIPlugin:80 - create IPUIPlugin
2023-11-14 18:20:50,466 [INFO] IPUIPlugin:80 - create IPUIPlugin
2023-11-14 18:20:50,466 [INFO] IPUIPlugin:80 - create IPUIPlugin
2023-11-14 18:20:50,466 [INFO] IPUIPlugin:80 - create IPUIPlugin
2023-11-14 18:20:50,467 [INFO] IPUIPlugin:80 - create IPUIPlugin
2023-11-14 18:20:50,467 [INFO] IPUIPlugin:80 - create IPUIPlugin
2023-11-14 18:20:50,467 [INFO] IPUIPlugin:80 - create IPUIPlugin
2023-11-14 18:20:50,468 [INFO] IPUIPlugin:80 - create IPUIPlugin
2023-11-14 18:20:50,533 [INFO] ApiDbMcu:507 - Load IP Config File for PDM2PCM
2023-11-14 18:20:50,703 [INFO] CADModel:165 - CPN selected for project levelSTM32F446RET6
2023-11-14 18:20:50,703 [INFO] CADModel:114 - Register for checkConnection events
2023-11-14 18:20:50,751 [INFO] OpenFileManager:328 - Restore cursor
2023-11-14 18:21:03,262 [INFO] Gpio:273 - dependency for GPIO [RCC, SYS, USART2, USART3]
2023-11-14 18:27:45,663 [INFO] UtilMem:75 - End SaveConfig() Used Memory: 927069296 Bytes (1073741824)
2023-11-14 18:27:47,937 [INFO] UtilMem:75 - End SaveConfig() Used Memory: 585703488 Bytes (1073741824)
2023-11-14 18:27:48,543 [INFO] UtilMem:75 - End SaveConfig() Used Memory: 563306736 Bytes (1073741824)
2023-11-14 18:27:48,939 [INFO] BlockDiagram:2759 - set Specific Code input for plugin: SYS
2023-11-14 18:27:48,939 [INFO] BlockDiagram:2759 - set Specific Code input for plugin: RCC
2023-11-14 18:27:48,939 [INFO] BlockDiagram:2759 - set Specific Code input for plugin: NVIC
2023-11-14 18:27:48,939 [INFO] BlockDiagram:2759 - set Specific Code input for plugin: USART
2023-11-14 18:27:48,939 [INFO] BlockDiagram:2759 - set Specific Code input for plugin: USART
2023-11-14 18:27:48,940 [INFO] BlockDiagram:2759 - set Specific Code input for plugin: GPIO
2023-11-14 18:27:48,941 [INFO] CodeGenerator:799 - code generatio: config db path: C:\ST\STM32CubeIDE_1.11.2\STM32CubeIDE\plugins\com.st.stm32cube.common.mx_6.9.2.202309101412\\db\
2023-11-14 18:27:49,206 [INFO] CodeEngine:255 - oldGeneratedFile, C:\Users\andep\STM32CubeIDE\workspace_TFG\version2\MXTmpFiles\license.tmp_save
2023-11-14 18:27:49,496 [INFO] CodeEngine:279 - Generated code: C:\Users\andep\STM32CubeIDE\workspace_TFG\version2\MXTmpFiles\license.tmp
2023-11-14 18:27:49,569 [INFO] CodeEngine:255 - oldGeneratedFile, C:\Users\andep\STM32CubeIDE\workspace_TFG\version2\MXTmpFiles\gpio.tmp_save
2023-11-14 18:27:49,724 [INFO] CodeEngine:279 - Generated code: C:\Users\andep\STM32CubeIDE\workspace_TFG\version2\MXTmpFiles\gpio.tmp
2023-11-14 18:27:49,922 [INFO] CodeEngine:255 - oldGeneratedFile, C:\Users\andep\STM32CubeIDE\workspace_TFG\version2\Core\Src\stm32f4xx_it.c_save
2023-11-14 18:27:50,054 [INFO] CodeEngine:279 - Generated code: C:\Users\andep\STM32CubeIDE\workspace_TFG\version2\Core\Src\stm32f4xx_it.c
2023-11-14 18:27:50,076 [INFO] CodeEngine:255 - oldGeneratedFile, C:\Users\andep\STM32CubeIDE\workspace_TFG\version2\Core\Inc\stm32f4xx_it.h_save
2023-11-14 18:27:50,152 [INFO] CodeEngine:279 - Generated code: C:\Users\andep\STM32CubeIDE\workspace_TFG\version2\Core\Inc\stm32f4xx_it.h
2023-11-14 18:27:50,187 [INFO] CodeEngine:255 - oldGeneratedFile, C:\Users\andep\STM32CubeIDE\workspace_TFG\version2\Core\Src\stm32f4xx_hal_msp.c_save
2023-11-14 18:27:50,314 [INFO] CodeEngine:279 - Generated code: C:\Users\andep\STM32CubeIDE\workspace_TFG\version2\Core\Src\stm32f4xx_hal_msp.c
2023-11-14 18:27:50,325 [INFO] CodeEngine:255 - oldGeneratedFile, C:\Users\andep\STM32CubeIDE\workspace_TFG\version2\MXTmpFiles\system.tmp_save
2023-11-14 18:27:50,399 [INFO] CodeEngine:279 - Generated code: C:\Users\andep\STM32CubeIDE\workspace_TFG\version2\MXTmpFiles\system.tmp
2023-11-14 18:27:50,427 [INFO] CodeEngine:311 - oldGeneratedFile, C:\Users\andep\STM32CubeIDE\workspace_TFG\version2\Core\Inc\stm32f4xx_hal_conf.h_save
2023-11-14 18:27:50,562 [INFO] CodeEngine:335 - Generated code: C:\Users\andep\STM32CubeIDE\workspace_TFG\version2\Core\Inc\stm32f4xx_hal_conf.h
2023-11-14 18:27:50,598 [WARN] IPConfigManager:2937 - Warning: the RefConfig PLL2P_FOR_MCO is not available in your config.xml file
2023-11-14 18:27:50,665 [INFO] CodeEngine:255 - oldGeneratedFile, C:\Users\andep\STM32CubeIDE\workspace_TFG\version2\Core\Inc\main.h_save
2023-11-14 18:27:50,796 [INFO] CodeEngine:279 - Generated code: C:\Users\andep\STM32CubeIDE\workspace_TFG\version2\Core\Inc\main.h
2023-11-14 18:27:50,858 [INFO] CodeEngine:255 - oldGeneratedFile, C:\Users\andep\STM32CubeIDE\workspace_TFG\version2\Core\Src\main.c_save
2023-11-14 18:27:51,001 [INFO] CodeEngine:279 - Generated code: C:\Users\andep\STM32CubeIDE\workspace_TFG\version2\Core\Src\main.c
2023-11-14 18:27:51,667 [INFO] ProjectBuilder:3064 - Time for Copy HAL[1] : 203mS.
2023-11-14 18:27:51,672 [INFO] ProjectBuilder:4404 - Project Generator version: 4.1.0
2023-11-14 18:27:51,876 [INFO] ConfigFileManager:1457 - The Die is : DIE421
2023-11-14 18:27:51,931 [INFO] ApiDbMcu:507 - Load IP Config File for FATFS
2023-11-14 18:27:51,944 [INFO] ApiDbMcu:507 - Load IP Config File for FREERTOS
2023-11-14 18:27:51,953 [INFO] ApiDbMcu:507 - Load IP Config File for LIBJPEG
2023-11-14 18:27:51,966 [INFO] ApiDbMcu:507 - Load IP Config File for MBEDTLS
2023-11-14 18:27:51,978 [INFO] ApiDbMcu:507 - Load IP Config File for USB_DEVICE
2023-11-14 18:27:51,989 [INFO] ApiDbMcu:507 - Load IP Config File for USB_HOST
2023-11-14 18:27:52,892 [INFO] LogOutputStream:77 - [STDOUT_REDIRECT] 
2023-11-14 18:27:54,188 [INFO] ProjectBuilder:4626 - Time for Generating toolchain IDE Files: 2516mS.
2023-11-14 18:27:54,189 [INFO] ProjectBuilder:2935 - Time for Copy CMSIS : 0mS.
2023-11-14 18:27:54,190 [INFO] ProjectBuilder:2935 - Time for Copy CMSIS : 0mS.
2023-11-14 19:33:50,616 [ERROR] LogOutputStream:75 - [STDERR_REDIRECT] 
