2023-11-18 17:03:52,232 [INFO] Activator:176 - 


2023-11-18 17:03:52,232 [INFO] Activator:177 - !SESSION log4j initialized
2023-11-18 17:03:55,314 [INFO] LogOutputStream:77 - [STDOUT_REDIRECT] 
2023-11-18 17:03:57,041 [INFO] ApplicationProperties:184 - Using Application install path: C:\ST\STM32CubeIDE_1.11.2\STM32CubeIDE\plugins\com.st.stm32cube.common.mx_6.9.2.202309101412
2023-11-18 17:03:57,062 [INFO] DbMcusXml:78 - Set database path to: C:\ST\STM32CubeIDE_1.11.2\STM32CubeIDE\plugins\com.st.stm32cube.common.mx_6.9.2.202309101412\\db\/mcu/
2023-11-18 17:03:57,062 [INFO] ApiDb:274 - Set plugin database path to: C:\ST\STM32CubeIDE_1.11.2\STM32CubeIDE\plugins\com.st.stm32cube.common.mx_6.9.2.202309101412\\db\/plugins/boardmanager/
2023-11-18 17:03:57,063 [WARN] ApiDb:259 - Overriding images path with different value:  => C:\ST\STM32CubeIDE_1.11.2\STM32CubeIDE\plugins\com.st.stm32cube.common.mx_6.9.2.202309101412\\db\/plugins/mcufinder/images/
2023-11-18 17:03:57,075 [INFO] ApiDb:250 - Set database path to: C:\Users\andep\.stmcufinder\plugins\mcufinder//mcu/
2023-11-18 17:03:57,076 [INFO] DbMcusAds:125 - Set database path to: C:\Users\andep\.stmcufinder\plugins\mcufinder//mcu/
2023-11-18 17:03:57,078 [INFO] CrossReferenceDbSqlite:203 - Set database path to: C:\Users\andep\.stmcufinder\plugins\mcufinder//mcu/cs/
2023-11-18 17:03:57,173 [INFO] RulesReader:64 - Compatibility file has been processed (293 Rules)
2023-11-18 17:03:57,250 [INFO] DbMcusXml:78 - Set database path to: C:\ST\STM32CubeIDE_1.11.2\STM32CubeIDE\plugins\com.st.stm32cube.common.mx_6.9.2.202309101412\\db\/mcu/
2023-11-18 17:03:57,250 [INFO] ApiDb:274 - Set plugin database path to: C:\ST\STM32CubeIDE_1.11.2\STM32CubeIDE\plugins\com.st.stm32cube.common.mx_6.9.2.202309101412\\db\/plugins/boardmanager/
2023-11-18 17:03:57,250 [INFO] ApiDb:261 - Set plugin images path to: C:\ST\STM32CubeIDE_1.11.2\STM32CubeIDE\plugins\com.st.stm32cube.common.mx_6.9.2.202309101412\\db\/plugins/mcufinder/images/
2023-11-18 17:03:57,250 [WARN] DbFile:41 - Overriding database path with different value: C:\Users\andep\.stmcufinder\plugins\mcufinder/ => C:\Users\andep\.stmcufinder\plugins\mcufinder
2023-11-18 17:03:57,250 [INFO] ApiDb:250 - Set database path to: C:\Users\andep\.stmcufinder\plugins\mcufinder//mcu/
2023-11-18 17:03:57,251 [WARN] DbFile:41 - Overriding database path with different value: C:\Users\andep\.stmcufinder\plugins\mcufinder/ => C:\Users\andep\.stmcufinder\plugins\mcufinder
2023-11-18 17:03:57,251 [INFO] DbMcusAds:125 - Set database path to: C:\Users\andep\.stmcufinder\plugins\mcufinder//mcu/
2023-11-18 17:03:57,251 [WARN] DbFile:41 - Overriding database path with different value: C:\Users\andep\.stmcufinder\plugins\mcufinder/ => C:\Users\andep\.stmcufinder\plugins\mcufinder
2023-11-18 17:03:57,251 [WARN] DbFile:41 - Overriding database path with different value: C:\Users\andep\.stmcufinder\plugins\mcufinder/ => C:\Users\andep\.stmcufinder\plugins\mcufinder
2023-11-18 17:03:57,251 [INFO] CrossReferenceDbSqlite:203 - Set database path to: C:\Users\andep\.stmcufinder\plugins\mcufinder//mcu/cs/
2023-11-18 17:03:57,322 [INFO] MainPanel:262 - HeapMemory: 268435456
2023-11-18 17:03:57,410 [INFO] DbMcusXml:78 - Set database path to: C:\ST\STM32CubeIDE_1.11.2\STM32CubeIDE\plugins\com.st.stm32cube.common.mx_6.9.2.202309101412\\db\/mcu/
2023-11-18 17:03:57,411 [INFO] ApiDb:274 - Set plugin database path to: C:\ST\STM32CubeIDE_1.11.2\STM32CubeIDE\plugins\com.st.stm32cube.common.mx_6.9.2.202309101412\\db\/plugins/boardmanager/
2023-11-18 17:03:57,411 [INFO] ApiDb:261 - Set plugin images path to: C:\ST\STM32CubeIDE_1.11.2\STM32CubeIDE\plugins\com.st.stm32cube.common.mx_6.9.2.202309101412\\db\/plugins/mcufinder/images/
2023-11-18 17:03:57,411 [WARN] DbFile:41 - Overriding database path with different value: C:\Users\andep\.stmcufinder\plugins\mcufinder/ => C:\Users\andep\.stmcufinder\plugins\mcufinder
2023-11-18 17:03:57,411 [INFO] ApiDb:250 - Set database path to: C:\Users\andep\.stmcufinder\plugins\mcufinder//mcu/
2023-11-18 17:03:57,412 [WARN] DbFile:41 - Overriding database path with different value: C:\Users\andep\.stmcufinder\plugins\mcufinder/ => C:\Users\andep\.stmcufinder\plugins\mcufinder
2023-11-18 17:03:57,412 [INFO] DbMcusAds:125 - Set database path to: C:\Users\andep\.stmcufinder\plugins\mcufinder//mcu/
2023-11-18 17:03:57,412 [WARN] DbFile:41 - Overriding database path with different value: C:\Users\andep\.stmcufinder\plugins\mcufinder/ => C:\Users\andep\.stmcufinder\plugins\mcufinder
2023-11-18 17:03:57,412 [WARN] DbFile:41 - Overriding database path with different value: C:\Users\andep\.stmcufinder\plugins\mcufinder/ => C:\Users\andep\.stmcufinder\plugins\mcufinder
2023-11-18 17:03:57,412 [INFO] CrossReferenceDbSqlite:203 - Set database path to: C:\Users\andep\.stmcufinder\plugins\mcufinder//mcu/cs/
2023-11-18 17:03:57,431 [INFO] ApplicationProperties:184 - Using Application install path: C:\ST\STM32CubeIDE_1.11.2\STM32CubeIDE\plugins\com.st.stm32cube.common.mx_6.9.2.202309101412
2023-11-18 17:03:57,432 [INFO] PluginManage:196 - Search for loadable plugins [exclusion list=, ]
2023-11-18 17:03:57,433 [INFO] PluginManage:310 - Check plugin analytics
2023-11-18 17:03:57,571 [INFO] AnalyticsPlugin:253 - Accepted Software Licenses: 
2023-11-18 17:03:57,572 [INFO] AnalyticsPlugin:255 - Accepted CMSIS Pack Licenses: 
2023-11-18 17:03:57,572 [INFO] AnalyticsPlugin:257 - Accepted Firmware Licenses: 
2023-11-18 17:03:57,574 [INFO] PluginManage:359 - Loaded plugin analytics (category:tool,tabindex:-1)
2023-11-18 17:03:57,575 [INFO] PluginManage:310 - Check plugin cadmodel
2023-11-18 17:03:57,580 [INFO] CADModel:105 - Init CAD model plugin
2023-11-18 17:03:57,580 [INFO] PluginManage:359 - Loaded plugin cadmodel (category:power,tabindex:5)
2023-11-18 17:03:57,580 [INFO] PluginManage:310 - Check plugin clock
2023-11-18 17:03:57,589 [INFO] PluginManage:359 - Loaded plugin clock (category:base,tabindex:2)
2023-11-18 17:03:57,589 [INFO] PluginManage:310 - Check plugin ddr
2023-11-18 17:03:57,592 [INFO] PluginManage:359 - Loaded plugin ddr (category:tool,tabindex:6)
2023-11-18 17:03:57,592 [INFO] PluginManage:310 - Check plugin filemanager
2023-11-18 17:03:57,713 [INFO] PluginManage:359 - Loaded plugin filemanager (category:base,tabindex:10)
2023-11-18 17:03:57,713 [INFO] PluginManage:310 - Check plugin ipmanager
2023-11-18 17:03:57,720 [INFO] PluginManage:359 - Loaded plugin ipmanager (category:base,tabindex:5)
2023-11-18 17:03:57,720 [INFO] PluginManage:310 - Check plugin lpbam
2023-11-18 17:03:57,728 [INFO] PluginManage:359 - Loaded plugin lpbam (category:base,tabindex:0)
2023-11-18 17:03:57,728 [INFO] PluginManage:310 - Check plugin memorymap
2023-11-18 17:03:57,740 [INFO] PluginManage:359 - Loaded plugin memorymap (category:base,tabindex:4)
2023-11-18 17:03:57,740 [INFO] PluginManage:310 - Check plugin pinoutandconfiguration
2023-11-18 17:03:57,748 [INFO] PluginManage:359 - Loaded plugin pinoutandconfiguration (category:base,tabindex:1)
2023-11-18 17:03:57,748 [INFO] PluginManage:310 - Check plugin pinoutconfig
2023-11-18 17:03:57,818 [WARN] SupportedApi:132 - Cannot load RTOS API schema: s4s-elt-must-match.1: The content of 'definitions' must match (annotation?, (simpleType | complexType)?, (unique | key | keyref)*)). A problem was found starting at: attribute.
2023-11-18 17:03:57,937 [INFO] PluginManage:359 - Loaded plugin pinoutconfig (category:base,tabindex:0)
2023-11-18 17:03:57,937 [INFO] PluginManage:310 - Check plugin power
2023-11-18 17:03:57,948 [INFO] PluginManage:359 - Loaded plugin power (category:power,tabindex:4)
2023-11-18 17:03:57,948 [INFO] PluginManage:310 - Check plugin projectmanager
2023-11-18 17:03:57,960 [INFO] PluginManage:359 - Loaded plugin projectmanager (category:projectmanager,tabindex:3)
2023-11-18 17:03:57,960 [INFO] PluginManage:310 - Check plugin thirdparty
2023-11-18 17:03:58,073 [INFO] PluginManage:359 - Loaded plugin thirdparty (category:base,tabindex:-1)
2023-11-18 17:03:58,073 [INFO] PluginManage:310 - Check plugin tools
2023-11-18 17:03:58,073 [WARN] IntegrityCheckThread:84 - waiting for thirdparty lock release [integrity check]
2023-11-18 17:03:58,073 [INFO] IntegrityCheckThread:86 - entering critical section [integrity check]
2023-11-18 17:03:58,073 [INFO] ThirdPartyUpdaterWithRetryManager:70 - Updater plugin not ready yet. [1/15]
2023-11-18 17:03:58,075 [INFO] PluginManage:359 - Loaded plugin tools (category:base,tabindex:7)
2023-11-18 17:03:58,075 [INFO] PluginManage:310 - Check plugin tutovideos
2023-11-18 17:03:58,222 [INFO] PluginManage:359 - Loaded plugin tutovideos (category:base,tabindex:-1)
2023-11-18 17:03:58,222 [INFO] PluginManage:310 - Check plugin updater
2023-11-18 17:03:58,233 [INFO] PluginManage:359 - Loaded plugin updater (category:base,tabindex:12)
2023-11-18 17:03:58,233 [INFO] PluginManage:310 - Check plugin userauth
2023-11-18 17:03:58,238 [INFO] UserAuth:113 - Init User Auth plugin
2023-11-18 17:03:58,238 [INFO] PluginManage:359 - Loaded plugin userauth (category:base,tabindex:14)
2023-11-18 17:03:58,239 [INFO] PluginManage:283 - PluginManage : Loaded plugins [17]
2023-11-18 17:03:58,427 [INFO] PinOutPanel:1499 - setPackage(No Configuration,No Configuration)
2023-11-18 17:03:58,520 [INFO] CADModel:165 - CPN selected for project level
2023-11-18 17:03:58,520 [INFO] CADModel:114 - Register for checkConnection events
2023-11-18 17:03:58,534 [INFO] IPUIPlugin:80 - create IPUIPlugin
2023-11-18 17:03:58,534 [INFO] PluginManager:220 - loadIPPluginJar : add adc
2023-11-18 17:03:58,536 [INFO] IPUIPlugin:80 - create IPUIPlugin
2023-11-18 17:03:58,536 [INFO] PluginManager:220 - loadIPPluginJar : add aes
2023-11-18 17:03:58,539 [INFO] IPUIPlugin:80 - create IPUIPlugin
2023-11-18 17:03:58,539 [INFO] PluginManager:220 - loadIPPluginJar : add can
2023-11-18 17:03:58,541 [INFO] IPUIPlugin:80 - create IPUIPlugin
2023-11-18 17:03:58,541 [INFO] PluginManager:220 - loadIPPluginJar : add comp
2023-11-18 17:03:58,543 [INFO] IPUIPlugin:80 - create IPUIPlugin
2023-11-18 17:03:58,543 [INFO] PluginManager:220 - loadIPPluginJar : add cryp
2023-11-18 17:03:58,545 [INFO] IPUIPlugin:80 - create IPUIPlugin
2023-11-18 17:03:58,545 [INFO] PluginManager:220 - loadIPPluginJar : add dfsdm
2023-11-18 17:03:58,550 [INFO] IPUIPlugin:80 - create IPUIPlugin
2023-11-18 17:03:58,550 [INFO] PluginManager:220 - loadIPPluginJar : add dma
2023-11-18 17:03:58,553 [INFO] IPUIPlugin:80 - create IPUIPlugin
2023-11-18 17:03:58,553 [INFO] PluginManager:220 - loadIPPluginJar : add dma3
2023-11-18 17:03:58,554 [INFO] IPUIPlugin:80 - create IPUIPlugin
2023-11-18 17:03:58,554 [INFO] PluginManager:220 - loadIPPluginJar : add fatfs
2023-11-18 17:03:58,558 [INFO] IPUIPlugin:80 - create IPUIPlugin
2023-11-18 17:03:58,558 [INFO] PluginManager:220 - loadIPPluginJar : add fmc
2023-11-18 17:03:58,563 [INFO] IPUIPlugin:80 - create IPUIPlugin
2023-11-18 17:03:58,563 [INFO] PluginManager:220 - loadIPPluginJar : add freertos
2023-11-18 17:03:58,565 [INFO] IPUIPlugin:80 - create IPUIPlugin
2023-11-18 17:03:58,565 [INFO] PluginManager:220 - loadIPPluginJar : add genericplugin
2023-11-18 17:03:58,567 [INFO] IPUIPlugin:80 - create IPUIPlugin
2023-11-18 17:03:58,567 [INFO] PluginManager:220 - loadIPPluginJar : add gfxmmu
2023-11-18 17:03:58,571 [INFO] IPUIPlugin:80 - create IPUIPlugin
2023-11-18 17:03:58,571 [INFO] PluginManager:220 - loadIPPluginJar : add gic
2023-11-18 17:03:58,603 [INFO] IPUIPlugin:80 - create IPUIPlugin
2023-11-18 17:03:58,603 [INFO] PluginManager:220 - loadIPPluginJar : add gpio
2023-11-18 17:03:58,607 [INFO] IPUIPlugin:80 - create IPUIPlugin
2023-11-18 17:03:58,607 [INFO] PluginManager:220 - loadIPPluginJar : add gtzc
2023-11-18 17:03:58,609 [INFO] IPUIPlugin:80 - create IPUIPlugin
2023-11-18 17:03:58,609 [INFO] PluginManager:220 - loadIPPluginJar : add hash
2023-11-18 17:03:58,612 [INFO] IPUIPlugin:80 - create IPUIPlugin
2023-11-18 17:03:58,612 [INFO] PluginManager:220 - loadIPPluginJar : add i2c
2023-11-18 17:03:58,614 [INFO] IPUIPlugin:80 - create IPUIPlugin
2023-11-18 17:03:58,614 [INFO] PluginManager:220 - loadIPPluginJar : add i2s
2023-11-18 17:03:58,617 [INFO] IPUIPlugin:80 - create IPUIPlugin
2023-11-18 17:03:58,617 [INFO] PluginManager:220 - loadIPPluginJar : add i3c
2023-11-18 17:03:58,620 [INFO] IPUIPlugin:80 - create IPUIPlugin
2023-11-18 17:03:58,620 [INFO] PluginManager:220 - loadIPPluginJar : add ipddr
2023-11-18 17:03:58,651 [INFO] IPUIPlugin:80 - create IPUIPlugin
2023-11-18 17:03:58,651 [INFO] PluginManager:220 - loadIPPluginJar : add linkedlist
2023-11-18 17:03:58,653 [INFO] IPUIPlugin:80 - create IPUIPlugin
2023-11-18 17:03:58,654 [INFO] PluginManager:220 - loadIPPluginJar : add lorawan
2023-11-18 17:03:58,655 [INFO] IPUIPlugin:80 - create IPUIPlugin
2023-11-18 17:03:58,655 [INFO] PluginManager:220 - loadIPPluginJar : add ltdc
2023-11-18 17:03:58,661 [INFO] IPUIPlugin:80 - create IPUIPlugin
2023-11-18 17:03:58,661 [INFO] PluginManager:220 - loadIPPluginJar : add mdma
2023-11-18 17:03:58,665 [INFO] IPUIPlugin:80 - create IPUIPlugin
2023-11-18 17:03:58,665 [INFO] PluginManager:220 - loadIPPluginJar : add nvic
2023-11-18 17:03:58,668 [INFO] IPUIPlugin:80 - create IPUIPlugin
2023-11-18 17:03:58,668 [INFO] PluginManager:220 - loadIPPluginJar : add opamp
2023-11-18 17:03:58,671 [INFO] IPUIPlugin:80 - create IPUIPlugin
2023-11-18 17:03:58,671 [INFO] PluginManager:220 - loadIPPluginJar : add openamp
2023-11-18 17:03:58,674 [INFO] IPUIPlugin:80 - create IPUIPlugin
2023-11-18 17:03:58,674 [INFO] PluginManager:220 - loadIPPluginJar : add pdm2pcm
2023-11-18 17:03:58,679 [INFO] IPUIPlugin:80 - create IPUIPlugin
2023-11-18 17:03:58,680 [INFO] PluginManager:220 - loadIPPluginJar : add plateformsettings
2023-11-18 17:03:58,682 [INFO] IPUIPlugin:80 - create IPUIPlugin
2023-11-18 17:03:58,682 [INFO] PluginManager:220 - loadIPPluginJar : add quadspi
2023-11-18 17:03:58,686 [INFO] IPUIPlugin:80 - create IPUIPlugin
2023-11-18 17:03:58,687 [INFO] PluginManager:220 - loadIPPluginJar : add resmgrutility
2023-11-18 17:03:58,689 [INFO] IPUIPlugin:80 - create IPUIPlugin
2023-11-18 17:03:58,689 [INFO] PluginManager:220 - loadIPPluginJar : add sai
2023-11-18 17:03:58,691 [INFO] IPUIPlugin:80 - create IPUIPlugin
2023-11-18 17:03:58,691 [INFO] PluginManager:220 - loadIPPluginJar : add spi
2023-11-18 17:03:58,695 [INFO] IPUIPlugin:80 - create IPUIPlugin
2023-11-18 17:03:58,695 [INFO] PluginManager:220 - loadIPPluginJar : add stm32_wpan
2023-11-18 17:03:58,696 [INFO] IPUIPlugin:80 - create IPUIPlugin
2023-11-18 17:03:58,697 [INFO] PluginManager:220 - loadIPPluginJar : add tim
2023-11-18 17:03:58,698 [INFO] IPUIPlugin:80 - create IPUIPlugin
2023-11-18 17:03:58,698 [INFO] PluginManager:220 - loadIPPluginJar : add touchsensing
2023-11-18 17:03:58,700 [INFO] IPUIPlugin:80 - create IPUIPlugin
2023-11-18 17:03:58,701 [INFO] PluginManager:220 - loadIPPluginJar : add tracer_emb
2023-11-18 17:03:58,702 [INFO] IPUIPlugin:80 - create IPUIPlugin
2023-11-18 17:03:58,702 [INFO] PluginManager:220 - loadIPPluginJar : add ts
2023-11-18 17:03:58,703 [INFO] IPUIPlugin:80 - create IPUIPlugin
2023-11-18 17:03:58,703 [INFO] PluginManager:220 - loadIPPluginJar : add tsc
2023-11-18 17:03:58,704 [INFO] IPUIPlugin:80 - create IPUIPlugin
2023-11-18 17:03:58,704 [INFO] PluginManager:220 - loadIPPluginJar : add ucpd
2023-11-18 17:03:58,706 [INFO] IPUIPlugin:80 - create IPUIPlugin
2023-11-18 17:03:58,706 [INFO] PluginManager:220 - loadIPPluginJar : add usart
2023-11-18 17:03:58,708 [INFO] IPUIPlugin:80 - create IPUIPlugin
2023-11-18 17:03:58,708 [INFO] PluginManager:220 - loadIPPluginJar : add usbx
2023-11-18 17:03:58,822 [INFO] CADModel:165 - CPN selected for project level
2023-11-18 17:03:58,822 [INFO] CADModel:114 - Register for checkConnection events
2023-11-18 17:03:58,822 [FATAL] Updater:308 - Updater called before beeing initialized
2023-11-18 17:03:58,822 [ERROR] CADModel:125 - Updater not yet initialized, retry later 
2023-11-18 17:03:58,953 [INFO] CADModel:165 - CPN selected for project level
2023-11-18 17:03:58,953 [INFO] CADModel:114 - Register for checkConnection events
2023-11-18 17:03:58,953 [FATAL] Updater:308 - Updater called before beeing initialized
2023-11-18 17:03:58,953 [ERROR] CADModel:125 - Updater not yet initialized, retry later 
2023-11-18 17:03:58,956 [FATAL] Updater:308 - Updater called before beeing initialized
2023-11-18 17:03:59,087 [FATAL] Updater:308 - Updater called before beeing initialized
2023-11-18 17:03:59,090 [INFO] DbMcusAds:53 - JSON generation date=Tue Mar 07 09:50:55 CET 2023 (1678179055335)
2023-11-18 17:03:59,090 [FATAL] Updater:308 - Updater called before beeing initialized
2023-11-18 17:03:59,125 [WARN] DetailPanel:346 - Failed to get advertising image, set to default
2023-11-18 17:03:59,209 [FATAL] Updater:308 - Updater called before beeing initialized
2023-11-18 17:03:59,211 [FATAL] Updater:308 - Updater called before beeing initialized
2023-11-18 17:03:59,211 [FATAL] Updater:308 - Updater called before beeing initialized
2023-11-18 17:03:59,211 [WARN] DetailPanel:346 - Failed to get advertising image, set to default
2023-11-18 17:03:59,212 [FATAL] Updater:308 - Updater called before beeing initialized
2023-11-18 17:03:59,254 [ERROR] Updater:1120 - MainUpdater not yet initialized. External WinMGr cannot be set.
2023-11-18 17:03:59,256 [INFO] Updater:1056 - Updater Version found : 6.9.2
2023-11-18 17:03:59,273 [INFO] ApplicationProperties:184 - Using Application install path: C:\ST\STM32CubeIDE_1.11.2\STM32CubeIDE\plugins\com.st.stm32cube.common.mx_6.9.2.202309101412
2023-11-18 17:03:59,432 [INFO] MainUpdater:2868 - connection check result : 10
2023-11-18 17:03:59,432 [INFO] MainUpdater:3562 - Updater definition file requires update
2023-11-18 17:03:59,433 [INFO] MainUpdater:285 - Updater Check For Update Now.
2023-11-18 17:03:59,433 [INFO] MicroXplorer:498 - Change Database Version : DB.6.0.92
2023-11-18 17:03:59,444 [INFO] McuFinderGlobals:63 - Set McuFinder mode to 2 (CubeIDE integrated)
2023-11-18 17:03:59,445 [INFO] UserAuth:179 - activating auth plugin
2023-11-18 17:03:59,447 [INFO] UserAuth:393 - Internet connection configuration mode: 1
2023-11-18 17:03:59,462 [INFO] JxBrowserEngine:151 - Initiate JxBrowser Engine with user profile folder
2023-11-18 17:03:59,472 [INFO] ServerAccessManage:473 - Download File updaters.zip
2023-11-18 17:03:59,596 [INFO] FileExtend:240 - Unzip File : updaters.zip
2023-11-18 17:03:59,596 [INFO] FileExtend:255 - Standard Zip Deflate
2023-11-18 17:04:00,072 [INFO] ServerAccessManage:473 - Download File PacksControlFlags.xml
2023-11-18 17:04:00,157 [INFO] ServerAccessManage:473 - Download File cubemx.pidx
2023-11-18 17:04:00,291 [INFO] LoadServerUpdatesThread:373 - End of LoadServerUpdate Thread
2023-11-18 17:04:00,495 [INFO] CheckServerUpdateThread:120 - End of CheckServer Thread
2023-11-18 17:04:00,507 [INFO] WebApp:157 - Instantiating new browser for Auth
2023-11-18 17:04:01,299 [INFO] WebApp:753 - Register for checkConnection events
2023-11-18 17:04:01,299 [INFO] WebApp:390 - Apply proxy settings
2023-11-18 17:04:01,300 [INFO] WebApp:475 - Chromium requires no authentication
2023-11-18 17:04:01,311 [INFO] WebApp:418 - Direct internet connection detected
2023-11-18 17:04:01,345 [WARN] PackLoader:240 - Cannot read IP mode file for STMicroelectronics.X-CUBE-SMBUS.2.1.0
2023-11-18 17:04:01,393 [WARN] PackLoader:240 - Cannot read IP mode file for STMicroelectronics.X-CUBE-AZRTOS-F7.1.1.0
2023-11-18 17:04:01,410 [WARN] PackLoader:240 - Cannot read IP mode file for STMicroelectronics.FP-SNS-MOTENV1.4.3.2
2023-11-18 17:04:01,424 [WARN] PackLoader:240 - Cannot read IP mode file for STMicroelectronics.X-CUBE-BLE1.6.2.4
2023-11-18 17:04:01,432 [WARN] PackLoader:240 - Cannot read IP mode file for STMicroelectronics.FP-SNS-FLIGHT1.5.0.2
2023-11-18 17:04:01,444 [WARN] PackLoader:240 - Cannot read IP mode file for STMicroelectronics.X-CUBE-DISPLAY.3.0.0
2023-11-18 17:04:01,458 [WARN] PackLoader:240 - Cannot read IP mode file for STMicroelectronics.X-CUBE-BLE1.7.0.0
2023-11-18 17:04:01,465 [WARN] PackLoader:240 - Cannot read IP mode file for STMicroelectronics.X-CUBE-TOUCHGFX.4.22.1
2023-11-18 17:04:01,473 [WARN] PackLoader:240 - Cannot read IP mode file for STMicroelectronics.FP-SNS-SMARTAG2.1.2.0
2023-11-18 17:04:01,485 [INFO] LogOutputStream:77 - [STDOUT_REDIRECT] 1 : Invalid condition id : UX_CORESTACK_Condition cause : null
2023-11-18 17:04:01,486 [INFO] LogOutputStream:77 - [STDOUT_REDIRECT] 1 : Invalid condition id : UX_CORESTACK_Condition cause : null
2023-11-18 17:04:01,487 [INFO] LogOutputStream:77 - [STDOUT_REDIRECT] 1 : Invalid condition id : UX_CORESTACK_Condition cause : null
2023-11-18 17:04:01,489 [INFO] LogOutputStream:77 - [STDOUT_REDIRECT] 1 : Invalid condition id : UX_CORESTACK_Condition cause : null
2023-11-18 17:04:01,490 [INFO] LogOutputStream:77 - [STDOUT_REDIRECT] 1 : Invalid condition id : UX_CORESTACK_Condition cause : null
2023-11-18 17:04:01,498 [WARN] PackLoader:240 - Cannot read IP mode file for STMicroelectronics.X-CUBE-AZRTOS-WL.2.0.0
2023-11-18 17:04:01,512 [WARN] PackLoader:240 - Cannot read IP mode file for WES.I-CUBE-Cesium.1.3.0
2023-11-18 17:04:01,519 [WARN] PackLoader:240 - Cannot read IP mode file for STMicroelectronics.X-CUBE-BLE2.3.3.0
2023-11-18 17:04:01,535 [WARN] PackLoader:240 - Cannot read IP mode file for STMicroelectronics.X-CUBE-TOF1.3.2.0
2023-11-18 17:04:01,550 [WARN] PackLoader:240 - Cannot read IP mode file for STMicroelectronics.X-CUBE-TOUCHGFX.4.21.1
2023-11-18 17:04:01,555 [WARN] PackLoader:240 - Cannot read IP mode file for STMicroelectronics.X-CUBE-AI.7.3.0
2023-11-18 17:04:01,562 [INFO] WebApp:188 - Starting web application
2023-11-18 17:04:01,562 [INFO] WebApp:520 - Web application path used C:\ST\STM32CubeIDE_1.11.2\STM32CubeIDE\plugins\com.st.stm32cube.common.mx_6.9.2.202309101412\db\plugins\mcufinder\reactClient1\index.html
2023-11-18 17:04:01,564 [WARN] PackLoader:240 - Cannot read IP mode file for STMicroelectronics.X-CUBE-ALGOBUILD.1.3.0
2023-11-18 17:04:01,612 [WARN] PackLoader:240 - Cannot read IP mode file for STMicroelectronics.X-CUBE-AZRTOS-G0.1.1.0
2023-11-18 17:04:01,623 [WARN] PackLoader:240 - Cannot read IP mode file for STMicroelectronics.X-CUBE-NFC4.3.0.0
2023-11-18 17:04:01,636 [WARN] PackLoader:240 - Cannot read IP mode file for STMicroelectronics.X-CUBE-BLEMGR.3.0.0
2023-11-18 17:04:01,649 [WARN] PackLoader:240 - Cannot read IP mode file for STMicroelectronics.X-CUBE-BLEMGR.1.3.0
2023-11-18 17:04:01,656 [WARN] PackLoader:240 - Cannot read IP mode file for STMicroelectronics.FP-ATR-SIGFOX1.3.2.0
2023-11-18 17:04:01,731 [WARN] PackLoader:240 - Cannot read IP mode file for STMicroelectronics.X-CUBE-MEMS1.9.5.0
2023-11-18 17:04:01,995 [WARN] PackLoader:240 - Cannot read IP mode file for SEGGER.I-CUBE-embOS.1.3.1
2023-11-18 17:04:02,054 [WARN] PackLoader:240 - Cannot read IP mode file for STMicroelectronics.X-CUBE-GNSS1.6.0.0
2023-11-18 17:04:02,075 [WARN] PackLoader:240 - Cannot read IP mode file for STMicroelectronics.X-CUBE-AZRTOS-F4.1.1.0
2023-11-18 17:04:02,100 [WARN] PackLoader:240 - Cannot read IP mode file for STMicroelectronics.X-CUBE-AZRTOS-L5.2.0.0
2023-11-18 17:04:02,168 [WARN] PackLoader:240 - Cannot read IP mode file for STMicroelectronics.X-CUBE-MEMS1.9.6.0
2023-11-18 17:04:02,370 [WARN] PackLoader:240 - Cannot read IP mode file for STMicroelectronics.X-CUBE-EEPRMA1.4.2.0
2023-11-18 17:04:02,377 [WARN] PackLoader:240 - Cannot read IP mode file for ITTIA_DB.I-CUBE-ITTIADB.8.8.0
2023-11-18 17:04:02,385 [WARN] PackLoader:240 - Cannot read IP mode file for emotas.I-CUBE-CANOPEN.1.1.3
2023-11-18 17:04:02,393 [WARN] PackLoader:240 - Cannot read IP mode file for STMicroelectronics.X-CUBE-BLEMGR.2.0.0
2023-11-18 17:04:02,415 [WARN] ConditionMgr:438 - getConditionDescription Invalid condition id : UX DEVICE CLASS RTOS Condition cause : null
2023-11-18 17:04:02,416 [WARN] ConditionMgr:438 - getConditionDescription Invalid condition id : UX DEVICE CLASS RTOS Condition cause : null
2023-11-18 17:04:02,419 [WARN] PackLoader:240 - Cannot read IP mode file for STMicroelectronics.X-CUBE-AZRTOS-H7.3.1.0
2023-11-18 17:04:02,421 [WARN] ConditionMgr:1039 - genDependencies : Invalid condition id : UX DEVICE CLASS RTOS Condition cause : null
2023-11-18 17:04:02,421 [WARN] ConditionMgr:1039 - genDependencies : Invalid condition id : UX DEVICE CLASS RTOS Condition cause : null
2023-11-18 17:04:02,421 [WARN] ConditionMgr:1039 - genDependencies : Invalid condition id : UX DEVICE CLASS RTOS Condition cause : null
2023-11-18 17:04:02,422 [WARN] ConditionMgr:1039 - genDependencies : Invalid condition id : UX DEVICE CLASS RTOS Condition cause : null
2023-11-18 17:04:02,422 [WARN] ConditionMgr:1039 - genDependencies : Invalid condition id : UX DEVICE CLASS RTOS Condition cause : null
2023-11-18 17:04:02,430 [WARN] PackLoader:240 - Cannot read IP mode file for wolfSSL.I-CUBE-wolfSSL.5.5.4
2023-11-18 17:04:02,435 [WARN] PackLoader:240 - Cannot read IP mode file for STMicroelectronics.X-CUBE-NFC7.1.0.1
2023-11-18 17:04:02,442 [WARN] PackLoader:240 - Cannot read IP mode file for STMicroelectronics.X-CUBE-NFC7.1.0.0
2023-11-18 17:04:02,451 [WARN] PackLoader:240 - Cannot read IP mode file for STMicroelectronics.X-CUBE-NFC6.3.0.0
2023-11-18 17:04:02,458 [WARN] PackLoader:240 - Cannot read IP mode file for STMicroelectronics.X-CUBE-EEPRMA1.4.1.0
2023-11-18 17:04:02,463 [WARN] PackLoader:240 - Cannot read IP mode file for STMicroelectronics.X-CUBE-AI.8.1.0
2023-11-18 17:04:02,485 [WARN] ConditionMgr:438 - getConditionDescription Invalid condition id : LAN8742 Phy interface Condition cause : null
2023-11-18 17:04:02,486 [WARN] PackLoader:240 - Cannot read IP mode file for STMicroelectronics.X-CUBE-AZRTOS-L4.2.0.0
2023-11-18 17:04:02,488 [WARN] ConditionMgr:1039 - genDependencies : Invalid condition id : LAN8742 Phy interface Condition cause : null
2023-11-18 17:04:02,488 [WARN] ConditionMgr:1039 - genDependencies : Invalid condition id : LAN8742 Phy interface Condition cause : null
2023-11-18 17:04:02,488 [WARN] ConditionMgr:1039 - genDependencies : Invalid condition id : LAN8742 Phy interface Condition cause : null
2023-11-18 17:04:02,497 [WARN] PackLoader:240 - Cannot read IP mode file for STMicroelectronics.X-CUBE-SFXS2LP1.4.0.0
2023-11-18 17:04:02,519 [WARN] PackLoader:240 - Cannot read IP mode file for STMicroelectronics.X-CUBE-AZRTOS-H7.3.0.0
2023-11-18 17:04:02,528 [WARN] PackLoader:240 - Cannot read IP mode file for STMicroelectronics.X-CUBE-ISPU.1.1.0
2023-11-18 17:04:02,535 [WARN] PackLoader:240 - Cannot read IP mode file for RoweBots.I-CUBE-UNISONRTOS.5.5.0-4
2023-11-18 17:04:02,540 [WARN] PackLoader:240 - Cannot read IP mode file for STMicroelectronics.X-CUBE-AI.8.0.0
2023-11-18 17:04:02,555 [WARN] ConditionMgr:438 - getConditionDescription Invalid condition id : UX DEVICE CLASS RTOS Condition cause : null
2023-11-18 17:04:02,555 [WARN] ConditionMgr:438 - getConditionDescription Invalid condition id : UX DEVICE CLASS RTOS Condition cause : null
2023-11-18 17:04:02,558 [WARN] PackLoader:240 - Cannot read IP mode file for STMicroelectronics.X-CUBE-AZRTOS-WB.2.0.0
2023-11-18 17:04:02,559 [WARN] ConditionMgr:1039 - genDependencies : Invalid condition id : UX DEVICE CLASS RTOS Condition cause : null
2023-11-18 17:04:02,559 [WARN] ConditionMgr:1039 - genDependencies : Invalid condition id : UX DEVICE CLASS RTOS Condition cause : null
2023-11-18 17:04:02,559 [WARN] ConditionMgr:1039 - genDependencies : Invalid condition id : UX DEVICE CLASS RTOS Condition cause : null
2023-11-18 17:04:02,560 [WARN] ConditionMgr:1039 - genDependencies : Invalid condition id : UX DEVICE CLASS RTOS Condition cause : null
2023-11-18 17:04:02,560 [WARN] ConditionMgr:1039 - genDependencies : Invalid condition id : UX DEVICE CLASS RTOS Condition cause : null
2023-11-18 17:04:02,566 [WARN] PackLoader:240 - Cannot read IP mode file for STMicroelectronics.X-CUBE-FREERTOS.1.0.0
2023-11-18 17:04:02,582 [WARN] PackLoader:240 - Cannot read IP mode file for STMicroelectronics.X-CUBE-AZRTOS-L5.1.1.0
2023-11-18 17:04:02,595 [WARN] PackLoader:240 - Cannot read IP mode file for STMicroelectronics.X-CUBE-SUBG2.5.0.0
2023-11-18 17:04:02,624 [WARN] PackLoader:240 - Cannot read IP mode file for STMicroelectronics.X-CUBE-TOF1.3.3.1
2023-11-18 17:04:02,648 [WARN] PackLoader:240 - Cannot read IP mode file for STMicroelectronics.X-CUBE-AZRTOS-G4.2.0.0
2023-11-18 17:04:02,655 [WARN] PackLoader:240 - Cannot read IP mode file for STMicroelectronics.FP-ATR-ASTRA1.1.1.1
2023-11-18 17:04:02,668 [WARN] PackLoader:240 - Cannot read IP mode file for Infineon.AIROC-Wi-Fi-Bluetooth-STM32.1.5.1
2023-11-18 17:04:02,676 [WARN] PackLoader:240 - Cannot read IP mode file for STMicroelectronics.FP-SNS-MOTENVWB1.1.3.0
2023-11-18 17:04:02,692 [WARN] PackLoader:240 - Cannot read IP mode file for STMicroelectronics.X-CUBE-AZRTOS-G4.1.0.0
2023-11-18 17:04:02,712 [WARN] PackLoader:240 - Cannot read IP mode file for STMicroelectronics.X-CUBE-AZRTOS-L4.1.0.0
2023-11-18 17:04:02,759 [WARN] PackLoader:240 - Cannot read IP mode file for STMicroelectronics.X-CUBE-MEMS1.10.0.0
2023-11-18 17:04:02,897 [WARN] PackLoader:240 - Cannot read IP mode file for STMicroelectronics.X-CUBE-FREERTOS.1.1.0
2023-11-18 17:04:02,907 [WARN] PackLoader:240 - Cannot read IP mode file for STMicroelectronics.X-CUBE-AZRTOS-WL.1.0.0
2023-11-18 17:04:02,916 [WARN] PackLoader:240 - Cannot read IP mode file for portGmbH.I-Cube-SoM-uGOAL.1.1.0
2023-11-18 17:04:02,920 [WARN] PackLoader:240 - Cannot read IP mode file for STMicroelectronics.X-CUBE-ALS.1.0.1
2023-11-18 17:04:02,933 [WARN] PackLoader:240 - Cannot read IP mode file for STMicroelectronics.X-CUBE-AZRTOS-WB.1.1.0
2023-11-18 17:04:02,938 [WARN] PackLoader:240 - Cannot read IP mode file for STMicroelectronics.FP-ATR-ASTRA1.2.0.0
2023-11-18 17:04:02,938 [INFO] ThirdParty:978 - Integrity check success = true
2023-11-18 17:04:02,938 [INFO] IntegrityCheckThread:100 - exiting critical section [integrity check]
2023-11-18 17:04:02,938 [INFO] IntegrityCheckThread:103 - End integrity checks thread
2023-11-18 17:04:22,502 [ERROR] LogOutputStream:75 - [STDERR_REDIRECT] SLF4J: Failed to load class "org.slf4j.impl.StaticLoggerBinder".
2023-11-18 17:04:22,503 [ERROR] LogOutputStream:75 - [STDERR_REDIRECT] SLF4J: Defaulting to no-operation (NOP) logger implementation
2023-11-18 17:04:22,503 [ERROR] LogOutputStream:75 - [STDERR_REDIRECT] SLF4J: See http://www.slf4j.org/codes.html#StaticLoggerBinder for further details.
2023-11-18 17:13:53,733 [ERROR] LogOutputStream:75 - [STDERR_REDIRECT] 
