2023-11-16 13:38:29,618 [INFO] Activator:176 - 


2023-11-16 13:38:29,624 [INFO] Activator:177 - !SESSION log4j initialized
2023-11-16 13:38:32,755 [INFO] LogOutputStream:77 - [STDOUT_REDIRECT] 
2023-11-16 13:38:34,691 [INFO] ApplicationProperties:184 - Using Application install path: C:\ST\STM32CubeIDE_1.11.2\STM32CubeIDE\plugins\com.st.stm32cube.common.mx_6.9.2.202309101412
2023-11-16 13:38:34,710 [INFO] DbMcusXml:78 - Set database path to: C:\ST\STM32CubeIDE_1.11.2\STM32CubeIDE\plugins\com.st.stm32cube.common.mx_6.9.2.202309101412\\db\/mcu/
2023-11-16 13:38:34,710 [INFO] ApiDb:274 - Set plugin database path to: C:\ST\STM32CubeIDE_1.11.2\STM32CubeIDE\plugins\com.st.stm32cube.common.mx_6.9.2.202309101412\\db\/plugins/boardmanager/
2023-11-16 13:38:34,710 [WARN] ApiDb:259 - Overriding images path with different value:  => C:\ST\STM32CubeIDE_1.11.2\STM32CubeIDE\plugins\com.st.stm32cube.common.mx_6.9.2.202309101412\\db\/plugins/mcufinder/images/
2023-11-16 13:38:34,720 [INFO] ApiDb:250 - Set database path to: C:\Users\andep\.stmcufinder\plugins\mcufinder//mcu/
2023-11-16 13:38:34,721 [INFO] DbMcusAds:125 - Set database path to: C:\Users\andep\.stmcufinder\plugins\mcufinder//mcu/
2023-11-16 13:38:34,723 [INFO] CrossReferenceDbSqlite:203 - Set database path to: C:\Users\andep\.stmcufinder\plugins\mcufinder//mcu/cs/
2023-11-16 13:38:34,822 [INFO] RulesReader:64 - Compatibility file has been processed (293 Rules)
2023-11-16 13:38:34,902 [INFO] DbMcusXml:78 - Set database path to: C:\ST\STM32CubeIDE_1.11.2\STM32CubeIDE\plugins\com.st.stm32cube.common.mx_6.9.2.202309101412\\db\/mcu/
2023-11-16 13:38:34,903 [INFO] ApiDb:274 - Set plugin database path to: C:\ST\STM32CubeIDE_1.11.2\STM32CubeIDE\plugins\com.st.stm32cube.common.mx_6.9.2.202309101412\\db\/plugins/boardmanager/
2023-11-16 13:38:34,903 [INFO] ApiDb:261 - Set plugin images path to: C:\ST\STM32CubeIDE_1.11.2\STM32CubeIDE\plugins\com.st.stm32cube.common.mx_6.9.2.202309101412\\db\/plugins/mcufinder/images/
2023-11-16 13:38:34,903 [WARN] DbFile:41 - Overriding database path with different value: C:\Users\andep\.stmcufinder\plugins\mcufinder/ => C:\Users\andep\.stmcufinder\plugins\mcufinder
2023-11-16 13:38:34,903 [INFO] ApiDb:250 - Set database path to: C:\Users\andep\.stmcufinder\plugins\mcufinder//mcu/
2023-11-16 13:38:34,903 [WARN] DbFile:41 - Overriding database path with different value: C:\Users\andep\.stmcufinder\plugins\mcufinder/ => C:\Users\andep\.stmcufinder\plugins\mcufinder
2023-11-16 13:38:34,903 [INFO] DbMcusAds:125 - Set database path to: C:\Users\andep\.stmcufinder\plugins\mcufinder//mcu/
2023-11-16 13:38:34,903 [WARN] DbFile:41 - Overriding database path with different value: C:\Users\andep\.stmcufinder\plugins\mcufinder/ => C:\Users\andep\.stmcufinder\plugins\mcufinder
2023-11-16 13:38:34,903 [WARN] DbFile:41 - Overriding database path with different value: C:\Users\andep\.stmcufinder\plugins\mcufinder/ => C:\Users\andep\.stmcufinder\plugins\mcufinder
2023-11-16 13:38:34,903 [INFO] CrossReferenceDbSqlite:203 - Set database path to: C:\Users\andep\.stmcufinder\plugins\mcufinder//mcu/cs/
2023-11-16 13:38:34,976 [INFO] MainPanel:262 - HeapMemory: 268435456
2023-11-16 13:38:35,057 [INFO] DbMcusXml:78 - Set database path to: C:\ST\STM32CubeIDE_1.11.2\STM32CubeIDE\plugins\com.st.stm32cube.common.mx_6.9.2.202309101412\\db\/mcu/
2023-11-16 13:38:35,057 [INFO] ApiDb:274 - Set plugin database path to: C:\ST\STM32CubeIDE_1.11.2\STM32CubeIDE\plugins\com.st.stm32cube.common.mx_6.9.2.202309101412\\db\/plugins/boardmanager/
2023-11-16 13:38:35,057 [INFO] ApiDb:261 - Set plugin images path to: C:\ST\STM32CubeIDE_1.11.2\STM32CubeIDE\plugins\com.st.stm32cube.common.mx_6.9.2.202309101412\\db\/plugins/mcufinder/images/
2023-11-16 13:38:35,058 [WARN] DbFile:41 - Overriding database path with different value: C:\Users\andep\.stmcufinder\plugins\mcufinder/ => C:\Users\andep\.stmcufinder\plugins\mcufinder
2023-11-16 13:38:35,058 [INFO] ApiDb:250 - Set database path to: C:\Users\andep\.stmcufinder\plugins\mcufinder//mcu/
2023-11-16 13:38:35,058 [WARN] DbFile:41 - Overriding database path with different value: C:\Users\andep\.stmcufinder\plugins\mcufinder/ => C:\Users\andep\.stmcufinder\plugins\mcufinder
2023-11-16 13:38:35,058 [INFO] DbMcusAds:125 - Set database path to: C:\Users\andep\.stmcufinder\plugins\mcufinder//mcu/
2023-11-16 13:38:35,058 [WARN] DbFile:41 - Overriding database path with different value: C:\Users\andep\.stmcufinder\plugins\mcufinder/ => C:\Users\andep\.stmcufinder\plugins\mcufinder
2023-11-16 13:38:35,058 [WARN] DbFile:41 - Overriding database path with different value: C:\Users\andep\.stmcufinder\plugins\mcufinder/ => C:\Users\andep\.stmcufinder\plugins\mcufinder
2023-11-16 13:38:35,058 [INFO] CrossReferenceDbSqlite:203 - Set database path to: C:\Users\andep\.stmcufinder\plugins\mcufinder//mcu/cs/
2023-11-16 13:38:35,080 [INFO] ApplicationProperties:184 - Using Application install path: C:\ST\STM32CubeIDE_1.11.2\STM32CubeIDE\plugins\com.st.stm32cube.common.mx_6.9.2.202309101412
2023-11-16 13:38:35,081 [INFO] PluginManage:196 - Search for loadable plugins [exclusion list=, ]
2023-11-16 13:38:35,083 [INFO] PluginManage:310 - Check plugin analytics
2023-11-16 13:38:35,268 [INFO] AnalyticsPlugin:253 - Accepted Software Licenses: 
2023-11-16 13:38:35,268 [INFO] AnalyticsPlugin:255 - Accepted CMSIS Pack Licenses: 
2023-11-16 13:38:35,269 [INFO] AnalyticsPlugin:257 - Accepted Firmware Licenses: 
2023-11-16 13:38:35,272 [INFO] PluginManage:359 - Loaded plugin analytics (category:tool,tabindex:-1)
2023-11-16 13:38:35,272 [INFO] PluginManage:310 - Check plugin cadmodel
2023-11-16 13:38:35,296 [INFO] CADModel:105 - Init CAD model plugin
2023-11-16 13:38:35,296 [INFO] PluginManage:359 - Loaded plugin cadmodel (category:power,tabindex:5)
2023-11-16 13:38:35,297 [INFO] PluginManage:310 - Check plugin clock
2023-11-16 13:38:35,316 [INFO] PluginManage:359 - Loaded plugin clock (category:base,tabindex:2)
2023-11-16 13:38:35,316 [INFO] PluginManage:310 - Check plugin ddr
2023-11-16 13:38:35,318 [INFO] PluginManage:359 - Loaded plugin ddr (category:tool,tabindex:6)
2023-11-16 13:38:35,318 [INFO] PluginManage:310 - Check plugin filemanager
2023-11-16 13:38:35,436 [INFO] PluginManage:359 - Loaded plugin filemanager (category:base,tabindex:10)
2023-11-16 13:38:35,436 [INFO] PluginManage:310 - Check plugin ipmanager
2023-11-16 13:38:35,445 [INFO] PluginManage:359 - Loaded plugin ipmanager (category:base,tabindex:5)
2023-11-16 13:38:35,445 [INFO] PluginManage:310 - Check plugin lpbam
2023-11-16 13:38:35,461 [INFO] PluginManage:359 - Loaded plugin lpbam (category:base,tabindex:0)
2023-11-16 13:38:35,461 [INFO] PluginManage:310 - Check plugin memorymap
2023-11-16 13:38:35,483 [INFO] PluginManage:359 - Loaded plugin memorymap (category:base,tabindex:4)
2023-11-16 13:38:35,484 [INFO] PluginManage:310 - Check plugin pinoutandconfiguration
2023-11-16 13:38:35,499 [INFO] PluginManage:359 - Loaded plugin pinoutandconfiguration (category:base,tabindex:1)
2023-11-16 13:38:35,499 [INFO] PluginManage:310 - Check plugin pinoutconfig
2023-11-16 13:38:35,586 [WARN] SupportedApi:132 - Cannot load RTOS API schema: s4s-elt-must-match.1: The content of 'definitions' must match (annotation?, (simpleType | complexType)?, (unique | key | keyref)*)). A problem was found starting at: attribute.
2023-11-16 13:38:35,697 [INFO] PluginManage:359 - Loaded plugin pinoutconfig (category:base,tabindex:0)
2023-11-16 13:38:35,697 [INFO] PluginManage:310 - Check plugin power
2023-11-16 13:38:35,716 [INFO] PluginManage:359 - Loaded plugin power (category:power,tabindex:4)
2023-11-16 13:38:35,716 [INFO] PluginManage:310 - Check plugin projectmanager
2023-11-16 13:38:35,727 [INFO] PluginManage:359 - Loaded plugin projectmanager (category:projectmanager,tabindex:3)
2023-11-16 13:38:35,727 [INFO] PluginManage:310 - Check plugin thirdparty
2023-11-16 13:38:35,965 [INFO] PluginManage:359 - Loaded plugin thirdparty (category:base,tabindex:-1)
2023-11-16 13:38:35,965 [WARN] IntegrityCheckThread:84 - waiting for thirdparty lock release [integrity check]
2023-11-16 13:38:35,965 [INFO] PluginManage:310 - Check plugin tools
2023-11-16 13:38:35,965 [INFO] IntegrityCheckThread:86 - entering critical section [integrity check]
2023-11-16 13:38:35,966 [INFO] ThirdPartyUpdaterWithRetryManager:70 - Updater plugin not ready yet. [1/15]
2023-11-16 13:38:35,990 [INFO] PluginManage:359 - Loaded plugin tools (category:base,tabindex:7)
2023-11-16 13:38:35,990 [INFO] PluginManage:310 - Check plugin tutovideos
2023-11-16 13:38:36,175 [INFO] PluginManage:359 - Loaded plugin tutovideos (category:base,tabindex:-1)
2023-11-16 13:38:36,175 [INFO] PluginManage:310 - Check plugin updater
2023-11-16 13:38:36,187 [INFO] PluginManage:359 - Loaded plugin updater (category:base,tabindex:12)
2023-11-16 13:38:36,187 [INFO] PluginManage:310 - Check plugin userauth
2023-11-16 13:38:36,193 [INFO] UserAuth:113 - Init User Auth plugin
2023-11-16 13:38:36,193 [INFO] PluginManage:359 - Loaded plugin userauth (category:base,tabindex:14)
2023-11-16 13:38:36,193 [INFO] PluginManage:283 - PluginManage : Loaded plugins [17]
2023-11-16 13:38:36,400 [INFO] PinOutPanel:1499 - setPackage(No Configuration,No Configuration)
2023-11-16 13:38:36,514 [INFO] CADModel:165 - CPN selected for project level
2023-11-16 13:38:36,515 [INFO] CADModel:114 - Register for checkConnection events
2023-11-16 13:38:36,541 [INFO] IPUIPlugin:80 - create IPUIPlugin
2023-11-16 13:38:36,541 [INFO] PluginManager:220 - loadIPPluginJar : add adc
2023-11-16 13:38:36,574 [INFO] IPUIPlugin:80 - create IPUIPlugin
2023-11-16 13:38:36,574 [INFO] PluginManager:220 - loadIPPluginJar : add aes
2023-11-16 13:38:36,611 [INFO] IPUIPlugin:80 - create IPUIPlugin
2023-11-16 13:38:36,611 [INFO] PluginManager:220 - loadIPPluginJar : add can
2023-11-16 13:38:36,631 [INFO] IPUIPlugin:80 - create IPUIPlugin
2023-11-16 13:38:36,632 [INFO] PluginManager:220 - loadIPPluginJar : add comp
2023-11-16 13:38:36,660 [INFO] IPUIPlugin:80 - create IPUIPlugin
2023-11-16 13:38:36,660 [INFO] PluginManager:220 - loadIPPluginJar : add cryp
2023-11-16 13:38:36,686 [INFO] IPUIPlugin:80 - create IPUIPlugin
2023-11-16 13:38:36,686 [INFO] PluginManager:220 - loadIPPluginJar : add dfsdm
2023-11-16 13:38:36,700 [INFO] IPUIPlugin:80 - create IPUIPlugin
2023-11-16 13:38:36,700 [INFO] PluginManager:220 - loadIPPluginJar : add dma
2023-11-16 13:38:36,741 [INFO] IPUIPlugin:80 - create IPUIPlugin
2023-11-16 13:38:36,741 [INFO] PluginManager:220 - loadIPPluginJar : add dma3
2023-11-16 13:38:36,760 [INFO] IPUIPlugin:80 - create IPUIPlugin
2023-11-16 13:38:36,760 [INFO] PluginManager:220 - loadIPPluginJar : add fatfs
2023-11-16 13:38:36,801 [INFO] IPUIPlugin:80 - create IPUIPlugin
2023-11-16 13:38:36,801 [INFO] PluginManager:220 - loadIPPluginJar : add fmc
2023-11-16 13:38:36,817 [INFO] IPUIPlugin:80 - create IPUIPlugin
2023-11-16 13:38:36,817 [INFO] PluginManager:220 - loadIPPluginJar : add freertos
2023-11-16 13:38:36,836 [INFO] IPUIPlugin:80 - create IPUIPlugin
2023-11-16 13:38:36,836 [INFO] PluginManager:220 - loadIPPluginJar : add genericplugin
2023-11-16 13:38:36,916 [INFO] IPUIPlugin:80 - create IPUIPlugin
2023-11-16 13:38:36,916 [INFO] PluginManager:220 - loadIPPluginJar : add gfxmmu
2023-11-16 13:38:37,031 [INFO] IPUIPlugin:80 - create IPUIPlugin
2023-11-16 13:38:37,031 [INFO] PluginManager:220 - loadIPPluginJar : add gic
2023-11-16 13:38:37,046 [INFO] IPUIPlugin:80 - create IPUIPlugin
2023-11-16 13:38:37,046 [INFO] PluginManager:220 - loadIPPluginJar : add gpio
2023-11-16 13:38:37,128 [INFO] IPUIPlugin:80 - create IPUIPlugin
2023-11-16 13:38:37,129 [INFO] PluginManager:220 - loadIPPluginJar : add gtzc
2023-11-16 13:38:37,161 [INFO] IPUIPlugin:80 - create IPUIPlugin
2023-11-16 13:38:37,161 [INFO] PluginManager:220 - loadIPPluginJar : add hash
2023-11-16 13:38:37,208 [INFO] IPUIPlugin:80 - create IPUIPlugin
2023-11-16 13:38:37,208 [INFO] PluginManager:220 - loadIPPluginJar : add i2c
2023-11-16 13:38:37,244 [INFO] IPUIPlugin:80 - create IPUIPlugin
2023-11-16 13:38:37,244 [INFO] PluginManager:220 - loadIPPluginJar : add i2s
2023-11-16 13:38:37,280 [INFO] IPUIPlugin:80 - create IPUIPlugin
2023-11-16 13:38:37,280 [INFO] PluginManager:220 - loadIPPluginJar : add i3c
2023-11-16 13:38:37,391 [INFO] IPUIPlugin:80 - create IPUIPlugin
2023-11-16 13:38:37,391 [INFO] PluginManager:220 - loadIPPluginJar : add ipddr
2023-11-16 13:38:37,481 [INFO] IPUIPlugin:80 - create IPUIPlugin
2023-11-16 13:38:37,481 [INFO] PluginManager:220 - loadIPPluginJar : add linkedlist
2023-11-16 13:38:37,517 [INFO] IPUIPlugin:80 - create IPUIPlugin
2023-11-16 13:38:37,517 [INFO] PluginManager:220 - loadIPPluginJar : add lorawan
2023-11-16 13:38:37,553 [INFO] IPUIPlugin:80 - create IPUIPlugin
2023-11-16 13:38:37,554 [INFO] PluginManager:220 - loadIPPluginJar : add ltdc
2023-11-16 13:38:37,580 [INFO] IPUIPlugin:80 - create IPUIPlugin
2023-11-16 13:38:37,581 [INFO] PluginManager:220 - loadIPPluginJar : add mdma
2023-11-16 13:38:37,595 [INFO] IPUIPlugin:80 - create IPUIPlugin
2023-11-16 13:38:37,595 [INFO] PluginManager:220 - loadIPPluginJar : add nvic
2023-11-16 13:38:37,631 [INFO] IPUIPlugin:80 - create IPUIPlugin
2023-11-16 13:38:37,632 [INFO] PluginManager:220 - loadIPPluginJar : add opamp
2023-11-16 13:38:37,687 [INFO] IPUIPlugin:80 - create IPUIPlugin
2023-11-16 13:38:37,687 [INFO] PluginManager:220 - loadIPPluginJar : add openamp
2023-11-16 13:38:37,726 [INFO] IPUIPlugin:80 - create IPUIPlugin
2023-11-16 13:38:37,726 [INFO] PluginManager:220 - loadIPPluginJar : add pdm2pcm
2023-11-16 13:38:37,743 [INFO] IPUIPlugin:80 - create IPUIPlugin
2023-11-16 13:38:37,745 [INFO] PluginManager:220 - loadIPPluginJar : add plateformsettings
2023-11-16 13:38:37,765 [INFO] IPUIPlugin:80 - create IPUIPlugin
2023-11-16 13:38:37,765 [INFO] PluginManager:220 - loadIPPluginJar : add quadspi
2023-11-16 13:38:37,780 [INFO] IPUIPlugin:80 - create IPUIPlugin
2023-11-16 13:38:37,780 [INFO] PluginManager:220 - loadIPPluginJar : add resmgrutility
2023-11-16 13:38:37,826 [INFO] IPUIPlugin:80 - create IPUIPlugin
2023-11-16 13:38:37,826 [INFO] PluginManager:220 - loadIPPluginJar : add sai
2023-11-16 13:38:37,863 [INFO] IPUIPlugin:80 - create IPUIPlugin
2023-11-16 13:38:37,863 [INFO] PluginManager:220 - loadIPPluginJar : add spi
2023-11-16 13:38:37,918 [INFO] IPUIPlugin:80 - create IPUIPlugin
2023-11-16 13:38:37,918 [INFO] PluginManager:220 - loadIPPluginJar : add stm32_wpan
2023-11-16 13:38:37,940 [INFO] IPUIPlugin:80 - create IPUIPlugin
2023-11-16 13:38:37,940 [INFO] PluginManager:220 - loadIPPluginJar : add tim
2023-11-16 13:38:37,991 [INFO] IPUIPlugin:80 - create IPUIPlugin
2023-11-16 13:38:37,991 [INFO] PluginManager:220 - loadIPPluginJar : add touchsensing
2023-11-16 13:38:38,012 [INFO] IPUIPlugin:80 - create IPUIPlugin
2023-11-16 13:38:38,012 [INFO] PluginManager:220 - loadIPPluginJar : add tracer_emb
2023-11-16 13:38:38,034 [INFO] IPUIPlugin:80 - create IPUIPlugin
2023-11-16 13:38:38,034 [INFO] PluginManager:220 - loadIPPluginJar : add ts
2023-11-16 13:38:38,054 [INFO] IPUIPlugin:80 - create IPUIPlugin
2023-11-16 13:38:38,054 [INFO] PluginManager:220 - loadIPPluginJar : add tsc
2023-11-16 13:38:38,077 [INFO] IPUIPlugin:80 - create IPUIPlugin
2023-11-16 13:38:38,077 [INFO] PluginManager:220 - loadIPPluginJar : add ucpd
2023-11-16 13:38:38,118 [INFO] IPUIPlugin:80 - create IPUIPlugin
2023-11-16 13:38:38,118 [INFO] PluginManager:220 - loadIPPluginJar : add usart
2023-11-16 13:38:38,157 [INFO] IPUIPlugin:80 - create IPUIPlugin
2023-11-16 13:38:38,157 [INFO] PluginManager:220 - loadIPPluginJar : add usbx
2023-11-16 13:38:38,280 [INFO] CADModel:165 - CPN selected for project level
2023-11-16 13:38:38,280 [INFO] CADModel:114 - Register for checkConnection events
2023-11-16 13:38:38,280 [FATAL] Updater:308 - Updater called before beeing initialized
2023-11-16 13:38:38,281 [ERROR] CADModel:125 - Updater not yet initialized, retry later 
2023-11-16 13:38:38,412 [INFO] CADModel:165 - CPN selected for project level
2023-11-16 13:38:38,412 [INFO] CADModel:114 - Register for checkConnection events
2023-11-16 13:38:38,413 [FATAL] Updater:308 - Updater called before beeing initialized
2023-11-16 13:38:38,413 [ERROR] CADModel:125 - Updater not yet initialized, retry later 
2023-11-16 13:38:38,416 [FATAL] Updater:308 - Updater called before beeing initialized
2023-11-16 13:38:38,516 [FATAL] Updater:308 - Updater called before beeing initialized
2023-11-16 13:38:38,528 [INFO] DbMcusAds:53 - JSON generation date=Tue Mar 07 09:50:55 CET 2023 (1678179055335)
2023-11-16 13:38:38,528 [FATAL] Updater:308 - Updater called before beeing initialized
2023-11-16 13:38:38,609 [WARN] DetailPanel:346 - Failed to get advertising image, set to default
2023-11-16 13:38:38,706 [FATAL] Updater:308 - Updater called before beeing initialized
2023-11-16 13:38:38,709 [FATAL] Updater:308 - Updater called before beeing initialized
2023-11-16 13:38:38,709 [FATAL] Updater:308 - Updater called before beeing initialized
2023-11-16 13:38:38,709 [WARN] DetailPanel:346 - Failed to get advertising image, set to default
2023-11-16 13:38:38,709 [FATAL] Updater:308 - Updater called before beeing initialized
2023-11-16 13:38:38,762 [ERROR] Updater:1120 - MainUpdater not yet initialized. External WinMGr cannot be set.
2023-11-16 13:38:38,772 [INFO] Updater:1056 - Updater Version found : 6.9.2
2023-11-16 13:38:38,791 [INFO] ApplicationProperties:184 - Using Application install path: C:\ST\STM32CubeIDE_1.11.2\STM32CubeIDE\plugins\com.st.stm32cube.common.mx_6.9.2.202309101412
2023-11-16 13:38:38,951 [INFO] MainUpdater:2868 - connection check result : 10
2023-11-16 13:38:38,952 [INFO] MainUpdater:285 - Updater Check For Update Now.
2023-11-16 13:38:38,952 [INFO] MicroXplorer:498 - Change Database Version : DB.6.0.92
2023-11-16 13:38:38,968 [WARN] MainUpdater:1189 - Updater busy. Cannot search thirdparties
2023-11-16 13:38:38,968 [INFO] ThirdPartyUpdaterWithRetryManager:96 - Updater plugin is busy. [1/15]
2023-11-16 13:38:38,968 [INFO] McuFinderGlobals:63 - Set McuFinder mode to 2 (CubeIDE integrated)
2023-11-16 13:38:38,969 [INFO] UserAuth:179 - activating auth plugin
2023-11-16 13:38:38,972 [INFO] UserAuth:393 - Internet connection configuration mode: 1
2023-11-16 13:38:39,002 [INFO] JxBrowserEngine:151 - Initiate JxBrowser Engine with user profile folder
2023-11-16 13:38:39,166 [INFO] CheckServerUpdateThread:120 - End of CheckServer Thread
2023-11-16 13:38:41,340 [INFO] WebApp:157 - Instantiating new browser for Auth
2023-11-16 13:38:42,008 [INFO] WebApp:753 - Register for checkConnection events
2023-11-16 13:38:42,008 [INFO] WebApp:390 - Apply proxy settings
2023-11-16 13:38:42,008 [INFO] WebApp:475 - Chromium requires no authentication
2023-11-16 13:38:42,019 [INFO] WebApp:418 - Direct internet connection detected
2023-11-16 13:38:42,211 [WARN] PackLoader:240 - Cannot read IP mode file for STMicroelectronics.X-CUBE-SMBUS.2.1.0
2023-11-16 13:38:42,249 [INFO] WebApp:188 - Starting web application
2023-11-16 13:38:42,249 [INFO] WebApp:520 - Web application path used C:\ST\STM32CubeIDE_1.11.2\STM32CubeIDE\plugins\com.st.stm32cube.common.mx_6.9.2.202309101412\db\plugins\mcufinder\reactClient1\index.html
2023-11-16 13:38:42,275 [WARN] PackLoader:240 - Cannot read IP mode file for STMicroelectronics.X-CUBE-AZRTOS-F7.1.1.0
2023-11-16 13:38:42,309 [WARN] PackLoader:240 - Cannot read IP mode file for STMicroelectronics.FP-SNS-MOTENV1.4.3.2
2023-11-16 13:38:42,343 [WARN] PackLoader:240 - Cannot read IP mode file for STMicroelectronics.X-CUBE-BLE1.6.2.4
2023-11-16 13:38:42,363 [WARN] PackLoader:240 - Cannot read IP mode file for STMicroelectronics.FP-SNS-FLIGHT1.5.0.2
2023-11-16 13:38:42,390 [WARN] PackLoader:240 - Cannot read IP mode file for STMicroelectronics.X-CUBE-DISPLAY.3.0.0
2023-11-16 13:38:42,415 [WARN] PackLoader:240 - Cannot read IP mode file for STMicroelectronics.X-CUBE-BLE1.7.0.0
2023-11-16 13:38:42,439 [WARN] PackLoader:240 - Cannot read IP mode file for STMicroelectronics.X-CUBE-TOUCHGFX.4.22.1
2023-11-16 13:38:42,457 [WARN] PackLoader:240 - Cannot read IP mode file for STMicroelectronics.FP-SNS-SMARTAG2.1.2.0
2023-11-16 13:38:42,494 [INFO] LogOutputStream:77 - [STDOUT_REDIRECT] 1 : Invalid condition id : UX_CORESTACK_Condition cause : null
2023-11-16 13:38:42,495 [INFO] LogOutputStream:77 - [STDOUT_REDIRECT] 1 : Invalid condition id : UX_CORESTACK_Condition cause : null
2023-11-16 13:38:42,497 [INFO] LogOutputStream:77 - [STDOUT_REDIRECT] 1 : Invalid condition id : UX_CORESTACK_Condition cause : null
2023-11-16 13:38:42,499 [INFO] LogOutputStream:77 - [STDOUT_REDIRECT] 1 : Invalid condition id : UX_CORESTACK_Condition cause : null
2023-11-16 13:38:42,501 [INFO] LogOutputStream:77 - [STDOUT_REDIRECT] 1 : Invalid condition id : UX_CORESTACK_Condition cause : null
2023-11-16 13:38:42,510 [WARN] PackLoader:240 - Cannot read IP mode file for STMicroelectronics.X-CUBE-AZRTOS-WL.2.0.0
2023-11-16 13:38:42,541 [WARN] PackLoader:240 - Cannot read IP mode file for WES.I-CUBE-Cesium.1.3.0
2023-11-16 13:38:42,570 [WARN] PackLoader:240 - Cannot read IP mode file for STMicroelectronics.X-CUBE-BLE2.3.3.0
2023-11-16 13:38:42,615 [WARN] PackLoader:240 - Cannot read IP mode file for STMicroelectronics.X-CUBE-TOF1.3.2.0
2023-11-16 13:38:42,655 [WARN] PackLoader:240 - Cannot read IP mode file for STMicroelectronics.X-CUBE-TOUCHGFX.4.21.1
2023-11-16 13:38:42,689 [WARN] PackLoader:240 - Cannot read IP mode file for STMicroelectronics.X-CUBE-AI.7.3.0
2023-11-16 13:38:42,718 [WARN] PackLoader:240 - Cannot read IP mode file for STMicroelectronics.X-CUBE-ALGOBUILD.1.3.0
2023-11-16 13:38:42,772 [WARN] PackLoader:240 - Cannot read IP mode file for STMicroelectronics.X-CUBE-AZRTOS-G0.1.1.0
2023-11-16 13:38:42,804 [WARN] PackLoader:240 - Cannot read IP mode file for STMicroelectronics.X-CUBE-NFC4.3.0.0
2023-11-16 13:38:42,841 [WARN] PackLoader:240 - Cannot read IP mode file for STMicroelectronics.X-CUBE-BLEMGR.3.0.0
2023-11-16 13:38:42,884 [WARN] PackLoader:240 - Cannot read IP mode file for STMicroelectronics.X-CUBE-BLEMGR.1.3.0
2023-11-16 13:38:42,916 [WARN] PackLoader:240 - Cannot read IP mode file for STMicroelectronics.FP-ATR-SIGFOX1.3.2.0
2023-11-16 13:38:43,054 [WARN] PackLoader:240 - Cannot read IP mode file for STMicroelectronics.X-CUBE-MEMS1.9.5.0
2023-11-16 13:38:43,406 [WARN] PackLoader:240 - Cannot read IP mode file for SEGGER.I-CUBE-embOS.1.3.1
2023-11-16 13:38:43,525 [WARN] PackLoader:240 - Cannot read IP mode file for STMicroelectronics.X-CUBE-GNSS1.6.0.0
2023-11-16 13:38:43,582 [WARN] PackLoader:240 - Cannot read IP mode file for STMicroelectronics.X-CUBE-AZRTOS-F4.1.1.0
2023-11-16 13:38:43,633 [WARN] PackLoader:240 - Cannot read IP mode file for STMicroelectronics.X-CUBE-AZRTOS-L5.2.0.0
2023-11-16 13:38:43,743 [WARN] PackLoader:240 - Cannot read IP mode file for STMicroelectronics.X-CUBE-MEMS1.9.6.0
2023-11-16 13:38:44,001 [WARN] PackLoader:240 - Cannot read IP mode file for STMicroelectronics.X-CUBE-EEPRMA1.4.2.0
2023-11-16 13:38:44,026 [WARN] PackLoader:240 - Cannot read IP mode file for ITTIA_DB.I-CUBE-ITTIADB.8.8.0
2023-11-16 13:38:44,053 [WARN] PackLoader:240 - Cannot read IP mode file for emotas.I-CUBE-CANOPEN.1.1.3
2023-11-16 13:38:44,082 [WARN] PackLoader:240 - Cannot read IP mode file for STMicroelectronics.X-CUBE-BLEMGR.2.0.0
2023-11-16 13:38:44,128 [WARN] ConditionMgr:438 - getConditionDescription Invalid condition id : UX DEVICE CLASS RTOS Condition cause : null
2023-11-16 13:38:44,129 [WARN] ConditionMgr:438 - getConditionDescription Invalid condition id : UX DEVICE CLASS RTOS Condition cause : null
2023-11-16 13:38:44,132 [WARN] PackLoader:240 - Cannot read IP mode file for STMicroelectronics.X-CUBE-AZRTOS-H7.3.1.0
2023-11-16 13:38:44,133 [WARN] ConditionMgr:1039 - genDependencies : Invalid condition id : UX DEVICE CLASS RTOS Condition cause : null
2023-11-16 13:38:44,133 [WARN] ConditionMgr:1039 - genDependencies : Invalid condition id : UX DEVICE CLASS RTOS Condition cause : null
2023-11-16 13:38:44,134 [WARN] ConditionMgr:1039 - genDependencies : Invalid condition id : UX DEVICE CLASS RTOS Condition cause : null
2023-11-16 13:38:44,135 [WARN] ConditionMgr:1039 - genDependencies : Invalid condition id : UX DEVICE CLASS RTOS Condition cause : null
2023-11-16 13:38:44,135 [WARN] ConditionMgr:1039 - genDependencies : Invalid condition id : UX DEVICE CLASS RTOS Condition cause : null
2023-11-16 13:38:44,157 [WARN] PackLoader:240 - Cannot read IP mode file for wolfSSL.I-CUBE-wolfSSL.5.5.4
2023-11-16 13:38:44,177 [WARN] PackLoader:240 - Cannot read IP mode file for STMicroelectronics.X-CUBE-NFC7.1.0.1
2023-11-16 13:38:44,197 [WARN] PackLoader:240 - Cannot read IP mode file for STMicroelectronics.X-CUBE-NFC7.1.0.0
2023-11-16 13:38:44,221 [WARN] PackLoader:240 - Cannot read IP mode file for STMicroelectronics.X-CUBE-NFC6.3.0.0
2023-11-16 13:38:44,243 [WARN] PackLoader:240 - Cannot read IP mode file for STMicroelectronics.X-CUBE-EEPRMA1.4.1.0
2023-11-16 13:38:44,264 [WARN] PackLoader:240 - Cannot read IP mode file for STMicroelectronics.X-CUBE-AI.8.1.0
2023-11-16 13:38:44,306 [WARN] ConditionMgr:438 - getConditionDescription Invalid condition id : LAN8742 Phy interface Condition cause : null
2023-11-16 13:38:44,307 [WARN] PackLoader:240 - Cannot read IP mode file for STMicroelectronics.X-CUBE-AZRTOS-L4.2.0.0
2023-11-16 13:38:44,309 [WARN] ConditionMgr:1039 - genDependencies : Invalid condition id : LAN8742 Phy interface Condition cause : null
2023-11-16 13:38:44,309 [WARN] ConditionMgr:1039 - genDependencies : Invalid condition id : LAN8742 Phy interface Condition cause : null
2023-11-16 13:38:44,310 [WARN] ConditionMgr:1039 - genDependencies : Invalid condition id : LAN8742 Phy interface Condition cause : null
2023-11-16 13:38:44,330 [WARN] PackLoader:240 - Cannot read IP mode file for STMicroelectronics.X-CUBE-SFXS2LP1.4.0.0
2023-11-16 13:38:44,379 [WARN] PackLoader:240 - Cannot read IP mode file for STMicroelectronics.X-CUBE-AZRTOS-H7.3.0.0
2023-11-16 13:38:44,398 [WARN] PackLoader:240 - Cannot read IP mode file for STMicroelectronics.X-CUBE-ISPU.1.1.0
2023-11-16 13:38:44,420 [WARN] PackLoader:240 - Cannot read IP mode file for RoweBots.I-CUBE-UNISONRTOS.5.5.0-4
2023-11-16 13:38:44,438 [WARN] PackLoader:240 - Cannot read IP mode file for STMicroelectronics.X-CUBE-AI.8.0.0
2023-11-16 13:38:44,473 [WARN] ConditionMgr:438 - getConditionDescription Invalid condition id : UX DEVICE CLASS RTOS Condition cause : null
2023-11-16 13:38:44,473 [WARN] ConditionMgr:438 - getConditionDescription Invalid condition id : UX DEVICE CLASS RTOS Condition cause : null
2023-11-16 13:38:44,475 [WARN] PackLoader:240 - Cannot read IP mode file for STMicroelectronics.X-CUBE-AZRTOS-WB.2.0.0
2023-11-16 13:38:44,476 [WARN] ConditionMgr:1039 - genDependencies : Invalid condition id : UX DEVICE CLASS RTOS Condition cause : null
2023-11-16 13:38:44,476 [WARN] ConditionMgr:1039 - genDependencies : Invalid condition id : UX DEVICE CLASS RTOS Condition cause : null
2023-11-16 13:38:44,476 [WARN] ConditionMgr:1039 - genDependencies : Invalid condition id : UX DEVICE CLASS RTOS Condition cause : null
2023-11-16 13:38:44,477 [WARN] ConditionMgr:1039 - genDependencies : Invalid condition id : UX DEVICE CLASS RTOS Condition cause : null
2023-11-16 13:38:44,477 [WARN] ConditionMgr:1039 - genDependencies : Invalid condition id : UX DEVICE CLASS RTOS Condition cause : null
2023-11-16 13:38:44,495 [WARN] PackLoader:240 - Cannot read IP mode file for STMicroelectronics.X-CUBE-FREERTOS.1.0.0
2023-11-16 13:38:44,533 [WARN] PackLoader:240 - Cannot read IP mode file for STMicroelectronics.X-CUBE-AZRTOS-L5.1.1.0
2023-11-16 13:38:44,561 [WARN] PackLoader:240 - Cannot read IP mode file for STMicroelectronics.X-CUBE-SUBG2.5.0.0
2023-11-16 13:38:44,596 [WARN] PackLoader:240 - Cannot read IP mode file for STMicroelectronics.X-CUBE-TOF1.3.3.1
2023-11-16 13:38:44,648 [WARN] PackLoader:240 - Cannot read IP mode file for STMicroelectronics.X-CUBE-AZRTOS-G4.2.0.0
2023-11-16 13:38:44,671 [WARN] PackLoader:240 - Cannot read IP mode file for STMicroelectronics.FP-ATR-ASTRA1.1.1.1
2023-11-16 13:38:44,700 [WARN] PackLoader:240 - Cannot read IP mode file for Infineon.AIROC-Wi-Fi-Bluetooth-STM32.1.5.1
2023-11-16 13:38:44,724 [WARN] PackLoader:240 - Cannot read IP mode file for STMicroelectronics.FP-SNS-MOTENVWB1.1.3.0
2023-11-16 13:38:44,772 [WARN] PackLoader:240 - Cannot read IP mode file for STMicroelectronics.X-CUBE-AZRTOS-G4.1.0.0
2023-11-16 13:38:44,829 [WARN] PackLoader:240 - Cannot read IP mode file for STMicroelectronics.X-CUBE-AZRTOS-L4.1.0.0
2023-11-16 13:38:44,939 [WARN] PackLoader:240 - Cannot read IP mode file for STMicroelectronics.X-CUBE-MEMS1.10.0.0
2023-11-16 13:38:45,114 [WARN] PackLoader:240 - Cannot read IP mode file for STMicroelectronics.X-CUBE-FREERTOS.1.1.0
2023-11-16 13:38:45,152 [WARN] PackLoader:240 - Cannot read IP mode file for STMicroelectronics.X-CUBE-AZRTOS-WL.1.0.0
2023-11-16 13:38:45,180 [WARN] PackLoader:240 - Cannot read IP mode file for portGmbH.I-Cube-SoM-uGOAL.1.1.0
2023-11-16 13:38:45,197 [WARN] PackLoader:240 - Cannot read IP mode file for STMicroelectronics.X-CUBE-ALS.1.0.1
2023-11-16 13:38:45,233 [WARN] PackLoader:240 - Cannot read IP mode file for STMicroelectronics.X-CUBE-AZRTOS-WB.1.1.0
2023-11-16 13:38:45,248 [WARN] PackLoader:240 - Cannot read IP mode file for STMicroelectronics.FP-ATR-ASTRA1.2.0.0
2023-11-16 13:38:45,249 [INFO] ThirdParty:978 - Integrity check success = true
2023-11-16 13:38:45,249 [INFO] IntegrityCheckThread:100 - exiting critical section [integrity check]
2023-11-16 13:38:45,249 [INFO] IntegrityCheckThread:103 - End integrity checks thread
2023-11-16 13:39:03,217 [ERROR] LogOutputStream:75 - [STDERR_REDIRECT] SLF4J: Failed to load class "org.slf4j.impl.StaticLoggerBinder".
2023-11-16 13:39:03,217 [ERROR] LogOutputStream:75 - [STDERR_REDIRECT] SLF4J: Defaulting to no-operation (NOP) logger implementation
2023-11-16 13:39:03,219 [ERROR] LogOutputStream:75 - [STDERR_REDIRECT] SLF4J: See http://www.slf4j.org/codes.html#StaticLoggerBinder for further details.
2023-11-16 13:45:09,166 [INFO] McuFinderGlobals:63 - Set McuFinder mode to 2 (CubeIDE integrated)
2023-11-16 13:45:09,187 [INFO] MainUpdater:2868 - connection check result : 10
2023-11-16 13:45:09,192 [INFO] MainUpdater:2868 - connection check result : 10
2023-11-16 13:45:09,340 [INFO] MicroXplorer:468 - Change Database Path : 
2023-11-16 13:45:09,341 [INFO] MicroXplorer:498 - Change Database Version : DB.6.0.92
2023-11-16 13:45:09,345 [WARN] ThirdParty:871 - waiting for thirdparty lock release [close project]
2023-11-16 13:45:09,345 [INFO] ThirdParty:873 - entering critical section [close project]
2023-11-16 13:45:09,347 [INFO] ThirdParty:883 - exiting critical section [close project]
2023-11-16 13:45:09,350 [INFO] PinOutPanel:1499 - setPackage(No Configuration,No Configuration)
2023-11-16 13:45:09,355 [INFO] UtilMem:75 - Begin LoadConfig() Used Memory: 510069464 Bytes (900726784)
2023-11-16 13:45:09,355 [INFO] MicroXplorer:468 - Change Database Path : 
2023-11-16 13:45:09,356 [INFO] MicroXplorer:498 - Change Database Version : DB.6.0.92
2023-11-16 13:45:09,356 [INFO] OpenFileManager:308 - Change cursor
2023-11-16 13:45:09,389 [INFO] Mcu:1946 - Initializing MCU STM32F446R(C-E)Tx STM32F446RETx STM32F446RET6
2023-11-16 13:45:10,752 [INFO] Context:659 - Trying to add GPIOservice into a context  which must be forbidden
2023-11-16 13:45:11,232 [INFO] RtosManager:555 - Registered RTOS mode: class=CMSIS, group=RTOS, mode=CMSIS_V1, owner=FREERTOS
2023-11-16 13:45:11,233 [INFO] RtosManager:555 - Registered RTOS mode: class=CMSIS, group=RTOS2, mode=CMSIS_V2, owner=FREERTOS
2023-11-16 13:45:11,233 [INFO] RtosManager:555 - Registered RTOS mode: class=RTOS, group=Core, mode=CMSIS_V1, owner=FREERTOS
2023-11-16 13:45:11,233 [INFO] RtosManager:555 - Registered RTOS mode: class=RTOS, group=Core, mode=CMSIS_V2, owner=FREERTOS
2023-11-16 13:45:11,233 [WARN] ModelIntegratedComponent:184 - Missing modes for component STMicroelectronics:FreeRTOS:0.0.1:STMicroelectronics:RTOS:FreeRTOS:Core:::10.2.0:
2023-11-16 13:45:11,242 [WARN] ModelIntegratedComponent:63 - No mode defined for component null
2023-11-16 13:45:11,242 [WARN] ModelIntegratedComponent:63 - No mode defined for component null
2023-11-16 13:45:11,242 [WARN] ModelIntegratedComponent:63 - No mode defined for component null
2023-11-16 13:45:11,242 [WARN] ModelIntegratedComponent:63 - No mode defined for component null
2023-11-16 13:45:11,242 [WARN] ModelIntegratedComponent:63 - No mode defined for component null
2023-11-16 13:45:11,242 [WARN] ModelIntegratedComponent:63 - No mode defined for component null
2023-11-16 13:45:11,242 [WARN] ModelIntegratedComponent:63 - No mode defined for component null
2023-11-16 13:45:11,242 [WARN] ModelIntegratedComponent:63 - No mode defined for component null
2023-11-16 13:45:11,242 [WARN] ModelIntegratedComponent:63 - No mode defined for component null
2023-11-16 13:45:11,242 [WARN] ModelIntegratedComponent:63 - No mode defined for component null
2023-11-16 13:45:11,242 [WARN] ModelIntegratedComponent:63 - No mode defined for component null
2023-11-16 13:45:11,242 [WARN] ModelIntegratedComponent:63 - No mode defined for component null
2023-11-16 13:45:11,242 [WARN] ModelIntegratedComponent:63 - No mode defined for component null
2023-11-16 13:45:11,242 [WARN] ModelIntegratedComponent:63 - No mode defined for component null
2023-11-16 13:45:11,242 [WARN] ModelIntegratedComponent:63 - No mode defined for component null
2023-11-16 13:45:11,243 [WARN] ModelIntegratedComponent:63 - No mode defined for component null
2023-11-16 13:45:11,243 [WARN] ModelIntegratedComponent:63 - No mode defined for component null
2023-11-16 13:45:11,243 [WARN] ModelIntegratedComponent:63 - No mode defined for component null
2023-11-16 13:45:11,243 [WARN] ModelIntegratedComponent:63 - No mode defined for component null
2023-11-16 13:45:11,243 [WARN] ModelIntegratedComponent:63 - No mode defined for component null
2023-11-16 13:45:11,243 [WARN] ModelIntegratedComponent:63 - No mode defined for component null
2023-11-16 13:45:11,243 [WARN] ModelIntegratedComponent:63 - No mode defined for component null
2023-11-16 13:45:11,243 [WARN] ModelIntegratedComponent:63 - No mode defined for component null
2023-11-16 13:45:11,243 [WARN] ModelIntegratedComponent:63 - No mode defined for component null
2023-11-16 13:45:11,243 [WARN] ModelIntegratedComponent:63 - No mode defined for component null
2023-11-16 13:45:11,243 [WARN] ModelIntegratedComponent:63 - No mode defined for component null
2023-11-16 13:45:11,243 [WARN] ModelIntegratedComponent:63 - No mode defined for component null
2023-11-16 13:45:11,243 [WARN] ModelIntegratedComponent:63 - No mode defined for component null
2023-11-16 13:45:11,243 [WARN] ModelIntegratedComponent:63 - No mode defined for component null
2023-11-16 13:45:11,243 [WARN] ModelIntegratedComponent:63 - No mode defined for component null
2023-11-16 13:45:11,243 [WARN] ModelIntegratedComponent:63 - No mode defined for component null
2023-11-16 13:45:11,243 [WARN] ModelIntegratedComponent:63 - No mode defined for component null
2023-11-16 13:45:11,243 [WARN] ModelIntegratedComponent:63 - No mode defined for component null
2023-11-16 13:45:11,371 [INFO] ThirdPartyModel:298 - Start build external matchings
2023-11-16 13:45:12,136 [INFO] ThirdPartyModel:316 - End build external matchings
2023-11-16 13:45:12,152 [INFO] ImportTextPane:194 - (OptionalMessage_ERROR) IP (RCC) : Invalid parameter (48MHZClocksFreq_Value)
2023-11-16 13:45:12,153 [INFO] ImportTextPane:194 - (OptionalMessage_ERROR) IP (RCC) : Invalid parameter (EthernetFreq_Value)
2023-11-16 13:45:12,153 [INFO] ImportTextPane:194 - (OptionalMessage_ERROR) IP (RCC) : Parameter (FLatency) has Id (AdvancedSettings) currently not set
2023-11-16 13:45:12,153 [INFO] ImportTextPane:194 - (OptionalMessage_ERROR) IP (RCC) : Invalid parameter (FamilyName)
2023-11-16 13:45:12,153 [INFO] ImportTextPane:194 - (OptionalMessage_ERROR) IP (RCC) : Invalid parameter (I2SClocksFreq_Value)
2023-11-16 13:45:12,155 [INFO] ImportTextPane:194 - (OptionalMessage_ERROR) IP (RCC) : Parameter (SDIOFreq_Value) has invalid value (168000000)
2023-11-16 13:45:12,155 [INFO] ImportTextPane:194 - (OptionalMessage_ERROR) IP (RCC) : Parameter (USBFreq_Value) has invalid value (168000000)
2023-11-16 13:45:12,155 [INFO] ImportTextPane:194 - (OptionalMessage_ERROR) IP (RCC) : Invalid parameter (VCOInputMFreq_Value)
2023-11-16 13:45:12,156 [INFO] ImportTextPane:194 - (OptionalMessage_ERROR) IP (RCC) : Invalid parameter (VcooutputI2S)
2023-11-16 13:45:12,383 [INFO] UtilMem:75 - End LoadConfig() Used Memory: 758548312 Bytes (993001472)
2023-11-16 13:45:12,498 [INFO] ApiDb:581 - Connected to CubeFinder SQLite database (C:\Users\andep\.stmcufinder\plugins\mcufinder\mcu\cube-finder-db.db)
2023-11-16 13:45:12,583 [INFO] ApiDb:668 - CubeFinder database Data Model version=2.1
2023-11-16 13:45:12,583 [INFO] ApiDb:669 - CubeFinder database Configuration version=3.0.37
2023-11-16 13:45:12,583 [INFO] ApiDb:670 - CubeFinder database generation date=2023-10-13 (1697197505)
2023-11-16 13:45:12,583 [INFO] ApiDb:671 - CubeFinder database FW Pack versions=[FP-ATR-ASTRA1_V2.0.0, FP-SNS-FLIGHT1_V5.0.1, FP-SNS-FLIGHT1_V5.0.2, FP-SNS-MOTENV1_V4.3.1, FP-SNS-MOTENV1_V4.3.2, FP-SNS-SMARTAG2_V1.2.0, I-CUBE-ITTIADB_V8.6.3-1, STM32Cube_FW_C0_V1.1.0, STM32Cube_FW_F4_V1.27.1, STM32Cube_FW_F7_V1.17.0, STM32Cube_FW_G0_V1.6.1, STM32Cube_FW_G4_V1.5.1, STM32Cube_FW_H5_V0.5.1, STM32Cube_FW_H5_V1.1.1, STM32Cube_FW_H7_V1.11.0, STM32Cube_FW_L0_V1.12.2, STM32Cube_FW_L5_V1.5.0, STM32Cube_FW_U5_V1.3.0, STM32Cube_FW_U5_V1.3.0RC4, STM32Cube_FW_WBA_V1.0.0RC1, STM32Cube_FW_WBA_V1.1.0RC1, STM32Cube_FW_WBA_V1.1.1, STM32Cube_FW_WB_V1.15.0RC1, STM32Cube_FW_WB_V1.16.0, STM32Cube_FW_WB_V1.16.0RC2, STM32Cube_FW_WB_V1.17.3, STM32Cube_FW_WL_V1.3.0, X-CUBE-ALGOBUILD_V1.3.0, X-CUBE-ALS_V1.0.1, X-CUBE-AZRTOS-F4_V1.1.0, X-CUBE-AZRTOS-F7_V1.1.0, X-CUBE-AZRTOS-G0_V1.1.0, X-CUBE-AZRTOS-G4_V2.0.0, X-CUBE-AZRTOS-H7_V3.1.0, X-CUBE-AZRTOS-L4_V1.0.0, X-CUBE-AZRTOS-L4_V2.0.0, X-CUBE-AZRTOS-L5_V1.1.0, X-CUBE-AZRTOS-WB_V2.0.0, X-CUBE-AZRTOS-WL_V2.0.0, X-CUBE-BLE1_V7.0.0, X-CUBE-BLE2_V3.3.0, X-CUBE-BLEMGR_V2.0.0, X-CUBE-EEPRMA1_V4.1.0, X-CUBE-FREERTOS_V1.1.0, X-CUBE-GNSS1_V6.0.0, X-CUBE-MEMS1_V10.0.0, X-CUBE-MEMS1_V9.1.0, X-CUBE-MEMS1_V9.4.0, X-CUBE-MEMS1_V9.6.0, X-CUBE-NFC4_V3.0.0, X-CUBE-NFC7_V1.0.1, X-CUBE-SFXS2LP1_V4.0.0, X-CUBE-SUBG2_V5.0.0, X-CUBE-TOF1_V3.3.1]
2023-11-16 13:45:14,339 [INFO] ApiDb:240 - Found 323 in-development CPN: [B-G473E-ZEST1S, B-WB1M-WPAN1, B-WL5M-SUBG1, NUCLEO-C031C6, NUCLEO-H503RB, NUCLEO-H563ZI, NUCLEO-U545RE-Q, NUCLEO-U5A5ZJ-Q, NUCLEO-WBA52CG, STEVAL-PROTEUS1, STEVAL-SMARTAG2, STEVAL-STWINBX1, STM320518-EVAL, STM32C0116-DK, STM32C011D6Y3TR, STM32C011D6Y6TR, STM32C011F4P3, STM32C011F4P6, STM32C011F4U3, STM32C011F4U6TR, STM32C011F6P3, STM32C011F6P6, STM32C011F6U3, STM32C011F6U6TR, STM32C011J4M3, STM32C011J4M6, STM32C011J6M3, STM32C011J6M6, STM32C0316-DK, STM32C031C4T3, STM32C031C4T6, STM32C031C4U3, STM32C031C4U6, STM32C031C6T3, STM32C031C6T6, STM32C031C6U3, STM32C031C6U6, STM32C031F4P3, STM32C031F4P6, STM32C031F6P3, STM32C031F6P6, STM32C031G4U3, STM32C031G4U6, STM32C031G6U3, STM32C031G6U6, STM32C031K4T3, STM32C031K4T6, STM32C031K4U3, STM32C031K4U6, STM32C031K6T3, STM32C031K6T6, STM32C031K6U3, STM32C031K6U6, STM32G071K8TXN, STM32G071K8UXN, STM32G081GBU6N, STM32G081KBT6N, STM32G081KBUXN, STM32G0B1CCT6N, STM32G0B1KCT6, STM32G0B1NEY6TR, STM32G0B1RCT6N, STM32G0C1CCT6, STM32G0C1CCT6N, STM32G0C1CCU6N, STM32G0C1CET6N, STM32G0C1CEU6N, STM32G0C1KCT6, STM32G0C1NEY6TR, STM32G0C1RCI6N, STM32G0C1RCT6N, STM32G0C1REI6N, STM32G0C1RET6N, STM32G0C1VCI6, STM32G0C1VEI6, STM32G471CCT6, STM32G471CCU6, STM32G471CET3, STM32G471CET6, STM32G471CEU3, STM32G471CEU6, STM32G471MCT6, STM32G471MET3, STM32G471MET6, STM32G471MEY6TR, STM32G471QCT6, STM32G471QET3, STM32G471RCT6, STM32G471RET3, STM32G471RET6, STM32G471VCH6, STM32G471VCI6, STM32G471VCT6, STM32G471VEH3, STM32G471VEH6, STM32G471VEI3, STM32G471VEI6, STM32G471VET3, STM32G471VET6, STM32G474CCT6, STM32H503CBT6, STM32H503CBU6, STM32H503EBY6TR, STM32H503KBU6, STM32H503RBT6, STM32H562AGI6, STM32H562AII6, STM32H562IGK6, STM32H562IGT6, STM32H562IIK6, STM32H562IIT6, STM32H562RGT6, STM32H562RGV6, STM32H562RIT6, STM32H562RIV6, STM32H562VGT6, STM32H562VIT6, STM32H562ZGT6, STM32H562ZIT6, STM32H563AGI6, STM32H563AII3Q, STM32H563AII6, STM32H563IGK6, STM32H563IGT6, STM32H563IIK3Q, STM32H563IIK6, STM32H563IIT3Q, STM32H563IIT6, STM32H563MIY3QTR, STM32H563RGT6, STM32H563RGV6, STM32H563RIT6, STM32H563RIV6, STM32H563VGT6, STM32H563VIT3Q, STM32H563VIT6, STM32H563ZGT6, STM32H563ZIT3Q, STM32H563ZIT6, STM32H573AII3Q, STM32H573AII6, STM32H573I-DK, STM32H573IIK3Q, STM32H573IIK6, STM32H573IIT3Q, STM32H573IIT6, STM32H573MIY3QTR, STM32H573RIT6, STM32H573RIV6, STM32H573VIT3Q, STM32H573VIT6, STM32H573ZIT3Q, STM32H573ZIT6, STM32L4R5QGI6STR, STM32MP131AAE3, STM32MP131AAF3, STM32MP131AAG3, STM32MP131CAE3, STM32MP131CAF3, STM32MP131CAG3, STM32MP131DAE7, STM32MP131DAF7, STM32MP131DAG7, STM32MP131FAE7, STM32MP131FAF7, STM32MP131FAG7, STM32MP133AAE3, STM32MP133AAF3, STM32MP133AAG3, STM32MP133CAE3, STM32MP133CAF3, STM32MP133CAG3, STM32MP133DAE7, STM32MP133DAF7, STM32MP133DAG7, STM32MP133FAE7, STM32MP133FAF7, STM32MP133FAG7, STM32MP135AAE3, STM32MP135AAF3, STM32MP135AAG3, STM32MP135CAE3, STM32MP135CAF3, STM32MP135CAG3, STM32MP135DAE7, STM32MP135DAF7, STM32MP135DAG7, STM32MP135F-DK, STM32MP135FAE7, STM32MP135FAF7, STM32MP135FAF7T, STM32MP135FAF7U, STM32MP135FAG7, STM32U535CBT6, STM32U535CBT6Q, STM32U535CBU6, STM32U535CBU6Q, STM32U535CCT6, STM32U535CCT6Q, STM32U535CCU6, STM32U535CCU6Q, STM32U535CET6, STM32U535CET6Q, STM32U535CEU6, STM32U535CEU6Q, STM32U535JEY6QTR, STM32U535NCY6QTR, STM32U535NEY6QTR, STM32U535RBI6, STM32U535RBI6Q, STM32U535RBT6, STM32U535RBT6Q, STM32U535RCI6, STM32U535RCI6Q, STM32U535RCT6, STM32U535RCT6Q, STM32U535REI6, STM32U535REI6Q, STM32U535RET6, STM32U535RET6Q, STM32U535VCI6, STM32U535VCI6Q, STM32U535VCT6, STM32U535VCT6Q, STM32U535VEI6, STM32U535VEI6Q, STM32U535VET6, STM32U535VET6Q, STM32U545CET6, STM32U545CET6Q, STM32U545CEU6, STM32U545CEU6Q, STM32U545JEY6QTR, STM32U545NEY6QTR, STM32U545REI6, STM32U545REI6Q, STM32U545RET6, STM32U545RET6Q, STM32U545VEI6, STM32U545VEI6Q, STM32U545VET6, STM32U545VET6Q, STM32U595AIH6, STM32U595AIH6Q, STM32U595AJH6, STM32U595AJH6Q, STM32U595QII6, STM32U595QII6Q, STM32U595QJI6, STM32U595QJI6Q, STM32U595RIT6, STM32U595RIT6Q, STM32U595RJT6, STM32U595RJT6Q, STM32U595VIT6, STM32U595VIT6Q, STM32U595VJT6, STM32U595VJT6Q, STM32U595ZIT6, STM32U595ZIT6Q, STM32U595ZIY6QTR, STM32U595ZJT6, STM32U595ZJT6Q, STM32U595ZJY6QTR, STM32U599BJY6QTR, STM32U599NIH6Q, STM32U599NJH6Q, STM32U599VIT6Q, STM32U599VJT6, STM32U599VJT6Q, STM32U599ZIT6Q, STM32U599ZIY6QTR, STM32U599ZJT6Q, STM32U599ZJY6QTR, STM32U5A5AJH6, STM32U5A5AJH6Q, STM32U5A5QJI6, STM32U5A5QJI6Q, STM32U5A5RJT6, STM32U5A5RJT6Q, STM32U5A5VJT6, STM32U5A5VJT6Q, STM32U5A5ZJT6, STM32U5A5ZJT6Q, STM32U5A5ZJY6QTR, STM32U5A9BJY6QTR, STM32U5A9J-DK, STM32U5A9NJH6Q, STM32U5A9VJT6Q, STM32U5A9ZJT6Q, STM32U5A9ZJY6QTR, STM32U5F7VIT6, STM32U5F7VIT6Q, STM32U5F7VJT6, STM32U5F7VJT6Q, STM32U5F9BJY6QTR, STM32U5F9NJH6Q, STM32U5F9VIT6Q, STM32U5F9VJT6Q, STM32U5F9ZIJ6QTR, STM32U5F9ZIT6Q, STM32U5F9ZJJ6QTR, STM32U5F9ZJT6Q, STM32U5G7VJT6, STM32U5G7VJT6Q, STM32U5G9BJY6QTR, STM32U5G9J-DK1, STM32U5G9J-DK2, STM32U5G9NJH6Q, STM32U5G9VJT6Q, STM32U5G9ZJJ6QTR, STM32U5G9ZJT6Q, STM32WB1MMCH6, STM32WBA52CEU6, STM32WBA52CEU6T, STM32WBA52CGU6, STM32WBA52CGU6T, STM32WBA52KEU6, STM32WBA52KEU6T, STM32WBA52KGU6, STM32WBA52KGU6T, STM32WL5MOCH6, STM32WL5MOCH6TR]
2023-11-16 13:45:14,342 [INFO] DbMcus:217 - Found 3848 MCUs, 3848 are supported
2023-11-16 13:45:14,343 [INFO] ApiDb:423 - Load user favorites file C:\Users\andep/.stm32cubeide/favorites.mcus.txt: 0 item(s)
2023-11-16 13:45:14,343 [INFO] ApiDb:427 - User favorites MCUs=[]
2023-11-16 13:45:14,343 [INFO] DbMcus:223 - Set 0 / 0 favorites MCUs
2023-11-16 13:45:14,588 [WARN] ThirdParty:833 - waiting for thirdparty lock release [change project]
2023-11-16 13:45:14,588 [INFO] ThirdParty:835 - entering critical section [change project]
2023-11-16 13:45:14,588 [INFO] ThirdParty:1030 - CMSIS Pack Vendor :STMicroelectronics X-CUBE-ISPU 1.1.0
2023-11-16 13:45:14,588 [INFO] ThirdParty:1030 - CMSIS Pack Vendor :STMicroelectronics USBPD 4.1
2023-11-16 13:45:14,588 [INFO] ThirdParty:1030 - CMSIS Pack Vendor :RoweBots I-CUBE-UNISONRTOS 5.5.0-4
2023-11-16 13:45:14,588 [INFO] ThirdParty:1030 - CMSIS Pack Vendor :STMicroelectronics X-CUBE-GNSS1 6.0.0
2023-11-16 13:45:14,588 [INFO] ThirdParty:1030 - CMSIS Pack Vendor :STMicroelectronics USB_HOST 2.0.0
2023-11-16 13:45:14,588 [INFO] ThirdParty:1030 - CMSIS Pack Vendor :STMicroelectronics X-CUBE-AZRTOS-F4 1.1.0
2023-11-16 13:45:14,588 [INFO] ThirdParty:1030 - CMSIS Pack Vendor :STMicroelectronics LIBJPEG 8.0.0
2023-11-16 13:45:14,588 [INFO] ThirdParty:1030 - CMSIS Pack Vendor :STMicroelectronics X-CUBE-SMBUS 2.1.0
2023-11-16 13:45:14,588 [INFO] ThirdParty:1030 - CMSIS Pack Vendor :STMicroelectronics USB_DEVICE 3.0.0
2023-11-16 13:45:14,588 [INFO] ThirdParty:1030 - CMSIS Pack Vendor :STMicroelectronics X-CUBE-AI 8.0.0
2023-11-16 13:45:14,588 [INFO] ThirdParty:1030 - CMSIS Pack Vendor :STMicroelectronics X-CUBE-AZRTOS-WB 2.0.0
2023-11-16 13:45:14,588 [INFO] ThirdParty:1030 - CMSIS Pack Vendor :STMicroelectronics X-CUBE-FREERTOS 1.0.0
2023-11-16 13:45:14,588 [INFO] ThirdParty:1030 - CMSIS Pack Vendor :STMicroelectronics X-CUBE-TOUCHGFX 4.21.1
2023-11-16 13:45:14,589 [INFO] ThirdParty:1030 - CMSIS Pack Vendor :STMicroelectronics X-CUBE-AZRTOS-F7 1.1.0
2023-11-16 13:45:14,589 [INFO] ThirdParty:1030 - CMSIS Pack Vendor :STMicroelectronics X-CUBE-AZRTOS-L5 2.0.0
2023-11-16 13:45:14,589 [INFO] ThirdParty:1030 - CMSIS Pack Vendor :STMicroelectronics USB_DEVICE 2.0.0
2023-11-16 13:45:14,589 [INFO] ThirdParty:1030 - CMSIS Pack Vendor :STMicroelectronics X-CUBE-AI 7.3.0
2023-11-16 13:45:14,589 [INFO] ThirdParty:1030 - CMSIS Pack Vendor :STMicroelectronics X-CUBE-MEMS1 9.6.0
2023-11-16 13:45:14,589 [INFO] ThirdParty:1030 - CMSIS Pack Vendor :STMicroelectronics X-CUBE-EEPRMA1 4.2.0
2023-11-16 13:45:14,589 [INFO] ThirdParty:1030 - CMSIS Pack Vendor :ITTIA_DB I-CUBE-ITTIADB 8.8.0
2023-11-16 13:45:14,589 [INFO] ThirdParty:1030 - CMSIS Pack Vendor :STMicroelectronics FP-SNS-MOTENV1 4.3.2
2023-11-16 13:45:14,589 [INFO] ThirdParty:1030 - CMSIS Pack Vendor :STMicroelectronics X-CUBE-ALGOBUILD 1.3.0
2023-11-16 13:45:14,589 [INFO] ThirdParty:1030 - CMSIS Pack Vendor :STMicroelectronics X-CUBE-BLE1 6.2.4
2023-11-16 13:45:14,589 [INFO] ThirdParty:1030 - CMSIS Pack Vendor :STMicroelectronics X-CUBE-AZRTOS-L5 1.1.0
2023-11-16 13:45:14,589 [INFO] ThirdParty:1030 - CMSIS Pack Vendor :STMicroelectronics FreeRTOS 0.0.1
2023-11-16 13:45:14,589 [INFO] ThirdParty:1030 - CMSIS Pack Vendor :STMicroelectronics X-CUBE-AZRTOS-G0 1.1.0
2023-11-16 13:45:14,589 [INFO] ThirdParty:1030 - CMSIS Pack Vendor :emotas I-CUBE-CANOPEN 1.1.3
2023-11-16 13:45:14,589 [INFO] ThirdParty:1030 - CMSIS Pack Vendor :STMicroelectronics X-CUBE-BLEMGR 2.0.0
2023-11-16 13:45:14,589 [INFO] ThirdParty:1030 - CMSIS Pack Vendor :STMicroelectronics X-CUBE-NFC4 3.0.0
2023-11-16 13:45:14,589 [INFO] ThirdParty:1030 - CMSIS Pack Vendor :STMicroelectronics X-CUBE-SUBG2 5.0.0
2023-11-16 13:45:14,589 [INFO] ThirdParty:1030 - CMSIS Pack Vendor :STMicroelectronics STM32_WPAN 1.0.0
2023-11-16 13:45:14,589 [INFO] ThirdParty:1030 - CMSIS Pack Vendor :STMicroelectronics lwIP 2.0.3
2023-11-16 13:45:14,589 [INFO] ThirdParty:1030 - CMSIS Pack Vendor :STMicroelectronics FP-SNS-FLIGHT1 5.0.2
2023-11-16 13:45:14,589 [INFO] ThirdParty:1030 - CMSIS Pack Vendor :STMicroelectronics USB_HOST 1.0.0
2023-11-16 13:45:14,589 [INFO] ThirdParty:1030 - CMSIS Pack Vendor :STMicroelectronics X-CUBE-TOF1 3.3.1
2023-11-16 13:45:14,589 [INFO] ThirdParty:1030 - CMSIS Pack Vendor :STMicroelectronics X-CUBE-AZRTOS-G4 2.0.0
2023-11-16 13:45:14,589 [INFO] ThirdParty:1030 - CMSIS Pack Vendor :STMicroelectronics PDM2PCM 3.1.0
2023-11-16 13:45:14,589 [INFO] ThirdParty:1030 - CMSIS Pack Vendor :STMicroelectronics X-CUBE-AZRTOS-H7 3.1.0
2023-11-16 13:45:14,589 [INFO] ThirdParty:1030 - CMSIS Pack Vendor :STMicroelectronics FP-ATR-ASTRA1 1.1.1
2023-11-16 13:45:14,589 [INFO] ThirdParty:1030 - CMSIS Pack Vendor :Infineon AIROC-Wi-Fi-Bluetooth-STM32 1.5.1
2023-11-16 13:45:14,589 [INFO] ThirdParty:1030 - CMSIS Pack Vendor :STMicroelectronics X-CUBE-BLEMGR 3.0.0
2023-11-16 13:45:14,589 [INFO] ThirdParty:1030 - CMSIS Pack Vendor :STMicroelectronics PDM2PCM 3.3.0
2023-11-16 13:45:14,589 [INFO] ThirdParty:1030 - CMSIS Pack Vendor :STMicroelectronics X-CUBE-DISPLAY 3.0.0
2023-11-16 13:45:14,589 [INFO] ThirdParty:1030 - CMSIS Pack Vendor :STMicroelectronics X-CUBE-BLEMGR 1.3.0
2023-11-16 13:45:14,589 [INFO] ThirdParty:1030 - CMSIS Pack Vendor :STMicroelectronics FP-SNS-MOTENVWB1 1.3.0
2023-11-16 13:45:14,589 [INFO] ThirdParty:1030 - CMSIS Pack Vendor :STMicroelectronics X-CUBE-BLE1 7.0.0
2023-11-16 13:45:14,589 [INFO] ThirdParty:1030 - CMSIS Pack Vendor :STMicroelectronics FP-ATR-SIGFOX1 3.2.0
2023-11-16 13:45:14,589 [INFO] ThirdParty:1030 - CMSIS Pack Vendor :STMicroelectronics X-CUBE-AZRTOS-G4 1.0.0
2023-11-16 13:45:14,590 [INFO] ThirdParty:1030 - CMSIS Pack Vendor :wolfSSL I-CUBE-wolfSSL 5.5.4
2023-11-16 13:45:14,590 [INFO] ThirdParty:1030 - CMSIS Pack Vendor :STMicroelectronics X-CUBE-AZRTOS-L4 1.0.0
2023-11-16 13:45:14,590 [INFO] ThirdParty:1030 - CMSIS Pack Vendor :STMicroelectronics HAL Drivers 0.0.0
2023-11-16 13:45:14,590 [INFO] ThirdParty:1030 - CMSIS Pack Vendor :STMicroelectronics MBEDTLS 2.16.2
2023-11-16 13:45:14,590 [INFO] ThirdParty:1030 - CMSIS Pack Vendor :STMicroelectronics X-CUBE-MEMS1 10.0.0
2023-11-16 13:45:14,590 [INFO] ThirdParty:1030 - CMSIS Pack Vendor :STMicroelectronics X-CUBE-FREERTOS 1.1.0
2023-11-16 13:45:14,590 [INFO] ThirdParty:1030 - CMSIS Pack Vendor :STMicroelectronics X-CUBE-NFC7 1.0.1
2023-11-16 13:45:14,590 [INFO] ThirdParty:1030 - CMSIS Pack Vendor :STMicroelectronics MBEDTLS 2.14.1
2023-11-16 13:45:14,590 [INFO] ThirdParty:1030 - CMSIS Pack Vendor :STMicroelectronics X-CUBE-NFC7 1.0.0
2023-11-16 13:45:14,590 [INFO] ThirdParty:1030 - CMSIS Pack Vendor :STMicroelectronics X-CUBE-TOUCHGFX 4.22.1
2023-11-16 13:45:14,590 [INFO] ThirdParty:1030 - CMSIS Pack Vendor :STMicroelectronics X-CUBE-AZRTOS-WL 1.0.0
2023-11-16 13:45:14,590 [INFO] ThirdParty:1030 - CMSIS Pack Vendor :STMicroelectronics X-CUBE-NFC6 3.0.0
2023-11-16 13:45:14,590 [INFO] ThirdParty:1030 - CMSIS Pack Vendor :STMicroelectronics X-CUBE-EEPRMA1 4.1.0
2023-11-16 13:45:14,590 [INFO] ThirdParty:1030 - CMSIS Pack Vendor :portGmbH I-Cube-SoM-uGOAL 1.1.0
2023-11-16 13:45:14,590 [INFO] ThirdParty:1030 - CMSIS Pack Vendor :STMicroelectronics X-CUBE-ALS 1.0.1
2023-11-16 13:45:14,590 [INFO] ThirdParty:1030 - CMSIS Pack Vendor :STMicroelectronics X-CUBE-MEMS1 9.5.0
2023-11-16 13:45:14,590 [INFO] ThirdParty:1030 - CMSIS Pack Vendor :STMicroelectronics ThreadX 1.0.0
2023-11-16 13:45:14,590 [INFO] ThirdParty:1030 - CMSIS Pack Vendor :STMicroelectronics FP-SNS-SMARTAG2 1.2.0
2023-11-16 13:45:14,590 [INFO] ThirdParty:1030 - CMSIS Pack Vendor :STMicroelectronics X-CUBE-AZRTOS-WB 1.1.0
2023-11-16 13:45:14,590 [INFO] ThirdParty:1030 - CMSIS Pack Vendor :STMicroelectronics X-CUBE-AZRTOS-WL 2.0.0
2023-11-16 13:45:14,590 [INFO] ThirdParty:1030 - CMSIS Pack Vendor :SEGGER I-CUBE-embOS 1.3.1
2023-11-16 13:45:14,590 [INFO] ThirdParty:1030 - CMSIS Pack Vendor :STMicroelectronics USB_DEVICE 1.0.0
2023-11-16 13:45:14,590 [INFO] ThirdParty:1030 - CMSIS Pack Vendor :STMicroelectronics X-CUBE-AI 8.1.0
2023-11-16 13:45:14,590 [INFO] ThirdParty:1030 - CMSIS Pack Vendor :STMicroelectronics X-CUBE-AZRTOS-L4 2.0.0
2023-11-16 13:45:14,590 [INFO] ThirdParty:1030 - CMSIS Pack Vendor :STMicroelectronics ThreadX 0.0.2
2023-11-16 13:45:14,590 [INFO] ThirdParty:1030 - CMSIS Pack Vendor :WES I-CUBE-Cesium 1.3.0
2023-11-16 13:45:14,590 [INFO] ThirdParty:1030 - CMSIS Pack Vendor :STMicroelectronics FP-ATR-ASTRA1 2.0.0
2023-11-16 13:45:14,590 [INFO] ThirdParty:1030 - CMSIS Pack Vendor :STMicroelectronics lwIP 2.1.2
2023-11-16 13:45:14,590 [INFO] ThirdParty:1030 - CMSIS Pack Vendor :STMicroelectronics X-CUBE-SFXS2LP1 4.0.0
2023-11-16 13:45:14,590 [INFO] ThirdParty:1030 - CMSIS Pack Vendor :STMicroelectronics X-CUBE-BLE2 3.3.0
2023-11-16 13:45:14,590 [INFO] ThirdParty:1030 - CMSIS Pack Vendor :STMicroelectronics X-CUBE-TOF1 3.2.0
2023-11-16 13:45:14,590 [INFO] ThirdParty:1030 - CMSIS Pack Vendor :STMicroelectronics PDM2PCM 3.2.0
2023-11-16 13:45:14,591 [INFO] ThirdParty:1030 - CMSIS Pack Vendor :STMicroelectronics X-CUBE-AZRTOS-H7 3.0.0
2023-11-16 13:45:14,591 [INFO] ThirdParty:841 - exiting critical section [change project]
2023-11-16 13:45:14,898 [INFO] PinOutPanel:1499 - setPackage(No Configuration,No Configuration)
2023-11-16 13:45:14,899 [INFO] PinOutPanel:1499 - setPackage(STM32F446RETx,LQFP64)
2023-11-16 13:45:15,399 [INFO] UtilMem:75 - Before build in PCC Used Memory: 568314200 Bytes (1073741824)
2023-11-16 13:45:16,100 [INFO] UtilMem:75 - After build in PCC Used Memory: 673643880 Bytes (1073741824)
2023-11-16 13:45:16,123 [INFO] IPUIPlugin:80 - create IPUIPlugin
2023-11-16 13:45:16,123 [INFO] IPUIPlugin:80 - create IPUIPlugin
2023-11-16 13:45:16,123 [INFO] IPUIPlugin:80 - create IPUIPlugin
2023-11-16 13:45:16,123 [INFO] IPUIPlugin:80 - create IPUIPlugin
2023-11-16 13:45:16,123 [INFO] IPUIPlugin:80 - create IPUIPlugin
2023-11-16 13:45:16,123 [INFO] IPUIPlugin:80 - create IPUIPlugin
2023-11-16 13:45:16,123 [INFO] IPUIPlugin:80 - create IPUIPlugin
2023-11-16 13:45:16,123 [INFO] IPUIPlugin:80 - create IPUIPlugin
2023-11-16 13:45:16,123 [INFO] IPUIPlugin:80 - create IPUIPlugin
2023-11-16 13:45:16,124 [INFO] IPUIPlugin:80 - create IPUIPlugin
2023-11-16 13:45:16,124 [INFO] IPUIPlugin:80 - create IPUIPlugin
2023-11-16 13:45:16,124 [INFO] IPUIPlugin:80 - create IPUIPlugin
2023-11-16 13:45:16,124 [INFO] IPUIPlugin:80 - create IPUIPlugin
2023-11-16 13:45:16,124 [INFO] IPUIPlugin:80 - create IPUIPlugin
2023-11-16 13:45:16,124 [INFO] IPUIPlugin:80 - create IPUIPlugin
2023-11-16 13:45:16,124 [INFO] IPUIPlugin:80 - create IPUIPlugin
2023-11-16 13:45:16,124 [INFO] IPUIPlugin:80 - create IPUIPlugin
2023-11-16 13:45:16,124 [INFO] IPUIPlugin:80 - create IPUIPlugin
2023-11-16 13:45:16,124 [INFO] IPUIPlugin:80 - create IPUIPlugin
2023-11-16 13:45:16,124 [INFO] IPUIPlugin:80 - create IPUIPlugin
2023-11-16 13:45:16,124 [INFO] IPUIPlugin:80 - create IPUIPlugin
2023-11-16 13:45:16,125 [INFO] IPUIPlugin:80 - create IPUIPlugin
2023-11-16 13:45:16,125 [INFO] IPUIPlugin:80 - create IPUIPlugin
2023-11-16 13:45:16,125 [INFO] IPUIPlugin:80 - create IPUIPlugin
2023-11-16 13:45:16,125 [INFO] IPUIPlugin:80 - create IPUIPlugin
2023-11-16 13:45:16,125 [INFO] IPUIPlugin:80 - create IPUIPlugin
2023-11-16 13:45:16,125 [INFO] IPUIPlugin:80 - create IPUIPlugin
2023-11-16 13:45:16,125 [INFO] IPUIPlugin:80 - create IPUIPlugin
2023-11-16 13:45:16,125 [INFO] IPUIPlugin:80 - create IPUIPlugin
2023-11-16 13:45:16,126 [INFO] IPUIPlugin:80 - create IPUIPlugin
2023-11-16 13:45:16,126 [INFO] IPUIPlugin:80 - create IPUIPlugin
2023-11-16 13:45:16,126 [INFO] IPUIPlugin:80 - create IPUIPlugin
2023-11-16 13:45:16,126 [INFO] IPUIPlugin:80 - create IPUIPlugin
2023-11-16 13:45:16,126 [INFO] IPUIPlugin:80 - create IPUIPlugin
2023-11-16 13:45:16,126 [INFO] IPUIPlugin:80 - create IPUIPlugin
2023-11-16 13:45:16,127 [INFO] IPUIPlugin:80 - create IPUIPlugin
2023-11-16 13:45:16,127 [INFO] IPUIPlugin:80 - create IPUIPlugin
2023-11-16 13:45:16,127 [INFO] IPUIPlugin:80 - create IPUIPlugin
2023-11-16 13:45:16,127 [INFO] IPUIPlugin:80 - create IPUIPlugin
2023-11-16 13:45:16,127 [INFO] IPUIPlugin:80 - create IPUIPlugin
2023-11-16 13:45:16,127 [INFO] IPUIPlugin:80 - create IPUIPlugin
2023-11-16 13:45:16,127 [INFO] IPUIPlugin:80 - create IPUIPlugin
2023-11-16 13:45:16,128 [INFO] IPUIPlugin:80 - create IPUIPlugin
2023-11-16 13:45:16,128 [INFO] IPUIPlugin:80 - create IPUIPlugin
2023-11-16 13:45:16,128 [INFO] IPUIPlugin:80 - create IPUIPlugin
2023-11-16 13:45:16,128 [INFO] IPUIPlugin:80 - create IPUIPlugin
2023-11-16 13:45:16,128 [INFO] IPUIPlugin:80 - create IPUIPlugin
2023-11-16 13:45:16,128 [INFO] IPUIPlugin:80 - create IPUIPlugin
2023-11-16 13:45:16,129 [INFO] IPUIPlugin:80 - create IPUIPlugin
2023-11-16 13:45:16,129 [INFO] IPUIPlugin:80 - create IPUIPlugin
2023-11-16 13:45:16,129 [INFO] IPUIPlugin:80 - create IPUIPlugin
2023-11-16 13:45:16,129 [INFO] IPUIPlugin:80 - create IPUIPlugin
2023-11-16 13:45:16,129 [INFO] IPUIPlugin:80 - create IPUIPlugin
2023-11-16 13:45:16,129 [INFO] IPUIPlugin:80 - create IPUIPlugin
2023-11-16 13:45:16,130 [INFO] IPUIPlugin:80 - create IPUIPlugin
2023-11-16 13:45:16,130 [INFO] IPUIPlugin:80 - create IPUIPlugin
2023-11-16 13:45:16,130 [INFO] IPUIPlugin:80 - create IPUIPlugin
2023-11-16 13:45:16,131 [INFO] IPUIPlugin:80 - create IPUIPlugin
2023-11-16 13:45:16,131 [INFO] IPUIPlugin:80 - create IPUIPlugin
2023-11-16 13:45:16,131 [INFO] IPUIPlugin:80 - create IPUIPlugin
2023-11-16 13:45:16,196 [INFO] ApiDbMcu:507 - Load IP Config File for PDM2PCM
2023-11-16 13:45:16,365 [INFO] CADModel:165 - CPN selected for project levelSTM32F446RET6
2023-11-16 13:45:16,365 [INFO] CADModel:114 - Register for checkConnection events
2023-11-16 13:45:16,415 [INFO] OpenFileManager:328 - Restore cursor
2023-11-16 13:45:37,268 [INFO] Gpio:273 - dependency for GPIO [RCC, SYS, USART2, USART3]
2023-11-16 14:29:58,454 [ERROR] LogOutputStream:75 - [STDERR_REDIRECT] 
2023-11-16 18:36:25,870 [INFO] Activator:176 - 


2023-11-16 18:36:25,870 [INFO] Activator:177 - !SESSION log4j initialized
2023-11-16 18:36:28,582 [INFO] LogOutputStream:77 - [STDOUT_REDIRECT] 
2023-11-16 18:36:30,244 [INFO] ApplicationProperties:184 - Using Application install path: C:\ST\STM32CubeIDE_1.11.2\STM32CubeIDE\plugins\com.st.stm32cube.common.mx_6.9.2.202309101412
2023-11-16 18:36:30,262 [INFO] DbMcusXml:78 - Set database path to: C:\ST\STM32CubeIDE_1.11.2\STM32CubeIDE\plugins\com.st.stm32cube.common.mx_6.9.2.202309101412\\db\/mcu/
2023-11-16 18:36:30,262 [INFO] ApiDb:274 - Set plugin database path to: C:\ST\STM32CubeIDE_1.11.2\STM32CubeIDE\plugins\com.st.stm32cube.common.mx_6.9.2.202309101412\\db\/plugins/boardmanager/
2023-11-16 18:36:30,262 [WARN] ApiDb:259 - Overriding images path with different value:  => C:\ST\STM32CubeIDE_1.11.2\STM32CubeIDE\plugins\com.st.stm32cube.common.mx_6.9.2.202309101412\\db\/plugins/mcufinder/images/
2023-11-16 18:36:30,270 [INFO] ApiDb:250 - Set database path to: C:\Users\andep\.stmcufinder\plugins\mcufinder//mcu/
2023-11-16 18:36:30,271 [INFO] DbMcusAds:125 - Set database path to: C:\Users\andep\.stmcufinder\plugins\mcufinder//mcu/
2023-11-16 18:36:30,274 [INFO] CrossReferenceDbSqlite:203 - Set database path to: C:\Users\andep\.stmcufinder\plugins\mcufinder//mcu/cs/
2023-11-16 18:36:30,379 [INFO] RulesReader:64 - Compatibility file has been processed (293 Rules)
2023-11-16 18:36:30,481 [INFO] DbMcusXml:78 - Set database path to: C:\ST\STM32CubeIDE_1.11.2\STM32CubeIDE\plugins\com.st.stm32cube.common.mx_6.9.2.202309101412\\db\/mcu/
2023-11-16 18:36:30,482 [INFO] ApiDb:274 - Set plugin database path to: C:\ST\STM32CubeIDE_1.11.2\STM32CubeIDE\plugins\com.st.stm32cube.common.mx_6.9.2.202309101412\\db\/plugins/boardmanager/
2023-11-16 18:36:30,482 [INFO] ApiDb:261 - Set plugin images path to: C:\ST\STM32CubeIDE_1.11.2\STM32CubeIDE\plugins\com.st.stm32cube.common.mx_6.9.2.202309101412\\db\/plugins/mcufinder/images/
2023-11-16 18:36:30,482 [WARN] DbFile:41 - Overriding database path with different value: C:\Users\andep\.stmcufinder\plugins\mcufinder/ => C:\Users\andep\.stmcufinder\plugins\mcufinder
2023-11-16 18:36:30,482 [INFO] ApiDb:250 - Set database path to: C:\Users\andep\.stmcufinder\plugins\mcufinder//mcu/
2023-11-16 18:36:30,482 [WARN] DbFile:41 - Overriding database path with different value: C:\Users\andep\.stmcufinder\plugins\mcufinder/ => C:\Users\andep\.stmcufinder\plugins\mcufinder
2023-11-16 18:36:30,483 [INFO] DbMcusAds:125 - Set database path to: C:\Users\andep\.stmcufinder\plugins\mcufinder//mcu/
2023-11-16 18:36:30,483 [WARN] DbFile:41 - Overriding database path with different value: C:\Users\andep\.stmcufinder\plugins\mcufinder/ => C:\Users\andep\.stmcufinder\plugins\mcufinder
2023-11-16 18:36:30,483 [WARN] DbFile:41 - Overriding database path with different value: C:\Users\andep\.stmcufinder\plugins\mcufinder/ => C:\Users\andep\.stmcufinder\plugins\mcufinder
2023-11-16 18:36:30,483 [INFO] CrossReferenceDbSqlite:203 - Set database path to: C:\Users\andep\.stmcufinder\plugins\mcufinder//mcu/cs/
2023-11-16 18:36:30,566 [INFO] MainPanel:262 - HeapMemory: 268435456
2023-11-16 18:36:30,625 [INFO] DbMcusXml:78 - Set database path to: C:\ST\STM32CubeIDE_1.11.2\STM32CubeIDE\plugins\com.st.stm32cube.common.mx_6.9.2.202309101412\\db\/mcu/
2023-11-16 18:36:30,625 [INFO] ApiDb:274 - Set plugin database path to: C:\ST\STM32CubeIDE_1.11.2\STM32CubeIDE\plugins\com.st.stm32cube.common.mx_6.9.2.202309101412\\db\/plugins/boardmanager/
2023-11-16 18:36:30,625 [INFO] ApiDb:261 - Set plugin images path to: C:\ST\STM32CubeIDE_1.11.2\STM32CubeIDE\plugins\com.st.stm32cube.common.mx_6.9.2.202309101412\\db\/plugins/mcufinder/images/
2023-11-16 18:36:30,625 [WARN] DbFile:41 - Overriding database path with different value: C:\Users\andep\.stmcufinder\plugins\mcufinder/ => C:\Users\andep\.stmcufinder\plugins\mcufinder
2023-11-16 18:36:30,625 [INFO] ApiDb:250 - Set database path to: C:\Users\andep\.stmcufinder\plugins\mcufinder//mcu/
2023-11-16 18:36:30,625 [WARN] DbFile:41 - Overriding database path with different value: C:\Users\andep\.stmcufinder\plugins\mcufinder/ => C:\Users\andep\.stmcufinder\plugins\mcufinder
2023-11-16 18:36:30,625 [INFO] DbMcusAds:125 - Set database path to: C:\Users\andep\.stmcufinder\plugins\mcufinder//mcu/
2023-11-16 18:36:30,626 [WARN] DbFile:41 - Overriding database path with different value: C:\Users\andep\.stmcufinder\plugins\mcufinder/ => C:\Users\andep\.stmcufinder\plugins\mcufinder
2023-11-16 18:36:30,626 [WARN] DbFile:41 - Overriding database path with different value: C:\Users\andep\.stmcufinder\plugins\mcufinder/ => C:\Users\andep\.stmcufinder\plugins\mcufinder
2023-11-16 18:36:30,626 [INFO] CrossReferenceDbSqlite:203 - Set database path to: C:\Users\andep\.stmcufinder\plugins\mcufinder//mcu/cs/
2023-11-16 18:36:30,642 [INFO] ApplicationProperties:184 - Using Application install path: C:\ST\STM32CubeIDE_1.11.2\STM32CubeIDE\plugins\com.st.stm32cube.common.mx_6.9.2.202309101412
2023-11-16 18:36:30,644 [INFO] PluginManage:196 - Search for loadable plugins [exclusion list=, ]
2023-11-16 18:36:30,645 [INFO] PluginManage:310 - Check plugin analytics
2023-11-16 18:36:30,846 [INFO] AnalyticsPlugin:253 - Accepted Software Licenses: 
2023-11-16 18:36:30,847 [INFO] AnalyticsPlugin:255 - Accepted CMSIS Pack Licenses: 
2023-11-16 18:36:30,847 [INFO] AnalyticsPlugin:257 - Accepted Firmware Licenses: 
2023-11-16 18:36:30,848 [INFO] PluginManage:359 - Loaded plugin analytics (category:tool,tabindex:-1)
2023-11-16 18:36:30,849 [INFO] PluginManage:310 - Check plugin cadmodel
2023-11-16 18:36:30,853 [INFO] CADModel:105 - Init CAD model plugin
2023-11-16 18:36:30,853 [INFO] PluginManage:359 - Loaded plugin cadmodel (category:power,tabindex:5)
2023-11-16 18:36:30,853 [INFO] PluginManage:310 - Check plugin clock
2023-11-16 18:36:30,860 [INFO] PluginManage:359 - Loaded plugin clock (category:base,tabindex:2)
2023-11-16 18:36:30,860 [INFO] PluginManage:310 - Check plugin ddr
2023-11-16 18:36:30,862 [INFO] PluginManage:359 - Loaded plugin ddr (category:tool,tabindex:6)
2023-11-16 18:36:30,862 [INFO] PluginManage:310 - Check plugin filemanager
2023-11-16 18:36:31,010 [INFO] PluginManage:359 - Loaded plugin filemanager (category:base,tabindex:10)
2023-11-16 18:36:31,010 [INFO] PluginManage:310 - Check plugin ipmanager
2023-11-16 18:36:31,016 [INFO] PluginManage:359 - Loaded plugin ipmanager (category:base,tabindex:5)
2023-11-16 18:36:31,016 [INFO] PluginManage:310 - Check plugin lpbam
2023-11-16 18:36:31,024 [INFO] PluginManage:359 - Loaded plugin lpbam (category:base,tabindex:0)
2023-11-16 18:36:31,024 [INFO] PluginManage:310 - Check plugin memorymap
2023-11-16 18:36:31,035 [INFO] PluginManage:359 - Loaded plugin memorymap (category:base,tabindex:4)
2023-11-16 18:36:31,036 [INFO] PluginManage:310 - Check plugin pinoutandconfiguration
2023-11-16 18:36:31,042 [INFO] PluginManage:359 - Loaded plugin pinoutandconfiguration (category:base,tabindex:1)
2023-11-16 18:36:31,042 [INFO] PluginManage:310 - Check plugin pinoutconfig
2023-11-16 18:36:31,160 [WARN] SupportedApi:132 - Cannot load RTOS API schema: s4s-elt-must-match.1: The content of 'definitions' must match (annotation?, (simpleType | complexType)?, (unique | key | keyref)*)). A problem was found starting at: attribute.
2023-11-16 18:36:31,270 [INFO] PluginManage:359 - Loaded plugin pinoutconfig (category:base,tabindex:0)
2023-11-16 18:36:31,270 [INFO] PluginManage:310 - Check plugin power
2023-11-16 18:36:31,278 [INFO] PluginManage:359 - Loaded plugin power (category:power,tabindex:4)
2023-11-16 18:36:31,278 [INFO] PluginManage:310 - Check plugin projectmanager
2023-11-16 18:36:31,291 [INFO] PluginManage:359 - Loaded plugin projectmanager (category:projectmanager,tabindex:3)
2023-11-16 18:36:31,291 [INFO] PluginManage:310 - Check plugin thirdparty
2023-11-16 18:36:31,390 [WARN] IntegrityCheckThread:84 - waiting for thirdparty lock release [integrity check]
2023-11-16 18:36:31,391 [INFO] IntegrityCheckThread:86 - entering critical section [integrity check]
2023-11-16 18:36:31,391 [INFO] PluginManage:359 - Loaded plugin thirdparty (category:base,tabindex:-1)
2023-11-16 18:36:31,391 [INFO] PluginManage:310 - Check plugin tools
2023-11-16 18:36:31,391 [INFO] ThirdPartyUpdaterWithRetryManager:70 - Updater plugin not ready yet. [1/15]
2023-11-16 18:36:31,394 [INFO] PluginManage:359 - Loaded plugin tools (category:base,tabindex:7)
2023-11-16 18:36:31,394 [INFO] PluginManage:310 - Check plugin tutovideos
2023-11-16 18:36:31,570 [INFO] PluginManage:359 - Loaded plugin tutovideos (category:base,tabindex:-1)
2023-11-16 18:36:31,570 [INFO] PluginManage:310 - Check plugin updater
2023-11-16 18:36:31,578 [INFO] PluginManage:359 - Loaded plugin updater (category:base,tabindex:12)
2023-11-16 18:36:31,578 [INFO] PluginManage:310 - Check plugin userauth
2023-11-16 18:36:31,582 [INFO] UserAuth:113 - Init User Auth plugin
2023-11-16 18:36:31,582 [INFO] PluginManage:359 - Loaded plugin userauth (category:base,tabindex:14)
2023-11-16 18:36:31,582 [INFO] PluginManage:283 - PluginManage : Loaded plugins [17]
2023-11-16 18:36:31,811 [INFO] PinOutPanel:1499 - setPackage(No Configuration,No Configuration)
2023-11-16 18:36:31,913 [INFO] CADModel:165 - CPN selected for project level
2023-11-16 18:36:31,913 [INFO] CADModel:114 - Register for checkConnection events
2023-11-16 18:36:31,930 [INFO] IPUIPlugin:80 - create IPUIPlugin
2023-11-16 18:36:31,930 [INFO] PluginManager:220 - loadIPPluginJar : add adc
2023-11-16 18:36:31,932 [INFO] IPUIPlugin:80 - create IPUIPlugin
2023-11-16 18:36:31,932 [INFO] PluginManager:220 - loadIPPluginJar : add aes
2023-11-16 18:36:31,934 [INFO] IPUIPlugin:80 - create IPUIPlugin
2023-11-16 18:36:31,934 [INFO] PluginManager:220 - loadIPPluginJar : add can
2023-11-16 18:36:31,936 [INFO] IPUIPlugin:80 - create IPUIPlugin
2023-11-16 18:36:31,936 [INFO] PluginManager:220 - loadIPPluginJar : add comp
2023-11-16 18:36:31,939 [INFO] IPUIPlugin:80 - create IPUIPlugin
2023-11-16 18:36:31,939 [INFO] PluginManager:220 - loadIPPluginJar : add cryp
2023-11-16 18:36:31,941 [INFO] IPUIPlugin:80 - create IPUIPlugin
2023-11-16 18:36:31,941 [INFO] PluginManager:220 - loadIPPluginJar : add dfsdm
2023-11-16 18:36:31,946 [INFO] IPUIPlugin:80 - create IPUIPlugin
2023-11-16 18:36:31,946 [INFO] PluginManager:220 - loadIPPluginJar : add dma
2023-11-16 18:36:31,948 [INFO] IPUIPlugin:80 - create IPUIPlugin
2023-11-16 18:36:31,948 [INFO] PluginManager:220 - loadIPPluginJar : add dma3
2023-11-16 18:36:31,949 [INFO] IPUIPlugin:80 - create IPUIPlugin
2023-11-16 18:36:31,949 [INFO] PluginManager:220 - loadIPPluginJar : add fatfs
2023-11-16 18:36:31,953 [INFO] IPUIPlugin:80 - create IPUIPlugin
2023-11-16 18:36:31,953 [INFO] PluginManager:220 - loadIPPluginJar : add fmc
2023-11-16 18:36:31,958 [INFO] IPUIPlugin:80 - create IPUIPlugin
2023-11-16 18:36:31,959 [INFO] PluginManager:220 - loadIPPluginJar : add freertos
2023-11-16 18:36:31,960 [INFO] IPUIPlugin:80 - create IPUIPlugin
2023-11-16 18:36:31,960 [INFO] PluginManager:220 - loadIPPluginJar : add genericplugin
2023-11-16 18:36:31,961 [INFO] IPUIPlugin:80 - create IPUIPlugin
2023-11-16 18:36:31,961 [INFO] PluginManager:220 - loadIPPluginJar : add gfxmmu
2023-11-16 18:36:31,964 [INFO] IPUIPlugin:80 - create IPUIPlugin
2023-11-16 18:36:31,964 [INFO] PluginManager:220 - loadIPPluginJar : add gic
2023-11-16 18:36:31,967 [INFO] IPUIPlugin:80 - create IPUIPlugin
2023-11-16 18:36:31,967 [INFO] PluginManager:220 - loadIPPluginJar : add gpio
2023-11-16 18:36:31,970 [INFO] IPUIPlugin:80 - create IPUIPlugin
2023-11-16 18:36:31,970 [INFO] PluginManager:220 - loadIPPluginJar : add gtzc
2023-11-16 18:36:31,972 [INFO] IPUIPlugin:80 - create IPUIPlugin
2023-11-16 18:36:31,972 [INFO] PluginManager:220 - loadIPPluginJar : add hash
2023-11-16 18:36:31,974 [INFO] IPUIPlugin:80 - create IPUIPlugin
2023-11-16 18:36:31,974 [INFO] PluginManager:220 - loadIPPluginJar : add i2c
2023-11-16 18:36:31,976 [INFO] IPUIPlugin:80 - create IPUIPlugin
2023-11-16 18:36:31,976 [INFO] PluginManager:220 - loadIPPluginJar : add i2s
2023-11-16 18:36:31,977 [INFO] IPUIPlugin:80 - create IPUIPlugin
2023-11-16 18:36:31,978 [INFO] PluginManager:220 - loadIPPluginJar : add i3c
2023-11-16 18:36:31,980 [INFO] IPUIPlugin:80 - create IPUIPlugin
2023-11-16 18:36:31,980 [INFO] PluginManager:220 - loadIPPluginJar : add ipddr
2023-11-16 18:36:31,985 [INFO] IPUIPlugin:80 - create IPUIPlugin
2023-11-16 18:36:31,986 [INFO] PluginManager:220 - loadIPPluginJar : add linkedlist
2023-11-16 18:36:31,988 [INFO] IPUIPlugin:80 - create IPUIPlugin
2023-11-16 18:36:31,989 [INFO] PluginManager:220 - loadIPPluginJar : add lorawan
2023-11-16 18:36:31,990 [INFO] IPUIPlugin:80 - create IPUIPlugin
2023-11-16 18:36:31,991 [INFO] PluginManager:220 - loadIPPluginJar : add ltdc
2023-11-16 18:36:31,996 [INFO] IPUIPlugin:80 - create IPUIPlugin
2023-11-16 18:36:31,996 [INFO] PluginManager:220 - loadIPPluginJar : add mdma
2023-11-16 18:36:31,999 [INFO] IPUIPlugin:80 - create IPUIPlugin
2023-11-16 18:36:32,000 [INFO] PluginManager:220 - loadIPPluginJar : add nvic
2023-11-16 18:36:32,003 [INFO] IPUIPlugin:80 - create IPUIPlugin
2023-11-16 18:36:32,003 [INFO] PluginManager:220 - loadIPPluginJar : add opamp
2023-11-16 18:36:32,006 [INFO] IPUIPlugin:80 - create IPUIPlugin
2023-11-16 18:36:32,006 [INFO] PluginManager:220 - loadIPPluginJar : add openamp
2023-11-16 18:36:32,009 [INFO] IPUIPlugin:80 - create IPUIPlugin
2023-11-16 18:36:32,009 [INFO] PluginManager:220 - loadIPPluginJar : add pdm2pcm
2023-11-16 18:36:32,015 [INFO] IPUIPlugin:80 - create IPUIPlugin
2023-11-16 18:36:32,018 [INFO] PluginManager:220 - loadIPPluginJar : add plateformsettings
2023-11-16 18:36:32,020 [INFO] IPUIPlugin:80 - create IPUIPlugin
2023-11-16 18:36:32,020 [INFO] PluginManager:220 - loadIPPluginJar : add quadspi
2023-11-16 18:36:32,024 [INFO] IPUIPlugin:80 - create IPUIPlugin
2023-11-16 18:36:32,024 [INFO] PluginManager:220 - loadIPPluginJar : add resmgrutility
2023-11-16 18:36:32,027 [INFO] IPUIPlugin:80 - create IPUIPlugin
2023-11-16 18:36:32,027 [INFO] PluginManager:220 - loadIPPluginJar : add sai
2023-11-16 18:36:32,029 [INFO] IPUIPlugin:80 - create IPUIPlugin
2023-11-16 18:36:32,029 [INFO] PluginManager:220 - loadIPPluginJar : add spi
2023-11-16 18:36:32,032 [INFO] IPUIPlugin:80 - create IPUIPlugin
2023-11-16 18:36:32,032 [INFO] PluginManager:220 - loadIPPluginJar : add stm32_wpan
2023-11-16 18:36:32,034 [INFO] IPUIPlugin:80 - create IPUIPlugin
2023-11-16 18:36:32,034 [INFO] PluginManager:220 - loadIPPluginJar : add tim
2023-11-16 18:36:32,037 [INFO] IPUIPlugin:80 - create IPUIPlugin
2023-11-16 18:36:32,037 [INFO] PluginManager:220 - loadIPPluginJar : add touchsensing
2023-11-16 18:36:32,039 [INFO] IPUIPlugin:80 - create IPUIPlugin
2023-11-16 18:36:32,040 [INFO] PluginManager:220 - loadIPPluginJar : add tracer_emb
2023-11-16 18:36:32,041 [INFO] IPUIPlugin:80 - create IPUIPlugin
2023-11-16 18:36:32,041 [INFO] PluginManager:220 - loadIPPluginJar : add ts
2023-11-16 18:36:32,043 [INFO] IPUIPlugin:80 - create IPUIPlugin
2023-11-16 18:36:32,043 [INFO] PluginManager:220 - loadIPPluginJar : add tsc
2023-11-16 18:36:32,044 [INFO] IPUIPlugin:80 - create IPUIPlugin
2023-11-16 18:36:32,044 [INFO] PluginManager:220 - loadIPPluginJar : add ucpd
2023-11-16 18:36:32,046 [INFO] IPUIPlugin:80 - create IPUIPlugin
2023-11-16 18:36:32,046 [INFO] PluginManager:220 - loadIPPluginJar : add usart
2023-11-16 18:36:32,048 [INFO] IPUIPlugin:80 - create IPUIPlugin
2023-11-16 18:36:32,048 [INFO] PluginManager:220 - loadIPPluginJar : add usbx
2023-11-16 18:36:32,170 [INFO] CADModel:165 - CPN selected for project level
2023-11-16 18:36:32,171 [INFO] CADModel:114 - Register for checkConnection events
2023-11-16 18:36:32,171 [FATAL] Updater:308 - Updater called before beeing initialized
2023-11-16 18:36:32,171 [ERROR] CADModel:125 - Updater not yet initialized, retry later 
2023-11-16 18:36:32,347 [INFO] CADModel:165 - CPN selected for project level
2023-11-16 18:36:32,347 [INFO] CADModel:114 - Register for checkConnection events
2023-11-16 18:36:32,348 [FATAL] Updater:308 - Updater called before beeing initialized
2023-11-16 18:36:32,348 [ERROR] CADModel:125 - Updater not yet initialized, retry later 
2023-11-16 18:36:32,351 [FATAL] Updater:308 - Updater called before beeing initialized
2023-11-16 18:36:32,453 [FATAL] Updater:308 - Updater called before beeing initialized
2023-11-16 18:36:32,457 [INFO] DbMcusAds:53 - JSON generation date=Tue Mar 07 09:50:55 CET 2023 (1678179055335)
2023-11-16 18:36:32,458 [FATAL] Updater:308 - Updater called before beeing initialized
2023-11-16 18:36:32,487 [WARN] DetailPanel:346 - Failed to get advertising image, set to default
2023-11-16 18:36:32,584 [FATAL] Updater:308 - Updater called before beeing initialized
2023-11-16 18:36:32,586 [FATAL] Updater:308 - Updater called before beeing initialized
2023-11-16 18:36:32,586 [FATAL] Updater:308 - Updater called before beeing initialized
2023-11-16 18:36:32,586 [WARN] DetailPanel:346 - Failed to get advertising image, set to default
2023-11-16 18:36:32,587 [FATAL] Updater:308 - Updater called before beeing initialized
2023-11-16 18:36:32,638 [ERROR] Updater:1120 - MainUpdater not yet initialized. External WinMGr cannot be set.
2023-11-16 18:36:32,640 [INFO] Updater:1056 - Updater Version found : 6.9.2
2023-11-16 18:36:32,659 [INFO] ApplicationProperties:184 - Using Application install path: C:\ST\STM32CubeIDE_1.11.2\STM32CubeIDE\plugins\com.st.stm32cube.common.mx_6.9.2.202309101412
2023-11-16 18:36:32,761 [INFO] MainUpdater:2868 - connection check result : 10
2023-11-16 18:36:32,762 [INFO] MainUpdater:285 - Updater Check For Update Now.
2023-11-16 18:36:32,762 [INFO] MicroXplorer:498 - Change Database Version : DB.6.0.92
2023-11-16 18:36:32,769 [INFO] McuFinderGlobals:63 - Set McuFinder mode to 2 (CubeIDE integrated)
2023-11-16 18:36:32,769 [INFO] UserAuth:179 - activating auth plugin
2023-11-16 18:36:32,772 [INFO] UserAuth:393 - Internet connection configuration mode: 1
2023-11-16 18:36:32,787 [INFO] JxBrowserEngine:151 - Initiate JxBrowser Engine with user profile folder
2023-11-16 18:36:32,935 [INFO] CheckServerUpdateThread:120 - End of CheckServer Thread
2023-11-16 18:36:33,335 [INFO] WebApp:157 - Instantiating new browser for Auth
2023-11-16 18:36:33,778 [INFO] WebApp:753 - Register for checkConnection events
2023-11-16 18:36:33,778 [INFO] WebApp:390 - Apply proxy settings
2023-11-16 18:36:33,778 [INFO] WebApp:475 - Chromium requires no authentication
2023-11-16 18:36:33,782 [INFO] WebApp:418 - Direct internet connection detected
2023-11-16 18:36:33,904 [INFO] WebApp:188 - Starting web application
2023-11-16 18:36:33,904 [INFO] WebApp:520 - Web application path used C:\ST\STM32CubeIDE_1.11.2\STM32CubeIDE\plugins\com.st.stm32cube.common.mx_6.9.2.202309101412\db\plugins\mcufinder\reactClient1\index.html
2023-11-16 18:36:34,553 [WARN] PackLoader:240 - Cannot read IP mode file for STMicroelectronics.X-CUBE-SMBUS.2.1.0
2023-11-16 18:36:34,590 [WARN] PackLoader:240 - Cannot read IP mode file for STMicroelectronics.X-CUBE-AZRTOS-F7.1.1.0
2023-11-16 18:36:34,602 [WARN] PackLoader:240 - Cannot read IP mode file for STMicroelectronics.FP-SNS-MOTENV1.4.3.2
2023-11-16 18:36:34,612 [WARN] PackLoader:240 - Cannot read IP mode file for STMicroelectronics.X-CUBE-BLE1.6.2.4
2023-11-16 18:36:34,617 [WARN] PackLoader:240 - Cannot read IP mode file for STMicroelectronics.FP-SNS-FLIGHT1.5.0.2
2023-11-16 18:36:34,626 [WARN] PackLoader:240 - Cannot read IP mode file for STMicroelectronics.X-CUBE-DISPLAY.3.0.0
2023-11-16 18:36:34,634 [WARN] PackLoader:240 - Cannot read IP mode file for STMicroelectronics.X-CUBE-BLE1.7.0.0
2023-11-16 18:36:34,639 [WARN] PackLoader:240 - Cannot read IP mode file for STMicroelectronics.X-CUBE-TOUCHGFX.4.22.1
2023-11-16 18:36:34,643 [WARN] PackLoader:240 - Cannot read IP mode file for STMicroelectronics.FP-SNS-SMARTAG2.1.2.0
2023-11-16 18:36:34,652 [INFO] LogOutputStream:77 - [STDOUT_REDIRECT] 1 : Invalid condition id : UX_CORESTACK_Condition cause : null
2023-11-16 18:36:34,653 [INFO] LogOutputStream:77 - [STDOUT_REDIRECT] 1 : Invalid condition id : UX_CORESTACK_Condition cause : null
2023-11-16 18:36:34,653 [INFO] LogOutputStream:77 - [STDOUT_REDIRECT] 1 : Invalid condition id : UX_CORESTACK_Condition cause : null
2023-11-16 18:36:34,655 [INFO] LogOutputStream:77 - [STDOUT_REDIRECT] 1 : Invalid condition id : UX_CORESTACK_Condition cause : null
2023-11-16 18:36:34,656 [INFO] LogOutputStream:77 - [STDOUT_REDIRECT] 1 : Invalid condition id : UX_CORESTACK_Condition cause : null
2023-11-16 18:36:34,660 [WARN] PackLoader:240 - Cannot read IP mode file for STMicroelectronics.X-CUBE-AZRTOS-WL.2.0.0
2023-11-16 18:36:34,670 [WARN] PackLoader:240 - Cannot read IP mode file for WES.I-CUBE-Cesium.1.3.0
2023-11-16 18:36:34,676 [WARN] PackLoader:240 - Cannot read IP mode file for STMicroelectronics.X-CUBE-BLE2.3.3.0
2023-11-16 18:36:34,687 [WARN] PackLoader:240 - Cannot read IP mode file for STMicroelectronics.X-CUBE-TOF1.3.2.0
2023-11-16 18:36:34,696 [WARN] PackLoader:240 - Cannot read IP mode file for STMicroelectronics.X-CUBE-TOUCHGFX.4.21.1
2023-11-16 18:36:34,698 [WARN] PackLoader:240 - Cannot read IP mode file for STMicroelectronics.X-CUBE-AI.7.3.0
2023-11-16 18:36:34,703 [WARN] PackLoader:240 - Cannot read IP mode file for STMicroelectronics.X-CUBE-ALGOBUILD.1.3.0
2023-11-16 18:36:34,721 [WARN] PackLoader:240 - Cannot read IP mode file for STMicroelectronics.X-CUBE-AZRTOS-G0.1.1.0
2023-11-16 18:36:34,726 [WARN] PackLoader:240 - Cannot read IP mode file for STMicroelectronics.X-CUBE-NFC4.3.0.0
2023-11-16 18:36:34,733 [WARN] PackLoader:240 - Cannot read IP mode file for STMicroelectronics.X-CUBE-BLEMGR.3.0.0
2023-11-16 18:36:34,746 [WARN] PackLoader:240 - Cannot read IP mode file for STMicroelectronics.X-CUBE-BLEMGR.1.3.0
2023-11-16 18:36:34,751 [WARN] PackLoader:240 - Cannot read IP mode file for STMicroelectronics.FP-ATR-SIGFOX1.3.2.0
2023-11-16 18:36:34,779 [WARN] PackLoader:240 - Cannot read IP mode file for STMicroelectronics.X-CUBE-MEMS1.9.5.0
2023-11-16 18:36:34,891 [WARN] PackLoader:240 - Cannot read IP mode file for SEGGER.I-CUBE-embOS.1.3.1
2023-11-16 18:36:34,931 [WARN] PackLoader:240 - Cannot read IP mode file for STMicroelectronics.X-CUBE-GNSS1.6.0.0
2023-11-16 18:36:34,945 [WARN] PackLoader:240 - Cannot read IP mode file for STMicroelectronics.X-CUBE-AZRTOS-F4.1.1.0
2023-11-16 18:36:34,961 [WARN] PackLoader:240 - Cannot read IP mode file for STMicroelectronics.X-CUBE-AZRTOS-L5.2.0.0
2023-11-16 18:36:34,992 [WARN] PackLoader:240 - Cannot read IP mode file for STMicroelectronics.X-CUBE-MEMS1.9.6.0
2023-11-16 18:36:35,093 [WARN] PackLoader:240 - Cannot read IP mode file for STMicroelectronics.X-CUBE-EEPRMA1.4.2.0
2023-11-16 18:36:35,097 [WARN] PackLoader:240 - Cannot read IP mode file for ITTIA_DB.I-CUBE-ITTIADB.8.8.0
2023-11-16 18:36:35,104 [WARN] PackLoader:240 - Cannot read IP mode file for emotas.I-CUBE-CANOPEN.1.1.3
2023-11-16 18:36:35,146 [WARN] PackLoader:240 - Cannot read IP mode file for STMicroelectronics.X-CUBE-BLEMGR.2.0.0
2023-11-16 18:36:35,161 [WARN] ConditionMgr:438 - getConditionDescription Invalid condition id : UX DEVICE CLASS RTOS Condition cause : null
2023-11-16 18:36:35,161 [WARN] ConditionMgr:438 - getConditionDescription Invalid condition id : UX DEVICE CLASS RTOS Condition cause : null
2023-11-16 18:36:35,163 [WARN] PackLoader:240 - Cannot read IP mode file for STMicroelectronics.X-CUBE-AZRTOS-H7.3.1.0
2023-11-16 18:36:35,164 [WARN] ConditionMgr:1039 - genDependencies : Invalid condition id : UX DEVICE CLASS RTOS Condition cause : null
2023-11-16 18:36:35,164 [WARN] ConditionMgr:1039 - genDependencies : Invalid condition id : UX DEVICE CLASS RTOS Condition cause : null
2023-11-16 18:36:35,164 [WARN] ConditionMgr:1039 - genDependencies : Invalid condition id : UX DEVICE CLASS RTOS Condition cause : null
2023-11-16 18:36:35,165 [WARN] ConditionMgr:1039 - genDependencies : Invalid condition id : UX DEVICE CLASS RTOS Condition cause : null
2023-11-16 18:36:35,165 [WARN] ConditionMgr:1039 - genDependencies : Invalid condition id : UX DEVICE CLASS RTOS Condition cause : null
2023-11-16 18:36:35,171 [WARN] PackLoader:240 - Cannot read IP mode file for wolfSSL.I-CUBE-wolfSSL.5.5.4
2023-11-16 18:36:35,175 [WARN] PackLoader:240 - Cannot read IP mode file for STMicroelectronics.X-CUBE-NFC7.1.0.1
2023-11-16 18:36:35,178 [WARN] PackLoader:240 - Cannot read IP mode file for STMicroelectronics.X-CUBE-NFC7.1.0.0
2023-11-16 18:36:35,183 [WARN] PackLoader:240 - Cannot read IP mode file for STMicroelectronics.X-CUBE-NFC6.3.0.0
2023-11-16 18:36:35,189 [WARN] PackLoader:240 - Cannot read IP mode file for STMicroelectronics.X-CUBE-EEPRMA1.4.1.0
2023-11-16 18:36:35,192 [WARN] PackLoader:240 - Cannot read IP mode file for STMicroelectronics.X-CUBE-AI.8.1.0
2023-11-16 18:36:35,201 [WARN] ConditionMgr:438 - getConditionDescription Invalid condition id : LAN8742 Phy interface Condition cause : null
2023-11-16 18:36:35,202 [WARN] PackLoader:240 - Cannot read IP mode file for STMicroelectronics.X-CUBE-AZRTOS-L4.2.0.0
2023-11-16 18:36:35,202 [WARN] ConditionMgr:1039 - genDependencies : Invalid condition id : LAN8742 Phy interface Condition cause : null
2023-11-16 18:36:35,204 [WARN] ConditionMgr:1039 - genDependencies : Invalid condition id : LAN8742 Phy interface Condition cause : null
2023-11-16 18:36:35,204 [WARN] ConditionMgr:1039 - genDependencies : Invalid condition id : LAN8742 Phy interface Condition cause : null
2023-11-16 18:36:35,209 [WARN] PackLoader:240 - Cannot read IP mode file for STMicroelectronics.X-CUBE-SFXS2LP1.4.0.0
2023-11-16 18:36:35,218 [WARN] PackLoader:240 - Cannot read IP mode file for STMicroelectronics.X-CUBE-AZRTOS-H7.3.0.0
2023-11-16 18:36:35,224 [WARN] PackLoader:240 - Cannot read IP mode file for STMicroelectronics.X-CUBE-ISPU.1.1.0
2023-11-16 18:36:35,230 [WARN] PackLoader:240 - Cannot read IP mode file for RoweBots.I-CUBE-UNISONRTOS.5.5.0-4
2023-11-16 18:36:35,234 [WARN] PackLoader:240 - Cannot read IP mode file for STMicroelectronics.X-CUBE-AI.8.0.0
2023-11-16 18:36:35,241 [WARN] ConditionMgr:438 - getConditionDescription Invalid condition id : UX DEVICE CLASS RTOS Condition cause : null
2023-11-16 18:36:35,241 [WARN] ConditionMgr:438 - getConditionDescription Invalid condition id : UX DEVICE CLASS RTOS Condition cause : null
2023-11-16 18:36:35,242 [WARN] PackLoader:240 - Cannot read IP mode file for STMicroelectronics.X-CUBE-AZRTOS-WB.2.0.0
2023-11-16 18:36:35,243 [WARN] ConditionMgr:1039 - genDependencies : Invalid condition id : UX DEVICE CLASS RTOS Condition cause : null
2023-11-16 18:36:35,243 [WARN] ConditionMgr:1039 - genDependencies : Invalid condition id : UX DEVICE CLASS RTOS Condition cause : null
2023-11-16 18:36:35,243 [WARN] ConditionMgr:1039 - genDependencies : Invalid condition id : UX DEVICE CLASS RTOS Condition cause : null
2023-11-16 18:36:35,243 [WARN] ConditionMgr:1039 - genDependencies : Invalid condition id : UX DEVICE CLASS RTOS Condition cause : null
2023-11-16 18:36:35,243 [WARN] ConditionMgr:1039 - genDependencies : Invalid condition id : UX DEVICE CLASS RTOS Condition cause : null
2023-11-16 18:36:35,246 [WARN] PackLoader:240 - Cannot read IP mode file for STMicroelectronics.X-CUBE-FREERTOS.1.0.0
2023-11-16 18:36:35,260 [WARN] PackLoader:240 - Cannot read IP mode file for STMicroelectronics.X-CUBE-AZRTOS-L5.1.1.0
2023-11-16 18:36:35,266 [WARN] PackLoader:240 - Cannot read IP mode file for STMicroelectronics.X-CUBE-SUBG2.5.0.0
2023-11-16 18:36:35,277 [WARN] PackLoader:240 - Cannot read IP mode file for STMicroelectronics.X-CUBE-TOF1.3.3.1
2023-11-16 18:36:35,293 [WARN] PackLoader:240 - Cannot read IP mode file for STMicroelectronics.X-CUBE-AZRTOS-G4.2.0.0
2023-11-16 18:36:35,296 [WARN] PackLoader:240 - Cannot read IP mode file for STMicroelectronics.FP-ATR-ASTRA1.1.1.1
2023-11-16 18:36:35,306 [WARN] PackLoader:240 - Cannot read IP mode file for Infineon.AIROC-Wi-Fi-Bluetooth-STM32.1.5.1
2023-11-16 18:36:35,311 [WARN] PackLoader:240 - Cannot read IP mode file for STMicroelectronics.FP-SNS-MOTENVWB1.1.3.0
2023-11-16 18:36:35,321 [WARN] PackLoader:240 - Cannot read IP mode file for STMicroelectronics.X-CUBE-AZRTOS-G4.1.0.0
2023-11-16 18:36:35,329 [WARN] PackLoader:240 - Cannot read IP mode file for STMicroelectronics.X-CUBE-AZRTOS-L4.1.0.0
2023-11-16 18:36:35,356 [WARN] PackLoader:240 - Cannot read IP mode file for STMicroelectronics.X-CUBE-MEMS1.10.0.0
2023-11-16 18:36:35,435 [WARN] PackLoader:240 - Cannot read IP mode file for STMicroelectronics.X-CUBE-FREERTOS.1.1.0
2023-11-16 18:36:35,442 [WARN] PackLoader:240 - Cannot read IP mode file for STMicroelectronics.X-CUBE-AZRTOS-WL.1.0.0
2023-11-16 18:36:35,446 [WARN] PackLoader:240 - Cannot read IP mode file for portGmbH.I-Cube-SoM-uGOAL.1.1.0
2023-11-16 18:36:35,450 [WARN] PackLoader:240 - Cannot read IP mode file for STMicroelectronics.X-CUBE-ALS.1.0.1
2023-11-16 18:36:35,458 [WARN] PackLoader:240 - Cannot read IP mode file for STMicroelectronics.X-CUBE-AZRTOS-WB.1.1.0
2023-11-16 18:36:35,461 [WARN] PackLoader:240 - Cannot read IP mode file for STMicroelectronics.FP-ATR-ASTRA1.2.0.0
2023-11-16 18:36:35,462 [INFO] ThirdParty:978 - Integrity check success = true
2023-11-16 18:36:35,462 [INFO] IntegrityCheckThread:100 - exiting critical section [integrity check]
2023-11-16 18:36:35,462 [INFO] IntegrityCheckThread:103 - End integrity checks thread
2023-11-16 18:36:55,000 [ERROR] LogOutputStream:75 - [STDERR_REDIRECT] SLF4J: Failed to load class "org.slf4j.impl.StaticLoggerBinder".
2023-11-16 18:36:55,001 [ERROR] LogOutputStream:75 - [STDERR_REDIRECT] SLF4J: Defaulting to no-operation (NOP) logger implementation
2023-11-16 18:36:55,004 [ERROR] LogOutputStream:75 - [STDERR_REDIRECT] SLF4J: See http://www.slf4j.org/codes.html#StaticLoggerBinder for further details.
2023-11-16 19:42:08,117 [ERROR] LogOutputStream:75 - [STDERR_REDIRECT] 
